0.000000e+00 1.129272e+03 1.029272e+01 -1.077091e+00
1.000000e-01 1.068017e+03 9.680166e+00 -1.164708e+00
2.000000e-01 1.020470e+03 9.204703e+00 -1.209263e+00
3.000000e-01 9.514819e+02 8.514819e+00 -1.199925e+00
4.000000e-01 1.009693e+03 9.096925e+00 -1.181828e+00
5.000000e-01 9.667063e+02 8.667063e+00 -1.167271e+00
6.000000e-01 9.831232e+02 8.831232e+00 -1.146873e+00
7.000000e-01 1.017219e+03 9.172189e+00 -1.141676e+00
8.000000e-01 9.397134e+02 8.397134e+00 -1.122487e+00
9.000000e-01 1.010410e+03 9.104104e+00 -1.097637e+00
1.000000e+00 9.325293e+02 8.325293e+00 -1.066263e+00
1.100000e+00 9.651364e+02 8.651364e+00 -1.024679e+00
1.200000e+00 1.066546e+03 9.665460e+00 -1.034243e+00
1.300000e+00 9.831047e+02 8.831047e+00 -1.056221e+00
1.400000e+00 1.022625e+03 9.226246e+00 -1.064219e+00
1.500000e+00 1.028011e+03 9.280109e+00 -1.083252e+00
1.600000e+00 9.539696e+02 8.539696e+00 -1.077006e+00
1.700000e+00 1.009020e+03 9.090201e+00 -1.061534e+00
1.800000e+00 9.928859e+02 8.928859e+00 -1.055698e+00
1.900000e+00 9.105366e+02 8.105366e+00 -1.007885e+00
2.000000e+00 9.109803e+02 8.109803e+00 -9.295206e-01
2.100000e+00 1.059627e+03 9.596268e+00 -9.156496e-01
2.200000e+00 1.078644e+03 9.786441e+00 -9.750025e-01
2.300000e+00 1.025259e+03 9.252593e+00 -1.027662e+00
2.400000e+00 1.043959e+03 9.439593e+00 -1.062918e+00
2.500000e+00 9.950489e+02 8.950489e+00 -1.077881e+00
2.600000e+00 9.409648e+02 8.409648e+00 -1.054912e+00
2.700000e+00 1.061313e+03 9.613134e+00 -1.051937e+00
2.800000e+00 9.268854e+02 8.268854e+00 -1.038702e+00
2.900000e+00 8.980106e+02 7.980106e+00 -9.592552e-01
3.000000e+00 9.348303e+02 8.348303e+00 -8.838449e-01
3.100000e+00 1.082549e+03 9.825494e+00 -8.854368e-01
3.200000e+00 9.572815e+02 8.572815e+00 -8.922059e-01
3.300000e+00 8.423237e+02 7.423237e+00 -8.060140e-01
3.400000e+00 1.009064e+03 9.090640e+00 -7.427983e-01
3.500000e+00 1.117026e+03 1.017026e+01 -7.878976e-01
3.600000e+00 9.290462e+02 8.290462e+00 -8.094781e-01
3.700000e+00 9.826386e+02 8.826386e+00 -7.743032e-01
3.800000e+00 9.977136e+02 8.977136e+00 -7.699245e-01
3.900000e+00 1.159768e+03 1.059768e+01 -8.381539e-01
4.000000e+00 9.570203e+02 8.570203e+00 -8.923628e-01
4.100000e+00 1.024092e+03 9.240922e+00 -8.876927e-01
4.200000e+00 9.000045e+02 8.000045e+00 -8.457175e-01
4.300000e+00 9.246884e+02 8.246884e+00 -7.713568e-01
4.400000e+00 1.052444e+03 9.524440e+00 -7.540417e-01
4.500000e+00 9.699728e+02 8.699728e+00 -7.582209e-01
4.600000e+00 9.480651e+02 8.480651e+00 -7.212584e-01
4.700000e+00 9.182820e+02 8.182820e+00 -6.471530e-01
4.800000e+00 7.814540e+02 6.814540e+00 -5.104758e-01
4.900000e+00 1.026154e+03 9.261540e+00 -4.190957e-01
5.000000e+00 9.834683e+02 8.834683e+00 -4.075488e-01
5.100000e+00 9.081575e+02 8.081575e+00 -3.596541e-01
5.200000e+00 9.766652e+02 8.766652e+00 -3.106368e-01
5.300000e+00 1.100825e+03 1.000825e+01 -3.505302e-01
5.400000e+00 1.184420e+03 1.084420e+01 -4.784508e-01
5.500000e+00 9.691590e+02 8.691590e+00 -5.408705e-01
5.600000e+00 7.807099e+02 6.807099e+00 -4.413681e-01
5.700000e+00 1.070373e+03 9.703735e+00 -3.686797e-01
5.800000e+00 9.539464e+02 8.539464e+00 -3.709741e-01
5.900000e+00 1.037965e+03 9.379651e+00 -3.670206e-01
6.000000e+00 8.920302e+02 7.920302e+00 -3.276698e-01
6.100000e+00 9.162238e+02 8.162238e+00 -2.458958e-01
6.200000e+00 1.069539e+03 9.695389e+00 -2.483642e-01
6.300000e+00 1.299528e+03 1.199528e+01 -4.164001e-01
6.400000e+00 1.071594e+03 9.715937e+00 -5.784312e-01
6.500000e+00 8.304180e+02 7.304180e+00 -5.524832e-01
6.600000e+00 1.046868e+03 9.468679e+00 -4.965307e-01
6.700000e+00 9.447579e+02 8.447579e+00 -4.823387e-01
6.800000e+00 9.876200e+02 8.876200e+00 -4.613511e-01
6.900000e+00 1.102157e+03 1.002157e+01 -4.916947e-01
7.000000e+00 8.597209e+02 7.597209e+00 -4.671381e-01
7.100000e+00 8.611080e+02 7.611080e+00 -3.441061e-01
7.200000e+00 9.492820e+02 8.492820e+00 -2.475041e-01
7.300000e+00 9.436152e+02 8.436152e+00 -1.909635e-01
7.400000e+00 9.571321e+02 8.571321e+00 -1.413492e-01
7.500000e+00 9.633413e+02 8.633413e+00 -1.079223e-01
7.600000e+00 1.098369e+03 9.983695e+00 -1.340331e-01
7.700000e+00 1.007029e+03 9.070294e+00 -1.797010e-01
7.800000e+00 9.854876e+02 8.854876e+00 -1.761162e-01
7.900000e+00 8.890961e+02 7.890961e+00 -1.160262e-01
8.000000e+00 9.347728e+02 8.347728e+00 -3.404481e-02
8.100000e+00 9.721493e+02 8.721493e+00 1.029319e-02
8.200000e+00 1.074797e+03 9.747973e+00 -1.249703e-02
8.300000e+00 1.086690e+03 9.866905e+00 -8.408626e-02
8.400000e+00 9.801975e+02 8.801975e+00 -1.107995e-01
8.500000e+00 8.670347e+02 7.670347e+00 -4.841560e-02
8.600000e+00 1.028696e+03 9.286963e+00 6.672336e-03
8.700000e+00 8.895701e+02 7.895701e+00 4.518573e-02
8.800000e+00 1.093054e+03 9.930542e+00 5.318443e-02
8.900000e+00 9.537690e+02 8.537690e+00 3.918174e-02
9.000000e+00 9.751368e+02 8.751368e+00 7.063694e-02
9.100000e+00 8.979666e+02 7.979666e+00 1.317869e-01
9.200000e+00 1.007362e+03 9.073616e+00 1.678189e-01
9.300000e+00 1.138769e+03 1.038769e+01 1.068298e-01
9.400000e+00 1.016052e+03 9.160521e+00 3.269222e-02
9.500000e+00 1.068208e+03 9.682083e+00 -1.680303e-02
9.600000e+00 1.078184e+03 9.781838e+00 -8.081622e-02
9.700000e+00 9.529260e+02 8.529260e+00 -9.612503e-02
9.800000e+00 9.529001e+02 8.529001e+00 -5.641374e-02
9.900000e+00 9.821470e+02 8.821470e+00 -2.641861e-02
1.000000e+01 1.068299e+03 9.682991e+00 -5.978219e-02
1.010000e+01 1.243777e+03 1.143777e+01 -2.037243e-01
1.020000e+01 1.084665e+03 9.846649e+00 -3.610422e-01
1.030000e+01 1.092851e+03 9.928515e+00 -4.489322e-01
1.040000e+01 8.902398e+02 7.902398e+00 -4.353248e-01
1.050000e+01 8.265282e+02 7.265282e+00 -3.106635e-01
1.060000e+01 9.653552e+02 8.653552e+00 -2.083229e-01
1.070000e+01 9.592357e+02 8.592357e+00 -1.631971e-01
1.080000e+01 9.414756e+02 8.414756e+00 -1.127653e-01
1.090000e+01 9.036496e+02 8.036496e+00 -3.555077e-02
1.100000e+01 9.058958e+02 8.058958e+00 5.211459e-02
1.110000e+01 1.023626e+03 9.236257e+00 8.846957e-02
1.120000e+01 1.003125e+03 9.031247e+00 8.202465e-02
1.130000e+01 9.786938e+02 8.786938e+00 8.927121e-02
1.140000e+01 9.843007e+02 8.843007e+00 1.048005e-01
1.150000e+01 1.046235e+03 9.462350e+00 8.219799e-02
1.160000e+01 1.184344e+03 1.084344e+01 -2.140472e-02
1.170000e+01 1.009656e+03 9.096556e+00 -1.140082e-01
1.180000e+01 1.049874e+03 9.498744e+00 -1.514875e-01
1.190000e+01 1.011247e+03 9.112467e+00 -1.734217e-01
1.200000e+01 8.948237e+02 7.948237e+00 -1.307607e-01
1.210000e+01 9.502268e+02 8.502268e+00 -6.494657e-02
1.220000e+01 1.071375e+03 9.713749e+00 -6.922067e-02
1.230000e+01 1.014281e+03 9.142811e+00 -1.113226e-01
1.240000e+01 1.097919e+03 9.979194e+00 -1.645291e-01
1.250000e+01 9.840501e+02 8.840501e+00 -2.072934e-01
1.260000e+01 1.111666e+03 1.011666e+01 -2.598852e-01
1.270000e+01 1.077182e+03 9.771825e+00 -3.442674e-01
1.280000e+01 1.013368e+03 9.133678e+00 -3.921770e-01
1.290000e+01 1.021347e+03 9.213475e+00 -4.165709e-01
1.300000e+01 1.118199e+03 1.018199e+01 -4.858134e-01
1.310000e+01 1.094847e+03 9.948466e+00 -5.800446e-01
1.320000e+01 9.691177e+02 8.691177e+00 -6.269008e-01
1.330000e+01 1.225973e+03 1.125973e+01 -7.229165e-01
1.340000e+01 1.073655e+03 9.736549e+00 -8.573881e-01
1.350000e+01 1.004990e+03 9.049902e+00 -8.963041e-01
1.360000e+01 8.225916e+02 7.225916e+00 -8.159751e-01
1.370000e+01 9.025189e+02 8.025189e+00 -6.887715e-01
1.380000e+01 9.256054e+02 8.256054e+00 -5.959075e-01
1.390000e+01 8.800124e+02 7.800124e+00 -4.966736e-01
1.400000e+01 8.480670e+02 7.480670e+00 -3.648750e-01
1.410000e+01 9.016865e+02 8.016865e+00 -2.454230e-01
1.420000e+01 9.860116e+02 8.860116e+00 -1.870268e-01
1.430000e+01 1.012027e+03 9.120271e+00 -1.872608e-01
1.440000e+01 1.090235e+03 9.902346e+00 -2.266201e-01
1.450000e+01 8.792930e+02 7.792930e+00 -2.130267e-01
1.460000e+01 9.851931e+02 8.851931e+00 -1.528708e-01
1.470000e+01 9.223408e+02 8.223408e+00 -1.019551e-01
1.480000e+01 9.701628e+02 8.701628e+00 -5.714276e-02
1.490000e+01 1.055778e+03 9.557778e+00 -6.050760e-02
1.500000e+01 9.325758e+02 8.325758e+00 -5.606034e-02
1.510000e+01 1.022952e+03 9.229523e+00 -3.471670e-02
1.520000e+01 9.248551e+02 8.248551e+00 -8.258107e-03
1.530000e+01 1.013773e+03 9.137731e+00 1.996307e-02
1.540000e+01 9.552571e+02 8.552571e+00 4.052583e-02
1.550000e+01 9.488634e+02 8.488634e+00 8.595609e-02
1.560000e+01 9.377345e+02 8.377345e+00 1.399270e-01
1.570000e+01 9.842581e+02 8.842581e+00 1.841846e-01
1.580000e+01 8.670030e+02 7.670030e+00 2.590048e-01
1.590000e+01 9.057092e+02 8.057092e+00 3.651155e-01
1.600000e+01 9.575714e+02 8.575714e+00 4.275824e-01
1.610000e+01 1.120590e+03 1.020590e+01 3.952131e-01
1.620000e+01 1.030052e+03 9.300521e+00 3.270308e-01
1.630000e+01 1.030701e+03 9.307011e+00 2.975499e-01
1.640000e+01 9.109856e+02 8.109856e+00 3.239257e-01
1.650000e+01 9.896672e+02 8.896672e+00 3.654871e-01
1.660000e+01 1.018633e+03 9.186327e+00 3.720774e-01
1.670000e+01 8.999519e+02 7.999519e+00 4.059436e-01
1.680000e+01 1.083178e+03 9.831783e+00 3.991085e-01
1.690000e+01 1.250961e+03 1.150961e+01 2.545003e-01
1.700000e+01 9.936926e+02 8.936926e+00 1.347487e-01
1.710000e+01 1.078041e+03 9.780409e+00 9.038189e-02
1.720000e+01 9.852958e+02 8.852958e+00 6.395545e-02
1.730000e+01 9.941070e+02 8.941070e+00 6.615399e-02
1.740000e+01 1.056660e+03 9.566601e+00 4.092999e-02
1.750000e+01 1.058254e+03 9.582542e+00 -3.880877e-03
1.760000e+01 8.500329e+02 7.500329e+00 4.319680e-02
1.770000e+01 8.283442e+02 7.283442e+00 1.911124e-01
1.780000e+01 8.937489e+02 7.937489e+00 3.240897e-01
1.790000e+01 1.034531e+03 9.345313e+00 3.552626e-01
1.800000e+01 1.181378e+03 1.081378e+01 2.585018e-01
1.810000e+01 1.092931e+03 9.929310e+00 1.255702e-01
1.820000e+01 1.133355e+03 1.033355e+01 1.146229e-02
1.830000e+01 1.045594e+03 9.455937e+00 -7.177537e-02
1.840000e+01 9.721842e+02 8.721842e+00 -8.617630e-02
1.850000e+01 9.855135e+02 8.855135e+00 -6.646582e-02
1.860000e+01 9.595603e+02 8.595603e+00 -4.038232e-02
1.870000e+01 9.960891e+02 8.960891e+00 -1.571051e-02
1.880000e+01 9.224072e+02 8.224072e+00 2.394618e-02
1.890000e+01 9.855927e+02 8.855927e+00 6.654124e-02
1.900000e+01 9.717747e+02 8.717747e+00 9.247920e-02
1.910000e+01 9.624505e+02 8.624505e+00 1.186322e-01
1.920000e+01 1.071728e+03 9.717280e+00 1.024708e-01
1.930000e+01 1.063483e+03 9.634835e+00 3.487825e-02
1.940000e+01 1.147939e+03 1.047939e+01 -6.132807e-02
1.950000e+01 9.486126e+02 8.486126e+00 -1.136280e-01
1.960000e+01 1.123705e+03 1.023705e+01 -1.592080e-01
1.970000e+01 1.087241e+03 9.872414e+00 -2.473497e-01
1.980000e+01 9.482924e+02 8.482924e+00 -2.754049e-01
1.990000e+01 1.086639e+03 9.866390e+00 -2.971263e-01
2.000000e+01 1.079045e+03 9.790455e+00 -3.841512e-01
2.010000e+01 1.274457e+03 1.174457e+01 -5.445474e-01
2.020000e+01 9.214244e+02 8.214244e+00 -6.351425e-01
2.030000e+01 9.633047e+02 8.633047e+00 -5.926302e-01
2.040000e+01 9.068511e+02 8.068511e+00 -5.274568e-01
2.050000e+01 9.895869e+02 8.895869e+00 -4.803524e-01
2.060000e+01 1.005058e+03 9.050575e+00 -4.705002e-01
2.070000e+01 9.592765e+02 8.592765e+00 -4.550843e-01
2.080000e+01 1.004127e+03 9.041275e+00 -4.352620e-01
2.090000e+01 9.302845e+02 8.302845e+00 -4.010912e-01
2.100000e+01 9.565538e+02 8.565538e+00 -3.499115e-01
2.110000e+01 9.717283e+02 8.717283e+00 -3.053627e-01
2.120000e+01 8.431290e+02 7.431290e+00 -2.197420e-01
2.130000e+01 9.966206e+02 8.966206e+00 -1.464973e-01
2.140000e+01 1.013628e+03 9.136278e+00 -1.445869e-01
2.150000e+01 1.025335e+03 9.253352e+00 -1.589615e-01
2.160000e+01 9.141768e+02 8.141768e+00 -1.270498e-01
2.170000e+01 9.061345e+02 8.061345e+00 -4.725138e-02
2.180000e+01 9.927901e+02 8.927901e+00 6.481354e-03
2.190000e+01 9.320781e+02 8.320781e+00 4.655958e-02
2.200000e+01 9.745578e+02 8.745578e+00 8.636771e-02
2.210000e+01 1.031783e+03 9.317826e+00 9.266112e-02
2.220000e+01 8.991394e+02 7.991394e+00 1.232426e-01
2.230000e+01 1.035938e+03 9.359375e+00 1.479200e-01
2.240000e+01 1.048314e+03 9.483138e+00 1.187349e-01
2.250000e+01 9.341114e+02 8.341114e+00 1.259475e-01
2.260000e+01 9.686844e+02 8.686844e+00 1.654787e-01
2.270000e+01 1.043651e+03 9.436508e+00 1.637128e-01
2.280000e+01 9.829730e+02 8.829730e+00 1.609050e-01
2.290000e+01 8.339139e+02 7.339139e+00 2.488718e-01
2.300000e+01 8.560135e+02 7.560135e+00 3.901065e-01
2.310000e+01 9.961214e+02 8.961214e+00 4.672221e-01
2.320000e+01 9.635928e+02 8.635928e+00 4.942416e-01
2.330000e+01 9.615237e+02 8.615237e+00 5.266779e-01
2.340000e+01 1.026094e+03 9.260944e+00 5.294580e-01
2.350000e+01 1.106056e+03 1.006056e+01 4.646809e-01
2.360000e+01 1.132117e+03 1.032117e+01 3.549527e-01
2.370000e+01 1.002058e+03 9.020578e+00 2.946742e-01
2.380000e+01 8.814095e+02 7.814095e+00 3.462761e-01
2.390000e+01 8.895575e+02 7.895575e+00 4.545867e-01
2.400000e+01 9.148853e+02 8.148853e+00 5.496263e-01
2.410000e+01 9.924302e+02 8.924302e+00 5.973671e-01
2.420000e+01 9.629633e+02 8.629633e+00 6.327765e-01
2.430000e+01 7.871890e+02 6.871890e+00 7.469640e-01
2.440000e+01 9.761153e+02 8.761153e+00 8.538590e-01
2.450000e+01 1.047330e+03 9.473301e+00 8.503541e-01
2.460000e+01 1.069886e+03 9.698863e+00 8.006009e-01
2.470000e+01 9.352835e+02 8.352835e+00 7.978800e-01
2.480000e+01 9.744012e+02 8.744012e+00 8.303115e-01
2.490000e+01 1.090863e+03 9.908629e+00 8.048163e-01
2.500000e+01 9.914504e+02 8.914504e+00 7.709902e-01
2.510000e+01 9.577339e+02 8.577339e+00 7.875403e-01
2.520000e+01 1.023028e+03 9.230276e+00 8.001919e-01
2.530000e+01 9.425468e+02 8.425468e+00 8.188000e-01
2.540000e+01 9.788004e+02 8.788004e+00 8.533515e-01
2.550000e+01 1.000109e+03 9.001093e+00 8.604026e-01
2.560000e+01 1.125179e+03 1.025179e+01 7.971965e-01
2.570000e+01 1.129292e+03 1.029292e+01 6.860851e-01
2.580000e+01 9.305329e+02 8.305329e+00 6.518165e-01
2.590000e+01 1.009312e+03 9.093118e+00 6.744454e-01
2.600000e+01 9.618495e+02 8.618495e+00 6.938387e-01
2.610000e+01 9.788449e+02 8.788449e+00 7.114895e-01
2.620000e+01 1.149293e+03 1.049293e+01 6.558725e-01
2.630000e+01 1.007184e+03 9.071844e+00 5.827572e-01
2.640000e+01 1.070196e+03 9.701960e+00 5.349491e-01
2.650000e+01 1.096022e+03 9.960218e+00 4.595578e-01
2.660000e+01 1.008826e+03 9.088259e+00 4.100877e-01
2.670000e+01 9.821208e+02 8.821208e+00 4.027033e-01
2.680000e+01 1.121362e+03 1.021362e+01 3.594114e-01
2.690000e+01 9.330583e+02 8.330583e+00 3.368213e-01
2.700000e+01 9.780483e+02 8.780483e+00 3.706480e-01
2.710000e+01 1.001614e+03 9.016145e+00 3.810740e-01
2.720000e+01 1.058504e+03 9.585044e+00 3.540505e-01
2.730000e+01 1.014978e+03 9.149778e+00 3.160451e-01
2.740000e+01 1.099950e+03 9.999503e+00 2.585817e-01
2.750000e+01 1.030048e+03 9.300475e+00 2.048565e-01
2.760000e+01 9.121237e+02 8.121237e+00 2.205463e-01
2.770000e+01 1.089290e+03 9.892899e+00 2.211006e-01
2.780000e+01 9.603628e+02 8.603628e+00 2.028247e-01
2.790000e+01 1.013356e+03 9.133563e+00 2.085323e-01
2.800000e+01 1.008623e+03 9.086226e+00 2.045297e-01
2.810000e+01 9.458196e+02 8.458196e+00 2.223874e-01
2.820000e+01 1.029509e+03 9.295087e+00 2.315735e-01
2.830000e+01 1.044145e+03 9.441451e+00 1.962126e-01
2.840000e+01 1.093866e+03 9.938660e+00 1.304631e-01
2.850000e+01 1.037594e+03 9.375939e+00 6.664045e-02
2.860000e+01 1.028485e+03 9.284850e+00 3.986608e-02
2.870000e+01 8.509768e+02 7.509768e+00 9.178664e-02
2.880000e+01 1.032447e+03 9.324466e+00 1.390461e-01
2.890000e+01 1.055633e+03 9.556328e+00 1.130720e-01
2.900000e+01 9.175795e+02 8.175795e+00 1.123682e-01
2.910000e+01 1.183158e+03 1.083158e+01 6.750473e-02
2.920000e+01 9.327217e+02 8.327217e+00 2.522319e-02
2.930000e+01 8.867834e+02 7.867834e+00 1.020894e-01
2.940000e+01 8.840985e+02 7.840985e+00 2.141627e-01
2.950000e+01 9.338906e+02 8.338906e+00 2.996766e-01
2.960000e+01 1.040395e+03 9.403945e+00 3.127436e-01
2.970000e+01 1.096754e+03 9.967540e+00 2.471834e-01
2.980000e+01 1.120652e+03 1.020652e+01 1.467484e-01
2.990000e+01 9.997652e+02 8.997652e+00 8.887565e-02
3.000000e+01 9.580671e+02 8.580671e+00 1.086018e-01
3.010000e+01 8.819199e+02 7.819199e+00 1.794458e-01
3.020000e+01 1.033532e+03 9.335318e+00 2.209327e-01
3.030000e+01 9.804517e+02 8.804517e+00 2.190349e-01
3.040000e+01 1.034413e+03 9.344129e+00 2.071750e-01
3.050000e+01 1.066803e+03 9.668027e+00 1.546083e-01
3.060000e+01 1.163811e+03 1.063811e+01 4.534413e-02
3.070000e+01 1.050351e+03 9.503515e+00 -5.085632e-02
3.080000e+01 9.242434e+02 8.242434e+00 -4.598618e-02
3.090000e+01 9.727876e+02 8.727876e+00 -3.355034e-03
3.100000e+01 1.026362e+03 9.263617e+00 6.748237e-03
3.110000e+01 8.955092e+02 7.955092e+00 4.382397e-02
3.120000e+01 9.681806e+02 8.681806e+00 1.124135e-01
3.130000e+01 8.298245e+02 7.298245e+00 2.152404e-01
3.140000e+01 8.802073e+02 7.802073e+00 3.512862e-01
3.150000e+01 9.252673e+02 8.252673e+00 4.467287e-01
3.160000e+01 1.027735e+03 9.277351e+00 4.735843e-01
3.170000e+01 9.939685e+02 8.939685e+00 4.664988e-01
3.180000e+01 1.020905e+03 9.209051e+00 4.567978e-01
3.190000e+01 1.016019e+03 9.160194e+00 4.420027e-01
3.200000e+01 9.833034e+02 8.833034e+00 4.389177e-01
3.210000e+01 1.033177e+03 9.331766e+00 4.329994e-01
3.220000e+01 9.656878e+02 8.656878e+00 4.315980e-01
3.230000e+01 1.054210e+03 9.542098e+00 4.198120e-01
3.240000e+01 1.019401e+03 9.194013e+00 3.881274e-01
3.250000e+01 1.006885e+03 9.068850e+00 3.743923e-01
3.260000e+01 9.740256e+02 8.740256e+00 3.831482e-01
3.270000e+01 9.863793e+02 8.863793e+00 3.999549e-01
3.280000e+01 1.018352e+03 9.183519e+00 3.969614e-01
3.290000e+01 1.039991e+03 9.399905e+00 3.727308e-01
3.300000e+01 9.698197e+02 8.698197e+00 3.675873e-01
3.310000e+01 9.967164e+02 8.967164e+00 3.791696e-01
3.320000e+01 1.032373e+03 9.323725e+00 3.669988e-01
3.330000e+01 1.004897e+03 9.048969e+00 3.548593e-01
3.340000e+01 9.165079e+02 8.165079e+00 3.854992e-01
3.350000e+01 1.065308e+03 9.653080e+00 3.909579e-01
3.360000e+01 1.051979e+03 9.519788e+00 3.407848e-01
3.370000e+01 1.036378e+03 9.363775e+00 2.951634e-01
3.380000e+01 1.029082e+03 9.290819e+00 2.635689e-01
3.390000e+01 1.011162e+03 9.111618e+00 2.365742e-01
3.400000e+01 1.140913e+03 1.040913e+01 1.609982e-01
3.410000e+01 1.117379e+03 1.017379e+01 3.720302e-02
3.420000e+01 1.137813e+03 1.037813e+01 -9.144154e-02
3.430000e+01 1.110083e+03 1.010083e+01 -2.057689e-01
3.440000e+01 9.225584e+02 8.225584e+00 -2.195142e-01
3.450000e+01 8.758139e+02 7.758139e+00 -1.457527e-01
3.460000e+01 1.242929e+03 1.142929e+01 -2.022222e-01
3.470000e+01 1.144081e+03 1.044081e+01 -3.735483e-01
3.480000e+01 1.051025e+03 9.510254e+00 -4.733543e-01
3.490000e+01 9.406685e+02 8.406685e+00 -4.650812e-01
3.500000e+01 8.100983e+02 7.100983e+00 -3.577450e-01
3.510000e+01 1.048450e+03 9.484497e+00 -2.883181e-01
3.520000e+01 9.545904e+02 8.545904e+00 -2.771410e-01
3.530000e+01 9.430576e+02 8.430576e+00 -2.328294e-01
3.540000e+01 9.632459e+02 8.632459e+00 -1.853170e-01
3.550000e+01 9.591398e+02 8.591398e+00 -1.480803e-01
3.560000e+01 1.008531e+03 9.085315e+00 -1.318071e-01
3.570000e+01 9.934879e+02 8.934879e+00 -1.275367e-01
3.580000e+01 9.492258e+02 8.492258e+00 -1.067400e-01
3.590000e+01 1.083630e+03 9.836296e+00 -1.208816e-01
3.600000e+01 9.904917e+02 8.904917e+00 -1.500039e-01
3.610000e+01 9.722992e+02 8.722992e+00 -1.391587e-01
3.620000e+01 1.016759e+03 9.167595e+00 -1.309221e-01
3.630000e+01 9.601514e+02 8.601514e+00 -1.189636e-01
3.640000e+01 9.905620e+02 8.905620e+00 -9.766701e-02
3.650000e+01 1.014835e+03 9.148345e+00 -1.042075e-01
3.660000e+01 1.114430e+03 1.014430e+01 -1.601651e-01
3.670000e+01 9.551509e+02 8.551509e+00 -1.899357e-01
3.680000e+01 9.489542e+02 8.489542e+00 -1.492040e-01
3.690000e+01 9.263093e+02 8.263093e+00 -8.572250e-02
3.700000e+01 9.218822e+02 8.218822e+00 -1.452912e-02
3.710000e+01 9.977913e+02 8.977913e+00 2.209130e-02
3.720000e+01 1.071869e+03 9.718692e+00 -9.252286e-03
3.730000e+01 1.072354e+03 9.723543e+00 -7.730444e-02
3.740000e+01 1.058015e+03 9.580147e+00 -1.433336e-01
3.750000e+01 1.065775e+03 9.657753e+00 -2.029966e-01
3.760000e+01 9.996329e+02 8.996329e+00 -2.320465e-01
3.770000e+01 9.367179e+02 8.367179e+00 -2.049348e-01
3.780000e+01 9.622758e+02 8.622758e+00 -1.556162e-01
3.790000e+01 9.416107e+02 8.416107e+00 -1.125264e-01
3.800000e+01 1.077148e+03 9.771480e+00 -1.220071e-01
3.810000e+01 1.036087e+03 9.360870e+00 -1.670226e-01
3.820000e+01 9.743137e+02 8.743137e+00 -1.904536e-01
3.830000e+01 1.263142e+03 1.163142e+01 -2.968847e-01
3.840000e+01 9.552896e+02 8.552896e+00 -3.909533e-01
3.850000e+01 9.344623e+02 8.344623e+00 -3.520379e-01
3.860000e+01 9.336288e+02 8.336288e+00 -2.867667e-01
3.870000e+01 9.702198e+02 8.702198e+00 -2.416914e-01
3.880000e+01 1.026717e+03 9.267165e+00 -2.406211e-01
3.890000e+01 1.069536e+03 9.695355e+00 -2.813458e-01
3.900000e+01 9.598073e+02 8.598073e+00 -2.910256e-01
3.910000e+01 9.012371e+02 8.012371e+00 -2.292477e-01
3.920000e+01 9.507051e+02 8.507051e+00 -1.607855e-01
3.930000e+01 1.023806e+03 9.238063e+00 -1.456340e-01
3.940000e+01 1.009428e+03 9.094276e+00 -1.535901e-01
3.950000e+01 9.206561e+02 8.206561e+00 -1.281618e-01
3.960000e+01 1.080006e+03 9.800063e+00 -1.254275e-01
3.970000e+01 9.372763e+02 8.372763e+00 -1.286416e-01
3.980000e+01 9.918119e+02 8.918119e+00 -1.008188e-01
3.990000e+01 9.903579e+02 8.903579e+00 -8.960598e-02
4.000000e+01 1.019917e+03 9.199170e+00 -9.625188e-02
4.010000e+01 1.033517e+03 9.335167e+00 -1.196720e-01
4.020000e+01 1.005391e+03 9.053909e+00 -1.420828e-01
4.030000e+01 1.076846e+03 9.768463e+00 -1.832673e-01
4.040000e+01 1.031047e+03 9.310466e+00 -2.263621e-01
4.050000e+01 9.030488e+02 8.030488e+00 -2.053670e-01
4.060000e+01 1.084656e+03 9.846555e+00 -2.006268e-01
4.070000e+01 1.003508e+03 9.035083e+00 -2.407248e-01
4.080000e+01 1.108571e+03 1.008571e+01 -2.973986e-01
4.090000e+01 1.006013e+03 9.060134e+00 -3.448848e-01
4.100000e+01 9.460948e+02 8.460948e+00 -3.359245e-01
4.110000e+01 1.122644e+03 1.022644e+01 -3.664707e-01
4.120000e+01 1.005396e+03 9.053963e+00 -4.245014e-01
4.130000e+01 1.058052e+03 9.580517e+00 -4.615082e-01
4.140000e+01 1.023902e+03 9.239022e+00 -4.952918e-01
4.150000e+01 9.515596e+02 8.515596e+00 -4.887181e-01
4.160000e+01 1.022517e+03 9.225172e+00 -4.768054e-01
4.170000e+01 9.711620e+02 8.711620e+00 -4.687791e-01
4.180000e+01 9.702067e+02 8.702067e+00 -4.524402e-01
4.190000e+01 1.164322e+03 1.064322e+01 -5.126163e-01
4.200000e+01 1.019921e+03 9.199206e+00 -5.916348e-01
4.210000e+01 9.302399e+02 8.302399e+00 -5.703727e-01
4.220000e+01 8.584527e+02 7.584527e+00 -4.761699e-01
4.230000e+01 1.027759e+03 9.277587e+00 -4.240753e-01
4.240000e+01 1.056173e+03 9.561734e+00 -4.570988e-01
4.250000e+01 1.046869e+03 9.468694e+00 -5.059025e-01
4.260000e+01 9.909140e+02 8.909140e+00 -5.230634e-01
4.270000e+01 9.693107e+02 8.693107e+00 -5.134895e-01
4.280000e+01 1.103106e+03 1.003106e+01 -5.403859e-01
4.290000e+01 9.019477e+02 8.019477e+00 -5.396379e-01
4.300000e+01 9.700801e+02 8.700801e+00 -4.860824e-01
4.310000e+01 9.680632e+02 8.680632e+00 -4.520136e-01
4.320000e+01 1.016548e+03 9.165483e+00 -4.528628e-01
4.330000e+01 1.153099e+03 1.053099e+01 -5.247749e-01
4.340000e+01 9.476260e+02 8.476260e+00 -5.716105e-01
4.350000e+01 1.003755e+03 9.037548e+00 -5.582633e-01
4.360000e+01 1.016207e+03 9.162072e+00 -5.651418e-01
4.370000e+01 1.028829e+03 9.288287e+00 -5.877148e-01
4.380000e+01 1.038248e+03 9.382477e+00 -6.219791e-01
4.390000e+01 1.047855e+03 9.478548e+00 -6.569345e-01
4.400000e+01 9.096995e+02 8.096995e+00 -6.439172e-01
4.410000e+01 1.068849e+03 9.688487e+00 -6.309532e-01
4.420000e+01 8.889149e+02 7.889149e+00 -6.039657e-01
4.430000e+01 9.377887e+02 8.377887e+00 -5.245601e-01
4.440000e+01 8.838099e+02 7.838099e+00 -4.318803e-01
4.450000e+01 8.972832e+02 7.972832e+00 -3.299579e-01
4.460000e+01 9.741544e+02 8.741544e+00 -2.603336e-01
4.470000e+01 8.998204e+02 7.998204e+00 -1.995087e-01
4.480000e+01 1.016236e+03 9.162357e+00 -1.608886e-01
4.490000e+01 1.001114e+03 9.011137e+00 -1.620637e-01
4.500000e+01 9.790511e+02 8.790511e+00 -1.566525e-01
4.510000e+01 1.036444e+03 9.364443e+00 -1.617012e-01
4.520000e+01 9.576291e+02 8.576291e+00 -1.519887e-01
4.530000e+01 8.742107e+02 7.742107e+00 -7.281216e-02
4.540000e+01 9.068637e+02 8.068637e+00 2.584888e-02
4.550000e+01 1.053015e+03 9.530146e+00 4.797340e-02
4.560000e+01 1.052840e+03 9.528400e+00 1.706919e-03
4.570000e+01 1.041383e+03 9.413831e+00 -3.940677e-02
4.580000e+01 9.131490e+02 8.131490e+00 -2.021279e-02
4.590000e+01 9.684844e+02 8.684844e+00 3.719472e-02
4.600000e+01 8.796472e+02 7.796472e+00 1.144673e-01
4.610000e+01 9.277260e+02 8.277260e+00 2.015808e-01
4.620000e+01 1.027120e+03 9.271202e+00 2.242763e-01
4.630000e+01 1.070458e+03 9.704583e+00 1.875199e-01
4.640000e+01 9.067707e+02 8.067707e+00 2.037593e-01
4.650000e+01 8.463145e+02 7.463145e+00 3.161466e-01
4.660000e+01 9.242868e+02 8.242868e+00 4.213734e-01
4.670000e+01 1.067130e+03 9.671301e+00 4.338632e-01
4.680000e+01 9.800629e+02 8.800629e+00 4.148688e-01
4.690000e+01 1.021354e+03 9.213536e+00 4.108415e-01
4.700000e+01 9.762399e+02 8.762399e+00 4.198238e-01
4.710000e+01 8.823775e+02 7.823775e+00 4.827728e-01
4.720000e+01 9.835743e+02 8.835743e+00 5.459347e-01
4.730000e+01 9.943033e+02 8.943033e+00 5.551851e-01
4.740000e+01 1.124760e+03 1.024760e+01 5.031234e-01
4.750000e+01 9.644186e+02 8.644186e+00 4.678461e-01
4.760000e+01 9.056650e+02 8.056650e+00 5.239418e-01
4.770000e+01 9.172809e+02 8.172809e+00 6.082995e-01
4.780000e+01 9.720491e+02 8.720491e+00 6.601757e-01
4.790000e+01 1.056924e+03 9.569239e+00 6.483905e-01
4.800000e+01 1.040647e+03 9.406475e+00 6.112329e-01
4.810000e+01 8.766087e+02 7.766087e+00 6.534087e-01
4.820000e+01 8.374328e+02 7.374328e+00 7.869016e-01
4.830000e+01 8.912035e+02 7.912035e+00 9.115724e-01
4.840000e+01 1.094056e+03 9.940557e+00 9.238489e-01
4.850000e+01 1.025988e+03 9.259885e+00 8.819866e-01
4.860000e+01 8.606241e+02 7.606241e+00 9.302914e-01
4.870000e+01 9.420337e+02 8.420337e+00 1.021513e+00
4.880000e+01 9.603653e+02 8.603653e+00 1.067184e+00
4.890000e+01 1.110730e+03 1.010730e+01 1.034420e+00
4.900000e+01 1.075429e+03 9.754291e+00 9.412933e-01
4.910000e+01 1.226090e+03 1.126090e+01 7.918604e-01
4.920000e+01 1.121264e+03 1.021264e+01 6.371864e-01
4.930000e+01 9.048509e+02 8.048509e+00 6.102222e-01
4.940000e+01 1.072730e+03 9.727300e+00 6.090761e-01
4.950000e+01 1.130019e+03 1.030019e+01 5.160951e-01
4.960000e+01 1.129625e+03 1.029625e+01 3.944070e-01
4.970000e+01 9.948158e+02 8.948158e+00 3.321909e-01
4.980000e+01 1.011817e+03 9.118168e+00 3.153039e-01
4.990000e+01 1.146667e+03 1.046667e+01 2.405951e-01
5.000000e+01 1.092109e+03 9.921086e+00 1.260419e-01
5.010000e+01 1.100298e+03 1.000298e+01 3.591199e-02
5.020000e+01 9.169515e+02 8.169515e+00 2.495796e-02
5.030000e+01 9.811612e+02 8.811612e+00 6.525961e-02
5.040000e+01 1.027829e+03 9.278288e+00 5.931011e-02
5.050000e+01 1.128166e+03 1.028166e+01 -1.124063e-02
5.060000e+01 1.016878e+03 9.168780e+00 -8.218490e-02
5.070000e+01 1.076363e+03 9.763626e+00 -1.297090e-01
5.080000e+01 9.634820e+02 8.634820e+00 -1.417540e-01
5.090000e+01 8.760913e+02 7.760913e+00 -6.744242e-02
5.100000e+01 8.738611e+02 7.738611e+00 5.270454e-02
5.110000e+01 9.132720e+02 8.132720e+00 1.545061e-01
5.120000e+01 1.006464e+03 9.064642e+00 1.973887e-01
5.130000e+01 9.940476e+02 8.940476e+00 2.001273e-01
5.140000e+01 1.015090e+03 9.150902e+00 1.967041e-01
5.150000e+01 9.759152e+02 8.759152e+00 2.014490e-01
5.160000e+01 9.855701e+02 8.855701e+00 2.216716e-01
5.170000e+01 9.378559e+02 8.378559e+00 2.541845e-01
5.180000e+01 1.067936e+03 9.679355e+00 2.500589e-01
5.190000e+01 1.044443e+03 9.444432e+00 2.008065e-01
5.200000e+01 1.029060e+03 9.290597e+00 1.653749e-01
5.210000e+01 9.707848e+02 8.707848e+00 1.620867e-01
5.220000e+01 1.027989e+03 9.279894e+00 1.608766e-01
5.230000e+01 1.011397e+03 9.113973e+00 1.425990e-01
5.240000e+01 1.039596e+03 9.395959e+00 1.181020e-01
5.250000e+01 1.000702e+03 9.007016e+00 9.836748e-02
5.260000e+01 1.008339e+03 9.083386e+00 9.781121e-02
5.270000e+01 9.032349e+02 8.032349e+00 1.335650e-01
5.280000e+01 1.080837e+03 9.808369e+00 1.422784e-01
5.290000e+01 9.490056e+02 8.490056e+00 1.392528e-01
5.300000e+01 9.030482e+02 8.030482e+00 2.027713e-01
5.310000e+01 9.553824e+02 8.553824e+00 2.737457e-01
5.320000e+01 9.535783e+02 8.535783e+00 3.104748e-01
5.330000e+01 1.160268e+03 1.060268e+01 2.657269e-01
5.340000e+01 8.979918e+02 7.979918e+00 2.483454e-01
5.350000e+01 8.811458e+02 7.811458e+00 3.359254e-01
5.360000e+01 1.070722e+03 9.707220e+00 3.609600e-01
5.370000e+01 1.055039e+03 9.550390e+00 3.113309e-01
5.380000e+01 9.739352e+02 8.739352e+00 2.902207e-01
5.390000e+01 1.077173e+03 9.771734e+00 2.630248e-01
5.400000e+01 1.026272e+03 9.262725e+00 2.202366e-01
5.410000e+01 9.602001e+02 8.602001e+00 2.193917e-01
5.420000e+01 1.058186e+03 9.581860e+00 2.066585e-01
5.430000e+01 1.058531e+03 9.585311e+00 1.608103e-01
5.440000e+01 9.032717e+02 8.032717e+00 1.780100e-01
5.450000e+01 9.428321e+02 8.428321e+00 2.422610e-01
5.460000e+01 1.054865e+03 9.548652e+00 2.452948e-01
5.470000e+01 1.056749e+03 9.567489e+00 2.031494e-01
5.480000e+01 8.629106e+02 7.629106e+00 2.486472e-01
5.490000e+01 7.677026e+02 6.677026e+00 4.150484e-01
5.500000e+01 9.451346e+02 8.451346e+00 5.559920e-01
5.510000e+01 9.464877e+02 8.464877e+00 6.081539e-01
5.520000e+01 1.164426e+03 1.064426e+01 5.547066e-01
5.530000e+01 1.102667e+03 1.002667e+01 4.337576e-01
5.540000e+01 1.063498e+03 9.634975e+00 3.490031e-01
5.550000e+01 1.001731e+03 9.017308e+00 3.196285e-01
5.560000e+01 9.172874e+02 8.172874e+00 3.526946e-01
5.570000e+01 1.012044e+03 9.120441e+00 3.827621e-01
5.580000e+01 1.037238e+03 9.372383e+00 3.650913e-01
5.590000e+01 1.000001e+03 9.000008e+00 3.467442e-01
5.600000e+01 9.850261e+02 8.850261e+00 3.631641e-01
5.610000e+01 7.766796e+02 6.766796e+00 4.741582e-01
5.620000e+01 9.494493e+02 8.494493e+00 5.933414e-01
5.630000e+01 1.103593e+03 1.003593e+01 5.780762e-01
5.640000e+01 1.061738e+03 9.617382e+00 5.043902e-01
5.650000e+01 1.001745e+03 9.017453e+00 4.718628e-01
5.660000e+01 9.779515e+02 8.779515e+00 4.758744e-01
5.670000e+01 1.037566e+03 9.375663e+00 4.729922e-01
5.680000e+01 9.204566e+02 8.204566e+00 4.948228e-01
5.690000e+01 9.727450e+02 8.727450e+00 5.380746e-01
5.700000e+01 1.059908e+03 9.599079e+00 5.227482e-01
5.710000e+01 1.116745e+03 1.016745e+01 4.348019e-01
5.720000e+01 1.162501e+03 1.062501e+01 3.095812e-01
5.730000e+01 9.161064e+02 8.161064e+00 2.725442e-01
5.740000e+01 9.137995e+02 8.137995e+00 3.438953e-01
5.750000e+01 9.486606e+02 8.486606e+00 4.118774e-01
5.760000e+01 9.921988e+02 8.921988e+00 4.415812e-01
5.770000e+01 1.014177e+03 9.141772e+00 4.397546e-01
5.780000e+01 1.045225e+03 9.452252e+00 4.056220e-01
5.790000e+01 1.130823e+03 1.030823e+01 3.289010e-01
5.800000e+01 9.402910e+02 8.402910e+00 2.918780e-01
5.810000e+01 1.051005e+03 9.510050e+00 2.877668e-01
5.820000e+01 1.025852e+03 9.258521e+00 2.552861e-01
5.830000e+01 1.045280e+03 9.452798e+00 2.142427e-01
5.840000e+01 1.098433e+03 9.984331e+00 1.522554e-01
5.850000e+01 9.230843e+02 8.230843e+00 1.425392e-01
5.860000e+01 9.608518e+02 8.608518e+00 1.873473e-01
5.870000e+01 1.046126e+03 9.461258e+00 1.903645e-01
5.880000e+01 9.683664e+02 8.683664e+00 1.871196e-01
5.890000e+01 9.643057e+02 8.643057e+00 2.133567e-01
5.900000e+01 1.050346e+03 9.503456e+00 2.020293e-01
5.910000e+01 1.106462e+03 1.006462e+01 1.397103e-01
5.920000e+01 8.876071e+02 7.876071e+00 1.326408e-01
5.930000e+01 1.128907e+03 1.028907e+01 1.201863e-01
5.940000e+01 9.928988e+02 8.928988e+00 7.209147e-02
5.950000e+01 9.925338e+02 8.925338e+00 7.256631e-02
5.960000e+01 9.558828e+02 8.558828e+00 1.041713e-01
5.970000e+01 8.612538e+02 7.612538e+00 1.916695e-01
5.980000e+01 9.078385e+02 8.078385e+00 2.974585e-01
5.990000e+01 1.021734e+03 9.217342e+00 3.344906e-01
6.000000e+01 1.035445e+03 9.354448e+00 3.119618e-01
6.010000e+01 1.019505e+03 9.195045e+00 2.841469e-01
6.020000e+01 1.030170e+03 9.301700e+00 2.596742e-01
6.030000e+01 1.000293e+03 9.002925e+00 2.474017e-01
6.040000e+01 9.659512e+02 8.659512e+00 2.557561e-01
6.050000e+01 1.105188e+03 1.005188e+01 2.222266e-01
6.060000e+01 1.022862e+03 9.228622e+00 1.689073e-01
6.070000e+01 9.499730e+02 8.499730e+00 1.757136e-01
6.080000e+01 9.841815e+02 8.841815e+00 2.097493e-01
6.090000e+01 9.040871e+02 8.040871e+00 2.645919e-01
6.100000e+01 9.742927e+02 8.742927e+00 3.166699e-01
6.110000e+01 1.059457e+03 9.594567e+00 3.087114e-01
6.120000e+01 9.563593e+02 8.563593e+00 3.034703e-01
6.130000e+01 9.834414e+02 8.834414e+00 3.248166e-01
6.140000e+01 1.052548e+03 9.525480e+00 3.120351e-01
6.150000e+01 9.676866e+02 8.676866e+00 3.109403e-01
6.160000e+01 8.589735e+02 7.589735e+00 3.878310e-01
6.170000e+01 9.634353e+02 8.634353e+00 4.730979e-01
6.180000e+01 9.519545e+02 8.519545e+00 5.164600e-01
6.190000e+01 1.021129e+03 9.211289e+00 5.358887e-01
6.200000e+01 9.037130e+02 8.037130e+00 5.644570e-01
6.210000e+01 1.149895e+03 1.049895e+01 5.372343e-01
6.220000e+01 1.034494e+03 9.344942e+00 4.588009e-01
6.230000e+01 9.951866e+02 8.951866e+00 4.426182e-01
6.240000e+01 8.999215e+02 7.999215e+00 4.858155e-01
6.250000e+01 1.047559e+03 9.475594e+00 5.189402e-01
6.260000e+01 8.116361e+02 7.116361e+00 5.941550e-01
6.270000e+01 8.794628e+02 7.794628e+00 7.329341e-01
6.280000e+01 9.475782e+02 8.475782e+00 8.228531e-01
6.290000e+01 9.835947e+02 8.835947e+00 8.561652e-01
6.300000e+01 1.051889e+03 9.518894e+00 8.423216e-01
6.310000e+01 1.015367e+03 9.153668e+00 8.067160e-01
6.320000e+01 1.128681e+03 1.028681e+01 7.306941e-01
6.330000e+01 1.143706e+03 1.043706e+01 6.121833e-01
6.340000e+01 9.065223e+02 8.065223e+00 5.822433e-01
6.350000e+01 1.011308e+03 9.113076e+00 6.118056e-01
6.360000e+01 1.001182e+03 9.011816e+00 6.172144e-01
6.370000e+01 8.934338e+02 7.934338e+00 6.665979e-01
6.380000e+01 9.324904e+02 8.324904e+00 7.494552e-01
6.390000e+01 9.205690e+02 8.205690e+00 8.226633e-01
6.400000e+01 9.856868e+02 8.856868e+00 8.627361e-01
6.410000e+01 1.102543e+03 1.002543e+01 8.253906e-01
6.420000e+01 1.027123e+03 9.271226e+00 7.664669e-01
6.430000e+01 1.024726e+03 9.247261e+00 7.332693e-01
6.440000e+01 1.074953e+03 9.749527e+00 6.904368e-01
6.450000e+01 9.396986e+02 8.396986e+00 6.856817e-01
6.460000e+01 9.301246e+02 8.301246e+00 7.438677e-01
6.470000e+01 9.489321e+02 8.489321e+00 7.994389e-01
6.480000e+01 1.032616e+03 9.326160e+00 8.180285e-01
6.490000e+01 8.773893e+02 7.773893e+00 8.566520e-01
6.500000e+01 1.084666e+03 9.846661e+00 8.728606e-01
6.510000e+01 9.660948e+02 8.660948e+00 8.612840e-01
6.520000e+01 9.332059e+02 8.332059e+00 8.934353e-01
6.530000e+01 1.151198e+03 1.051198e+01 8.559402e-01
6.540000e+01 1.040325e+03 9.403251e+00 7.724798e-01
6.550000e+01 9.945355e+02 8.945355e+00 7.502277e-01
6.560000e+01 9.768991e+02 8.768991e+00 7.576794e-01
6.570000e+01 1.078481e+03 9.784805e+00 7.335205e-01
6.580000e+01 9.869747e+02 8.869747e+00 7.063988e-01
6.590000e+01 9.765456e+02 8.765456e+00 7.184971e-01
6.600000e+01 1.003899e+03 9.038989e+00 7.280648e-01
6.610000e+01 9.988092e+02 8.988092e+00 7.324533e-01
6.620000e+01 9.132127e+02 8.132127e+00 7.727961e-01
6.630000e+01 9.785069e+02 8.785069e+00 8.227411e-01
6.640000e+01 9.958373e+02 8.958373e+00 8.321822e-01
6.650000e+01 1.132241e+03 1.032241e+01 7.720496e-01
6.660000e+01 1.055886e+03 9.558859e+00 6.880617e-01
6.670000e+01 9.745730e+02 8.745730e+00 6.730059e-01
6.680000e+01 8.877499e+02 7.877499e+00 7.359835e-01
6.690000e+01 9.300639e+02 8.300639e+00 8.259168e-01
6.700000e+01 8.879239e+02 7.879239e+00 9.108776e-01
6.710000e+01 1.067352e+03 9.673517e+00 9.287503e-01
6.720000e+01 1.106705e+03 1.006705e+01 8.542744e-01
6.730000e+01 1.020935e+03 9.209349e+00 7.968006e-01
6.740000e+01 9.182074e+02 8.182074e+00 8.196507e-01
6.750000e+01 9.863688e+02 8.863688e+00 8.632864e-01
6.760000e+01 9.889048e+02 8.889048e+00 8.737476e-01
6.770000e+01 1.093100e+03 9.931004e+00 8.371899e-01
6.780000e+01 1.002366e+03 9.023660e+00 7.923869e-01
6.790000e+01 1.033421e+03 9.334213e+00 7.769825e-01
6.800000e+01 8.846436e+02 7.846436e+00 8.159277e-01
6.810000e+01 9.876329e+02 8.876329e+00 8.642725e-01
6.820000e+01 1.143860e+03 1.043860e+01 8.089900e-01
6.830000e+01 1.036331e+03 9.363312e+00 7.312053e-01
6.840000e+01 9.333752e+02 8.333752e+00 7.350810e-01
6.850000e+01 1.050328e+03 9.503283e+00 7.384255e-01
6.860000e+01 1.054081e+03 9.540810e+00 6.938340e-01
6.870000e+01 1.025850e+03 9.258504e+00 6.522170e-01
6.880000e+01 1.040218e+03 9.402175e+00 6.220534e-01
6.890000e+01 9.624388e+02 8.624388e+00 6.196645e-01
6.900000e+01 9.904360e+02 8.904360e+00 6.432484e-01
6.910000e+01 9.200927e+02 8.200927e+00 6.843229e-01
6.920000e+01 1.038146e+03 9.381461e+00 6.997244e-01
6.930000e+01 1.062263e+03 9.622629e+00 6.617711e-01
6.940000e+01 9.378076e+02 8.378076e+00 6.621161e-01
6.950000e+01 9.390982e+02 8.390982e+00 7.173852e-01
6.960000e+01 9.450555e+02 8.450555e+00 7.781168e-01
6.970000e+01 8.920785e+02 7.920785e+00 8.596345e-01
6.980000e+01 9.252955e+02 8.252955e+00 9.354198e-01
6.990000e+01 1.170173e+03 1.070173e+01 8.995013e-01
7.000000e+01 9.673636e+02 8.673636e+00 8.432463e-01
7.010000e+01 9.381759e+02 8.381759e+00 8.819679e-01
7.020000e+01 9.153978e+02 8.153978e+00 9.438368e-01
7.030000e+01 1.126470e+03 1.026470e+01 9.300239e-01
7.040000e+01 9.622596e+02 8.622596e+00 8.919250e-01
7.050000e+01 1.039579e+03 9.395785e+00 8.861701e-01
7.060000e+01 9.567891e+02 8.567891e+00 8.909585e-01
7.070000e+01 9.894492e+02 8.894492e+00 9.160734e-01
7.080000e+01 9.385216e+02 8.385216e+00 9.471934e-01
7.090000e+01 1.095920e+03 9.959199e+00 9.254969e-01
7.100000e+01 1.099645e+03 9.996454e+00 8.484362e-01
7.110000e+01 8.535641e+02 7.535641e+00 8.627000e-01
7.120000e+01 1.041981e+03 9.419807e+00 8.966103e-01
7.130000e+01 1.162689e+03 1.062689e+01 8.137509e-01
7.140000e+01 9.632689e+02 8.632689e+00 7.580196e-01
7.150000e+01 9.236337e+02 8.236337e+00 7.989231e-01
7.160000e+01 1.037863e+03 9.378635e+00 8.182729e-01
7.170000e+01 1.018913e+03 9.189132e+00 7.969535e-01
7.180000e+01 9.617686e+02 8.617686e+00 8.149821e-01
7.190000e+01 7.784269e+02 6.784269e+00 9.328661e-01
7.200000e+01 9.838922e+02 8.838922e+00 1.037615e+00
7.210000e+01 1.089568e+03 9.895679e+00 1.017066e+00
7.220000e+01 9.580852e+02 8.580852e+00 1.003618e+00
7.230000e+01 8.611879e+02 7.611879e+00 1.070873e+00
7.240000e+01 1.190498e+03 1.090498e+01 1.047579e+00
7.250000e+01 1.045272e+03 9.452721e+00 9.509734e-01
7.260000e+01 9.372368e+02 8.372368e+00 9.523769e-01
7.270000e+01 9.224356e+02 8.224356e+00 1.011545e+00
7.280000e+01 1.068142e+03 9.681415e+00 1.014547e+00
7.290000e+01 1.089258e+03 9.892576e+00 9.440721e-01
7.300000e+01 1.065571e+03 9.655707e+00 8.674175e-01
7.310000e+01 1.059509e+03 9.595094e+00 8.028790e-01
7.320000e+01 1.071224e+03 9.712240e+00 7.399600e-01
7.330000e+01 1.030008e+03 9.300079e+00 6.838324e-01
7.340000e+01 1.146526e+03 1.046526e+01 5.979405e-01
7.350000e+01 1.056056e+03 9.560562e+00 5.023102e-01
7.360000e+01 1.056897e+03 9.568969e+00 4.420071e-01
7.370000e+01 1.041361e+03 9.413612e+00 3.888933e-01
7.380000e+01 1.132954e+03 1.032954e+01 3.049183e-01
7.390000e+01 1.031982e+03 9.319819e+00 2.326888e-01
7.400000e+01 9.310188e+02 8.310188e+00 2.399406e-01
7.410000e+01 1.042411e+03 9.424115e+00 2.516886e-01
7.420000e+01 9.980429e+02 8.980429e+00 2.323662e-01
7.430000e+01 1.092181e+03 9.921808e+00 1.859037e-01
7.440000e+01 1.067003e+03 9.670027e+00 1.103739e-01
7.450000e+01 1.078446e+03 9.784462e+00 3.946331e-02
7.460000e+01 9.987618e+02 8.987618e+00 4.376285e-03
7.470000e+01 9.468166e+02 8.468166e+00 2.505752e-02
7.480000e+01 1.005022e+03 9.050218e+00 4.579263e-02
7.490000e+01 1.015242e+03 9.152415e+00 4.393069e-02
7.500000e+01 9.263431e+02 8.263431e+00 6.541355e-02
7.510000e+01 1.068973e+03 9.689728e+00 7.204398e-02
7.520000e+01 9.063351e+02 8.063351e+00 8.542332e-02
7.530000e+01 1.031233e+03 9.312328e+00 1.103480e-01
7.540000e+01 9.852798e+02 8.852798e+00 1.056566e-01
7.550000e+01 1.072368e+03 9.723682e+00 6.815613e-02
7.560000e+01 1.173997e+03 1.073997e+01 -4.520353e-02
7.570000e+01 1.071443e+03 9.714430e+00 -1.623027e-01
7.580000e+01 1.024777e+03 9.247773e+00 -2.064270e-01
7.590000e+01 8.388325e+02 7.388325e+00 -1.434122e-01
7.600000e+01 9.233067e+02 8.233067e+00 -3.874886e-02
7.610000e+01 1.021864e+03 9.218640e+00 -2.113849e-03
7.620000e+01 9.442681e+02 8.442681e+00 1.499612e-02
7.630000e+01 1.020955e+03 9.209547e+00 2.960789e-02
7.640000e+01 1.003782e+03 9.037817e+00 1.755955e-02
7.650000e+01 1.078832e+03 9.788318e+00 -2.243665e-02
7.660000e+01 1.015158e+03 9.151575e+00 -6.152465e-02
7.670000e+01 9.418629e+02 8.418629e+00 -4.978312e-02
7.680000e+01 1.083068e+03 9.830678e+00 -7.027619e-02
7.690000e+01 1.167401e+03 1.067401e+01 -1.802254e-01
7.700000e+01 9.982933e+02 8.982933e+00 -2.596848e-01
7.710000e+01 9.963676e+02 8.963676e+00 -2.642061e-01
7.720000e+01 9.652409e+02 8.652409e+00 -2.411988e-01
7.730000e+01 9.052911e+02 8.052911e+00 -1.815672e-01
7.740000e+01 9.919216e+02 8.919216e+00 -1.393810e-01
7.750000e+01 1.104179e+03 1.004179e+01 -1.716452e-01
7.760000e+01 8.661416e+02 7.661416e+00 -1.507921e-01
7.770000e+01 8.547965e+02 7.547965e+00 -2.857836e-02
7.780000e+01 9.715138e+02 8.715138e+00 5.559226e-02
7.790000e+01 1.042620e+03 9.426201e+00 5.377846e-02
7.800000e+01 1.035613e+03 9.356126e+00 2.283972e-02
7.810000e+01 9.263205e+02 8.263205e+00 4.025791e-02
7.820000e+01 9.697195e+02 8.697195e+00 7.894490e-02
7.830000e+01 1.109981e+03 1.009981e+01 5.312215e-02
7.840000e+01 8.888880e+02 7.888880e+00 5.311168e-02
7.850000e+01 1.036117e+03 9.361168e+00 7.755184e-02
7.860000e+01 1.080707e+03 9.807066e+00 2.348506e-02
7.870000e+01 1.155617e+03 1.055617e+01 -8.716119e-02
7.880000e+01 1.005374e+03 9.053735e+00 -1.588914e-01
7.890000e+01 9.341311e+02 8.341311e+00 -1.488476e-01
7.900000e+01 1.164169e+03 1.064169e+01 -1.882616e-01
7.910000e+01 9.149594e+02 8.149594e+00 -2.197217e-01
7.920000e+01 9.927577e+02 8.927577e+00 -1.928970e-01
7.930000e+01 1.112559e+03 1.012559e+01 -2.372815e-01
7.940000e+01 1.053926e+03 9.539263e+00 -3.172563e-01
7.950000e+01 1.089067e+03 9.890666e+00 -3.901114e-01
7.960000e+01 1.035305e+03 9.353046e+00 -4.430090e-01
7.970000e+01 8.989691e+02 7.989691e+00 -4.192196e-01
7.980000e+01 1.021349e+03 9.213488e+00 -3.816893e-01
7.990000e+01 9.288396e+02 8.288396e+00 -3.467095e-01
8.000000e+01 8.720560e+02 7.720560e+00 -2.603705e-01
8.010000e+01 1.034119e+03 9.341193e+00 -2.143422e-01
8.020000e+01 1.009382e+03 9.093820e+00 -2.291658e-01
8.030000e+01 1.041089e+03 9.410886e+00 -2.610907e-01
8.040000e+01 1.127275e+03 1.027275e+01 -3.371051e-01
8.050000e+01 9.909956e+02 8.909956e+00 -3.907370e-01
8.060000e+01 9.752410e+02 8.752410e+00 -3.887083e-01
8.070000e+01 1.133807e+03 1.033807e+01 -4.403955e-01
8.080000e+01 1.066122e+03 9.661220e+00 -5.284358e-01
8.090000e+01 9.764209e+02 8.764209e+00 -5.542230e-01
8.100000e+01 9.900244e+02 8.900244e+00 -5.418806e-01
8.110000e+01 9.946408e+02 8.946408e+00 -5.296116e-01
8.120000e+01 9.196819e+02 8.196819e+00 -4.869116e-01
8.130000e+01 9.234041e+02 8.234041e+00 -4.117578e-01
8.140000e+01 9.223634e+02 8.223634e+00 -3.379832e-01
8.150000e+01 1.012588e+03 9.125882e+00 -3.098264e-01
8.160000e+01 1.089933e+03 9.899331e+00 -3.517211e-01
8.170000e+01 9.818090e+02 8.818090e+00 -3.815209e-01
8.180000e+01 9.328313e+02 8.328313e+00 -3.491925e-01
8.190000e+01 1.035298e+03 9.352983e+00 -3.330648e-01
8.200000e+01 9.658382e+02 8.658382e+00 -3.171869e-01
8.210000e+01 7.575276e+02 6.575276e+00 -1.962794e-01
8.220000e+01 1.041051e+03 9.410507e+00 -1.057804e-01
8.230000e+01 1.034803e+03 9.348026e+00 -1.210455e-01
8.240000e+01 8.786639e+02 7.786639e+00 -8.500614e-02
8.250000e+01 9.971802e+02 8.971802e+00 -3.416977e-02
8.260000e+01 1.077328e+03 9.773276e+00 -6.058756e-02
8.270000e+01 9.676984e+02 8.676984e+00 -7.281579e-02
8.280000e+01 8.334084e+02 7.334084e+00 1.380158e-02
8.290000e+01 9.989432e+02 8.989432e+00 8.627057e-02
8.300000e+01 1.091199e+03 9.911987e+00 5.860635e-02
8.310000e+01 9.126460e+02 8.126460e+00 5.768885e-02
8.320000e+01 9.682388e+02 8.682388e+00 1.079083e-01
8.330000e+01 9.686923e+02 8.686923e+00 1.468959e-01
8.340000e+01 8.996516e+02 7.996516e+00 2.069001e-01
8.350000e+01 1.008149e+03 9.081487e+00 2.516412e-01
8.360000e+01 9.593914e+02 8.593914e+00 2.776579e-01
8.370000e+01 8.846551e+02 7.846551e+00 3.463520e-01
8.380000e+01 1.016456e+03 9.164563e+00 3.913904e-01
8.390000e+01 1.045216e+03 9.452161e+00 3.649043e-01
8.400000e+01 1.095968e+03 9.959682e+00 2.925409e-01
8.410000e+01 1.150067e+03 1.050067e+01 1.720951e-01
8.420000e+01 1.134287e+03 1.034287e+01 3.897896e-02
8.430000e+01 1.000494e+03 9.004943e+00 -3.102348e-02
8.440000e+01 1.027564e+03 9.275636e+00 -4.719048e-02
8.450000e+01 9.359971e+02 8.359971e+00 -2.612734e-02
8.460000e+01 9.266943e+02 8.266943e+00 3.397615e-02
8.470000e+01 9.971219e+02 8.971219e+00 7.589162e-02
8.480000e+01 9.204613e+02 8.204613e+00 1.195522e-01
8.490000e+01 9.505800e+02 8.505800e+00 1.728232e-01
8.500000e+01 1.103264e+03 1.003264e+01 1.478322e-01
8.510000e+01 1.083539e+03 9.835388e+00 6.970800e-02
8.520000e+01 9.274475e+02 8.274475e+00 5.666055e-02
8.530000e+01 1.055080e+03 9.550800e+00 5.612586e-02
8.540000e+01 1.085214e+03 9.852144e+00 -1.043475e-03
8.550000e+01 9.551583e+02 8.551583e+00 -2.191738e-02
8.560000e+01 1.013093e+03 9.130932e+00 -2.443599e-02
8.570000e+01 1.239954e+03 1.139954e+01 -1.365689e-01
8.580000e+01 1.018174e+03 9.181742e+00 -2.566816e-01
8.590000e+01 1.043605e+03 9.436052e+00 -2.951979e-01
8.600000e+01 9.601906e+02 8.601906e+00 -2.959614e-01
8.610000e+01 9.950168e+02 8.950168e+00 -2.789862e-01
8.620000e+01 9.974861e+02 8.974861e+00 -2.665061e-01
8.630000e+01 8.691478e+02 7.691478e+00 -2.020435e-01
8.640000e+01 9.166896e+02 8.166896e+00 -1.063898e-01
8.650000e+01 1.037304e+03 9.373036e+00 -8.317163e-02
8.660000e+01 1.070330e+03 9.703303e+00 -1.229680e-01
8.670000e+01 9.111367e+02 8.111367e+00 -1.199737e-01
8.680000e+01 1.059565e+03 9.595646e+00 -1.114676e-01
8.690000e+01 1.027890e+03 9.278898e+00 -1.478565e-01
8.700000e+01 1.041232e+03 9.412319e+00 -1.856185e-01
8.710000e+01 1.061077e+03 9.610768e+00 -2.371051e-01
8.720000e+01 1.078477e+03 9.784768e+00 -2.996231e-01
8.730000e+01 9.389898e+02 8.389898e+00 -3.061276e-01
8.740000e+01 9.220300e+02 8.220300e+00 -2.491756e-01
8.750000e+01 1.037513e+03 9.375134e+00 -2.275354e-01
8.760000e+01 9.973140e+02 8.973140e+00 -2.361693e-01
8.770000e+01 9.378868e+02 8.378868e+00 -2.089983e-01
8.780000e+01 9.805037e+02 8.805037e+00 -1.642588e-01
8.790000e+01 8.560557e+02 7.560557e+00 -8.614728e-02
8.800000e+01 9.900291e+02 8.900291e+00 -2.132220e-02
8.810000e+01 1.104063e+03 1.004063e+01 -5.820086e-02
8.820000e+01 1.042579e+03 9.425788e+00 -1.265731e-01
8.830000e+01 1.034472e+03 9.344717e+00 -1.669236e-01
8.840000e+01 1.002838e+03 9.028378e+00 -1.845196e-01
8.850000e+01 9.776923e+02 8.776923e+00 -1.753221e-01
8.860000e+01 9.611682e+02 8.611682e+00 -1.499029e-01
8.870000e+01 1.055674e+03 9.556744e+00 -1.610089e-01
8.880000e+01 1.071020e+03 9.710204e+00 -2.099177e-01
8.890000e+01 8.886512e+02 7.886512e+00 -1.971400e-01
8.900000e+01 1.034557e+03 9.345572e+00 -1.637745e-01
8.910000e+01 9.737152e+02 8.737152e+00 -1.663327e-01
8.920000e+01 1.085989e+03 9.859889e+00 -1.908446e-01
8.930000e+01 8.981782e+02 7.981782e+00 -1.799095e-01
8.940000e+01 9.725029e+02 8.725029e+00 -1.280073e-01
8.950000e+01 1.008942e+03 9.089422e+00 -1.061992e-01
8.960000e+01 8.790110e+02 7.790110e+00 -6.158995e-02
8.970000e+01 1.117125e+03 1.017125e+01 -5.797713e-02
8.980000e+01 9.653807e+02 8.653807e+00 -9.360975e-02
8.990000e+01 1.108464e+03 1.008464e+01 -1.417113e-01
9.000000e+01 1.145622e+03 1.045622e+01 -2.560855e-01
9.010000e+01 1.067677e+03 9.676770e+00 -3.660128e-01
9.020000e+01 1.114265e+03 1.014265e+01 -4.455612e-01
9.030000e+01 8.258172e+02 7.258172e+00 -4.220543e-01
9.040000e+01 1.005169e+03 9.051695e+00 -3.510828e-01
9.050000e+01 1.006273e+03 9.062727e+00 -3.533122e-01
9.060000e+01 1.130681e+03 1.030681e+01 -4.161826e-01
9.070000e+01 9.849834e+02 8.849834e+00 -4.648805e-01
9.080000e+01 9.229548e+02 8.229548e+00 -4.232852e-01
9.090000e+01 8.592546e+02 7.592546e+00 -3.219686e-01
9.100000e+01 9.889305e+02 8.889305e+00 -2.538367e-01
9.110000e+01 1.059098e+03 9.590983e+00 -2.604197e-01
9.120000e+01 8.534432e+02 7.534432e+00 -2.216922e-01
9.130000e+01 1.009569e+03 9.095690e+00 -1.617160e-01
9.140000e+01 9.688502e+02 8.688502e+00 -1.394739e-01
9.150000e+01 9.221008e+02 8.221008e+00 -9.339903e-02
9.160000e+01 1.029718e+03 9.297184e+00 -7.042915e-02
9.170000e+01 1.031163e+03 9.311633e+00 -1.016425e-01
9.180000e+01 1.143331e+03 1.043331e+01 -1.821001e-01
9.190000e+01 9.821422e+02 8.821422e+00 -2.347747e-01
9.200000e+01 9.064630e+02 8.064630e+00 -1.948126e-01
9.210000e+01 1.046200e+03 9.461996e+00 -1.679127e-01
9.220000e+01 9.209395e+02 8.209395e+00 -1.450196e-01
9.230000e+01 9.436289e+02 8.436289e+00 -8.933881e-02
9.240000e+01 1.037407e+03 9.374072e+00 -7.256097e-02
9.250000e+01 9.442313e+02 8.442313e+00 -6.684450e-02
9.260000e+01 1.091444e+03 9.914440e+00 -8.465036e-02
9.270000e+01 9.921415e+02 8.921415e+00 -1.191674e-01
9.280000e+01 1.000918e+03 9.009181e+00 -1.224936e-01
9.290000e+01 1.031176e+03 9.311764e+00 -1.401139e-01
9.300000e+01 1.075541e+03 9.755408e+00 -1.854215e-01
9.310000e+01 9.281881e+02 8.281881e+00 -1.836222e-01
9.320000e+01 9.052856e+02 8.052856e+00 -1.105058e-01
9.330000e+01 9.527671e+02 8.527671e+00 -3.793745e-02
9.340000e+01 9.393726e+02 8.393726e+00 6.033724e-03
9.350000e+01 1.181802e+03 1.081802e+01 -5.028462e-02
9.360000e+01 1.064079e+03 9.640787e+00 -1.571516e-01
9.370000e+01 1.000708e+03 9.007076e+00 -2.074513e-01
9.380000e+01 1.224138e+03 1.124138e+01 -3.204650e-01
9.390000e+01 1.186374e+03 1.086374e+01 -5.104888e-01
9.400000e+01 1.078968e+03 9.789681e+00 -6.377094e-01
9.410000e+01 9.075319e+02 8.075319e+00 -6.358559e-01
9.420000e+01 9.130866e+02 8.130866e+00 -5.559043e-01
9.430000e+01 9.577839e+02 8.577839e+00 -4.947848e-01
9.440000e+01 1.050151e+03 9.501509e+00 -4.953001e-01
9.450000e+01 1.004692e+03 9.046921e+00 -5.130192e-01
9.460000e+01 9.069631e+02 8.069631e+00 -4.765103e-01
9.470000e+01 1.005532e+03 9.055317e+00 -4.361527e-01
9.480000e+01 9.958761e+02 8.958761e+00 -4.359556e-01
9.490000e+01 1.074349e+03 9.743489e+00 -4.684906e-01
9.500000e+01 1.006614e+03 9.066140e+00 -5.084811e-01
9.510000e+01 1.084640e+03 9.846404e+00 -5.608226e-01
9.520000e+01 1.148178e+03 1.048178e+01 -6.731599e-01
9.530000e+01 1.140870e+03 1.040870e+01 -8.097898e-01
9.540000e+01 1.033623e+03 9.336228e+00 -8.988891e-01
9.550000e+01 1.058477e+03 9.584774e+00 -9.476833e-01
9.560000e+01 1.005605e+03 9.056052e+00 -9.783127e-01
9.570000e+01 1.025838e+03 9.258384e+00 -1.001679e+00
9.580000e+01 1.107675e+03 1.007675e+01 -1.059651e+00
9.590000e+01 9.597370e+02 8.597370e+00 -1.091363e+00
9.600000e+01 9.901392e+02 8.901392e+00 -1.071995e+00
9.610000e+01 9.642099e+02 8.642099e+00 -1.053000e+00
9.620000e+01 1.096975e+03 9.969746e+00 -1.088504e+00
9.630000e+01 1.162590e+03 1.062590e+01 -1.210782e+00
9.640000e+01 1.143007e+03 1.043007e+01 -1.357584e+00
9.650000e+01 1.049094e+03 9.490944e+00 -1.444740e+00
9.660000e+01 8.478924e+02 7.478924e+00 -1.400184e+00
9.670000e+01 9.060938e+02 8.060938e+00 -1.288674e+00
9.680000e+01 9.395590e+02 8.395590e+00 -1.204238e+00
9.690000e+01 8.840865e+02 7.840865e+00 -1.123271e+00
9.700000e+01 1.047692e+03 9.476924e+00 -1.087843e+00
9.710000e+01 9.654155e+02 8.654155e+00 -1.087441e+00
9.720000e+01 1.000179e+03 9.001789e+00 -1.078386e+00
9.730000e+01 1.057794e+03 9.577940e+00 -1.101228e+00
9.740000e+01 9.891403e+02 8.891403e+00 -1.126314e+00
9.750000e+01 1.069188e+03 9.691883e+00 -1.158648e+00
9.760000e+01 1.069927e+03 9.699270e+00 -1.225467e+00
9.770000e+01 1.082868e+03 9.828675e+00 -1.293964e+00
9.780000e+01 9.136301e+02 8.136301e+00 -1.292741e+00
9.790000e+01 9.409323e+02 8.409323e+00 -1.228624e+00
9.800000e+01 9.473272e+02 8.473272e+00 -1.171577e+00
9.810000e+01 9.740210e+02 8.740210e+00 -1.135615e+00
9.820000e+01 1.047049e+03 9.470494e+00 -1.146683e+00
9.830000e+01 1.076250e+03 9.762502e+00 -1.199264e+00
9.840000e+01 9.593954e+02 8.593954e+00 -1.217745e+00
9.850000e+01 1.004578e+03 9.045782e+00 -1.207460e+00
9.860000e+01 1.032014e+03 9.320140e+00 -1.219240e+00
9.870000e+01 9.763248e+02 8.763248e+00 -1.230117e+00
9.880000e+01 1.111594e+03 1.011594e+01 -1.267685e+00
9.890000e+01 9.367444e+02 8.367444e+00 -1.289768e+00
9.900000e+01 1.025368e+03 9.253678e+00 -1.276938e+00
9.910000e+01 9.704436e+02 8.704436e+00 -1.272885e+00
9.920000e+01 1.032938e+03 9.329382e+00 -1.274431e+00
9.930000e+01 9.584419e+02 8.584419e+00 -1.265123e+00
9.940000e+01 9.187270e+02 8.187270e+00 -1.203271e+00
9.950000e+01 8.314421e+02 7.314421e+00 -1.083973e+00
9.960000e+01 9.313047e+02 8.313047e+00 -9.763682e-01
9.970000e+01 1.074058e+03 9.740584e+00 -9.734387e-01
9.980000e+01 1.051742e+03 9.517421e+00 -1.024148e+00
9.990000e+01 9.500317e+02 8.500317e+00 -1.035587e+00
1.000000e+02 1.129272e+03 1.029272e+01 -1.077091e+00
