0.000000e+00 9.121441e+01 8.121441e+00 4.943407e+00
1.000000e-01 1.330646e+02 1.230646e+01 4.825216e+00
2.000000e-01 1.374804e+02 1.274804e+01 4.514462e+00
3.000000e-01 9.315642e+01 8.315642e+00 4.348316e+00
4.000000e-01 1.188917e+02 1.088917e+01 4.281040e+00
5.000000e-01 8.662447e+01 7.662447e+00 4.278314e+00
6.000000e-01 6.765176e+01 5.765176e+00 4.479844e+00
7.000000e-01 8.907402e+01 7.907402e+00 4.670341e+00
8.000000e-01 1.369819e+02 1.269819e+01 4.513514e+00
9.000000e-01 2.062939e+02 1.962939e+01 3.856747e+00
1.000000e+00 1.256899e+02 1.156899e+01 3.246719e+00
1.100000e+00 8.972514e+01 7.972514e+00 3.114023e+00
1.200000e+00 1.217259e+02 1.117259e+01 3.031984e+00
1.300000e+00 1.410059e+02 1.310059e+01 2.755531e+00
1.400000e+00 1.008191e+02 9.081909e+00 2.542084e+00
1.500000e+00 1.196011e+02 1.096011e+01 2.449615e+00
1.600000e+00 6.089437e+01 5.089437e+00 2.540191e+00
1.700000e+00 1.042178e+02 9.421779e+00 2.658498e+00
1.800000e+00 1.557731e+02 1.457731e+01 2.391470e+00
1.900000e+00 1.390245e+02 1.290245e+01 1.940778e+00
2.000000e+00 1.305777e+02 1.205777e+01 1.612911e+00
2.100000e+00 6.568597e+01 5.568597e+00 1.645408e+00
2.200000e+00 3.405868e+01 2.405868e+00 2.093126e+00
2.300000e+00 8.716167e+01 7.716167e+00 2.438619e+00
2.400000e+00 1.614437e+02 1.514437e+01 2.224572e+00
2.500000e+00 1.543003e+02 1.443003e+01 1.689906e+00
2.600000e+00 1.298700e+02 1.198700e+01 1.277949e+00
2.700000e+00 9.674726e+01 8.674726e+00 1.136956e+00
2.800000e+00 9.607289e+01 8.607289e+00 1.137978e+00
2.900000e+00 1.305156e+02 1.205156e+01 1.033472e+00
3.000000e+00 7.638677e+01 6.638677e+00 1.000555e+00
3.100000e+00 1.105796e+02 1.005796e+01 1.024308e+00
3.200000e+00 1.331446e+02 1.231446e+01 8.532932e-01
3.300000e+00 7.397924e+01 6.397924e+00 8.321028e-01
3.400000e+00 6.448029e+01 5.448029e+00 1.093257e+00
3.500000e+00 1.024039e+02 9.240391e+00 1.254817e+00
3.600000e+00 1.015268e+02 9.152680e+00 1.277001e+00
3.700000e+00 5.450740e+01 4.450740e+00 1.488138e+00
3.800000e+00 6.677570e+01 5.677570e+00 1.860815e+00
3.900000e+00 6.838029e+01 5.838029e+00 2.172910e+00
4.000000e+00 1.082732e+02 9.827319e+00 2.296060e+00
4.100000e+00 9.565517e+01 8.565517e+00 2.289342e+00
4.200000e+00 1.085017e+02 9.850168e+00 2.268629e+00
4.300000e+00 9.040000e+01 8.040000e+00 2.277649e+00
4.400000e+00 1.062783e+02 9.627830e+00 2.255790e+00
4.500000e+00 1.561271e+02 1.461271e+01 1.996046e+00
4.600000e+00 6.779390e+01 5.779390e+00 1.893250e+00
4.700000e+00 8.230887e+01 7.230887e+00 2.092965e+00
4.800000e+00 8.905253e+01 7.905253e+00 2.260464e+00
4.900000e+00 6.684537e+01 5.684537e+00 2.464788e+00
5.000000e+00 1.047218e+02 9.472184e+00 2.581814e+00
5.100000e+00 1.369481e+02 1.269481e+01 2.394193e+00
5.200000e+00 1.251084e+02 1.151084e+01 2.133990e+00
5.300000e+00 5.520341e+01 4.520341e+00 2.203189e+00
5.400000e+00 9.986945e+01 8.986945e+00 2.401692e+00
5.500000e+00 8.604676e+01 7.604676e+00 2.494168e+00
5.600000e+00 9.230390e+01 8.230390e+00 2.588502e+00
5.700000e+00 1.015483e+02 9.154828e+00 2.624057e+00
5.800000e+00 9.814504e+01 8.814504e+00 2.640907e+00
5.900000e+00 7.770519e+01 6.770519e+00 2.742420e+00
6.000000e+00 1.130701e+02 1.030701e+01 2.780679e+00
6.100000e+00 1.109594e+02 1.009594e+01 2.668117e+00
6.200000e+00 1.339958e+02 1.239958e+01 2.433327e+00
6.300000e+00 1.499735e+02 1.399735e+01 2.016388e+00
6.400000e+00 1.683423e+02 1.583423e+01 1.437995e+00
6.500000e+00 1.482354e+02 1.382354e+01 8.930509e-01
6.600000e+00 8.800883e+01 7.800883e+00 6.960305e-01
6.700000e+00 1.040133e+02 9.401331e+00 6.814098e-01
6.800000e+00 1.577337e+02 1.477337e+01 3.911333e-01
6.900000e+00 1.377226e+02 1.277226e+01 -4.850658e-02
7.000000e+00 1.124586e+02 1.024586e+01 -3.154107e-01
7.100000e+00 1.187577e+02 1.087577e+01 -4.748564e-01
7.200000e+00 1.064560e+02 9.645595e+00 -6.096352e-01
7.300000e+00 1.319604e+02 1.219604e+01 -8.104312e-01
7.400000e+00 1.384008e+02 1.284008e+01 -1.150542e+00
7.500000e+00 1.354277e+02 1.254277e+01 -1.494805e+00
7.600000e+00 9.178731e+01 8.178731e+00 -1.644986e+00
7.700000e+00 1.108817e+02 1.008817e+01 -1.648125e+00
7.800000e+00 5.142087e+01 4.142087e+00 -1.475566e+00
7.900000e+00 1.084686e+02 9.846860e+00 -1.301574e+00
8.000000e+00 9.424739e+01 8.424739e+00 -1.259146e+00
8.100000e+00 4.652039e+01 3.652039e+00 -9.856573e-01
8.200000e+00 6.873396e+01 5.873396e+00 -5.806135e-01
8.300000e+00 6.961497e+01 5.961497e+00 -2.814112e-01
8.400000e+00 1.081295e+02 9.812951e+00 -1.519003e-01
8.500000e+00 7.394800e+01 6.394800e+00 -6.416842e-02
8.600000e+00 1.156408e+02 1.056408e+01 -3.508061e-02
8.700000e+00 1.323364e+02 1.223364e+01 -2.744544e-01
8.800000e+00 1.640483e+02 1.540483e+01 -6.946565e-01
8.900000e+00 5.645640e+01 4.645640e+00 -8.175612e-01
9.000000e+00 1.256495e+02 1.156495e+01 -7.618372e-01
9.100000e+00 8.644907e+01 7.644907e+00 -7.930105e-01
9.200000e+00 1.044925e+02 9.449254e+00 -7.560044e-01
9.300000e+00 7.087879e+01 6.087879e+00 -6.248444e-01
9.400000e+00 8.749486e+01 7.749486e+00 -4.665193e-01
9.500000e+00 1.469873e+02 1.369873e+01 -6.061054e-01
9.600000e+00 1.024831e+02 9.248311e+00 -8.346995e-01
9.700000e+00 1.222431e+02 1.122431e+01 -9.908460e-01
9.800000e+00 1.363673e+02 1.263673e+01 -1.253789e+00
9.900000e+00 1.000153e+02 9.001526e+00 -1.430537e+00
1.000000e+01 9.789613e+01 8.789613e+00 -1.428078e+00
1.010000e+01 7.742463e+01 6.742463e+00 -1.302050e+00
1.020000e+01 7.432274e+01 6.432274e+00 -1.079781e+00
1.030000e+01 9.576362e+01 8.576362e+00 -9.444499e-01
1.040000e+01 1.215825e+02 1.115825e+01 -1.010848e+00
1.050000e+01 1.032021e+02 9.320213e+00 -1.130930e+00
1.060000e+01 1.147635e+02 1.047635e+01 -1.208408e+00
1.070000e+01 6.778237e+01 5.778237e+00 -1.109746e+00
1.080000e+01 6.013015e+01 5.013015e+00 -7.852879e-01
1.090000e+01 8.744058e+01 7.744058e+00 -5.286360e-01
1.100000e+01 9.107634e+01 8.107634e+00 -3.861088e-01
1.110000e+01 4.868030e+01 3.868030e+00 -9.962547e-02
1.120000e+01 7.970588e+01 6.970588e+00 2.377361e-01
1.130000e+01 8.311330e+01 7.311330e+00 4.291040e-01
1.140000e+01 1.046727e+02 9.467266e+00 5.001746e-01
1.150000e+01 8.285594e+01 7.285594e+00 5.810030e-01
1.160000e+01 6.269602e+01 5.269602e+00 8.566338e-01
1.170000e+01 3.894322e+01 2.894322e+00 1.306037e+00
1.180000e+01 1.052958e+02 9.529580e+00 1.594057e+00
1.190000e+01 6.241567e+01 5.241567e+00 1.791424e+00
1.200000e+01 6.041066e+01 5.041066e+00 2.134462e+00
1.210000e+01 1.006950e+02 9.069498e+00 2.320374e+00
1.220000e+01 1.226218e+02 1.126218e+01 2.220700e+00
1.230000e+01 1.289372e+02 1.189372e+01 1.961185e+00
1.240000e+01 1.477932e+02 1.377932e+01 1.595838e+00
1.250000e+01 1.167993e+02 1.067993e+01 1.271888e+00
1.260000e+01 1.374088e+02 1.274088e+01 9.883310e-01
1.270000e+01 1.279229e+02 1.179229e+01 6.846824e-01
1.280000e+01 1.030691e+02 9.306915e+00 5.376374e-01
1.290000e+01 7.154371e+01 6.154371e+00 6.520533e-01
1.300000e+01 8.700758e+01 7.700758e+00 7.922844e-01
1.310000e+01 1.870045e+02 1.770045e+01 4.716535e-01
1.320000e+01 1.020133e+02 9.201329e+00 8.129066e-02
1.330000e+01 8.690611e+01 7.690611e+00 9.148973e-02
1.340000e+01 8.620307e+01 7.620307e+00 2.183209e-01
1.350000e+01 1.007869e+02 9.078691e+00 2.715564e-01
1.360000e+01 1.195127e+02 1.095127e+01 1.895705e-01
1.370000e+01 9.607182e+01 8.607182e+00 1.177739e-01
1.380000e+01 9.831078e+01 8.831078e+00 1.396539e-01
1.390000e+01 8.848646e+01 7.848646e+00 2.022896e-01
1.400000e+01 9.734852e+01 8.734852e+00 2.785890e-01
1.410000e+01 7.814736e+01 6.814736e+00 3.919634e-01
1.420000e+01 1.082404e+02 9.824039e+00 4.453846e-01
1.430000e+01 1.153679e+02 1.053679e+01 3.615226e-01
1.440000e+01 7.247243e+01 6.247243e+00 4.422598e-01
1.450000e+01 3.963730e+01 2.963730e+00 8.412019e-01
1.460000e+01 7.844131e+01 6.844131e+00 1.242126e+00
1.470000e+01 7.148243e+01 6.148243e+00 1.498090e+00
1.480000e+01 9.711054e+01 8.711054e+00 1.663874e+00
1.490000e+01 7.078047e+01 6.078047e+00 1.828145e+00
1.500000e+01 8.725521e+01 7.725521e+00 2.032914e+00
1.510000e+01 7.508512e+01 6.508512e+00 2.200050e+00
1.520000e+01 1.362014e+02 1.262014e+01 2.146977e+00
1.530000e+01 1.154240e+02 1.054240e+01 1.918119e+00
1.540000e+01 1.148205e+02 1.048205e+01 1.767222e+00
1.550000e+01 9.057329e+01 8.057329e+00 1.724030e+00
1.560000e+01 1.248557e+02 1.148557e+01 1.650974e+00
1.570000e+01 8.722628e+01 7.722628e+00 1.626236e+00
1.580000e+01 5.110157e+01 4.110157e+00 1.911920e+00
1.590000e+01 5.771670e+01 4.771670e+00 2.345514e+00
1.600000e+01 7.127981e+01 6.127981e+00 2.706760e+00
1.610000e+01 7.070046e+01 6.070046e+00 2.991611e+00
1.620000e+01 8.918165e+01 7.918165e+00 3.204225e+00
1.630000e+01 7.283916e+01 6.283916e+00 3.361504e+00
1.640000e+01 1.520197e+02 1.420197e+01 3.259009e+00
1.650000e+01 9.023873e+01 8.023873e+00 3.083936e+00
1.660000e+01 9.458761e+01 8.458761e+00 3.132063e+00
1.670000e+01 8.639302e+01 7.639302e+00 3.213106e+00
1.680000e+01 1.240821e+02 1.140821e+01 3.174831e+00
1.690000e+01 8.531832e+01 7.531832e+00 3.139176e+00
1.700000e+01 1.015035e+02 9.150351e+00 3.181381e+00
1.710000e+01 1.112558e+02 1.012558e+01 3.111423e+00
1.720000e+01 1.388638e+02 1.288638e+01 2.899556e+00
1.730000e+01 6.435964e+01 5.435964e+00 2.893981e+00
1.740000e+01 7.820880e+01 6.820880e+00 3.107496e+00
1.750000e+01 1.518589e+02 1.418589e+01 2.971806e+00
1.760000e+01 1.404419e+02 1.304419e+01 2.562517e+00
1.770000e+01 1.037940e+02 9.379397e+00 2.321915e+00
1.780000e+01 1.291730e+02 1.191730e+01 2.134483e+00
1.790000e+01 1.374135e+02 1.274135e+01 1.826863e+00
1.800000e+01 1.202636e+02 1.102636e+01 1.516830e+00
1.810000e+01 1.618884e+02 1.518884e+01 1.134951e+00
1.820000e+01 8.535513e+01 7.535513e+00 9.219799e-01
1.830000e+01 8.062528e+01 7.062528e+00 1.049021e+00
1.840000e+01 9.041483e+01 8.041483e+00 1.188750e+00
1.850000e+01 1.036157e+02 9.361567e+00 1.221538e+00
1.860000e+01 1.116090e+02 1.016090e+01 1.127860e+00
1.870000e+01 1.535244e+02 1.435244e+01 8.386837e-01
1.880000e+01 8.707819e+01 7.707819e+00 6.487968e-01
1.890000e+01 9.797461e+01 8.797461e+00 7.058719e-01
1.900000e+01 6.583857e+01 5.583857e+00 8.834979e-01
1.910000e+01 9.239359e+01 8.239359e+00 1.074711e+00
1.920000e+01 8.989690e+01 7.989690e+00 1.188035e+00
1.930000e+01 7.443117e+01 6.443117e+00 1.346200e+00
1.940000e+01 1.051032e+02 9.510322e+00 1.460200e+00
1.950000e+01 7.006631e+01 6.006631e+00 1.580641e+00
1.960000e+01 1.151212e+02 1.051212e+01 1.610832e+00
1.970000e+01 1.629268e+02 1.529268e+01 1.268075e+00
1.980000e+01 1.120642e+02 1.020642e+01 9.247211e-01
1.990000e+01 9.079548e+01 8.079548e+00 8.742939e-01
2.000000e+01 1.108184e+02 1.008184e+01 8.666620e-01
2.010000e+01 9.106304e+01 8.106304e+00 8.761707e-01
2.020000e+01 7.773526e+01 6.773526e+00 1.003429e+00
2.030000e+01 1.105545e+02 1.005545e+01 1.071590e+00
2.040000e+01 8.562440e+01 7.562440e+00 1.086851e+00
2.050000e+01 1.216465e+02 1.116465e+01 1.054272e+00
2.060000e+01 9.132522e+01 8.132522e+00 9.902682e-01
2.070000e+01 1.210745e+02 1.110745e+01 9.436481e-01
2.080000e+01 5.939783e+01 4.939783e+00 1.037234e+00
2.090000e+01 1.003610e+02 9.036096e+00 1.206588e+00
2.100000e+01 1.064083e+02 9.640830e+00 1.170847e+00
2.110000e+01 1.530064e+02 1.430064e+01 8.968610e-01
2.120000e+01 1.103002e+02 1.003002e+01 5.828146e-01
2.130000e+01 1.472335e+02 1.372335e+01 3.032856e-01
2.140000e+01 8.200885e+01 7.200885e+00 1.767032e-01
2.150000e+01 8.582319e+01 7.582319e+00 2.990890e-01
2.160000e+01 9.452702e+01 8.452702e+00 3.941251e-01
2.170000e+01 1.178421e+02 1.078421e+01 3.222716e-01
2.180000e+01 1.369655e+02 1.269655e+01 9.020931e-02
2.190000e+01 7.588513e+01 6.588513e+00 2.985061e-02
2.200000e+01 8.342563e+01 7.342563e+00 1.981366e-01
2.210000e+01 1.014717e+02 9.147168e+00 2.494477e-01
2.220000e+01 1.578029e+02 1.478029e+01 2.902522e-04
2.230000e+01 7.243325e+01 6.243325e+00 -1.132903e-01
2.240000e+01 5.728398e+01 4.728398e+00 1.655640e-01
2.250000e+01 1.113676e+02 1.013676e+01 3.383942e-01
2.260000e+01 7.624530e+01 6.624530e+00 4.117610e-01
2.270000e+01 1.048466e+02 9.484664e+00 4.881546e-01
2.280000e+01 1.034702e+02 9.347017e+00 4.545101e-01
2.290000e+01 1.235780e+02 1.135780e+01 3.067421e-01
2.300000e+01 1.372761e+02 1.272761e+01 4.466299e-02
2.310000e+01 7.201150e+01 6.201150e+00 1.970227e-03
2.320000e+01 7.695513e+01 6.695513e+00 2.197406e-01
2.330000e+01 8.586828e+01 7.586828e+00 4.214720e-01
2.340000e+01 6.580977e+01 5.580977e+00 6.609941e-01
2.350000e+01 7.715590e+01 6.715590e+00 9.311454e-01
2.360000e+01 9.101144e+01 8.101144e+00 1.081303e+00
2.370000e+01 1.237909e+02 1.137909e+01 1.010250e+00
2.380000e+01 1.266013e+02 1.166013e+01 7.938973e-01
2.390000e+01 8.233625e+01 7.233625e+00 7.579720e-01
2.400000e+01 6.796768e+01 5.796768e+00 9.710006e-01
2.410000e+01 9.329520e+01 8.329520e+00 1.174723e+00
2.420000e+01 6.641536e+01 5.641536e+00 1.370723e+00
2.430000e+01 1.029097e+02 9.290973e+00 1.506429e+00
2.440000e+01 1.138534e+02 1.038534e+01 1.429836e+00
2.450000e+01 1.313327e+02 1.213327e+01 1.242781e+00
2.460000e+01 5.944876e+01 4.944876e+00 1.284305e+00
2.470000e+01 8.917136e+01 7.917136e+00 1.499799e+00
2.480000e+01 9.562608e+01 8.562608e+00 1.611779e+00
2.490000e+01 6.365465e+01 5.365465e+00 1.797524e+00
2.500000e+01 1.005813e+02 9.058130e+00 1.957027e+00
2.510000e+01 1.166079e+02 1.066079e+01 1.864168e+00
2.520000e+01 1.627756e+02 1.527756e+01 1.509074e+00
2.530000e+01 8.881853e+01 7.881853e+00 1.268510e+00
2.540000e+01 1.017138e+02 9.171378e+00 1.267543e+00
2.550000e+01 1.181251e+02 1.081251e+01 1.198236e+00
2.560000e+01 8.173246e+01 7.173246e+00 1.185389e+00
2.570000e+01 1.231604e+02 1.131604e+01 1.144612e+00
2.580000e+01 1.151559e+02 1.051559e+01 9.900429e-01
2.590000e+01 9.154332e+01 8.154332e+00 9.230564e-01
2.600000e+01 1.377318e+02 1.277318e+01 8.073368e-01
2.610000e+01 5.926453e+01 4.926453e+00 8.192825e-01
2.620000e+01 1.105798e+02 1.005798e+01 9.428366e-01
2.630000e+01 8.386954e+01 7.386954e+00 9.933955e-01
2.640000e+01 1.002521e+02 9.025205e+00 1.046124e+00
2.650000e+01 1.182099e+02 1.082099e+01 9.714338e-01
2.660000e+01 1.056619e+02 9.566191e+00 8.543719e-01
2.670000e+01 1.125888e+02 1.025888e+01 7.628213e-01
2.680000e+01 1.053499e+02 9.534994e+00 6.588816e-01
2.690000e+01 1.375815e+02 1.275815e+01 4.615602e-01
2.700000e+01 9.563973e+01 8.563973e+00 3.076684e-01
2.710000e+01 9.922483e+01 8.922483e+00 3.310913e-01
2.720000e+01 5.944905e+01 4.944905e+00 5.375458e-01
2.730000e+01 6.957937e+01 5.957937e+00 8.622155e-01
2.740000e+01 9.459868e+01 8.459868e+00 1.030224e+00
2.750000e+01 1.281130e+02 1.181130e+01 9.475687e-01
2.760000e+01 8.746529e+01 7.746529e+00 8.831566e-01
2.770000e+01 9.165211e+01 8.165211e+00 9.633677e-01
2.780000e+01 1.011255e+02 9.112548e+00 9.891892e-01
2.790000e+01 1.291946e+02 1.191946e+01 8.540073e-01
2.800000e+01 1.013579e+02 9.135790e+00 7.238433e-01
2.810000e+01 8.000912e+01 7.000912e+00 8.149471e-01
2.820000e+01 5.652847e+01 4.652847e+00 1.100458e+00
2.830000e+01 1.109512e+02 1.009512e+01 1.227819e+00
2.840000e+01 1.550732e+02 1.450732e+01 9.476935e-01
2.850000e+01 1.124511e+02 1.024511e+01 6.199546e-01
2.860000e+01 1.225649e+02 1.125649e+01 4.528983e-01
2.870000e+01 6.662729e+01 5.662729e+00 4.878898e-01
2.880000e+01 1.201907e+02 1.101907e+01 5.274431e-01
2.890000e+01 1.152362e+02 1.052362e+01 3.883969e-01
2.900000e+01 9.277988e+01 8.277988e+00 3.589953e-01
2.910000e+01 6.137071e+01 5.137071e+00 5.650149e-01
2.920000e+01 8.931317e+01 7.931317e+00 7.978898e-01
2.930000e+01 8.823965e+01 7.823965e+00 9.187315e-01
2.940000e+01 1.025256e+02 9.252560e+00 9.583583e-01
2.950000e+01 1.107842e+02 1.007842e+01 9.016487e-01
2.960000e+01 1.050709e+02 9.507088e+00 8.325760e-01
2.970000e+01 8.891018e+01 7.891018e+00 8.651034e-01
2.980000e+01 7.939669e+01 6.939669e+00 1.009746e+00
2.990000e+01 9.229917e+01 8.229917e+00 1.145750e+00
3.000000e+01 9.683794e+01 8.683794e+00 1.200398e+00
3.010000e+01 1.098210e+02 9.982101e+00 1.168397e+00
3.020000e+01 1.094233e+02 9.942327e+00 1.083308e+00
3.030000e+01 9.775099e+01 8.775099e+00 1.057025e+00
3.040000e+01 7.658287e+01 6.658287e+00 1.167410e+00
3.050000e+01 1.117771e+02 1.017771e+01 1.178718e+00
3.060000e+01 1.802651e+02 1.702651e+01 7.700996e-01
3.070000e+01 1.143843e+02 1.043843e+01 3.175566e-01
3.080000e+01 1.315868e+02 1.215868e+01 7.287337e-02
3.090000e+01 9.234838e+01 8.234838e+00 -4.100299e-02
3.100000e+01 1.044162e+02 9.441619e+00 -4.094484e-02
3.110000e+01 9.464114e+01 8.464114e+00 -2.788977e-02
3.120000e+01 9.358797e+01 8.358797e+00 2.775712e-02
3.130000e+01 9.041956e+01 8.041956e+00 9.887483e-02
3.140000e+01 1.042716e+02 9.427160e+00 1.469868e-01
3.150000e+01 5.947687e+01 4.947687e+00 3.177298e-01
3.160000e+01 9.593639e+01 8.593639e+00 5.171843e-01
3.170000e+01 9.743258e+01 8.743258e+00 5.736984e-01
3.180000e+01 8.909812e+01 7.909812e+00 6.466342e-01
3.190000e+01 7.556154e+01 6.556154e+00 8.119533e-01
3.200000e+01 9.113318e+01 8.113318e+00 9.791171e-01
3.210000e+01 7.581219e+01 6.581219e+00 1.152796e+00
3.220000e+01 7.706646e+01 6.706646e+00 1.375238e+00
3.230000e+01 8.598010e+01 7.598010e+00 1.559677e+00
3.240000e+01 9.442839e+01 8.442839e+00 1.648403e+00
3.250000e+01 1.139844e+02 1.039844e+01 1.645296e+00
3.260000e+01 4.300703e+01 3.300703e+00 1.859941e+00
3.270000e+01 6.657278e+01 5.657278e+00 2.256762e+00
3.280000e+01 1.083230e+02 9.832297e+00 2.394295e+00
3.290000e+01 1.142212e+02 1.042212e+01 2.306058e+00
3.300000e+01 9.724311e+01 8.724311e+00 2.263272e+00
3.310000e+01 7.694958e+01 6.694958e+00 2.350821e+00
3.320000e+01 1.461530e+02 1.361530e+01 2.230953e+00
3.330000e+01 1.288724e+02 1.188724e+01 1.920061e+00
3.340000e+01 7.428689e+01 6.428689e+00 1.862145e+00
3.350000e+01 1.330677e+02 1.230677e+01 1.816587e+00
3.360000e+01 1.004484e+02 9.044836e+00 1.679471e+00
3.370000e+01 1.019491e+02 9.194909e+00 1.637248e+00
3.380000e+01 1.285666e+02 1.185666e+01 1.473679e+00
3.390000e+01 1.526254e+02 1.426254e+01 1.110336e+00
3.400000e+01 8.527347e+01 7.527347e+00 9.498612e-01
3.410000e+01 5.038369e+01 4.038369e+00 1.225034e+00
3.420000e+01 7.697071e+01 6.697071e+00 1.574088e+00
3.430000e+01 7.888182e+01 6.888182e+00 1.805594e+00
3.440000e+01 8.571957e+01 7.571957e+00 1.978831e+00
3.450000e+01 9.059655e+01 8.059655e+00 2.107680e+00
3.460000e+01 7.930866e+01 6.930866e+00 2.249028e+00
3.470000e+01 9.931061e+01 8.931061e+00 2.363418e+00
3.480000e+01 7.326486e+01 6.326486e+00 2.504963e+00
3.490000e+01 8.656758e+01 7.656758e+00 2.688056e+00
3.500000e+01 9.315778e+01 8.315778e+00 2.802062e+00
3.510000e+01 8.649498e+01 7.649498e+00 2.895256e+00
3.520000e+01 1.052641e+02 9.526407e+00 2.949129e+00
3.530000e+01 7.229560e+01 6.229560e+00 3.067417e+00
3.540000e+01 8.412280e+01 7.412280e+00 3.247131e+00
3.550000e+01 1.239568e+02 1.139568e+01 3.232614e+00
3.560000e+01 8.718877e+01 7.718877e+00 3.191086e+00
3.570000e+01 9.465589e+01 8.465589e+00 3.268428e+00
3.580000e+01 8.116377e+01 7.116377e+00 3.396720e+00
3.590000e+01 8.113269e+01 7.113269e+00 3.568102e+00
3.600000e+01 9.544960e+01 8.544960e+00 3.705825e+00
3.610000e+01 6.240809e+01 5.240809e+00 3.883928e+00
3.620000e+01 1.461250e+02 1.361250e+01 3.816050e+00
3.630000e+01 1.572449e+02 1.472449e+01 3.374022e+00
3.640000e+01 9.082144e+01 8.082144e+00 3.130578e+00
3.650000e+01 1.011745e+02 9.117447e+00 3.129464e+00
3.660000e+01 1.193497e+02 1.093497e+01 3.045770e+00
3.670000e+01 9.515818e+01 8.515818e+00 2.983862e+00
3.680000e+01 9.207712e+01 8.207712e+00 3.022652e+00
3.690000e+01 1.160752e+02 1.060752e+01 2.990592e+00
3.700000e+01 1.009433e+02 9.094327e+00 2.900152e+00
3.710000e+01 1.352912e+02 1.252912e+01 2.715955e+00
3.720000e+01 1.208609e+02 1.108609e+01 2.465213e+00
3.730000e+01 9.785420e+01 8.785420e+00 2.357049e+00
3.740000e+01 1.053751e+02 9.537513e+00 2.342710e+00
3.750000e+01 8.774303e+01 7.774303e+00 2.355751e+00
3.760000e+01 1.366332e+02 1.266332e+01 2.240055e+00
3.770000e+01 1.079984e+02 9.799840e+00 2.032723e+00
3.780000e+01 1.227344e+02 1.127344e+01 1.877839e+00
3.790000e+01 9.289032e+01 8.289032e+00 1.800104e+00
3.800000e+01 1.123863e+02 1.023863e+01 1.752098e+00
3.810000e+01 1.235186e+02 1.135186e+01 1.592402e+00
3.820000e+01 1.009405e+02 9.094054e+00 1.495549e+00
3.830000e+01 6.090323e+01 5.090323e+00 1.652956e+00
3.840000e+01 1.078445e+02 9.784446e+00 1.784812e+00
3.850000e+01 1.226958e+02 1.126958e+01 1.645088e+00
3.860000e+01 1.443308e+02 1.343308e+01 1.329599e+00
3.870000e+01 1.073439e+02 9.734393e+00 1.110148e+00
3.880000e+01 4.976705e+01 3.976705e+00 1.295285e+00
3.890000e+01 7.746397e+01 6.746397e+00 1.604699e+00
3.900000e+01 1.320617e+02 1.220617e+01 1.591258e+00
3.910000e+01 9.696159e+01 8.696159e+00 1.454820e+00
3.920000e+01 1.289789e+02 1.189789e+01 1.314643e+00
3.930000e+01 1.066186e+02 9.661863e+00 1.176387e+00
3.940000e+01 6.178683e+01 5.178683e+00 1.317192e+00
3.950000e+01 7.332450e+01 6.332450e+00 1.604850e+00
3.960000e+01 1.086309e+02 9.863088e+00 1.701520e+00
3.970000e+01 1.081568e+02 9.815679e+00 1.641780e+00
3.980000e+01 9.257373e+01 8.257373e+00 1.634062e+00
3.990000e+01 9.600187e+01 8.600187e+00 1.691452e+00
4.000000e+01 8.091782e+01 7.091782e+00 1.806077e+00
4.010000e+01 8.909604e+01 7.909604e+00 1.940236e+00
4.020000e+01 1.054978e+02 9.549782e+00 1.968819e+00
4.030000e+01 1.168738e+02 1.068738e+01 1.844828e+00
4.040000e+01 1.529852e+02 1.429852e+01 1.522473e+00
4.050000e+01 1.047819e+02 9.478186e+00 1.262781e+00
4.060000e+01 8.259609e+01 7.259609e+00 1.288979e+00
4.070000e+01 1.054991e+02 9.549907e+00 1.350931e+00
4.080000e+01 8.195347e+01 7.195347e+00 1.431383e+00
4.090000e+01 7.213322e+01 6.213322e+00 1.635452e+00
4.100000e+01 9.686886e+01 8.686886e+00 1.791736e+00
4.110000e+01 9.174001e+01 8.174001e+00 1.842520e+00
4.120000e+01 1.272794e+02 1.172794e+01 1.747701e+00
4.130000e+01 1.239528e+02 1.139528e+01 1.492798e+00
4.140000e+01 1.505754e+02 1.405754e+01 1.156636e+00
4.150000e+01 6.490324e+01 5.490324e+00 1.104339e+00
4.160000e+01 4.683007e+01 3.683007e+00 1.473509e+00
4.170000e+01 1.085663e+02 9.856629e+00 1.686110e+00
4.180000e+01 1.179822e+02 1.079822e+01 1.596408e+00
4.190000e+01 9.386919e+01 8.386919e+00 1.523376e+00
4.200000e+01 1.214451e+02 1.114451e+01 1.461080e+00
4.210000e+01 6.731851e+01 5.731851e+00 1.529704e+00
4.220000e+01 7.821776e+01 6.821776e+00 1.744977e+00
4.230000e+01 1.345619e+02 1.245619e+01 1.708154e+00
4.240000e+01 9.430901e+01 8.430901e+00 1.599454e+00
4.250000e+01 7.427482e+01 6.427482e+00 1.732442e+00
4.260000e+01 7.983944e+01 6.983944e+00 1.953616e+00
4.270000e+01 8.096966e+01 7.096966e+00 2.152246e+00
4.280000e+01 8.567062e+01 7.567062e+00 2.302849e+00
4.290000e+01 1.158442e+02 1.058442e+01 2.314349e+00
4.300000e+01 8.340088e+01 7.340088e+00 2.320027e+00
4.310000e+01 1.109145e+02 1.009145e+01 2.325031e+00
4.320000e+01 1.225239e+02 1.125239e+01 2.175780e+00
4.330000e+01 1.199471e+02 1.099471e+01 1.957569e+00
4.340000e+01 1.361402e+02 1.261402e+01 1.691816e+00
4.350000e+01 1.032386e+02 9.323863e+00 1.506268e+00
4.360000e+01 9.577557e+01 8.577557e+00 1.489319e+00
4.370000e+01 1.117177e+02 1.017177e+01 1.429733e+00
4.380000e+01 1.491399e+02 1.391399e+01 1.147740e+00
4.390000e+01 1.248942e+02 1.148942e+01 7.695886e-01
4.400000e+01 1.720227e+02 1.620227e+01 3.033227e-01
4.410000e+01 1.015007e+02 9.150067e+00 -1.864444e-02
4.420000e+01 6.107038e+01 5.107038e+00 1.214674e-01
4.430000e+01 7.759069e+01 6.759069e+00 4.277748e-01
4.440000e+01 5.125655e+01 4.125655e+00 7.703838e-01
4.450000e+01 9.663752e+01 8.663752e+00 1.015951e+00
4.460000e+01 9.801818e+01 8.801818e+00 1.070766e+00
4.470000e+01 9.120719e+01 8.120719e+00 1.111860e+00
4.480000e+01 1.114951e+02 1.014951e+01 1.102720e+00
4.490000e+01 1.002008e+02 9.020077e+00 1.041511e+00
4.500000e+01 1.230227e+02 1.130227e+01 9.372499e-01
4.510000e+01 8.409102e+01 7.409102e+00 9.114465e-01
4.520000e+01 9.582328e+01 8.582328e+00 9.615961e-01
4.530000e+01 1.531969e+02 1.431969e+01 7.404598e-01
4.540000e+01 1.240216e+02 1.140216e+01 3.719208e-01
4.550000e+01 1.342754e+02 1.242754e+01 1.012750e-01
4.560000e+01 6.038558e+01 5.038558e+00 1.191890e-01
4.570000e+01 9.464994e+01 8.464994e+00 2.982639e-01
4.580000e+01 1.131962e+02 1.031962e+01 2.743290e-01
4.590000e+01 1.260645e+02 1.160645e+01 7.909311e-02
4.600000e+01 1.326875e+02 1.226875e+01 -1.918124e-01
4.610000e+01 1.003770e+02 9.037701e+00 -3.634010e-01
4.620000e+01 1.186696e+02 1.086696e+01 -4.730592e-01
4.630000e+01 1.121653e+02 1.021653e+01 -5.986252e-01
4.640000e+01 7.513254e+01 6.513254e+00 -5.394708e-01
4.650000e+01 7.245974e+01 6.245974e+00 -2.858643e-01
4.660000e+01 5.885380e+01 4.885380e+00 3.150752e-02
4.670000e+01 1.158134e+02 1.058134e+01 1.438963e-01
4.680000e+01 1.256889e+02 1.156889e+01 -1.389593e-02
4.690000e+01 8.557233e+01 7.557233e+00 -8.324901e-02
4.700000e+01 1.144429e+02 1.044429e+01 -9.957412e-02
4.710000e+01 1.127587e+02 1.027587e+01 -2.342473e-01
4.720000e+01 1.372139e+02 1.272139e+01 -4.616105e-01
4.730000e+01 8.484442e+01 7.484442e+00 -5.564493e-01
4.740000e+01 7.950625e+01 6.950625e+00 -4.116810e-01
4.750000e+01 9.611246e+01 8.611246e+00 -3.014211e-01
4.760000e+01 1.180457e+02 1.080457e+01 -3.516812e-01
4.770000e+01 9.306586e+01 8.306586e+00 -4.096124e-01
4.780000e+01 1.191041e+02 1.091041e+01 -4.758931e-01
4.790000e+01 9.627357e+01 8.627357e+00 -5.146006e-01
4.800000e+01 5.645555e+01 4.645555e+00 -3.353674e-01
4.810000e+01 1.453811e+02 1.353811e+01 -3.506073e-01
4.820000e+01 1.202466e+02 1.102466e+01 -6.267194e-01
4.830000e+01 1.031838e+02 9.318382e+00 -7.509347e-01
4.840000e+01 8.199827e+01 7.199827e+00 -6.806386e-01
4.850000e+01 8.042880e+01 7.042880e+00 -5.111418e-01
4.860000e+01 9.497846e+01 8.497846e+00 -3.843755e-01
4.870000e+01 9.248183e+01 8.248183e+00 -3.298875e-01
4.880000e+01 1.174426e+02 1.074426e+01 -3.565937e-01
4.890000e+01 6.975711e+01 5.975711e+00 -2.955768e-01
4.900000e+01 1.026532e+02 9.265322e+00 -1.904968e-01
4.910000e+01 1.211494e+02 1.111494e+01 -2.924429e-01
4.920000e+01 1.207437e+02 1.107437e+01 -4.790881e-01
4.930000e+01 8.921189e+01 7.921189e+00 -5.389555e-01
4.940000e+01 1.090111e+02 9.901110e+00 -5.401942e-01
4.950000e+01 9.522007e+01 8.522007e+00 -5.387319e-01
4.960000e+01 7.467804e+01 6.467804e+00 -4.096247e-01
4.970000e+01 1.003853e+02 9.038530e+00 -2.834595e-01
4.980000e+01 7.695877e+01 6.695877e+00 -1.497479e-01
4.990000e+01 6.514739e+01 5.514739e+00 1.117741e-01
5.000000e+01 9.601610e+01 8.601610e+00 3.021660e-01
5.010000e+01 9.595003e+01 8.595003e+00 3.574167e-01
5.020000e+01 9.321836e+01 8.321836e+00 4.181950e-01
5.030000e+01 8.075367e+01 7.075367e+00 5.313475e-01
5.040000e+01 1.096314e+02 9.963145e+00 5.930142e-01
5.050000e+01 6.916887e+01 5.916887e+00 7.150184e-01
5.060000e+01 6.592529e+01 5.592529e+00 1.016339e+00
5.070000e+01 7.389561e+01 6.389561e+00 1.300716e+00
5.080000e+01 1.082682e+02 9.826819e+00 1.399929e+00
5.090000e+01 9.404035e+01 8.404035e+00 1.406946e+00
5.100000e+01 9.050759e+01 8.050759e+00 1.468579e+00
5.110000e+01 1.081983e+02 9.819829e+00 1.464505e+00
5.120000e+01 1.246923e+02 1.146923e+01 1.320911e+00
5.130000e+01 1.055034e+02 9.550339e+00 1.152668e+00
5.140000e+01 1.491235e+02 1.391235e+01 8.995407e-01
5.150000e+01 9.084413e+01 8.084413e+00 7.080859e-01
5.160000e+01 1.164651e+02 1.064651e+01 6.578822e-01
5.170000e+01 7.862924e+01 6.862924e+00 7.107622e-01
5.180000e+01 5.385424e+01 4.385424e+00 1.022344e+00
5.190000e+01 6.788779e+01 5.788779e+00 1.386462e+00
5.200000e+01 1.061505e+02 9.615052e+00 1.517407e+00
5.210000e+01 1.167492e+02 1.067492e+01 1.430073e+00
5.220000e+01 9.750301e+01 8.750301e+00 1.356856e+00
5.230000e+01 1.156375e+02 1.056375e+01 1.251969e+00
5.240000e+01 1.710080e+02 1.610080e+01 8.623516e-01
5.250000e+01 9.751800e+01 8.751800e+00 5.583040e-01
5.260000e+01 7.565747e+01 6.565747e+00 6.346823e-01
5.270000e+01 1.143541e+02 1.043541e+01 6.858893e-01
5.280000e+01 1.001785e+02 9.017849e+00 6.232965e-01
5.290000e+01 1.179665e+02 1.079665e+01 5.238758e-01
5.300000e+01 1.183445e+02 1.083445e+01 3.455262e-01
5.310000e+01 1.363016e+02 1.263016e+01 5.981751e-02
5.320000e+01 1.505769e+02 1.405769e+01 -3.282421e-01
5.330000e+01 8.124439e+01 7.124439e+00 -5.118023e-01
5.340000e+01 1.380205e+02 1.280205e+01 -6.136128e-01
5.350000e+01 7.947366e+01 6.947366e+00 -6.773353e-01
5.360000e+01 1.003063e+02 9.030625e+00 -6.335908e-01
5.370000e+01 1.484989e+02 1.384989e+01 -8.438446e-01
5.380000e+01 1.047386e+02 9.473862e+00 -1.069267e+00
5.390000e+01 6.238971e+01 5.238971e+00 -9.251594e-01
5.400000e+01 6.326959e+01 5.326959e+00 -6.015219e-01
5.410000e+01 1.265063e+02 1.165063e+01 -5.560974e-01
5.420000e+01 1.405320e+02 1.305320e+01 -8.535297e-01
5.430000e+01 1.250533e+02 1.150533e+01 -1.175776e+00
5.440000e+01 1.194113e+02 1.094113e+01 -1.394233e+00
5.450000e+01 9.565121e+01 8.565121e+00 -1.472328e+00
5.460000e+01 9.938299e+01 8.938299e+00 -1.464400e+00
5.470000e+01 1.057368e+02 9.573684e+00 -1.467906e+00
5.480000e+01 7.009459e+01 6.009459e+00 -1.358355e+00
5.490000e+01 9.498703e+01 8.498703e+00 -1.188210e+00
5.500000e+01 7.293844e+01 6.293844e+00 -1.035088e+00
5.510000e+01 1.138995e+02 1.038995e+01 -9.663856e-01
5.520000e+01 7.960218e+01 6.960218e+00 -9.038192e-01
5.530000e+01 6.667232e+01 5.667232e+00 -6.750817e-01
5.540000e+01 1.074724e+02 9.747242e+00 -5.414962e-01
5.550000e+01 9.126721e+01 8.126721e+00 -5.187001e-01
5.560000e+01 9.884480e+01 8.884480e+00 -4.832149e-01
5.570000e+01 1.051526e+02 9.515260e+00 -4.836732e-01
5.580000e+01 7.378395e+01 6.378395e+00 -3.737789e-01
5.590000e+01 7.277367e+01 6.277367e+00 -1.369187e-01
5.600000e+01 1.009969e+02 9.099692e+00 8.126222e-03
5.610000e+01 7.589253e+01 6.589253e+00 1.278429e-01
5.620000e+01 9.582950e+01 8.582950e+00 2.566183e-01
5.630000e+01 8.897821e+01 7.897821e+00 3.631085e-01
5.640000e+01 5.547253e+01 4.547253e+00 6.063376e-01
5.650000e+01 1.163971e+02 1.063971e+01 7.321684e-01
5.660000e+01 1.158435e+02 1.058435e+01 6.006947e-01
5.670000e+01 1.142513e+02 1.042513e+01 4.701758e-01
5.680000e+01 6.469082e+01 5.469082e+00 5.673123e-01
5.690000e+01 9.443412e+01 8.443412e+00 6.973322e-01
5.700000e+01 1.868620e+02 1.768620e+01 3.571542e-01
5.710000e+01 8.616933e+01 7.616933e+00 3.082263e-02
5.720000e+01 9.472440e+01 8.472440e+00 7.104181e-02
5.730000e+01 9.858452e+01 8.858452e+00 1.249524e-01
5.740000e+01 7.531049e+01 6.531049e+00 2.610678e-01
5.750000e+01 6.599761e+01 5.599761e+00 5.304898e-01
5.760000e+01 9.273188e+01 8.273188e+00 7.367897e-01
5.770000e+01 8.661813e+01 7.661813e+00 8.436776e-01
5.780000e+01 1.078997e+02 9.789966e+00 8.639017e-01
5.790000e+01 1.108262e+02 1.008262e+01 7.892892e-01
5.800000e+01 1.004200e+02 9.041998e+00 7.055121e-01
5.810000e+01 1.556688e+02 1.456688e+01 4.308066e-01
5.820000e+01 1.323911e+02 1.223911e+01 2.245898e-02
5.830000e+01 1.244580e+02 1.144580e+01 -2.764537e-01
5.840000e+01 1.176249e+02 1.076249e+01 -4.546895e-01
5.850000e+01 5.302644e+01 4.302644e+00 -3.404580e-01
5.860000e+01 1.146949e+02 1.046949e+01 -2.200863e-01
5.870000e+01 1.346461e+02 1.246461e+01 -4.252399e-01
5.880000e+01 1.124908e+02 1.024908e+01 -6.348685e-01
5.890000e+01 7.309355e+01 6.309355e+00 -5.897009e-01
5.900000e+01 1.122420e+02 1.022420e+01 -5.579077e-01
5.910000e+01 1.571861e+02 1.471861e+01 -8.692964e-01
5.920000e+01 1.245930e+02 1.145930e+01 -1.249035e+00
5.930000e+01 1.038697e+02 9.386968e+00 -1.407141e+00
5.940000e+01 1.015705e+02 9.157053e+00 -1.442185e+00
5.950000e+01 9.789209e+01 8.789209e+00 -1.427879e+00
5.960000e+01 7.449254e+01 6.449254e+00 -1.300465e+00
5.970000e+01 9.312004e+01 8.312004e+00 -1.151798e+00
5.980000e+01 9.738583e+01 8.738583e+00 -1.092442e+00
5.990000e+01 9.277278e+01 8.277278e+00 -1.039957e+00
6.000000e+01 8.976431e+01 7.976431e+00 -9.631878e-01
6.010000e+01 1.070462e+02 9.704619e+00 -9.505535e-01
6.020000e+01 1.130168e+02 1.030168e+01 -1.048290e+00
6.030000e+01 1.233431e+02 1.133431e+01 -1.224476e+00
6.040000e+01 1.205157e+02 1.105157e+01 -1.455523e+00
6.050000e+01 1.503726e+02 1.403726e+01 -1.793526e+00
6.060000e+01 1.160224e+02 1.060224e+01 -2.124891e+00
6.070000e+01 1.439202e+02 1.339202e+01 -2.440288e+00
6.080000e+01 1.416155e+02 1.316155e+01 -2.861374e+00
6.090000e+01 1.548356e+02 1.448356e+01 -3.320047e+00
6.100000e+01 9.969866e+01 8.969866e+00 -3.583717e+00
6.110000e+01 9.390322e+01 8.390322e+00 -3.567137e+00
6.120000e+01 6.723659e+01 5.723659e+00 -3.370460e+00
6.130000e+01 6.700427e+01 5.700427e+00 -3.077720e+00
6.140000e+01 1.152394e+02 1.052394e+01 -2.994324e+00
6.150000e+01 1.256813e+02 1.156813e+01 -3.158100e+00
6.160000e+01 8.984206e+01 7.984206e+00 -3.239675e+00
6.170000e+01 1.053975e+02 9.539751e+00 -3.241027e+00
6.180000e+01 1.246059e+02 1.146059e+01 -3.400301e+00
6.190000e+01 1.634108e+02 1.534108e+01 -3.824533e+00
6.200000e+01 1.369674e+02 1.269674e+01 -4.263168e+00
6.210000e+01 5.031686e+01 4.031686e+00 -4.243493e+00
6.220000e+01 1.121583e+02 1.021583e+01 -4.104275e+00
6.230000e+01 1.285071e+02 1.185071e+01 -4.269434e+00
6.240000e+01 1.170442e+02 1.070442e+01 -4.484475e+00
6.250000e+01 1.006261e+02 9.062607e+00 -4.583770e+00
6.260000e+01 1.096831e+02 9.968306e+00 -4.626659e+00
6.270000e+01 7.565362e+01 6.565362e+00 -4.552622e+00
6.280000e+01 8.911222e+01 7.911222e+00 -4.406821e+00
6.290000e+01 1.108340e+02 1.008340e+01 -4.382182e+00
6.300000e+01 8.681903e+01 7.681903e+00 -4.397725e+00
6.310000e+01 1.566895e+02 1.466895e+01 -4.602795e+00
6.320000e+01 1.063989e+02 9.639888e+00 -4.884244e+00
6.330000e+01 1.080909e+02 9.809090e+00 -4.985545e+00
6.340000e+01 1.137349e+02 1.037349e+01 -5.107876e+00
6.350000e+01 1.462323e+02 1.362323e+01 -5.387381e+00
6.360000e+01 1.080090e+02 9.800899e+00 -5.649028e+00
6.370000e+01 1.231018e+02 1.131018e+01 -5.826417e+00
6.380000e+01 1.207330e+02 1.107330e+01 -6.013954e+00
6.390000e+01 7.858435e+01 6.858435e+00 -6.022594e+00
6.400000e+01 9.540288e+01 8.540288e+00 -5.906657e+00
6.410000e+01 8.814399e+01 7.814399e+00 -5.831649e+00
6.420000e+01 1.227308e+02 1.127308e+01 -5.899462e+00
6.430000e+01 1.505709e+02 1.405709e+01 -6.284952e+00
6.440000e+01 2.141152e+02 2.041152e+01 -7.043600e+00
6.450000e+01 1.079161e+02 9.791610e+00 -7.639849e+00
6.460000e+01 1.402048e+02 1.302048e+01 -7.922625e+00
6.470000e+01 1.077713e+02 9.777131e+00 -8.110234e+00
6.480000e+01 4.829315e+01 3.829315e+00 -7.926238e+00
6.490000e+01 8.221671e+01 7.221671e+00 -7.604259e+00
6.500000e+01 8.044504e+01 7.044504e+00 -7.398649e+00
6.510000e+01 8.181155e+01 7.181155e+00 -7.225468e+00
6.520000e+01 1.082969e+02 9.829692e+00 -7.179485e+00
6.530000e+01 1.208991e+02 1.108991e+01 -7.323495e+00
6.540000e+01 1.396261e+02 1.296261e+01 -7.604926e+00
6.550000e+01 1.044372e+02 9.443719e+00 -7.806719e+00
6.560000e+01 8.401047e+01 7.401047e+00 -7.770121e+00
6.570000e+01 9.642627e+01 8.642627e+00 -7.708207e+00
6.580000e+01 1.527134e+02 1.427134e+01 -7.936435e+00
6.590000e+01 1.251901e+02 1.151901e+01 -8.278314e+00
6.600000e+01 8.398337e+01 7.398337e+00 -8.347601e+00
6.610000e+01 9.748360e+01 8.748360e+00 -8.263104e+00
6.620000e+01 7.730377e+01 6.730377e+00 -8.131381e+00
6.630000e+01 8.395499e+01 7.395499e+00 -7.954706e+00
6.640000e+01 9.290040e+01 8.290040e+00 -7.816884e+00
6.650000e+01 5.893661e+01 4.893661e+00 -7.585860e+00
6.660000e+01 8.939680e+01 7.939680e+00 -7.359845e+00
6.670000e+01 1.233245e+02 1.133245e+01 -7.413381e+00
6.680000e+01 1.338829e+02 1.238829e+01 -7.669098e+00
6.690000e+01 9.789410e+01 8.789410e+00 -7.807503e+00
6.700000e+01 6.521825e+01 5.521825e+00 -7.650208e+00
6.710000e+01 8.964361e+01 7.964361e+00 -7.465019e+00
6.720000e+01 1.448323e+02 1.348323e+01 -7.623752e+00
6.730000e+01 1.394014e+02 1.294014e+01 -8.002558e+00
6.740000e+01 1.060634e+02 9.606338e+00 -8.240585e+00
6.750000e+01 1.156069e+02 1.056069e+01 -8.351607e+00
6.760000e+01 8.902255e+01 7.902255e+00 -8.367903e+00
6.770000e+01 8.867497e+01 7.867497e+00 -8.277309e+00
6.780000e+01 1.046695e+02 9.466953e+00 -8.253951e+00
6.790000e+01 1.328186e+02 1.228186e+01 -8.453510e+00
6.800000e+01 1.692866e+02 1.592866e+01 -8.936883e+00
6.810000e+01 1.422351e+02 1.322351e+01 -9.482512e+00
6.820000e+01 1.471292e+02 1.371292e+01 -9.924205e+00
6.830000e+01 1.080057e+02 9.800575e+00 -1.020382e+01
6.840000e+01 1.263518e+02 1.163518e+01 -1.040517e+01
6.850000e+01 1.463041e+02 1.363041e+01 -1.075176e+01
6.860000e+01 1.302764e+02 1.202764e+01 -1.110540e+01
6.870000e+01 8.724076e+01 7.724076e+00 -1.120173e+01
6.880000e+01 8.605416e+01 7.605416e+00 -1.107749e+01
6.890000e+01 6.507249e+01 5.507249e+00 -1.084190e+01
6.900000e+01 8.999824e+01 7.999824e+00 -1.064830e+01
6.910000e+01 1.319195e+02 1.219195e+01 -1.074286e+01
6.920000e+01 1.264225e+02 1.164225e+01 -1.100492e+01
6.930000e+01 1.024505e+02 9.245053e+00 -1.114497e+01
6.940000e+01 8.467802e+01 7.467802e+00 -1.109418e+01
6.950000e+01 9.328442e+01 8.328442e+00 -1.100351e+01
6.960000e+01 1.136776e+02 1.036776e+01 -1.101707e+01
6.970000e+01 8.231893e+01 7.231893e+00 -1.099675e+01
6.980000e+01 9.766739e+01 8.766739e+00 -1.089929e+01
6.990000e+01 7.307265e+01 6.307265e+00 -1.076061e+01
7.000000e+01 1.086852e+02 9.868524e+00 -1.068391e+01
7.010000e+01 1.089876e+02 9.898759e+00 -1.074770e+01
7.020000e+01 1.024957e+02 9.249572e+00 -1.082917e+01
7.030000e+01 1.449625e+02 1.349625e+01 -1.105421e+01
7.040000e+01 1.116324e+02 1.016324e+01 -1.129916e+01
7.050000e+01 7.556807e+01 6.556807e+00 -1.125869e+01
7.060000e+01 9.129531e+01 8.129531e+00 -1.112443e+01
7.070000e+01 1.189263e+02 1.089263e+01 -1.114730e+01
7.080000e+01 8.546731e+01 7.546731e+00 -1.118694e+01
7.090000e+01 1.439620e+02 1.339620e+01 -1.132964e+01
7.100000e+01 9.477797e+01 8.477797e+00 -1.147696e+01
7.110000e+01 6.716151e+01 5.716151e+00 -1.133715e+01
7.120000e+01 1.103846e+02 1.003846e+01 -1.121052e+01
7.130000e+01 5.965637e+01 4.965637e+00 -1.104512e+01
7.140000e+01 7.929563e+01 6.929563e+00 -1.080116e+01
7.150000e+01 1.467369e+02 1.367369e+01 -1.090457e+01
7.160000e+01 1.205327e+02 1.105327e+01 -1.121686e+01
7.170000e+01 1.272226e+02 1.172226e+01 -1.144005e+01
7.180000e+01 6.796836e+01 5.796836e+00 -1.143123e+01
7.190000e+01 1.094056e+02 9.940555e+00 -1.134488e+01
7.200000e+01 1.025883e+02 9.258832e+00 -1.137686e+01
7.210000e+01 9.353787e+01 8.353787e+00 -1.137180e+01
7.220000e+01 1.142820e+02 1.042820e+01 -1.142647e+01
7.230000e+01 1.319616e+02 1.219616e+01 -1.161357e+01
7.240000e+01 6.698446e+01 5.698446e+00 -1.162378e+01
7.250000e+01 1.110126e+02 1.010126e+01 -1.152537e+01
7.260000e+01 6.706826e+01 5.706826e+00 -1.138756e+01
7.270000e+01 6.281313e+01 5.281313e+00 -1.107201e+01
7.280000e+01 8.195820e+01 7.195820e+00 -1.078551e+01
7.290000e+01 6.531224e+01 5.531224e+00 -1.052415e+01
7.300000e+01 8.787028e+01 7.787028e+00 -1.030338e+01
7.310000e+01 9.816646e+01 8.816646e+00 -1.021969e+01
7.320000e+01 9.043568e+01 8.043568e+00 -1.014645e+01
7.330000e+01 6.811078e+01 5.811078e+00 -9.957699e+00
7.340000e+01 9.634478e+01 8.634478e+00 -9.782786e+00
7.350000e+01 8.234755e+01 7.234755e+00 -9.671507e+00
7.360000e+01 1.038367e+02 9.383674e+00 -9.611925e+00
7.370000e+01 1.018710e+02 9.187105e+00 -9.610278e+00
7.380000e+01 6.638547e+01 5.638547e+00 -9.472256e+00
7.390000e+01 1.084146e+02 9.841461e+00 -9.378677e+00
7.400000e+01 1.350667e+02 1.250667e+01 -9.546761e+00
7.410000e+01 8.003148e+01 7.003148e+00 -9.621584e+00
7.420000e+01 1.029453e+02 9.294532e+00 -9.574214e+00
7.430000e+01 1.221956e+02 1.121956e+01 -9.676390e+00
7.440000e+01 1.037844e+02 9.378443e+00 -9.804369e+00
7.450000e+01 1.129514e+02 1.029514e+01 -9.884571e+00
7.460000e+01 8.528720e+01 7.528720e+00 -9.865799e+00
7.470000e+01 7.803031e+01 6.803031e+00 -9.706781e+00
7.480000e+01 9.960817e+01 8.960817e+00 -9.602257e+00
7.490000e+01 1.124082e+02 1.024082e+01 -9.655723e+00
7.500000e+01 1.164832e+02 1.064832e+01 -9.784033e+00
7.510000e+01 9.928135e+01 8.928135e+00 -9.880461e+00
7.520000e+01 1.341115e+02 1.241115e+01 -1.003811e+01
7.530000e+01 1.016508e+02 9.165077e+00 -1.021502e+01
7.540000e+01 1.304058e+02 1.204058e+01 -1.037380e+01
7.550000e+01 8.993798e+01 7.993798e+00 -1.045477e+01
7.560000e+01 8.181032e+01 7.181032e+00 -1.034724e+01
7.570000e+01 1.107047e+02 1.007047e+01 -1.032516e+01
7.580000e+01 1.332967e+02 1.232967e+01 -1.050249e+01
7.590000e+01 7.470194e+01 6.470194e+00 -1.053732e+01
7.600000e+01 8.284707e+01 7.284707e+00 -1.035025e+01
7.610000e+01 7.683394e+01 6.683394e+00 -1.014870e+01
7.620000e+01 8.651235e+01 7.651235e+00 -9.947687e+00
7.630000e+01 4.366162e+01 3.366162e+00 -9.606973e+00
7.640000e+01 7.448561e+01 6.448561e+00 -9.230884e+00
7.650000e+01 9.967579e+01 8.967579e+00 -9.090883e+00
7.660000e+01 1.123622e+02 1.023622e+01 -9.134976e+00
7.670000e+01 9.752830e+01 8.752830e+00 -9.167769e+00
7.680000e+01 7.506694e+01 6.506694e+00 -9.041458e+00
7.690000e+01 8.374446e+01 7.374446e+00 -8.857926e+00
7.700000e+01 1.088434e+02 9.884339e+00 -8.815016e+00
7.710000e+01 1.083054e+02 9.830536e+00 -8.891590e+00
7.720000e+01 1.093504e+02 9.935036e+00 -8.961920e+00
7.730000e+01 6.984963e+01 5.984963e+00 -8.858566e+00
7.740000e+01 7.342870e+01 6.342870e+00 -8.595845e+00
7.750000e+01 7.575298e+01 6.575298e+00 -8.336799e+00
7.760000e+01 7.671054e+01 6.671054e+00 -8.117538e+00
7.770000e+01 1.162867e+02 1.062867e+01 -8.080711e+00
7.780000e+01 1.086066e+02 9.860663e+00 -8.164184e+00
7.790000e+01 6.732250e+01 5.732250e+00 -8.068229e+00
7.800000e+01 1.066702e+02 9.667018e+00 -7.961586e+00
7.810000e+01 1.157693e+02 1.057693e+01 -8.049935e+00
7.820000e+01 1.048418e+02 9.484177e+00 -8.130668e+00
7.830000e+01 6.562728e+01 5.562728e+00 -8.000418e+00
7.840000e+01 9.100297e+01 8.100297e+00 -7.799802e+00
7.850000e+01 8.419675e+01 7.419675e+00 -7.654126e+00
7.860000e+01 6.963360e+01 5.963360e+00 -7.431752e+00
7.870000e+01 7.514733e+01 6.514733e+00 -7.151774e+00
7.880000e+01 5.161032e+01 4.161032e+00 -6.771078e+00
7.890000e+01 3.098508e+01 2.098508e+00 -6.211302e+00
7.900000e+01 6.422669e+01 5.422669e+00 -5.703059e+00
7.910000e+01 7.876870e+01 6.876870e+00 -5.402147e+00
7.920000e+01 8.045963e+01 7.045963e+00 -5.195257e+00
7.930000e+01 8.788352e+01 7.788352e+00 -5.046852e+00
7.940000e+01 1.063139e+02 9.631393e+00 -4.997919e+00
7.950000e+01 7.220525e+01 6.220525e+00 -4.883644e+00
7.960000e+01 8.001108e+01 7.001108e+00 -4.683931e+00
7.970000e+01 1.252701e+02 1.152701e+01 -4.699706e+00
7.980000e+01 1.088181e+02 9.881808e+00 -4.821832e+00
7.990000e+01 5.551756e+01 4.551756e+00 -4.665420e+00
8.000000e+01 7.844920e+01 6.844920e+00 -4.351263e+00
8.010000e+01 6.150353e+01 5.150353e+00 -4.040870e+00
8.020000e+01 6.723012e+01 5.723012e+00 -3.690056e+00
8.030000e+01 5.822085e+01 4.822085e+00 -3.317509e+00
8.040000e+01 7.122419e+01 6.122419e+00 -2.987967e+00
8.050000e+01 1.061829e+02 9.618289e+00 -2.853064e+00
8.060000e+01 7.257671e+01 6.257671e+00 -2.722404e+00
8.070000e+01 6.130966e+01 5.130966e+00 -2.435303e+00
8.080000e+01 1.101936e+02 1.001936e+01 -2.273889e+00
8.090000e+01 6.236925e+01 5.236925e+00 -2.108953e+00
8.100000e+01 5.874992e+01 4.874992e+00 -1.765835e+00
8.110000e+01 1.144135e+02 1.044135e+01 -1.639924e+00
8.120000e+01 1.296545e+02 1.196545e+01 -1.810276e+00
8.130000e+01 7.883281e+01 6.883281e+00 -1.841526e+00
8.140000e+01 6.869028e+01 5.869028e+00 -1.611485e+00
8.150000e+01 8.028968e+01 7.028968e+00 -1.343698e+00
8.160000e+01 5.294509e+01 4.294509e+00 -1.022915e+00
8.170000e+01 9.073217e+01 8.073217e+00 -7.536471e-01
8.180000e+01 8.815803e+01 7.815803e+00 -6.335296e-01
8.190000e+01 1.033254e+02 9.332536e+00 -6.159675e-01
8.200000e+01 1.474392e+02 1.374392e+01 -8.588732e-01
8.210000e+01 1.386541e+02 1.286541e+01 -1.247593e+00
8.220000e+01 8.917959e+01 7.917959e+00 -1.371011e+00
8.230000e+01 4.943903e+01 3.943903e+00 -1.113764e+00
8.240000e+01 1.054800e+02 9.548003e+00 -9.099028e-01
8.250000e+01 1.114768e+02 1.014768e+01 -9.514795e-01
8.260000e+01 8.140855e+01 7.140855e+00 -9.190982e-01
8.270000e+01 9.102641e+01 8.102641e+00 -8.122475e-01
8.280000e+01 1.254259e+02 1.154259e+01 -8.797674e-01
8.290000e+01 1.013510e+02 9.135099e+00 -9.713309e-01
8.300000e+01 4.845522e+01 3.845522e+00 -7.418878e-01
8.310000e+01 6.873530e+01 5.873530e+00 -3.702624e-01
8.320000e+01 1.091799e+02 9.917994e+00 -2.567091e-01
8.330000e+01 1.225578e+02 1.125578e+01 -3.731587e-01
8.340000e+01 7.113232e+01 6.113232e+00 -3.284224e-01
8.350000e+01 5.565414e+01 4.565414e+00 4.452437e-03
8.360000e+01 7.199249e+01 6.199249e+00 3.656941e-01
8.370000e+01 6.040452e+01 5.040452e+00 7.144572e-01
8.380000e+01 6.283574e+01 5.283574e+00 1.057052e+00
8.390000e+01 1.300865e+02 1.200865e+01 1.115753e+00
8.400000e+01 8.519993e+01 7.519993e+00 1.079477e+00
8.410000e+01 6.727116e+01 5.727116e+00 1.292205e+00
8.420000e+01 7.528298e+01 6.528298e+00 1.538286e+00
8.430000e+01 1.452528e+02 1.352528e+01 1.454040e+00
8.440000e+01 1.145507e+02 1.045507e+01 1.196467e+00
8.450000e+01 9.344846e+01 8.344846e+00 1.163689e+00
8.460000e+01 4.060847e+01 3.060847e+00 1.487956e+00
8.470000e+01 3.617467e+01 2.617467e+00 2.070976e+00
8.480000e+01 5.775060e+01 4.775060e+00 2.576038e+00
8.490000e+01 1.074924e+02 9.749237e+00 2.775004e+00
8.500000e+01 7.723911e+01 6.723911e+00 2.868984e+00
8.510000e+01 8.861436e+01 7.861436e+00 3.025406e+00
8.520000e+01 8.221003e+01 7.221003e+00 3.188222e+00
8.530000e+01 5.853711e+01 4.853711e+00 3.498495e+00
8.540000e+01 2.531980e+01 1.531980e+00 4.045613e+00
8.550000e+01 7.225530e+01 6.225530e+00 4.542631e+00
8.560000e+01 7.442095e+01 6.442095e+00 4.815935e+00
8.570000e+01 1.136223e+02 1.036223e+01 4.867097e+00
8.580000e+01 1.217246e+02 1.117246e+01 4.732978e+00
8.590000e+01 8.087517e+01 7.087517e+00 4.697282e+00
8.600000e+01 1.263830e+02 1.163830e+01 4.662053e+00
8.610000e+01 8.594404e+01 7.594404e+00 4.614651e+00
8.620000e+01 1.066907e+02 9.669070e+00 4.625265e+00
8.630000e+01 1.138571e+02 1.038571e+01 4.540600e+00
8.640000e+01 1.018766e+02 9.187658e+00 4.469766e+00
8.650000e+01 8.951063e+01 7.951063e+00 4.501044e+00
8.660000e+01 1.057156e+02 9.571559e+00 4.506502e+00
8.670000e+01 1.288770e+02 1.188770e+01 4.359185e+00
8.680000e+01 9.141783e+01 8.141783e+00 4.274311e+00
8.690000e+01 8.312287e+01 7.312287e+00 4.356262e+00
8.700000e+01 1.397744e+02 1.297744e+01 4.233098e+00
8.710000e+01 1.487283e+02 1.387283e+01 3.839190e+00
8.720000e+01 1.061892e+02 9.618921e+00 3.562548e+00
8.730000e+01 1.114335e+02 1.014335e+01 3.467328e+00
8.740000e+01 8.275331e+01 7.275331e+00 3.508014e+00
8.750000e+01 6.803423e+01 5.803423e+00 3.738930e+00
8.760000e+01 6.824222e+01 5.824222e+00 4.058782e+00
8.770000e+01 5.193014e+01 4.193014e+00 4.465205e+00
8.780000e+01 4.271071e+01 3.271071e+00 4.959100e+00
8.790000e+01 9.443318e+01 8.443318e+00 5.266116e+00
8.800000e+01 1.036524e+02 9.365236e+00 5.294775e+00
8.810000e+01 1.129296e+02 1.029296e+01 5.233069e+00
8.820000e+01 7.227532e+01 6.227532e+00 5.312891e+00
8.830000e+01 7.314859e+01 6.314859e+00 5.553841e+00
8.840000e+01 9.417875e+01 8.417875e+00 5.732081e+00
8.850000e+01 7.013344e+01 6.013344e+00 5.913004e+00
8.860000e+01 8.611017e+01 7.611017e+00 6.113127e+00
8.870000e+01 9.696235e+01 8.696235e+00 6.217529e+00
8.880000e+01 7.535327e+01 6.535327e+00 6.353233e+00
8.890000e+01 9.419962e+01 8.419962e+00 6.472824e+00
8.900000e+01 1.380898e+02 1.280898e+01 6.331147e+00
8.910000e+01 1.144908e+02 1.044908e+01 6.110419e+00
8.920000e+01 6.669039e+01 5.669039e+00 6.198879e+00
8.930000e+01 5.476614e+01 4.476614e+00 6.552395e+00
8.940000e+01 9.190309e+01 8.190309e+00 6.806552e+00
8.950000e+01 1.124159e+02 1.024159e+01 6.795472e+00
8.960000e+01 1.209593e+02 1.109593e+01 6.671590e+00
8.970000e+01 4.936243e+01 3.936243e+00 6.822806e+00
8.980000e+01 5.072264e+01 4.072264e+00 7.291241e+00
8.990000e+01 4.190720e+01 3.190720e+00 7.828011e+00
9.000000e+01 5.796876e+01 4.796876e+00 8.291905e+00
9.010000e+01 1.189942e+02 1.089942e+01 8.432288e+00
9.020000e+01 8.528721e+01 7.528721e+00 8.436856e+00
9.030000e+01 9.126733e+01 8.126733e+00 8.534142e+00
9.040000e+01 9.143507e+01 8.143507e+00 8.629929e+00
9.050000e+01 8.783892e+01 7.783892e+00 8.712778e+00
9.060000e+01 1.254567e+02 1.154567e+01 8.659118e+00
9.070000e+01 9.777172e+01 8.777172e+00 8.552793e+00
9.080000e+01 1.166801e+02 1.066801e+01 8.457913e+00
9.090000e+01 1.312044e+02 1.212044e+01 8.235608e+00
9.100000e+01 1.161535e+02 1.061535e+01 8.015856e+00
9.110000e+01 9.240479e+01 8.240479e+00 7.970028e+00
9.120000e+01 8.006246e+01 7.006246e+00 8.104949e+00
9.130000e+01 7.093830e+01 6.093830e+00 8.313246e+00
9.140000e+01 1.288788e+02 1.188788e+01 8.352588e+00
9.150000e+01 3.633320e+01 2.633320e+00 8.569031e+00
9.160000e+01 1.629275e+01 6.292748e-01 9.220089e+00
9.170000e+01 9.266043e+01 8.266043e+00 9.670636e+00
9.180000e+01 9.905037e+01 8.905037e+00 9.731700e+00
9.190000e+01 1.251540e+02 1.151540e+01 9.642883e+00
9.200000e+01 6.428146e+01 5.428146e+00 9.688016e+00
9.210000e+01 1.031694e+02 9.316945e+00 9.829814e+00
9.220000e+01 8.997000e+01 7.997000e+00 9.858509e+00
9.230000e+01 1.405077e+02 1.305077e+01 9.724040e+00
9.240000e+01 8.845246e+01 7.845246e+00 9.593585e+00
9.250000e+01 1.067289e+02 9.672888e+00 9.610313e+00
9.260000e+01 7.055971e+01 6.055971e+00 9.709377e+00
9.270000e+01 1.198518e+02 1.098518e+01 9.760036e+00
9.280000e+01 8.090927e+01 7.090927e+00 9.751456e+00
9.290000e+01 1.421680e+02 1.321680e+01 9.627080e+00
9.300000e+01 1.168771e+02 1.068771e+01 9.357985e+00
9.310000e+01 1.266911e+02 1.166911e+01 9.145169e+00
9.320000e+01 8.097871e+01 7.097871e+00 9.119328e+00
9.330000e+01 7.359360e+01 6.359360e+00 9.306039e+00
9.340000e+01 1.099383e+02 9.993829e+00 9.378962e+00
9.350000e+01 1.273975e+02 1.173975e+01 9.209970e+00
9.360000e+01 1.267005e+02 1.167005e+01 8.949477e+00
9.370000e+01 1.146964e+02 1.046964e+01 8.765225e+00
9.380000e+01 7.199109e+01 6.199109e+00 8.799467e+00
9.390000e+01 1.238223e+02 1.138223e+01 8.818048e+00
9.400000e+01 8.545259e+01 7.545259e+00 8.801558e+00
9.410000e+01 8.328862e+01 7.328862e+00 8.923413e+00
9.420000e+01 1.062086e+02 9.620858e+00 8.990509e+00
9.430000e+01 8.136001e+01 7.136001e+00 9.060275e+00
9.440000e+01 8.375144e+01 7.375144e+00 9.230972e+00
9.450000e+01 7.100263e+01 6.100263e+00 9.430157e+00
9.460000e+01 1.335414e+02 1.235414e+01 9.392688e+00
9.470000e+01 1.491452e+02 1.391452e+01 9.016958e+00
9.480000e+01 1.337306e+02 1.237306e+01 8.618875e+00
9.490000e+01 1.066035e+02 9.660347e+00 8.418951e+00
9.500000e+01 9.079209e+01 8.079209e+00 8.408619e+00
9.510000e+01 1.094178e+02 9.941779e+00 8.421132e+00
9.520000e+01 6.646534e+01 5.646534e+00 8.551570e+00
9.530000e+01 7.326372e+01 6.326372e+00 8.796853e+00
9.540000e+01 1.415657e+02 1.315657e+01 8.736358e+00
9.550000e+01 1.271889e+02 1.171889e+01 8.417281e+00
9.560000e+01 1.398411e+02 1.298411e+01 8.085702e+00
9.570000e+01 1.116045e+02 1.016045e+01 7.836098e+00
9.580000e+01 1.137919e+02 1.037919e+01 7.687645e+00
9.590000e+01 1.227373e+02 1.127373e+01 7.532038e+00
9.600000e+01 7.275574e+01 6.275574e+00 7.553169e+00
9.610000e+01 8.853926e+01 7.853926e+00 7.699991e+00
9.620000e+01 1.305689e+02 1.205689e+01 7.633092e+00
9.630000e+01 9.220951e+01 8.220951e+00 7.537953e+00
9.640000e+01 9.466219e+01 8.466219e+00 7.570955e+00
9.650000e+01 1.213039e+02 1.113039e+01 7.496502e+00
9.660000e+01 1.116568e+02 1.016568e+01 7.366126e+00
9.670000e+01 6.991613e+01 5.991613e+00 7.436602e+00
9.680000e+01 9.988917e+01 8.988917e+00 7.576693e+00
9.690000e+01 8.711598e+01 7.711598e+00 7.636377e+00
9.700000e+01 1.288355e+02 1.188355e+01 7.560902e+00
9.710000e+01 1.045290e+02 9.452898e+00 7.410572e+00
9.720000e+01 1.131161e+02 1.031161e+01 7.316014e+00
9.730000e+01 9.879184e+01 8.879184e+00 7.246921e+00
9.740000e+01 1.356365e+02 1.256365e+01 7.052012e+00
9.750000e+01 1.588704e+02 1.488704e+01 6.631450e+00
9.760000e+01 9.168537e+01 8.168537e+00 6.386738e+00
9.770000e+01 9.107931e+01 8.107931e+00 6.455838e+00
9.780000e+01 5.631093e+01 4.631093e+00 6.723454e+00
9.790000e+01 6.101865e+01 5.101865e+00 7.081571e+00
9.800000e+01 1.369864e+02 1.269864e+01 7.102196e+00
9.810000e+01 1.219089e+02 1.119089e+01 6.857482e+00
9.820000e+01 9.124973e+01 8.124973e+00 6.785985e+00
9.830000e+01 8.687076e+01 7.687076e+00 6.856649e+00
9.840000e+01 1.372857e+02 1.272857e+01 6.741949e+00
9.850000e+01 1.244049e+02 1.144049e+01 6.450321e+00
9.860000e+01 1.380400e+02 1.280400e+01 6.138378e+00
9.870000e+01 1.204216e+02 1.104216e+01 5.854231e+00
9.880000e+01 1.148691e+02 1.048691e+01 5.693496e+00
9.890000e+01 6.353011e+01 5.353011e+00 5.789134e+00
9.900000e+01 9.149659e+01 8.149659e+00 5.967464e+00
9.910000e+01 1.304976e+02 1.204976e+01 5.897676e+00
9.920000e+01 8.253816e+01 7.253816e+00 5.839732e+00
9.930000e+01 1.040519e+02 9.405190e+00 5.878298e+00
9.940000e+01 1.081853e+02 9.818532e+00 5.843874e+00
9.950000e+01 8.635618e+01 7.635618e+00 5.841502e+00
9.960000e+01 1.467825e+02 1.367825e+01 5.669127e+00
9.970000e+01 1.403595e+02 1.303595e+01 5.264741e+00
9.980000e+01 1.327851e+02 1.227851e+01 4.918307e+00
9.990000e+01 8.039890e+01 7.039890e+00 4.846354e+00
1.000000e+02 9.121441e+01 8.121441e+00 4.943407e+00
