0.000000e+00 1.228683e+02 1.128683e+01 -7.921331e+00
1.000000e-01 1.334727e+02 1.234727e+01 -8.269455e+00
2.000000e-01 1.782153e+02 1.682153e+01 -8.774220e+00
3.000000e-01 8.645923e+01 7.645923e+00 -9.075808e+00
4.000000e-01 8.663377e+01 7.663377e+00 -9.008566e+00
5.000000e-01 1.307128e+02 1.207128e+01 -9.088725e+00
6.000000e-01 1.242485e+02 1.142485e+01 -9.331038e+00
7.000000e-01 1.001416e+02 9.014160e+00 -9.464347e+00
8.000000e-01 1.126330e+02 1.026330e+01 -9.536160e+00
9.000000e-01 1.101429e+02 1.001429e+01 -9.663752e+00
1.000000e+00 1.525528e+02 1.425528e+01 -9.968674e+00
1.100000e+00 1.229901e+02 1.129901e+01 -1.029666e+01
1.200000e+00 7.178794e+01 6.178794e+00 -1.032354e+01
1.300000e+00 1.454847e+02 1.354847e+01 -1.042747e+01
1.400000e+00 1.344229e+02 1.244229e+01 -1.078425e+01
1.500000e+00 1.216908e+02 1.116908e+01 -1.106763e+01
1.600000e+00 1.102809e+02 1.002809e+01 -1.123770e+01
1.700000e+00 1.188341e+02 1.088341e+01 -1.137748e+01
1.800000e+00 9.920399e+01 8.920399e+00 -1.147719e+01
1.900000e+00 1.257572e+02 1.157572e+01 -1.160215e+01
2.000000e+00 1.091714e+02 9.917142e+00 -1.178044e+01
2.100000e+00 1.435471e+02 1.335471e+01 -1.204210e+01
2.200000e+00 1.175744e+02 1.075744e+01 -1.231779e+01
2.300000e+00 9.056641e+01 8.056641e+00 -1.236101e+01
2.400000e+00 6.607342e+01 5.607342e+00 -1.216084e+01
2.500000e+00 7.945059e+01 6.945059e+00 -1.190968e+01
2.600000e+00 9.924925e+01 8.924925e+00 -1.178984e+01
2.700000e+00 8.596420e+01 7.596420e+00 -1.170516e+01
2.800000e+00 8.624865e+01 7.624865e+00 -1.159183e+01
2.900000e+00 1.201593e+02 1.101593e+01 -1.160331e+01
3.000000e+00 8.074582e+01 7.074582e+00 -1.159696e+01
3.100000e+00 9.247097e+01 8.247097e+00 -1.148820e+01
3.200000e+00 1.021002e+02 9.210023e+00 -1.145229e+01
3.300000e+00 9.808462e+01 8.808462e+00 -1.143964e+01
3.400000e+00 7.877074e+01 6.877074e+00 -1.133120e+01
3.500000e+00 8.700771e+01 7.700771e+00 -1.115775e+01
3.600000e+00 6.468129e+01 5.468129e+00 -1.091706e+01
3.700000e+00 7.491822e+01 6.491822e+00 -1.062007e+01
3.800000e+00 6.358619e+01 5.358619e+00 -1.031690e+01
3.900000e+00 8.579202e+01 7.579202e+00 -1.007215e+01
4.000000e+00 9.000083e+01 8.000083e+00 -9.939582e+00
4.100000e+00 8.876414e+01 7.876414e+00 -9.824987e+00
4.200000e+00 7.278371e+01 6.278371e+00 -9.633421e+00
4.300000e+00 7.329356e+01 6.329356e+00 -9.370725e+00
4.400000e+00 7.253086e+01 6.253086e+00 -9.107010e+00
4.500000e+00 9.139077e+01 8.139077e+00 -8.934492e+00
4.600000e+00 1.054289e+02 9.542886e+00 -8.907767e+00
4.700000e+00 1.030878e+02 9.308778e+00 -8.941973e+00
4.800000e+00 9.295133e+01 8.295133e+00 -8.906153e+00
4.900000e+00 6.233890e+01 5.233890e+00 -8.709808e+00
5.000000e+00 1.045121e+02 9.451215e+00 -8.539787e+00
5.100000e+00 6.812614e+01 5.812614e+00 -8.396749e+00
5.200000e+00 1.048368e+02 9.483677e+00 -8.298334e+00
5.300000e+00 1.347014e+02 1.247014e+01 -8.461553e+00
5.400000e+00 1.129899e+02 1.029899e+01 -8.719475e+00
5.500000e+00 1.713937e+02 1.613937e+01 -9.115105e+00
5.600000e+00 8.782446e+01 7.782446e+00 -9.358243e+00
5.700000e+00 4.774941e+01 3.774941e+00 -9.116543e+00
5.800000e+00 1.197077e+02 1.097077e+01 -8.950859e+00
5.900000e+00 8.373499e+01 7.373499e+00 -8.932148e+00
6.000000e+00 8.256493e+01 7.256493e+00 -8.784528e+00
6.100000e+00 8.149812e+01 7.149812e+00 -8.595237e+00
6.200000e+00 6.418280e+01 5.418280e+00 -8.317657e+00
6.300000e+00 5.102937e+01 4.102937e+00 -7.911415e+00
6.400000e+00 7.178612e+01 6.178612e+00 -7.536731e+00
6.500000e+00 8.466123e+01 7.466123e+00 -7.314581e+00
6.600000e+00 9.571539e+01 8.571539e+00 -7.201947e+00
6.700000e+00 7.503440e+01 6.503440e+00 -7.043957e+00
6.800000e+00 6.081057e+01 5.081057e+00 -6.730848e+00
6.900000e+00 5.494436e+01 4.494436e+00 -6.316265e+00
7.000000e+00 5.711947e+01 4.711947e+00 -5.880534e+00
7.100000e+00 6.050557e+01 5.050557e+00 -5.472026e+00
7.200000e+00 7.243723e+01 6.243723e+00 -5.145412e+00
7.300000e+00 9.192024e+01 8.192024e+00 -4.953714e+00
7.400000e+00 7.476778e+01 6.476778e+00 -4.773445e+00
7.500000e+00 6.543841e+01 5.543841e+00 -4.485953e+00
7.600000e+00 7.025381e+01 6.025381e+00 -4.169823e+00
7.700000e+00 7.654942e+01 6.654942e+00 -3.912980e+00
7.800000e+00 1.006924e+02 9.069237e+00 -3.796165e+00
7.900000e+00 9.795714e+01 8.795714e+00 -3.763040e+00
8.000000e+00 6.420565e+01 5.420565e+00 -3.564322e+00
8.100000e+00 4.216008e+01 3.216008e+00 -3.122594e+00
8.200000e+00 6.257498e+01 5.257498e+00 -2.654916e+00
8.300000e+00 6.686366e+01 5.686366e+00 -2.316720e+00
8.400000e+00 1.163568e+02 1.063568e+01 -2.217413e+00
8.500000e+00 8.443650e+01 7.443650e+00 -2.190641e+00
8.600000e+00 7.379630e+01 6.379630e+00 -2.010544e+00
8.700000e+00 9.366688e+01 8.366688e+00 -1.841629e+00
8.800000e+00 7.505526e+01 6.505526e+00 -1.671377e+00
8.900000e+00 6.282039e+01 5.282039e+00 -1.363014e+00
9.000000e+00 5.287523e+01 4.287523e+00 -9.678576e-01
9.100000e+00 9.286705e+01 8.286705e+00 -6.850069e-01
9.200000e+00 6.276080e+01 5.276080e+00 -4.534674e-01
9.300000e+00 8.083175e+01 7.083175e+00 -1.812455e-01
9.400000e+00 7.257058e+01 6.257058e+00 3.975715e-02
9.500000e+00 1.143340e+02 1.043340e+01 1.231584e-01
9.600000e+00 6.748347e+01 5.748347e+00 2.301173e-01
9.700000e+00 7.627751e+01 6.627751e+00 4.926915e-01
9.800000e+00 6.609687e+01 5.609687e+00 7.707738e-01
9.900000e+00 1.027842e+02 9.278424e+00 9.184571e-01
1.000000e+01 1.024998e+02 9.249978e+00 9.312123e-01
1.010000e+01 5.661654e+01 4.661654e+00 1.150599e+00
1.020000e+01 2.561900e+01 1.561900e+00 1.688662e+00
1.030000e+01 9.147622e+01 8.147622e+00 2.067158e+00
1.040000e+01 1.341300e+02 1.241300e+01 1.993135e+00
1.050000e+01 9.075700e+01 8.075700e+00 1.887956e+00
1.060000e+01 8.546921e+01 7.546921e+00 1.990904e+00
1.070000e+01 7.193829e+01 6.193829e+00 2.206808e+00
1.080000e+01 6.613096e+01 5.613096e+00 2.507106e+00
1.090000e+01 6.917264e+01 5.917264e+00 2.836486e+00
1.100000e+01 5.473317e+01 4.473317e+00 3.208021e+00
1.110000e+01 7.761694e+01 6.761694e+00 3.534182e+00
1.120000e+01 8.547745e+01 7.547745e+00 3.744212e+00
1.130000e+01 5.476056e+01 4.476056e+00 4.057565e+00
1.140000e+01 3.148422e+01 2.148422e+00 4.600219e+00
1.150000e+01 5.757187e+01 4.757187e+00 5.135166e+00
1.160000e+01 7.396845e+01 6.396845e+00 5.506767e+00
1.170000e+01 4.502660e+01 3.502660e+00 5.897937e+00
1.180000e+01 8.913070e+01 7.913070e+00 6.203342e+00
1.190000e+01 1.070462e+02 9.704619e+00 6.251802e+00
1.200000e+01 9.483942e+01 8.483942e+00 6.242041e+00
1.210000e+01 1.080375e+02 9.803748e+00 6.227629e+00
1.220000e+01 9.123855e+01 8.123855e+00 6.254326e+00
1.230000e+01 6.334163e+01 5.334163e+00 6.450061e+00
1.240000e+01 1.055950e+02 9.559502e+00 6.613077e+00
1.250000e+01 6.337759e+01 5.337759e+00 6.790126e+00
1.260000e+01 6.528623e+01 5.528623e+00 7.111750e+00
1.270000e+01 8.967078e+01 7.967078e+00 7.346454e+00
1.280000e+01 7.523266e+01 6.523266e+00 7.544816e+00
1.290000e+01 5.200262e+01 4.200262e+00 7.887490e+00
1.300000e+01 8.477698e+01 7.477698e+00 8.172197e+00
1.310000e+01 1.230354e+02 1.130354e+01 8.176118e+00
1.320000e+01 6.643824e+01 5.643824e+00 8.255751e+00
1.330000e+01 4.986265e+01 3.986265e+00 8.619077e+00
1.340000e+01 1.071609e+02 9.716086e+00 8.820128e+00
1.350000e+01 1.210765e+02 1.110765e+01 8.721527e+00
1.360000e+01 9.526771e+01 8.526771e+00 8.627174e+00
1.370000e+01 1.232216e+02 1.132216e+01 8.552731e+00
1.380000e+01 6.189643e+01 5.189643e+00 8.631814e+00
1.390000e+01 8.665306e+01 7.665306e+00 8.835664e+00
1.400000e+01 1.338564e+02 1.238564e+01 8.742476e+00
1.410000e+01 1.419494e+02 1.319494e+01 8.408320e+00
1.420000e+01 9.126035e+01 8.126035e+00 8.244339e+00
1.430000e+01 9.485631e+01 8.485631e+00 8.281534e+00
1.440000e+01 1.050842e+02 9.508419e+00 8.306869e+00
1.450000e+01 6.669235e+01 5.669235e+00 8.431643e+00
1.460000e+01 1.074803e+02 9.748028e+00 8.549550e+00
1.470000e+01 9.027962e+01 8.027962e+00 8.588126e+00
1.480000e+01 8.054296e+01 7.054296e+00 8.715906e+00
1.490000e+01 9.287591e+01 8.287591e+00 8.856822e+00
1.500000e+01 7.132566e+01 6.132566e+00 9.036053e+00
1.510000e+01 8.232703e+01 7.232703e+00 9.258815e+00
1.520000e+01 7.927284e+01 6.927284e+00 9.453134e+00
1.530000e+01 8.694222e+01 7.694222e+00 9.624686e+00
1.540000e+01 7.675005e+01 6.675005e+00 9.807304e+00
1.550000e+01 8.573310e+01 7.573310e+00 9.977173e+00
1.560000e+01 1.110179e+02 1.010179e+01 9.995496e+00
1.570000e+01 1.189243e+02 1.089243e+01 9.851649e+00
1.580000e+01 1.278649e+02 1.178649e+01 9.634530e+00
1.590000e+01 9.908270e+01 8.908270e+00 9.502816e+00
1.600000e+01 1.029058e+02 9.290583e+00 9.472987e+00
1.610000e+01 1.122895e+02 1.022895e+01 9.411114e+00
1.620000e+01 8.986754e+01 7.986754e+00 9.401848e+00
1.630000e+01 9.791919e+01 8.791919e+00 9.441409e+00
1.640000e+01 1.149501e+02 1.049501e+01 9.401361e+00
1.650000e+01 7.660936e+01 6.660936e+00 9.447524e+00
1.660000e+01 8.144596e+01 7.144596e+00 9.648507e+00
1.670000e+01 6.211216e+01 5.211216e+00 9.923483e+00
1.680000e+01 8.652603e+01 7.652603e+00 1.016959e+01
1.690000e+01 8.538741e+01 7.538741e+00 1.033073e+01
1.700000e+01 7.331184e+01 6.331184e+00 1.051648e+01
1.710000e+01 1.114169e+02 1.014169e+01 1.059411e+01
1.720000e+01 9.390752e+01 8.390752e+00 1.059554e+01
1.730000e+01 8.506514e+01 7.506514e+00 1.064574e+01
1.740000e+01 1.719101e+02 1.619101e+01 1.038339e+01
1.750000e+01 1.167576e+02 1.067576e+01 9.997970e+00
1.760000e+01 8.315270e+01 7.315270e+00 9.966962e+00
1.770000e+01 9.048064e+01 8.048064e+00 1.005820e+01
1.780000e+01 1.445734e+02 1.345734e+01 9.911605e+00
1.790000e+01 8.906531e+01 7.906531e+00 9.783455e+00
1.800000e+01 6.753831e+01 5.753831e+00 9.939598e+00
1.810000e+01 1.269704e+02 1.169704e+01 9.985360e+00
1.820000e+01 7.400571e+01 6.400571e+00 1.000960e+01
1.830000e+01 7.781986e+01 6.781986e+00 1.020149e+01
1.840000e+01 1.188326e+02 1.088326e+01 1.022782e+01
1.850000e+01 1.115894e+02 1.015894e+01 1.008723e+01
1.860000e+01 1.238561e+02 1.138561e+01 9.918557e+00
1.870000e+01 9.478831e+01 8.478831e+00 9.836624e+00
1.880000e+01 8.586230e+01 7.586230e+00 9.915058e+00
1.890000e+01 9.375357e+01 8.375357e+00 1.001042e+01
1.900000e+01 9.970654e+01 8.970654e+00 1.006014e+01
1.910000e+01 7.151879e+01 6.151879e+00 1.020075e+01
1.920000e+01 9.214747e+01 8.214747e+00 1.033461e+01
1.930000e+01 1.549894e+02 1.449894e+01 1.014175e+01
1.940000e+01 9.171517e+01 8.171517e+00 9.932500e+00
1.950000e+01 1.012274e+02 9.122743e+00 9.933830e+00
1.960000e+01 1.041194e+02 9.411936e+00 9.910159e+00
1.970000e+01 1.140488e+02 1.040488e+01 9.820412e+00
1.980000e+01 1.137539e+02 1.037539e+01 9.679756e+00
1.990000e+01 1.247616e+02 1.147616e+01 9.494373e+00
2.000000e+01 1.157281e+02 1.057281e+01 9.264686e+00
2.010000e+01 1.791860e+02 1.691860e+01 8.806394e+00
2.020000e+01 1.343273e+02 1.243273e+01 8.275870e+00
2.030000e+01 1.208994e+02 1.108994e+01 7.988068e+00
2.040000e+01 9.011383e+01 8.011383e+00 7.940474e+00
2.050000e+01 7.267365e+01 6.267365e+00 8.086017e+00
2.060000e+01 1.260415e+02 1.160415e+01 8.082376e+00
2.070000e+01 1.282770e+02 1.182770e+01 7.857853e+00
2.080000e+01 8.792961e+01 7.792961e+00 7.761898e+00
2.090000e+01 1.145614e+02 1.045614e+01 7.741198e+00
2.100000e+01 8.737626e+01 7.737626e+00 7.766001e+00
2.110000e+01 5.180689e+01 4.180689e+00 8.027912e+00
2.120000e+01 1.092376e+02 9.923761e+00 8.202060e+00
2.130000e+01 1.190162e+02 1.090162e+01 8.090768e+00
2.140000e+01 1.203458e+02 1.103458e+01 7.884213e+00
2.150000e+01 1.389249e+02 1.289249e+01 7.612346e+00
2.160000e+01 9.216842e+01 8.216842e+00 7.456836e+00
2.170000e+01 1.115134e+02 1.015134e+01 7.410367e+00
2.180000e+01 1.203610e+02 1.103610e+01 7.260787e+00
2.190000e+01 1.289143e+02 1.189143e+01 7.001033e+00
2.200000e+01 1.568202e+02 1.468202e+01 6.600791e+00
2.210000e+01 1.076396e+02 9.763956e+00 6.288546e+00
2.220000e+01 1.133972e+02 1.033972e+01 6.163537e+00
2.230000e+01 1.001839e+02 9.018393e+00 6.107224e+00
2.240000e+01 9.241387e+01 8.241387e+00 6.119108e+00
2.250000e+01 1.242782e+02 1.142782e+01 6.047746e+00
2.260000e+01 9.966535e+01 8.966535e+00 5.919558e+00
2.270000e+01 1.440642e+02 1.340642e+01 5.711457e+00
2.280000e+01 9.545862e+01 8.545862e+00 5.527316e+00
2.290000e+01 1.210358e+02 1.110358e+01 5.394993e+00
2.300000e+01 1.661307e+02 1.561307e+01 4.990733e+00
2.310000e+01 1.330357e+02 1.230357e+01 4.519688e+00
2.320000e+01 1.195339e+02 1.095339e+01 4.248441e+00
2.330000e+01 1.050023e+02 9.500234e+00 4.105547e+00
2.340000e+01 1.319208e+02 1.219208e+01 3.940954e+00
2.350000e+01 7.488201e+01 6.488201e+00 3.923687e+00
2.360000e+01 7.208737e+01 6.208737e+00 4.148836e+00
2.370000e+01 9.087667e+01 8.087667e+00 4.344193e+00
2.380000e+01 8.059970e+01 7.059970e+00 4.468717e+00
2.390000e+01 1.291776e+02 1.191776e+01 4.439233e+00
2.400000e+01 7.870650e+01 6.870650e+00 4.425823e+00
2.410000e+01 7.000128e+01 6.000128e+00 4.674783e+00
2.420000e+01 3.398991e+01 2.398991e+00 5.133046e+00
2.430000e+01 7.771566e+01 6.771566e+00 5.549493e+00
2.440000e+01 9.451166e+01 8.451166e+00 5.698259e+00
2.450000e+01 1.224008e+02 1.124008e+01 5.621474e+00
2.460000e+01 1.144987e+02 1.044987e+01 5.458532e+00
2.470000e+01 1.045132e+02 9.451325e+00 5.330401e+00
2.480000e+01 1.572578e+02 1.472578e+01 5.044447e+00
2.490000e+01 9.773331e+01 8.773331e+00 4.805312e+00
2.500000e+01 8.655748e+01 7.655748e+00 4.813535e+00
2.510000e+01 1.597924e+02 1.497924e+01 4.608134e+00
2.520000e+01 1.065042e+02 9.650417e+00 4.290010e+00
2.530000e+01 1.497071e+02 1.397071e+01 3.988217e+00
2.540000e+01 1.304913e+02 1.204913e+01 3.618547e+00
2.550000e+01 1.186415e+02 1.086415e+01 3.354531e+00
2.560000e+01 1.238407e+02 1.138407e+01 3.174180e+00
2.570000e+01 4.941413e+01 3.941413e+00 3.303963e+00
2.580000e+01 7.063288e+01 6.063288e+00 3.636180e+00
2.590000e+01 1.277127e+02 1.177127e+01 3.687063e+00
2.600000e+01 7.476193e+01 6.476193e+00 3.674473e+00
2.610000e+01 1.255377e+02 1.155377e+01 3.652495e+00
2.620000e+01 1.130524e+02 1.030524e+01 3.483791e+00
2.630000e+01 1.135456e+02 1.035456e+01 3.363561e+00
2.640000e+01 7.646927e+01 6.646927e+00 3.382342e+00
2.650000e+01 1.363966e+02 1.263966e+01 3.332585e+00
2.660000e+01 7.503478e+01 6.503478e+00 3.272636e+00
2.670000e+01 1.433785e+02 1.333785e+01 3.159666e+00
2.680000e+01 1.141729e+02 1.041729e+01 2.923831e+00
2.690000e+01 8.480077e+01 7.480077e+00 2.909591e+00
2.700000e+01 8.598735e+01 7.598735e+00 3.034581e+00
2.710000e+01 1.123177e+02 1.023177e+01 3.024505e+00
2.720000e+01 1.441229e+02 1.341229e+01 2.786728e+00
2.730000e+01 8.607833e+01 7.607833e+00 2.619152e+00
2.740000e+01 1.468289e+02 1.368289e+01 2.436145e+00
2.750000e+01 1.241035e+02 1.141035e+01 2.118308e+00
2.760000e+01 1.133405e+02 1.033405e+01 1.926462e+00
2.770000e+01 9.236322e+01 8.236322e+00 1.890877e+00
2.780000e+01 1.036075e+02 9.360753e+00 1.890607e+00
2.790000e+01 1.221028e+02 1.121028e+01 1.775158e+00
2.800000e+01 1.098505e+02 9.985046e+00 1.625718e+00
2.810000e+01 1.000128e+02 9.001283e+00 1.588135e+00
2.820000e+01 6.741929e+01 5.741929e+00 1.726621e+00
2.830000e+01 1.076582e+02 9.765819e+00 1.835874e+00
2.840000e+01 1.122867e+02 1.022867e+01 1.741092e+00
2.850000e+01 1.388446e+02 1.288446e+01 1.510019e+00
2.860000e+01 9.442479e+01 8.442479e+00 1.331039e+00
2.870000e+01 1.424886e+02 1.324886e+01 1.149590e+00
2.880000e+01 9.023947e+01 8.023947e+00 9.995025e-01
2.890000e+01 1.187972e+02 1.087972e+01 9.178841e-01
2.900000e+01 1.285973e+02 1.185973e+01 7.293295e-01
2.910000e+01 6.494160e+01 5.494160e+00 7.609093e-01
2.920000e+01 7.385678e+01 6.385678e+00 1.024386e+00
2.930000e+01 9.546542e+01 8.546542e+00 1.200770e+00
2.940000e+01 6.394328e+01 5.394328e+00 1.405468e+00
2.950000e+01 8.037996e+01 7.037996e+00 1.666925e+00
2.960000e+01 8.031943e+01 7.031943e+00 1.880687e+00
2.970000e+01 6.585386e+01 5.585386e+00 2.144362e+00
2.980000e+01 7.487541e+01 6.487541e+00 2.424711e+00
2.990000e+01 9.945369e+01 8.945369e+00 2.539863e+00
3.000000e+01 1.309810e+02 1.209810e+01 2.421307e+00
3.010000e+01 9.027310e+01 8.027310e+00 2.304413e+00
3.020000e+01 1.434745e+02 1.334745e+01 2.102088e+00
3.030000e+01 1.705652e+02 1.605652e+01 1.562716e+00
3.040000e+01 1.569475e+02 1.469475e+01 9.715594e-01
3.050000e+01 8.447311e+01 7.447311e+00 7.436091e-01
3.060000e+01 1.139856e+02 1.039856e+01 7.137513e-01
3.070000e+01 1.190461e+02 1.090461e+01 5.717907e-01
3.080000e+01 1.078029e+02 9.780294e+00 4.361715e-01
3.090000e+01 1.112544e+02 1.012544e+01 3.362934e-01
3.100000e+01 1.084656e+02 9.846558e+00 2.458874e-01
3.110000e+01 9.899980e+01 8.899980e+00 1.965628e-01
3.120000e+01 1.146547e+02 1.046547e+01 1.496075e-01
3.130000e+01 6.393346e+01 5.393346e+00 2.570029e-01
3.140000e+01 7.692818e+01 6.692818e+00 5.352043e-01
3.150000e+01 6.727068e+01 5.727068e+00 7.871920e-01
3.160000e+01 1.431268e+02 1.331268e+01 7.265707e-01
3.170000e+01 1.436383e+02 1.336383e+01 3.500756e-01
3.180000e+01 1.051001e+02 9.510015e+00 9.860455e-02
3.190000e+01 1.108432e+02 1.008432e+01 8.677584e-03
3.200000e+01 9.914027e+01 8.914027e+00 -4.875356e-02
3.210000e+01 1.197771e+02 1.097771e+01 -1.372335e-01
3.220000e+01 9.857309e+01 8.857309e+00 -2.404040e-01
3.230000e+01 1.449603e+02 1.349603e+01 -4.674999e-01
3.240000e+01 1.353661e+02 1.253661e+01 -8.224889e-01
3.250000e+01 9.049390e+01 8.049390e+00 -9.637823e-01
3.260000e+01 9.685792e+01 8.685792e+00 -9.114598e-01
3.270000e+01 8.187173e+01 7.187173e+00 -8.185423e-01
3.280000e+01 1.157896e+02 1.057896e+01 -8.013532e-01
3.290000e+01 9.127116e+01 8.127116e+00 -8.331006e-01
3.300000e+01 1.183639e+02 1.083639e+01 -8.897854e-01
3.310000e+01 1.090157e+02 9.901567e+00 -1.018108e+00
3.320000e+01 1.195268e+02 1.095268e+01 -1.151845e+00
3.330000e+01 8.625699e+01 7.625699e+00 -1.172150e+00
3.340000e+01 8.509536e+01 7.509536e+00 -1.059807e+00
3.350000e+01 1.094954e+02 9.949542e+00 -1.013628e+00
3.360000e+01 7.453607e+01 6.453607e+00 -9.321854e-01
3.370000e+01 9.774694e+01 8.774694e+00 -8.280868e-01
3.380000e+01 1.306017e+02 1.206017e+01 -9.444239e-01
3.390000e+01 1.003656e+02 9.036559e+00 -1.063121e+00
3.400000e+01 5.705405e+01 4.705405e+00 -8.726649e-01
3.410000e+01 7.138878e+01 6.138878e+00 -5.451726e-01
3.420000e+01 1.013179e+02 9.131786e+00 -4.289598e-01
3.430000e+01 1.535322e+02 1.435322e+01 -6.536676e-01
3.440000e+01 7.668871e+01 6.668871e+00 -7.678435e-01
3.450000e+01 5.169223e+01 4.169223e+00 -4.615367e-01
3.460000e+01 8.306353e+01 7.306353e+00 -1.679143e-01
3.470000e+01 1.285088e+02 1.185088e+01 -1.838947e-01
3.480000e+01 7.468854e+01 6.468854e+00 -1.868106e-01
3.490000e+01 9.122566e+01 8.122566e+00 -4.689123e-02
3.500000e+01 9.663061e+01 8.663061e+00 1.964775e-02
3.510000e+01 1.100575e+02 1.000575e+01 -1.812085e-02
3.520000e+01 1.152413e+02 1.052413e+01 -1.143211e-01
3.530000e+01 6.884222e+01 5.884222e+00 -3.804818e-02
3.540000e+01 7.711301e+01 6.711301e+00 2.123733e-01
3.550000e+01 7.816988e+01 6.816988e+00 4.113349e-01
3.560000e+01 1.400846e+02 1.300846e+01 3.315433e-01
3.570000e+01 1.108585e+02 1.008585e+01 1.270650e-01
3.580000e+01 7.211634e+01 6.211634e+00 1.859733e-01
3.590000e+01 8.896876e+01 7.896876e+00 3.698325e-01
3.600000e+01 7.847130e+01 6.847130e+00 5.339875e-01
3.610000e+01 9.670883e+01 8.670883e+00 6.430452e-01
3.620000e+01 1.136255e+02 1.036255e+01 6.105338e-01
3.630000e+01 9.241196e+01 8.241196e+00 5.914391e-01
3.640000e+01 8.833050e+01 7.833050e+00 6.557772e-01
3.650000e+01 1.327084e+02 1.227084e+01 5.479705e-01
3.660000e+01 1.340817e+02 1.240817e+01 2.462846e-01
3.670000e+01 1.120132e+02 1.020132e+01 1.355057e-02
3.680000e+01 1.122354e+02 1.022354e+01 -1.059937e-01
3.690000e+01 8.389396e+01 7.389396e+00 -7.059552e-02
3.700000e+01 5.593128e+01 4.593128e+00 2.035749e-01
3.710000e+01 8.094574e+01 7.094574e+00 5.082611e-01
3.720000e+01 8.180299e+01 7.180299e+00 6.972546e-01
3.730000e+01 9.807968e+01 8.807968e+00 8.150301e-01
3.740000e+01 6.728137e+01 5.728137e+00 9.634510e-01
3.750000e+01 1.349746e+02 1.249746e+01 9.424186e-01
3.760000e+01 1.190036e+02 1.090036e+01 7.189351e-01
3.770000e+01 9.782152e+01 8.782152e+00 6.139507e-01
3.780000e+01 1.130088e+02 1.030088e+01 5.653671e-01
3.790000e+01 8.821234e+01 7.821234e+00 5.504826e-01
3.800000e+01 1.219122e+02 1.119122e+01 4.841547e-01
3.810000e+01 1.298073e+02 1.198073e+01 2.412644e-01
3.820000e+01 1.285327e+02 1.185327e+01 -2.654052e-02
3.830000e+01 8.629117e+01 7.629117e+00 -1.131381e-01
3.840000e+01 1.082138e+02 9.821377e+00 -9.375289e-02
3.850000e+01 8.412393e+01 7.412393e+00 -4.989590e-02
3.860000e+01 9.844210e+01 8.844210e+00 2.572972e-02
3.870000e+01 9.500322e+01 8.500322e+00 6.580371e-02
3.880000e+01 9.842047e+01 8.842047e+00 8.866660e-02
3.890000e+01 1.165350e+02 1.065350e+01 5.146456e-03
3.900000e+01 1.329338e+02 1.229338e+01 -2.068075e-01
3.910000e+01 8.176962e+01 7.176962e+00 -2.965570e-01
3.920000e+01 1.318131e+02 1.218131e+01 -3.987157e-01
3.930000e+01 1.510017e+02 1.410017e+01 -7.893946e-01
3.940000e+01 1.541770e+02 1.441770e+01 -1.282640e+00
3.950000e+01 9.560621e+01 8.560621e+00 -1.520829e+00
3.960000e+01 8.500576e+01 7.500576e+00 -1.485005e+00
3.970000e+01 1.462130e+02 1.362130e+01 -1.621142e+00
3.980000e+01 1.028580e+02 9.285801e+00 -1.843378e+00
3.990000e+01 1.135804e+02 1.035804e+01 -1.946210e+00
4.000000e+01 1.119873e+02 1.019873e+01 -2.081780e+00
4.010000e+01 1.367480e+02 1.267480e+01 -2.290125e+00
4.020000e+01 5.905632e+01 4.905632e+00 -2.255408e+00
4.030000e+01 5.878330e+01 4.878330e+00 -1.895751e+00
4.040000e+01 8.474462e+01 7.474462e+00 -1.612938e+00
4.050000e+01 9.014344e+01 8.014344e+00 -1.469172e+00
4.060000e+01 7.866435e+01 6.866435e+00 -1.320353e+00
4.070000e+01 9.446751e+01 8.446751e+00 -1.187205e+00
4.080000e+01 9.464279e+01 8.464279e+00 -1.167524e+00
4.090000e+01 1.789055e+02 1.689055e+01 -1.510437e+00
4.100000e+01 1.221398e+02 1.121398e+01 -1.957879e+00
4.110000e+01 8.910932e+01 7.910932e+00 -2.047833e+00
4.120000e+01 9.086041e+01 8.086041e+00 -1.952338e+00
4.130000e+01 7.791038e+01 6.791038e+00 -1.803379e+00
4.140000e+01 9.406005e+01 8.406005e+00 -1.669137e+00
4.150000e+01 9.668098e+01 8.668098e+00 -1.628037e+00
4.160000e+01 1.223998e+02 1.123998e+01 -1.711333e+00
4.170000e+01 9.640050e+01 8.640050e+00 -1.781754e+00
4.180000e+01 7.250099e+01 6.250099e+00 -1.636274e+00
4.190000e+01 6.667194e+01 5.667194e+00 -1.351961e+00
4.200000e+01 8.633027e+01 7.633027e+00 -1.117720e+00
4.210000e+01 8.512679e+01 7.512679e+00 -9.736108e-01
4.220000e+01 1.018629e+02 9.186293e+00 -9.084817e-01
4.230000e+01 9.893997e+01 8.893997e+00 -9.072439e-01
4.240000e+01 1.062204e+02 9.622040e+00 -9.392870e-01
4.250000e+01 1.159567e+02 1.059567e+01 -1.056583e+00
4.260000e+01 1.377288e+02 1.277288e+01 -1.316858e+00
4.270000e+01 1.245994e+02 1.145994e+01 -1.598033e+00
4.280000e+01 8.690111e+01 7.690111e+00 -1.681090e+00
4.290000e+01 1.238838e+02 1.138838e+01 -1.747859e+00
4.300000e+01 1.113548e+02 1.013548e+01 -1.889278e+00
4.310000e+01 8.142445e+01 7.142445e+00 -1.871749e+00
4.320000e+01 1.038137e+02 9.381367e+00 -1.812127e+00
4.330000e+01 1.027217e+02 9.272174e+00 -1.825321e+00
4.340000e+01 9.214835e+01 8.214835e+00 -1.818625e+00
4.350000e+01 1.220542e+02 1.120542e+01 -1.878358e+00
4.360000e+01 9.681767e+01 8.681767e+00 -1.982818e+00
4.370000e+01 1.364538e+02 1.264538e+01 -2.110075e+00
4.380000e+01 3.246224e+01 2.246224e+00 -1.961525e+00
4.390000e+01 9.369737e+01 8.369737e+00 -1.661191e+00
4.400000e+01 1.225555e+02 1.125555e+01 -1.689102e+00
4.410000e+01 8.768753e+01 7.768753e+00 -1.742513e+00
4.420000e+01 1.137485e+02 1.037485e+01 -1.773353e+00
4.430000e+01 1.223905e+02 1.123905e+01 -1.914953e+00
4.440000e+01 7.335599e+01 6.335599e+00 -1.899333e+00
4.450000e+01 8.540846e+01 7.540846e+00 -1.694034e+00
4.460000e+01 4.180161e+01 3.180161e+00 -1.346445e+00
4.470000e+01 9.804143e+01 8.804143e+00 -1.087765e+00
4.480000e+01 1.311865e+02 1.211865e+01 -1.171071e+00
4.490000e+01 6.527619e+01 5.527619e+00 -1.149894e+00
4.500000e+01 8.510275e+01 7.510275e+00 -9.441775e-01
4.510000e+01 1.086286e+02 9.862863e+00 -9.116385e-01
4.520000e+01 1.295482e+02 1.195482e+01 -1.078480e+00
4.530000e+01 9.909413e+01 8.909413e+00 -1.207948e+00
4.540000e+01 9.030018e+01 8.030018e+00 -1.169524e+00
4.550000e+01 8.796156e+01 7.796156e+00 -1.062327e+00
4.560000e+01 8.557658e+01 7.557658e+00 -9.324280e-01
4.570000e+01 9.022323e+01 8.022323e+00 -8.213623e-01
4.580000e+01 1.070455e+02 9.704547e+00 -8.001498e-01
4.590000e+01 9.943298e+01 8.943298e+00 -8.396445e-01
4.600000e+01 1.286613e+02 1.186613e+01 -9.709207e-01
4.610000e+01 9.557708e+01 8.557708e+00 -1.055315e+00
4.620000e+01 5.293785e+01 4.293785e+00 -8.314704e-01
4.630000e+01 8.846700e+01 7.846700e+00 -5.680846e-01
4.640000e+01 1.083251e+02 9.832510e+00 -5.224073e-01
4.650000e+01 8.914831e+01 7.914831e+00 -5.201664e-01
4.660000e+01 1.257772e+02 1.157772e+01 -5.962329e-01
4.670000e+01 1.036706e+02 9.367061e+00 -7.032463e-01
4.680000e+01 6.128967e+01 5.128967e+00 -5.442874e-01
4.690000e+01 6.597008e+01 5.597008e+00 -2.018527e-01
4.700000e+01 8.421202e+01 7.421202e+00 -6.393660e-03
4.710000e+01 1.942216e+02 1.842216e+01 -3.461002e-01
4.720000e+01 9.839043e+01 8.839043e+00 -7.359726e-01
4.730000e+01 6.004633e+01 5.004633e+00 -5.984424e-01
4.740000e+01 9.813045e+01 8.813045e+00 -3.992324e-01
4.750000e+01 9.099602e+01 8.099602e+00 -3.173908e-01
4.760000e+01 7.222332e+01 6.222332e+00 -1.382077e-01
4.770000e+01 7.259140e+01 6.259140e+00 1.178671e-01
4.780000e+01 1.030970e+02 9.309700e+00 2.094691e-01
4.790000e+01 1.623435e+02 1.523435e+01 -7.853069e-02
4.800000e+01 1.083315e+02 9.833154e+00 -3.912928e-01
4.810000e+01 8.402348e+01 7.402348e+00 -3.961232e-01
4.820000e+01 1.143771e+02 1.043771e+01 -4.026289e-01
4.830000e+01 1.278707e+02 1.178707e+01 -6.010612e-01
4.840000e+01 1.289693e+02 1.189693e+01 -8.642479e-01
4.850000e+01 9.530258e+01 8.530258e+00 -9.795258e-01
4.860000e+01 8.287048e+01 7.287048e+00 -8.844762e-01
4.870000e+01 7.746487e+01 6.746487e+00 -6.877245e-01
4.880000e+01 7.361307e+01 6.361307e+00 -4.575259e-01
4.890000e+01 9.869760e+01 8.869760e+00 -3.163025e-01
4.900000e+01 8.357282e+01 7.357282e+00 -1.908280e-01
4.910000e+01 3.800542e+01 2.800542e+00 1.678629e-01
4.920000e+01 9.126882e+01 8.126882e+00 4.863591e-01
4.930000e+01 1.225842e+02 1.125842e+01 4.400795e-01
4.940000e+01 1.265989e+02 1.165989e+01 2.315938e-01
4.950000e+01 7.612715e+01 6.612715e+00 2.141038e-01
4.960000e+01 8.544329e+01 7.544329e+00 3.844120e-01
4.970000e+01 8.262049e+01 7.262049e+00 5.433577e-01
4.980000e+01 9.248852e+01 8.248852e+00 6.904335e-01
4.990000e+01 4.573247e+01 3.573247e+00 9.785801e-01
5.000000e+01 1.006896e+02 9.068963e+00 1.216908e+00
5.010000e+01 1.146386e+02 1.046386e+01 1.160291e+00
5.020000e+01 1.353900e+02 1.253900e+01 9.085764e-01
5.030000e+01 1.421517e+02 1.321517e+01 5.457323e-01
5.040000e+01 1.134154e+02 1.034154e+01 2.689669e-01
5.050000e+01 1.123723e+02 1.023723e+01 1.415470e-01
5.060000e+01 8.003586e+01 7.003586e+00 1.787500e-01
5.070000e+01 8.870793e+01 7.870793e+00 2.956031e-01
5.080000e+01 1.320378e+02 1.220378e+01 2.254427e-01
5.090000e+01 7.255459e+01 6.255459e+00 2.292136e-01
5.100000e+01 6.368415e+01 5.368415e+00 4.974336e-01
5.110000e+01 1.023466e+02 9.234659e+00 6.759801e-01
5.120000e+01 8.303568e+01 7.303568e+00 7.668728e-01
5.130000e+01 8.390186e+01 7.390186e+00 9.111414e-01
5.140000e+01 1.131727e+02 1.031727e+01 8.928459e-01
5.150000e+01 1.781380e+02 1.681380e+01 4.809353e-01
5.160000e+01 1.143998e+02 1.043998e+01 5.011735e-02
5.170000e+01 1.102932e+02 1.002932e+01 -1.011096e-01
5.180000e+01 9.636669e+01 8.636669e+00 -1.281342e-01
5.190000e+01 9.094498e+01 8.094498e+00 -8.922058e-02
5.200000e+01 1.232250e+02 1.132250e+01 -1.444311e-01
5.210000e+01 8.243986e+01 7.243986e+00 -1.383746e-01
5.220000e+01 5.160370e+01 4.160370e+00 1.326399e-01
5.230000e+01 1.276407e+02 1.176407e+01 2.297645e-01
5.240000e+01 1.143977e+02 1.043977e+01 6.491059e-02
5.250000e+01 9.687719e+01 8.687719e+00 6.609433e-04
5.260000e+01 9.877822e+01 8.877822e+00 -1.795258e-02
5.270000e+01 1.678800e+02 1.578800e+01 -3.457618e-01
5.280000e+01 1.539810e+02 1.439810e+01 -8.945826e-01
5.290000e+01 9.579739e+01 8.579739e+00 -1.143504e+00
5.300000e+01 7.768502e+01 6.768502e+00 -1.049166e+00
5.310000e+01 1.006649e+02 9.066491e+00 -9.444715e-01
5.320000e+01 9.621459e+01 8.621459e+00 -9.233189e-01
5.330000e+01 1.059777e+02 9.597770e+00 -9.287474e-01
5.340000e+01 9.098787e+01 8.098787e+00 -9.221216e-01
5.350000e+01 1.164176e+02 1.064176e+01 -9.501261e-01
5.360000e+01 8.088440e+01 7.088440e+00 -9.253744e-01
5.370000e+01 8.824460e+01 7.824460e+00 -7.981560e-01
5.380000e+01 9.997249e+01 8.997249e+00 -7.142066e-01
5.390000e+01 6.651930e+01 5.651930e+00 -5.679528e-01
5.400000e+01 1.166656e+02 1.066656e+01 -4.872528e-01
5.410000e+01 9.194950e+01 8.194950e+00 -5.136948e-01
5.420000e+01 1.098245e+02 9.982451e+00 -5.279240e-01
5.430000e+01 8.725678e+01 7.725678e+00 -4.904618e-01
5.440000e+01 6.413674e+01 5.413674e+00 -2.666746e-01
5.450000e+01 7.658320e+01 6.658320e+00 2.471331e-02
5.460000e+01 6.839682e+01 5.839682e+00 3.013257e-01
5.470000e+01 8.035564e+01 7.035564e+00 5.380330e-01
5.480000e+01 1.167776e+02 1.067776e+01 5.403732e-01
5.490000e+01 1.446740e+02 1.346740e+01 2.982645e-01
5.500000e+01 4.601750e+01 3.601750e+00 3.477467e-01
5.510000e+01 7.130771e+01 6.130771e+00 6.830655e-01
5.520000e+01 1.272910e+02 1.172910e+01 7.301426e-01
5.530000e+01 7.932393e+01 6.932393e+00 7.211027e-01
5.540000e+01 8.438144e+01 7.438144e+00 8.652005e-01
5.550000e+01 1.033029e+02 9.330285e+00 9.552552e-01
5.560000e+01 6.260481e+01 5.260481e+00 1.102097e+00
5.570000e+01 1.249234e+02 1.149234e+01 1.158172e+00
5.580000e+01 9.545780e+01 8.545780e+00 1.096935e+00
5.590000e+01 7.428509e+01 6.428509e+00 1.243776e+00
5.600000e+01 5.180861e+01 4.180861e+00 1.582409e+00
5.610000e+01 9.847675e+01 8.847675e+00 1.818219e+00
5.620000e+01 1.086625e+02 9.866251e+00 1.784262e+00
5.630000e+01 1.462696e+02 1.362696e+01 1.548649e+00
5.640000e+01 7.349126e+01 6.349126e+00 1.450322e+00
5.650000e+01 1.137355e+02 1.037355e+01 1.467422e+00
5.660000e+01 1.291239e+02 1.191239e+01 1.293232e+00
5.670000e+01 9.723923e+01 8.723923e+00 1.157140e+00
5.680000e+01 1.161717e+02 1.061717e+01 1.063577e+00
5.690000e+01 1.415730e+02 1.315730e+01 7.851052e-01
5.700000e+01 1.338473e+02 1.238473e+01 4.542279e-01
5.710000e+01 6.577280e+01 5.577280e+00 4.317882e-01
5.720000e+01 1.056174e+02 9.561741e+00 5.466142e-01
5.730000e+01 9.796335e+01 8.796335e+00 5.367563e-01
5.740000e+01 1.356309e+02 1.256309e+01 3.326681e-01
5.750000e+01 1.876222e+02 1.776222e+01 -2.236855e-01
5.760000e+01 1.070320e+02 9.703203e+00 -6.852205e-01
5.770000e+01 1.302885e+02 1.202885e+01 -9.148838e-01
5.780000e+01 1.341335e+02 1.241335e+01 -1.212041e+00
5.790000e+01 1.092546e+02 9.925460e+00 -1.406946e+00
5.800000e+01 6.825642e+01 5.825642e+00 -1.335142e+00
5.810000e+01 1.307366e+02 1.207366e+01 -1.357122e+00
5.820000e+01 1.433107e+02 1.333107e+01 -1.674662e+00
5.830000e+01 9.960693e+01 8.960693e+00 -1.882664e+00
5.840000e+01 9.380109e+01 8.380109e+00 -1.879091e+00
5.850000e+01 1.074868e+02 9.748680e+00 -1.866598e+00
5.860000e+01 6.736746e+01 5.736746e+00 -1.740548e+00
5.870000e+01 8.141913e+01 7.141913e+00 -1.510197e+00
5.880000e+01 9.217957e+01 8.217957e+00 -1.365152e+00
5.890000e+01 8.316746e+01 7.316746e+00 -1.233576e+00
5.900000e+01 7.287866e+01 6.287866e+00 -1.013676e+00
5.910000e+01 6.496536e+01 5.496536e+00 -7.176107e-01
5.920000e+01 8.938439e+01 7.938439e+00 -5.099587e-01
5.930000e+01 1.228368e+02 1.128368e+01 -5.451524e-01
5.940000e+01 9.115074e+01 8.115074e+00 -5.904051e-01
5.950000e+01 7.754325e+01 6.754325e+00 -4.817908e-01
5.960000e+01 1.427829e+02 1.327829e+01 -5.900397e-01
5.970000e+01 1.428932e+02 1.328932e+01 -9.661153e-01
5.980000e+01 1.002572e+02 9.025724e+00 -1.189308e+00
5.990000e+01 1.131648e+02 1.031648e+01 -1.285664e+00
6.000000e+01 1.242937e+02 1.142937e+01 -1.430467e+00
6.010000e+01 5.760189e+01 4.760189e+00 -1.352687e+00
6.020000e+01 9.081360e+01 8.081360e+00 -1.126316e+00
6.030000e+01 9.611598e+01 8.611598e+00 -1.072595e+00
6.040000e+01 1.551561e+02 1.451561e+01 -1.305209e+00
6.050000e+01 1.049263e+02 9.492632e+00 -1.566656e+00
6.060000e+01 8.260102e+01 7.260102e+00 -1.524646e+00
6.070000e+01 7.255305e+01 6.255305e+00 -1.331688e+00
6.080000e+01 1.216099e+02 1.116099e+01 -1.304033e+00
6.090000e+01 1.117260e+02 1.017260e+01 -1.432451e+00
6.100000e+01 8.310564e+01 7.310564e+00 -1.412667e+00
6.110000e+01 8.099058e+01 7.099058e+00 -1.251272e+00
6.120000e+01 9.382588e+01 8.382588e+00 -1.131861e+00
6.130000e+01 1.070120e+02 9.701201e+00 -1.132093e+00
6.140000e+01 1.130109e+02 1.030109e+01 -1.230846e+00
6.150000e+01 1.187273e+02 1.087273e+01 -1.368131e+00
6.160000e+01 7.869214e+01 6.869214e+00 -1.355263e+00
6.170000e+01 9.106877e+01 8.106877e+00 -1.252461e+00
6.180000e+01 1.454100e+02 1.354100e+01 -1.404768e+00
6.190000e+01 1.000599e+02 9.005994e+00 -1.603701e+00
6.200000e+01 9.091047e+01 8.091047e+00 -1.575630e+00
6.210000e+01 8.078367e+01 7.078367e+00 -1.456559e+00
6.220000e+01 1.223885e+02 1.123885e+01 -1.472564e+00
6.230000e+01 1.120108e+02 1.020108e+01 -1.625657e+00
6.240000e+01 1.182995e+02 1.082995e+01 -1.800570e+00
6.250000e+01 1.554941e+02 1.454941e+01 -2.177353e+00
6.260000e+01 1.731817e+02 1.631817e+01 -2.775066e+00
6.270000e+01 1.208227e+02 1.108227e+01 -3.262643e+00
6.280000e+01 1.669956e+02 1.569956e+01 -3.706957e+00
6.290000e+01 1.257876e+02 1.157876e+01 -4.151820e+00
6.300000e+01 1.375840e+02 1.275840e+01 -4.490234e+00
6.310000e+01 1.369658e+02 1.269658e+01 -4.868673e+00
6.320000e+01 1.680735e+02 1.580735e+01 -5.398080e+00
6.330000e+01 1.682053e+02 1.582053e+01 -6.040156e+00
6.340000e+01 1.179956e+02 1.079956e+01 -6.464456e+00
6.350000e+01 1.011528e+02 9.115278e+00 -6.587454e+00
6.360000e+01 1.080073e+02 9.800727e+00 -6.634974e+00
6.370000e+01 9.640716e+01 8.640716e+00 -6.639586e+00
6.380000e+01 6.759341e+01 5.759341e+00 -6.469014e+00
6.390000e+01 8.009587e+01 7.009587e+00 -6.247660e+00
6.400000e+01 1.346414e+02 1.246414e+01 -6.305954e+00
6.410000e+01 1.142750e+02 1.042750e+01 -6.510033e+00
6.420000e+01 8.534082e+01 7.534082e+00 -6.526367e+00
6.430000e+01 9.574878e+01 8.574878e+00 -6.437613e+00
6.440000e+01 8.420168e+01 7.420168e+00 -6.338506e+00
6.450000e+01 9.674340e+01 8.674340e+00 -6.244799e+00
6.460000e+01 9.224237e+01 8.224237e+00 -6.209313e+00
6.470000e+01 1.473027e+02 1.373027e+01 -6.408490e+00
6.480000e+01 1.389984e+02 1.289984e+01 -6.789919e+00
6.490000e+01 9.455028e+01 8.455028e+00 -6.979277e+00
6.500000e+01 1.258244e+02 1.158244e+01 -7.100104e+00
6.510000e+01 1.178925e+02 1.078925e+01 -7.282936e+00
6.520000e+01 8.465013e+01 7.465013e+00 -7.325592e+00
6.530000e+01 1.316113e+02 1.216113e+01 -7.411245e+00
6.540000e+01 1.118048e+02 1.018048e+01 -7.613919e+00
6.550000e+01 1.284149e+02 1.184149e+01 -7.808182e+00
6.560000e+01 8.719179e+01 7.719179e+00 -7.872737e+00
6.570000e+01 8.489390e+01 7.489390e+00 -7.774755e+00
6.580000e+01 1.213816e+02 1.113816e+01 -7.783530e+00
6.590000e+01 8.135416e+01 7.135416e+00 -7.799246e+00
6.600000e+01 1.205943e+02 1.105943e+01 -7.821946e+00
6.610000e+01 9.708010e+01 8.708010e+00 -7.862734e+00
6.620000e+01 5.249732e+01 4.249732e+00 -7.671008e+00
6.630000e+01 1.485135e+02 1.385135e+01 -7.697050e+00
6.640000e+01 1.494765e+02 1.394765e+01 -8.128446e+00
6.650000e+01 1.255846e+02 1.155846e+01 -8.496468e+00
6.660000e+01 1.023171e+02 9.231713e+00 -8.656607e+00
6.670000e+01 1.283068e+02 1.183068e+01 -8.837179e+00
6.680000e+01 1.582229e+02 1.482229e+01 -9.235248e+00
6.690000e+01 1.153795e+02 1.053795e+01 -9.589607e+00
6.700000e+01 1.137363e+02 1.037363e+01 -9.759610e+00
6.710000e+01 1.208728e+02 1.108728e+01 -9.932356e+00
6.720000e+01 1.180968e+02 1.080968e+01 -1.010545e+01
6.730000e+01 8.458141e+01 7.458141e+00 -1.014107e+01
6.740000e+01 1.229164e+02 1.129164e+01 -1.017730e+01
6.750000e+01 9.107520e+01 8.107520e+00 -1.024471e+01
6.760000e+01 1.250325e+02 1.150325e+01 -1.032910e+01
6.770000e+01 9.482704e+01 8.482704e+00 -1.040488e+01
6.780000e+01 8.688164e+01 7.688164e+00 -1.033859e+01
6.790000e+01 1.046338e+02 9.463379e+00 -1.030811e+01
6.800000e+01 1.288389e+02 1.188389e+01 -1.047394e+01
6.810000e+01 1.370875e+02 1.270875e+01 -1.076984e+01
6.820000e+01 9.217197e+01 8.217197e+00 -1.091404e+01
6.830000e+01 8.995946e+01 7.995946e+00 -1.083799e+01
6.840000e+01 8.076965e+01 7.076965e+00 -1.072358e+01
6.850000e+01 1.417868e+02 1.317868e+01 -1.081184e+01
6.860000e+01 8.403007e+01 7.403007e+00 -1.092102e+01
6.870000e+01 1.030277e+02 9.302771e+00 -1.088257e+01
6.880000e+01 9.898531e+01 8.898531e+00 -1.090716e+01
6.890000e+01 1.529695e+02 1.429695e+01 -1.115781e+01
6.900000e+01 1.251857e+02 1.151857e+01 -1.151574e+01
6.910000e+01 1.097729e+02 9.977292e+00 -1.168868e+01
6.920000e+01 7.357062e+01 6.357062e+00 -1.162207e+01
6.930000e+01 9.850995e+01 8.850995e+00 -1.149859e+01
6.940000e+01 8.993386e+01 7.993386e+00 -1.140830e+01
6.950000e+01 5.795185e+01 4.795185e+00 -1.117699e+01
6.960000e+01 1.010516e+02 9.105165e+00 -1.096880e+01
6.970000e+01 7.016842e+01 6.016842e+00 -1.083214e+01
6.980000e+01 1.334349e+02 1.234349e+01 -1.087873e+01
6.990000e+01 1.522590e+02 1.422590e+01 -1.124955e+01
7.000000e+01 9.739476e+01 8.739476e+00 -1.147353e+01
7.010000e+01 5.920657e+01 4.920657e+00 -1.129018e+01
7.020000e+01 7.787847e+01 6.787847e+00 -1.101037e+01
7.030000e+01 1.174809e+02 1.074809e+01 -1.098388e+01
7.040000e+01 1.325620e+02 1.225620e+01 -1.121748e+01
7.050000e+01 1.330856e+02 1.230856e+01 -1.152509e+01
7.060000e+01 9.870902e+01 8.870902e+00 -1.166586e+01
7.070000e+01 6.210714e+01 5.210714e+00 -1.149481e+01
7.080000e+01 8.160506e+01 7.160506e+00 -1.123752e+01
7.090000e+01 9.372654e+01 8.372654e+00 -1.108568e+01
7.100000e+01 6.201115e+01 5.201115e+00 -1.088578e+01
7.110000e+01 1.169083e+02 1.069083e+01 -1.079636e+01
7.120000e+01 1.127848e+02 1.027848e+01 -1.089729e+01
7.130000e+01 7.580655e+01 6.580655e+00 -1.085142e+01
7.140000e+01 8.255891e+01 7.255891e+00 -1.064159e+01
7.150000e+01 5.320913e+01 4.320913e+00 -1.035411e+01
7.160000e+01 1.286133e+02 1.186133e+01 -1.026118e+01
7.170000e+01 9.272012e+01 8.272012e+00 -1.032217e+01
7.180000e+01 7.485679e+01 6.485679e+00 -1.016936e+01
7.190000e+01 5.080997e+01 4.080997e+00 -9.815012e+00
7.200000e+01 8.003050e+01 7.003050e+00 -9.502791e+00
7.210000e+01 1.213951e+02 1.113951e+01 -9.479006e+00
7.220000e+01 9.068085e+01 8.068085e+00 -9.525764e+00
7.230000e+01 1.000297e+02 9.002966e+00 -9.491317e+00
7.240000e+01 8.689269e+01 7.689269e+00 -9.399194e+00
7.250000e+01 4.531740e+01 3.531740e+00 -9.069915e+00
7.260000e+01 5.162088e+01 4.162088e+00 -8.587467e+00
7.270000e+01 8.522388e+01 7.522388e+00 -8.289002e+00
7.280000e+01 1.261499e+02 1.161499e+01 -8.310375e+00
7.290000e+01 8.699231e+01 7.699231e+00 -8.366999e+00
7.300000e+01 1.071250e+02 9.712499e+00 -8.363753e+00
7.310000e+01 1.203792e+02 1.103792e+01 -8.495983e+00
7.320000e+01 1.309501e+02 1.209501e+01 -8.726942e+00
7.330000e+01 8.482674e+01 7.482674e+00 -8.790205e+00
7.340000e+01 6.575693e+01 5.575693e+00 -8.574371e+00
7.350000e+01 7.978127e+01 6.978127e+00 -8.300967e+00
7.360000e+01 6.927649e+01 5.927649e+00 -8.063624e+00
7.370000e+01 1.157205e+02 1.057205e+01 -7.974540e+00
7.380000e+01 7.247879e+01 6.247879e+00 -7.881207e+00
7.390000e+01 5.149110e+01 4.149110e+00 -7.536829e+00
7.400000e+01 7.970655e+01 6.970655e+00 -7.212254e+00
7.410000e+01 1.026522e+02 9.265224e+00 -7.100383e+00
7.420000e+01 8.201920e+01 7.201920e+00 -7.013018e+00
7.430000e+01 8.099211e+01 7.099211e+00 -6.843138e+00
7.440000e+01 9.098193e+01 8.098193e+00 -6.708994e+00
7.450000e+01 1.046890e+02 9.468899e+00 -6.679870e+00
7.460000e+01 9.719973e+01 8.719973e+00 -6.680677e+00
7.470000e+01 9.566412e+01 8.566412e+00 -6.657958e+00
7.480000e+01 1.067829e+02 9.678285e+00 -6.639533e+00
7.490000e+01 4.559618e+01 3.559618e+00 -6.406280e+00
7.500000e+01 6.449505e+01 5.449505e+00 -5.976202e+00
7.510000e+01 4.329851e+01 3.329851e+00 -5.515637e+00
7.520000e+01 7.614254e+01 6.614254e+00 -5.147391e+00
7.530000e+01 1.137487e+02 1.037487e+01 -5.043719e+00
7.540000e+01 4.596880e+01 3.596880e+00 -4.850452e+00
7.550000e+01 9.527570e+01 8.527570e+00 -4.589172e+00
7.560000e+01 9.204592e+01 8.204592e+00 -4.494571e+00
7.570000e+01 8.250183e+01 7.250183e+00 -4.369519e+00
7.580000e+01 8.277275e+01 7.277275e+00 -4.227567e+00
7.590000e+01 1.397969e+02 1.297969e+01 -4.330064e+00
7.600000e+01 1.139043e+02 1.039043e+01 -4.547233e+00
7.610000e+01 6.508683e+01 5.508683e+00 -4.456541e+00
7.620000e+01 6.331198e+01 5.331198e+00 -4.121549e+00
7.630000e+01 6.611750e+01 5.611750e+00 -3.769136e+00
7.640000e+01 6.961694e+01 5.961694e+00 -3.448366e+00
7.650000e+01 7.122516e+01 6.122516e+00 -3.149576e+00
7.660000e+01 7.539519e+01 6.539519e+00 -2.914275e+00
7.670000e+01 1.411607e+02 1.311607e+01 -2.993755e+00
7.680000e+01 1.378308e+02 1.278308e+01 -3.346017e+00
7.690000e+01 1.087828e+02 9.878275e+00 -3.558493e+00
7.700000e+01 6.163861e+01 5.163861e+00 -3.443618e+00
7.710000e+01 9.971714e+01 8.971714e+00 -3.263157e+00
7.720000e+01 8.560609e+01 7.560609e+00 -3.187187e+00
7.730000e+01 1.182638e+02 1.082638e+01 -3.196327e+00
7.740000e+01 7.875989e+01 6.875989e+00 -3.164603e+00
7.750000e+01 7.840831e+01 6.840831e+00 -2.972455e+00
7.760000e+01 8.695754e+01 7.695754e+00 -2.827874e+00
7.770000e+01 1.470410e+02 1.370410e+01 -2.974493e+00
7.780000e+01 1.040143e+02 9.401427e+00 -3.192197e+00
7.790000e+01 8.716362e+01 7.716362e+00 -3.178057e+00
7.800000e+01 1.024119e+02 9.241187e+00 -3.136904e+00
7.810000e+01 1.062864e+02 9.628636e+00 -3.134369e+00
7.820000e+01 2.694398e+01 1.694398e+00 -2.803616e+00
7.830000e+01 3.906358e+01 2.906358e+00 -2.193505e+00
7.840000e+01 8.966777e+01 7.966777e+00 -1.857906e+00
7.850000e+01 1.485096e+02 1.385096e+01 -2.003346e+00
7.860000e+01 9.888231e+01 8.888231e+00 -2.198912e+00
7.870000e+01 6.883025e+01 5.883025e+00 -2.064613e+00
7.880000e+01 7.064499e+01 6.064499e+00 -1.776355e+00
7.890000e+01 7.661020e+01 6.661020e+00 -1.512617e+00
7.900000e+01 8.063540e+01 7.063540e+00 -1.301402e+00
7.910000e+01 9.105482e+01 8.105482e+00 -1.157248e+00
7.920000e+01 9.064432e+01 8.064432e+00 -1.063676e+00
7.930000e+01 9.171232e+01 8.171232e+00 -9.531336e-01
7.940000e+01 4.529870e+01 3.529870e+00 -6.427758e-01
7.950000e+01 5.684266e+01 4.684266e+00 -1.810195e-01
7.960000e+01 6.866974e+01 5.866974e+00 1.909922e-01
7.970000e+01 8.501619e+01 7.501619e+00 4.322695e-01
7.980000e+01 7.343544e+01 6.343544e+00 6.503492e-01
7.990000e+01 6.981037e+01 5.981037e+00 9.199980e-01
8.000000e+01 8.558678e+01 7.558678e+00 1.142864e+00
8.010000e+01 8.355222e+01 7.355222e+00 1.304269e+00
8.020000e+01 8.701609e+01 7.701609e+00 1.439062e+00
8.030000e+01 1.071739e+02 9.717385e+00 1.479874e+00
8.040000e+01 8.586817e+01 7.586817e+00 1.530452e+00
8.050000e+01 7.257885e+01 6.257885e+00 1.727400e+00
8.060000e+01 7.280522e+01 6.280522e+00 1.991266e+00
8.070000e+01 8.085568e+01 7.085568e+00 2.220705e+00
8.080000e+01 8.908734e+01 7.908734e+00 2.366712e+00
8.090000e+01 1.009182e+02 9.091818e+00 2.439410e+00
8.100000e+01 6.610763e+01 5.610763e+00 2.591700e+00
8.110000e+01 9.848366e+01 8.848366e+00 2.776323e+00
8.120000e+01 4.619324e+01 3.619324e+00 3.068661e+00
8.130000e+01 5.590718e+01 4.590718e+00 3.503407e+00
8.140000e+01 1.102699e+02 1.002699e+01 3.689722e+00
8.150000e+01 9.020872e+01 8.020872e+00 3.715363e+00
8.160000e+01 8.568529e+01 7.568529e+00 3.815891e+00
8.170000e+01 1.011733e+02 9.117330e+00 3.886019e+00
8.180000e+01 9.267034e+01 8.267034e+00 3.914141e+00
8.190000e+01 1.123643e+02 1.023643e+01 3.889803e+00
8.200000e+01 9.911575e+01 8.911575e+00 3.851360e+00
8.210000e+01 8.017383e+01 7.017383e+00 3.951076e+00
8.220000e+01 7.308219e+01 6.308219e+00 4.173127e+00
8.230000e+01 8.007048e+01 7.007048e+00 4.406386e+00
8.240000e+01 7.619739e+01 6.619739e+00 4.625530e+00
8.250000e+01 8.431341e+01 7.431341e+00 4.817716e+00
8.260000e+01 8.668645e+01 7.668645e+00 4.979873e+00
8.270000e+01 6.423027e+01 5.423027e+00 5.210743e+00
8.280000e+01 9.171259e+01 8.171259e+00 5.436033e+00
8.290000e+01 6.041419e+01 5.041419e+00 5.686778e+00
8.300000e+01 6.461093e+01 5.461093e+00 6.047589e+00
8.310000e+01 6.554519e+01 5.554519e+00 6.372080e+00
8.320000e+01 1.213660e+02 1.113660e+01 6.452391e+00
8.330000e+01 9.250505e+01 8.250505e+00 6.394985e+00
8.340000e+01 1.255618e+02 1.155618e+01 6.288901e+00
8.350000e+01 1.176574e+02 1.076574e+01 6.110980e+00
8.360000e+01 8.280683e+01 7.280683e+00 6.079161e+00
8.370000e+01 1.252815e+02 1.152815e+01 6.049569e+00
8.380000e+01 6.928981e+01 5.928981e+00 6.105968e+00
8.390000e+01 5.412942e+01 4.412942e+00 6.455567e+00
8.400000e+01 6.428027e+01 5.428027e+00 6.851041e+00
8.410000e+01 7.940190e+01 6.940190e+00 7.147235e+00
8.420000e+01 6.028890e+01 5.028890e+00 7.448422e+00
8.430000e+01 7.664894e+01 6.664894e+00 7.745196e+00
8.440000e+01 9.740995e+01 8.740995e+00 7.872183e+00
8.450000e+01 1.171547e+02 1.071547e+01 7.833645e+00
8.460000e+01 6.230357e+01 5.230357e+00 7.954992e+00
8.470000e+01 4.564700e+01 3.564700e+00 8.371315e+00
8.480000e+01 8.002664e+01 7.002664e+00 8.738012e+00
8.490000e+01 7.670217e+01 6.670217e+00 8.981015e+00
8.500000e+01 6.114669e+01 5.114669e+00 9.261880e+00
8.510000e+01 1.163920e+02 1.063920e+01 9.372007e+00
8.520000e+01 1.030297e+02 9.302967e+00 9.308833e+00
8.530000e+01 9.869352e+01 8.869352e+00 9.251936e+00
8.540000e+01 1.747828e+02 1.647828e+01 8.900715e+00
8.550000e+01 1.416302e+02 1.316302e+01 8.356081e+00
8.560000e+01 1.329579e+02 1.229579e+01 7.995976e+00
8.570000e+01 6.725518e+01 5.725518e+00 7.987752e+00
8.580000e+01 7.963000e+01 6.963000e+00 8.214411e+00
8.590000e+01 9.458820e+01 8.458820e+00 8.347763e+00
8.600000e+01 1.026582e+02 9.265816e+00 8.379977e+00
8.610000e+01 7.385779e+01 6.385779e+00 8.512077e+00
8.620000e+01 5.305633e+01 4.305633e+00 8.851873e+00
8.630000e+01 7.859210e+01 6.859210e+00 9.177287e+00
8.640000e+01 9.222642e+01 8.222642e+00 9.337973e+00
8.650000e+01 9.720556e+01 8.720556e+00 9.362233e+00
8.660000e+01 1.585031e+02 1.485031e+01 9.122716e+00
8.670000e+01 8.629388e+01 7.629388e+00 8.912929e+00
8.680000e+01 1.149890e+02 1.049890e+01 8.882716e+00
8.690000e+01 8.654938e+01 7.654938e+00 8.887500e+00
8.700000e+01 9.997754e+01 8.997754e+00 8.932506e+00
8.710000e+01 1.119763e+02 1.019763e+01 8.877662e+00
8.720000e+01 1.217973e+02 1.117973e+01 8.711333e+00
8.730000e+01 1.207853e+02 1.107853e+01 8.521187e+00
8.740000e+01 8.644707e+01 7.644707e+00 8.477938e+00
8.750000e+01 9.289332e+01 8.289332e+00 8.589197e+00
8.760000e+01 4.623736e+01 3.623736e+00 8.883051e+00
8.770000e+01 7.665693e+01 6.665693e+00 9.244977e+00
8.780000e+01 8.103742e+01 7.103742e+00 9.457630e+00
8.790000e+01 1.096553e+02 9.965532e+00 9.531623e+00
8.800000e+01 5.047104e+01 4.047104e+00 9.745419e+00
8.810000e+01 6.048019e+01 5.048019e+00 1.011931e+01
8.820000e+01 1.399557e+02 1.299557e+01 1.013809e+01
8.830000e+01 1.224200e+02 1.124200e+01 9.831793e+00
8.840000e+01 1.783712e+02 1.683712e+01 9.353810e+00
8.850000e+01 1.045509e+02 9.455087e+00 8.951974e+00
8.860000e+01 1.353763e+02 1.253763e+01 8.723793e+00
8.870000e+01 1.144714e+02 1.044714e+01 8.487481e+00
8.880000e+01 1.300511e+02 1.200511e+01 8.247392e+00
8.890000e+01 1.337032e+02 1.237032e+01 7.965307e+00
8.900000e+01 7.715575e+01 6.715575e+00 7.911998e+00
8.910000e+01 7.849280e+01 6.849280e+00 8.099386e+00
8.920000e+01 8.682556e+01 7.682556e+00 8.303662e+00
8.930000e+01 3.558060e+01 2.558060e+00 8.667158e+00
8.940000e+01 9.162714e+01 8.162714e+00 9.012438e+00
8.950000e+01 7.919471e+01 6.919471e+00 9.181139e+00
8.960000e+01 9.576020e+01 8.576020e+00 9.289826e+00
8.970000e+01 1.080845e+02 9.808446e+00 9.284006e+00
8.980000e+01 1.048847e+02 9.488474e+00 9.213411e+00
8.990000e+01 1.170647e+02 1.070647e+01 9.138275e+00
9.000000e+01 4.874272e+01 3.874272e+00 9.287799e+00
9.010000e+01 1.036965e+02 9.369655e+00 9.495833e+00
9.020000e+01 9.776475e+01 8.776475e+00 9.510509e+00
9.030000e+01 1.126423e+02 1.026423e+01 9.457904e+00
9.040000e+01 1.039491e+02 9.394915e+00 9.364650e+00
9.050000e+01 1.441605e+02 1.341605e+01 9.115194e+00
9.060000e+01 1.487599e+02 1.387599e+01 8.685364e+00
9.070000e+01 1.156285e+02 1.056285e+01 8.381029e+00
9.080000e+01 8.046457e+01 7.046457e+00 8.374491e+00
9.090000e+01 1.057140e+02 9.571404e+00 8.414036e+00
9.100000e+01 1.309337e+02 1.209337e+01 8.258302e+00
9.110000e+01 1.040664e+02 9.406637e+00 8.086361e+00
9.120000e+01 1.193308e+02 1.093308e+01 7.955780e+00
9.130000e+01 1.209666e+02 1.109666e+01 7.752992e+00
9.140000e+01 1.406081e+02 1.306081e+01 7.458725e+00
9.150000e+01 1.061491e+02 9.614910e+00 7.249682e+00
9.160000e+01 8.784832e+01 7.784832e+00 7.207118e+00
9.170000e+01 1.946602e+02 1.846602e+01 6.819792e+00
9.180000e+01 1.246506e+02 1.146506e+01 6.293805e+00
9.190000e+01 8.812153e+01 7.812153e+00 6.182102e+00
9.200000e+01 1.076478e+02 9.764780e+00 6.181030e+00
9.210000e+01 1.286563e+02 1.186563e+01 5.999279e+00
9.220000e+01 1.503274e+02 1.403274e+01 5.610077e+00
9.230000e+01 1.554281e+02 1.454281e+01 5.101483e+00
9.240000e+01 1.352263e+02 1.252263e+01 4.645697e+00
9.250000e+01 1.403660e+02 1.303660e+01 4.276716e+00
9.260000e+01 9.955250e+01 8.955250e+00 4.091478e+00
9.270000e+01 7.601275e+01 6.601275e+00 4.197986e+00
9.280000e+01 6.758412e+01 5.758412e+00 4.463848e+00
9.290000e+01 8.272398e+01 7.272398e+00 4.703158e+00
9.300000e+01 9.514279e+01 8.514279e+00 4.817891e+00
9.310000e+01 1.006692e+02 9.066918e+00 4.855042e+00
9.320000e+01 7.688397e+01 6.688397e+00 4.972854e+00
9.330000e+01 7.237688e+01 6.237688e+00 5.202574e+00
9.340000e+01 1.000530e+02 9.005304e+00 5.325435e+00
9.350000e+01 1.302468e+02 1.202468e+01 5.184223e+00
9.360000e+01 1.318166e+02 1.218166e+01 4.914320e+00
9.370000e+01 7.274093e+01 6.274093e+00 4.899880e+00
9.380000e+01 6.304789e+01 5.304789e+00 5.156090e+00
9.390000e+01 1.338351e+02 1.238351e+01 5.189297e+00
9.400000e+01 9.522095e+01 8.522095e+00 5.065711e+00
9.410000e+01 1.237826e+02 1.137826e+01 4.939287e+00
9.420000e+01 1.387352e+02 1.287352e+01 4.658346e+00
9.430000e+01 1.131654e+02 1.031654e+01 4.382136e+00
9.440000e+01 1.550166e+02 1.450166e+01 4.038792e+00
9.450000e+01 1.371105e+02 1.271105e+01 3.589095e+00
9.460000e+01 1.583690e+02 1.483690e+01 3.100431e+00
9.470000e+01 1.585501e+02 1.485501e+01 2.537108e+00
9.480000e+01 1.332743e+02 1.232743e+01 2.097636e+00
9.490000e+01 9.659340e+01 8.659340e+00 1.907946e+00
9.500000e+01 1.515979e+02 1.415979e+01 1.666564e+00
9.510000e+01 1.197777e+02 1.097777e+01 1.331301e+00
9.520000e+01 1.301187e+02 1.201187e+01 1.082082e+00
9.530000e+01 8.897271e+01 7.897271e+00 1.002134e+00
9.540000e+01 7.673100e+01 6.673100e+00 1.130588e+00
9.550000e+01 1.219345e+02 1.119345e+01 1.135904e+00
9.560000e+01 1.134453e+02 1.034453e+01 9.957013e-01
9.570000e+01 8.864818e+01 7.864818e+00 9.506120e-01
9.580000e+01 1.457147e+02 1.357147e+01 7.791969e-01
9.590000e+01 1.177375e+02 1.077375e+01 5.119466e-01
9.600000e+01 7.460587e+01 6.460587e+00 5.216804e-01
9.610000e+01 1.059968e+02 9.599675e+00 5.735553e-01
9.620000e+01 1.538854e+02 1.438854e+01 3.200479e-01
9.630000e+01 9.633566e+01 8.633566e+00 7.510767e-02
9.640000e+01 1.290491e+02 1.190491e+01 -8.697315e-02
9.650000e+01 1.405216e+02 1.305216e+01 -4.201456e-01
9.660000e+01 1.513479e+02 1.413479e+01 -8.789142e-01
9.670000e+01 1.516407e+02 1.416407e+01 -1.369506e+00
9.680000e+01 1.164969e+02 1.064969e+01 -1.726247e+00
9.690000e+01 1.462803e+02 1.362803e+01 -2.043088e+00
9.700000e+01 1.135063e+02 1.035063e+01 -2.307293e+00
9.710000e+01 7.711033e+01 6.711033e+00 -2.286674e+00
9.720000e+01 9.320181e+01 8.320181e+00 -2.149878e+00
9.730000e+01 8.898429e+01 7.898429e+00 -2.071685e+00
9.740000e+01 1.308018e+02 1.208018e+01 -2.176341e+00
9.750000e+01 1.336257e+02 1.236257e+01 -2.465583e+00
9.760000e+01 1.087724e+02 9.877237e+00 -2.674003e+00
9.770000e+01 9.567723e+01 8.567723e+00 -2.692967e+00
9.780000e+01 7.056932e+01 6.056932e+00 -2.557995e+00
9.790000e+01 1.308590e+02 1.208590e+01 -2.582454e+00
9.800000e+01 1.386865e+02 1.286865e+01 -2.881483e+00
9.810000e+01 9.920161e+01 8.920161e+00 -3.059648e+00
9.820000e+01 7.593668e+01 6.593668e+00 -2.950831e+00
9.830000e+01 7.151414e+01 6.151414e+00 -2.705643e+00
9.840000e+01 8.821807e+01 7.821807e+00 -2.515047e+00
9.850000e+01 1.129987e+02 1.029987e+01 -2.533965e+00
9.860000e+01 1.510058e+02 1.410058e+01 -2.821556e+00
9.870000e+01 1.101967e+02 1.001967e+01 -3.120482e+00
9.880000e+01 1.295338e+02 1.195338e+01 -3.334940e+00
9.890000e+01 1.213120e+02 1.113120e+01 -3.588670e+00
9.900000e+01 1.407070e+02 1.307070e+01 -3.889644e+00
9.910000e+01 1.140860e+02 1.040860e+01 -4.170075e+00
9.920000e+01 1.469829e+02 1.369829e+01 -4.481518e+00
9.930000e+01 1.312705e+02 1.212705e+01 -4.860660e+00
9.940000e+01 1.428940e+02 1.328940e+01 -5.241717e+00
9.950000e+01 1.442568e+02 1.342568e+01 -5.672118e+00
9.960000e+01 1.457655e+02 1.357655e+01 -6.108728e+00
9.970000e+01 1.158574e+02 1.058574e+01 -6.419791e+00
9.980000e+01 1.329917e+02 1.229917e+01 -6.715034e+00
9.990000e+01 2.003574e+02 1.903574e+01 -7.334808e+00
1.000000e+02 1.228683e+02 1.128683e+01 -7.921331e+00
