0.000000e+00 1.831378e+02 1.731378e+01 -7.743153e+00
1.000000e-01 7.983292e+01 6.983292e+00 -8.034720e+00
2.000000e-01 7.488736e+01 6.488736e+00 -7.864535e+00
3.000000e-01 8.666925e+01 7.666925e+00 -7.684397e+00
4.000000e-01 1.161219e+02 1.061219e+01 -7.680875e+00
5.000000e-01 8.569789e+01 7.569789e+00 -7.662784e+00
6.000000e-01 6.167157e+01 5.167157e+00 -7.426404e+00
7.000000e-01 8.302842e+01 7.302842e+00 -7.163069e+00
8.000000e-01 9.380398e+01 8.380398e+00 -7.051522e+00
9.000000e-01 1.225640e+02 1.125640e+01 -7.116082e+00
1.000000e+00 9.486028e+01 8.486028e+00 -7.189460e+00
1.100000e+00 9.739070e+01 8.739070e+00 -7.172994e+00
1.200000e+00 1.080483e+02 9.804826e+00 -7.175569e+00
1.300000e+00 6.413512e+01 5.413512e+00 -7.033312e+00
1.400000e+00 6.593659e+01 5.593659e+00 -6.704651e+00
1.500000e+00 6.818979e+01 5.818979e+00 -6.388033e+00
1.600000e+00 1.003852e+02 9.038515e+00 -6.230286e+00
1.700000e+00 9.934105e+01 8.934105e+00 -6.202877e+00
1.800000e+00 7.167922e+01 6.167922e+00 -6.035287e+00
1.900000e+00 2.821598e+01 1.821598e+00 -5.586831e+00
2.000000e+00 1.106008e+02 1.006008e+01 -5.307802e+00
2.100000e+00 1.235994e+02 1.135994e+01 -5.432013e+00
2.200000e+00 1.138191e+02 1.038191e+01 -5.616589e+00
2.300000e+00 1.092900e+02 9.928998e+00 -5.720073e+00
2.400000e+00 7.487022e+01 6.487022e+00 -5.637340e+00
2.500000e+00 6.400013e+01 5.400013e+00 -5.350097e+00
2.600000e+00 6.671765e+01 5.671765e+00 -5.004370e+00
2.700000e+00 6.400160e+01 5.400160e+00 -4.672044e+00
2.800000e+00 9.378644e+01 8.378644e+00 -4.450779e+00
2.900000e+00 6.840314e+01 5.840314e+00 -4.240990e+00
3.000000e+00 5.711788e+01 4.711788e+00 -3.891239e+00
3.100000e+00 7.735965e+01 6.735965e+00 -3.574344e+00
3.200000e+00 8.870086e+01 7.870086e+00 -3.384516e+00
3.300000e+00 7.200080e+01 6.200080e+00 -3.206701e+00
3.400000e+00 1.206795e+02 1.106795e+01 -3.178933e+00
3.500000e+00 1.183868e+02 1.083868e+01 -3.334984e+00
3.600000e+00 8.793107e+01 7.793107e+00 -3.369274e+00
3.700000e+00 8.631675e+01 7.631675e+00 -3.261288e+00
3.800000e+00 1.039783e+02 9.397831e+00 -3.224805e+00
3.900000e+00 1.250445e+02 1.150445e+01 -3.340034e+00
4.000000e+00 8.036128e+01 7.036128e+00 -3.355211e+00
4.100000e+00 7.550859e+01 6.550859e+00 -3.160075e+00
4.200000e+00 8.496840e+01 7.496840e+00 -2.980422e+00
4.300000e+00 1.227601e+02 1.127601e+01 -3.011513e+00
4.400000e+00 1.093725e+02 9.937246e+00 -3.128238e+00
4.500000e+00 6.008231e+01 5.008231e+00 -2.998094e+00
4.600000e+00 8.567426e+01 7.567426e+00 -2.734767e+00
4.700000e+00 5.844701e+01 4.844701e+00 -2.457734e+00
4.800000e+00 9.413363e+01 8.413363e+00 -2.242570e+00
4.900000e+00 1.090160e+02 9.901602e+00 -2.238368e+00
5.000000e+00 1.039281e+02 9.392807e+00 -2.282578e+00
5.100000e+00 7.426477e+01 6.426477e+00 -2.190686e+00
5.200000e+00 1.058937e+02 9.589366e+00 -2.106586e+00
5.300000e+00 1.024057e+02 9.240566e+00 -2.108358e+00
5.400000e+00 5.753837e+01 4.753837e+00 -1.925661e+00
5.500000e+00 9.006314e+01 8.006314e+00 -1.705104e+00
5.600000e+00 1.321457e+02 1.221457e+01 -1.791955e+00
5.700000e+00 1.125593e+02 1.025593e+01 -1.968181e+00
5.800000e+00 5.303132e+01 4.303132e+00 -1.806406e+00
5.900000e+00 5.250043e+01 4.250043e+00 -1.371631e+00
6.000000e+00 7.827224e+01 6.827224e+00 -1.044215e+00
6.100000e+00 1.166998e+02 1.066998e+01 -9.858218e-01
6.200000e+00 7.450708e+01 6.450708e+00 -9.334732e-01
6.300000e+00 9.286542e+01 8.286542e+00 -7.855691e-01
6.400000e+00 7.736625e+01 6.736625e+00 -6.266851e-01
6.500000e+00 8.631937e+01 7.631937e+00 -4.751218e-01
6.600000e+00 1.218478e+02 1.118478e+01 -4.828156e-01
6.700000e+00 7.245374e+01 6.245374e+00 -4.674649e-01
6.800000e+00 1.280164e+02 1.180164e+01 -4.699649e-01
6.900000e+00 7.612681e+01 6.612681e+00 -4.645378e-01
7.000000e+00 8.669781e+01 7.669781e+00 -3.199052e-01
7.100000e+00 1.097061e+02 9.970611e+00 -2.804838e-01
7.200000e+00 8.367652e+01 7.367652e+00 -2.371965e-01
7.300000e+00 8.271050e+01 7.271050e+00 -8.890595e-02
7.400000e+00 9.850578e+01 8.850578e+00 2.075661e-03
7.500000e+00 1.017480e+02 9.174796e+00 2.436081e-02
7.600000e+00 7.266966e+01 6.266966e+00 1.358388e-01
7.700000e+00 1.067568e+02 9.675684e+00 2.287837e-01
7.800000e+00 1.002271e+02 9.022709e+00 2.079427e-01
7.900000e+00 1.025353e+02 9.253529e+00 2.147794e-01
8.000000e+00 5.058453e+01 4.058453e+00 4.419634e-01
8.100000e+00 7.433881e+01 6.433881e+00 7.655360e-01
8.200000e+00 1.298302e+02 1.198302e+01 7.589555e-01
8.300000e+00 1.224574e+02 1.124574e+01 5.526431e-01
8.400000e+00 6.478814e+01 5.478814e+00 5.941358e-01
8.500000e+00 9.542687e+01 8.542687e+00 7.795140e-01
8.600000e+00 7.072658e+01 6.072658e+00 9.537882e-01
8.700000e+00 9.403062e+01 8.403062e+00 1.119091e+00
8.800000e+00 9.344951e+01 8.344951e+00 1.170344e+00
8.900000e+00 1.394820e+02 1.294820e+01 1.021295e+00
9.000000e+00 1.072477e+02 9.724770e+00 7.926564e-01
9.100000e+00 1.422719e+02 1.322719e+01 5.364056e-01
9.200000e+00 1.220208e+02 1.120208e+01 2.422352e-01
9.300000e+00 1.014577e+02 9.145770e+00 1.275154e-01
9.400000e+00 7.668053e+01 6.668053e+00 2.003439e-01
9.500000e+00 1.329041e+02 1.229041e+01 1.515488e-01
9.600000e+00 1.108441e+02 1.008441e+01 -4.127950e-02
9.700000e+00 1.164106e+02 1.064106e+01 -1.879587e-01
9.800000e+00 1.054817e+02 9.548172e+00 -2.744700e-01
9.900000e+00 6.775278e+01 5.775278e+00 -1.451909e-01
1.000000e+01 6.452886e+01 5.452886e+00 1.733134e-01
1.010000e+01 6.986047e+01 5.986047e+00 5.037371e-01
1.020000e+01 6.476739e+01 5.476739e+00 8.293974e-01
1.030000e+01 7.518266e+01 6.518266e+00 1.113788e+00
1.040000e+01 1.015051e+02 9.150514e+00 1.238788e+00
1.050000e+01 9.523304e+01 8.523304e+00 1.271032e+00
1.060000e+01 8.339686e+01 7.339686e+00 1.392843e+00
1.070000e+01 4.546914e+01 3.546914e+00 1.733726e+00
1.080000e+01 6.797373e+01 5.797373e+00 2.137684e+00
1.090000e+01 8.834166e+01 7.834166e+00 2.375522e+00
1.100000e+01 7.672164e+01 6.672164e+00 2.546136e+00
1.110000e+01 1.048468e+02 9.484677e+00 2.616386e+00
1.120000e+01 1.385679e+02 1.285679e+01 2.415241e+00
1.130000e+01 1.281446e+02 1.181446e+01 2.128637e+00
1.140000e+01 6.341226e+01 5.341226e+00 2.159689e+00
1.150000e+01 7.251501e+01 6.251501e+00 2.451518e+00
1.160000e+01 7.066008e+01 6.066008e+00 2.732732e+00
1.170000e+01 9.024725e+01 8.024725e+00 2.931512e+00
1.180000e+01 8.060463e+01 7.060463e+00 3.078912e+00
1.190000e+01 9.869725e+01 8.869725e+00 3.171745e+00
1.200000e+01 1.089047e+02 9.890474e+00 3.144872e+00
1.210000e+01 1.029668e+02 9.296677e+00 3.099611e+00
1.220000e+01 8.580656e+01 7.580656e+00 3.133928e+00
1.230000e+01 1.220390e+02 1.120390e+01 3.103787e+00
1.240000e+01 8.325893e+01 7.325893e+00 3.105847e+00
1.250000e+01 6.802106e+01 5.802106e+00 3.305713e+00
1.260000e+01 1.105166e+02 1.005166e+01 3.430414e+00
1.270000e+01 6.491063e+01 5.491063e+00 3.570316e+00
1.280000e+01 7.506632e+01 6.506632e+00 3.831179e+00
1.290000e+01 1.069795e+02 9.697955e+00 3.927083e+00
1.300000e+01 1.082148e+02 9.821477e+00 3.875548e+00
1.310000e+01 8.629293e+01 7.629293e+00 3.904869e+00
1.320000e+01 8.302825e+01 7.302825e+00 4.039710e+00
1.330000e+01 1.008004e+02 9.080042e+00 4.114323e+00
1.340000e+01 1.116566e+02 1.016566e+01 4.067638e+00
1.350000e+01 9.493948e+01 8.493948e+00 4.044117e+00
1.360000e+01 8.944112e+01 7.944112e+00 4.093992e+00
1.370000e+01 1.266860e+02 1.166860e+01 4.029511e+00
1.380000e+01 8.897998e+01 7.897998e+00 3.970483e+00
1.390000e+01 8.939861e+01 7.939861e+00 4.044320e+00
1.400000e+01 1.183305e+02 1.083305e+01 4.010553e+00
1.410000e+01 1.124284e+02 1.024284e+01 3.875850e+00
1.420000e+01 9.964068e+01 8.964068e+00 3.816881e+00
1.430000e+01 8.783956e+01 7.783956e+00 3.875848e+00
1.440000e+01 8.528921e+01 7.528921e+00 3.998831e+00
1.450000e+01 9.623137e+01 8.623137e+00 4.097572e+00
1.460000e+01 8.158006e+01 7.158006e+00 4.215388e+00
1.470000e+01 7.778233e+01 6.778233e+00 4.409841e+00
1.480000e+01 8.303541e+01 7.303541e+00 4.593650e+00
1.490000e+01 1.041927e+02 9.419270e+00 4.660817e+00
1.500000e+01 1.089949e+02 9.899489e+00 4.580226e+00
1.510000e+01 1.528511e+02 1.428511e+01 4.306154e+00
1.520000e+01 8.336197e+01 7.336197e+00 4.147194e+00
1.530000e+01 8.053618e+01 7.053618e+00 4.296512e+00
1.540000e+01 7.287332e+01 6.287332e+00 4.521677e+00
1.550000e+01 9.301049e+01 8.301049e+00 4.699861e+00
1.560000e+01 6.312210e+01 5.312210e+00 4.943086e+00
1.570000e+01 4.295249e+01 3.295249e+00 5.362041e+00
1.580000e+01 1.166930e+02 1.066930e+01 5.542125e+00
1.590000e+01 1.475525e+02 1.375525e+01 5.250440e+00
1.600000e+01 1.563585e+02 1.463585e+01 4.766513e+00
1.610000e+01 1.044776e+02 9.447764e+00 4.476426e+00
1.620000e+01 8.469903e+01 7.469903e+00 4.490732e+00
1.630000e+01 1.205123e+02 1.105123e+01 4.430880e+00
1.640000e+01 1.708090e+02 1.608090e+01 4.017432e+00
1.650000e+01 1.158269e+02 1.058269e+01 3.619693e+00
1.660000e+01 8.849901e+01 7.849901e+00 3.573363e+00
1.670000e+01 8.141470e+01 7.141470e+00 3.711084e+00
1.680000e+01 8.425777e+01 7.425777e+00 3.890888e+00
1.690000e+01 6.258894e+01 5.258894e+00 4.150832e+00
1.700000e+01 7.784189e+01 6.784189e+00 4.441939e+00
1.710000e+01 6.698665e+01 5.698665e+00 4.737239e+00
1.720000e+01 4.650835e+01 3.650835e+00 5.150553e+00
1.730000e+01 7.666635e+01 6.666635e+00 5.507588e+00
1.740000e+01 1.142323e+02 1.042323e+01 5.564760e+00
1.750000e+01 1.224100e+02 1.124100e+01 5.400985e+00
1.760000e+01 1.103097e+02 1.003097e+01 5.271729e+00
1.770000e+01 4.365618e+01 3.365618e+00 5.501438e+00
1.780000e+01 3.500302e+01 2.500302e+00 6.057685e+00
1.790000e+01 7.876833e+01 6.876833e+00 6.465394e+00
1.800000e+01 1.217385e+02 1.117385e+01 6.495679e+00
1.810000e+01 9.823003e+01 8.823003e+00 6.412828e+00
1.820000e+01 9.903369e+01 8.903369e+00 6.426270e+00
1.830000e+01 7.480534e+01 6.480534e+00 6.553356e+00
1.840000e+01 8.355883e+01 7.355883e+00 6.757102e+00
1.850000e+01 7.312025e+01 6.312025e+00 6.954811e+00
1.860000e+01 1.206842e+02 1.106842e+01 6.992223e+00
1.870000e+01 9.667405e+01 8.667405e+00 6.924736e+00
1.880000e+01 1.040138e+02 9.401376e+00 6.915276e+00
1.890000e+01 8.914579e+01 7.914579e+00 6.946479e+00
1.900000e+01 1.053951e+02 9.539513e+00 6.968941e+00
1.910000e+01 1.014394e+02 9.143943e+00 6.931006e+00
1.920000e+01 1.252302e+02 1.152302e+01 6.804748e+00
1.930000e+01 1.073677e+02 9.736772e+00 6.637122e+00
1.940000e+01 1.419761e+02 1.319761e+01 6.385257e+00
1.950000e+01 1.278089e+02 1.178089e+01 6.070893e+00
1.960000e+01 9.592659e+01 8.592659e+00 5.936297e+00
1.970000e+01 1.091289e+02 9.912888e+00 5.896499e+00
1.980000e+01 1.151672e+02 1.051672e+01 5.755855e+00
1.990000e+01 1.719663e+02 1.619663e+01 5.316430e+00
2.000000e+01 1.777365e+02 1.677365e+01 4.632213e+00
2.010000e+01 9.703203e+01 8.703203e+00 4.276687e+00
2.020000e+01 6.454256e+01 5.454256e+00 4.408868e+00
2.030000e+01 1.056357e+02 9.563572e+00 4.555359e+00
2.040000e+01 8.960298e+01 7.960298e+00 4.581922e+00
2.050000e+01 1.278607e+02 1.178607e+01 4.475793e+00
2.060000e+01 1.452198e+02 1.352198e+01 4.141723e+00
2.070000e+01 1.170794e+02 1.070794e+01 3.852979e+00
2.080000e+01 8.796408e+01 7.796408e+00 3.794264e+00
2.090000e+01 1.240668e+02 1.140668e+01 3.738881e+00
2.100000e+01 9.214687e+01 8.214687e+00 3.656120e+00
2.110000e+01 1.326765e+02 1.226765e+01 3.523404e+00
2.120000e+01 1.113858e+02 1.013858e+01 3.337964e+00
2.130000e+01 8.534737e+01 7.534737e+00 3.339153e+00
2.140000e+01 8.793301e+01 7.793301e+00 3.471595e+00
2.150000e+01 6.776392e+01 5.776392e+00 3.693699e+00
2.160000e+01 7.393361e+01 6.393361e+00 3.958432e+00
2.170000e+01 1.084412e+02 9.844124e+00 4.047463e+00
2.180000e+01 1.176139e+02 1.076139e+01 3.925535e+00
2.190000e+01 1.274903e+02 1.174903e+01 3.733557e+00
2.200000e+01 6.477541e+01 5.477541e+00 3.772021e+00
2.210000e+01 7.964673e+01 6.964673e+00 3.995604e+00
2.220000e+01 1.270600e+02 1.170600e+01 3.982691e+00
2.230000e+01 9.951757e+01 8.951757e+00 3.897095e+00
2.240000e+01 5.286899e+01 4.286899e+00 4.084804e+00
2.250000e+01 1.276347e+02 1.176347e+01 4.153866e+00
2.260000e+01 1.395852e+02 1.295852e+01 3.876058e+00
2.270000e+01 9.439182e+01 8.439182e+00 3.724907e+00
2.280000e+01 5.952932e+01 4.952932e+00 3.932534e+00
2.290000e+01 6.382718e+01 5.382718e+00 4.291083e+00
2.300000e+01 8.695467e+01 7.695467e+00 4.526481e+00
2.310000e+01 1.131548e+02 1.031548e+01 4.549372e+00
2.320000e+01 8.707492e+01 7.707492e+00 4.558844e+00
2.330000e+01 9.004929e+01 8.004929e+00 4.656149e+00
2.340000e+01 9.712665e+01 8.712665e+00 4.726360e+00
2.350000e+01 8.687947e+01 7.687947e+00 4.826642e+00
2.360000e+01 5.257538e+01 4.257538e+00 5.115089e+00
2.370000e+01 7.214123e+01 6.214123e+00 5.471568e+00
2.380000e+01 8.161735e+01 7.161735e+00 5.702569e+00
2.390000e+01 1.067552e+02 9.675515e+00 5.757880e+00
2.400000e+01 1.161773e+02 1.061773e+01 5.667749e+00
2.410000e+01 9.269405e+01 8.269405e+00 5.617950e+00
2.420000e+01 1.105737e+02 1.005737e+01 5.591789e+00
2.430000e+01 1.049016e+02 9.490158e+00 5.537795e+00
2.440000e+01 7.580164e+01 6.580164e+00 5.630492e+00
2.450000e+01 7.995508e+01 6.995508e+00 5.820085e+00
2.460000e+01 1.149672e+02 1.049672e+01 5.854401e+00
2.470000e+01 1.083047e+02 9.830468e+00 5.734438e+00
2.480000e+01 1.435305e+02 1.335305e+01 5.504445e+00
2.490000e+01 7.095720e+01 6.095720e+00 5.455728e+00
2.500000e+01 6.482379e+01 5.482379e+00 5.717402e+00
2.510000e+01 1.051526e+02 9.515258e+00 5.888249e+00
2.520000e+01 7.057110e+01 6.057110e+00 6.005233e+00
2.530000e+01 1.133948e+02 1.033948e+01 6.088353e+00
2.540000e+01 7.042070e+01 6.042070e+00 6.186422e+00
2.550000e+01 8.368745e+01 7.368745e+00 6.387054e+00
2.560000e+01 9.357312e+01 8.357312e+00 6.506348e+00
2.570000e+01 1.095878e+02 9.958780e+00 6.458820e+00
2.580000e+01 1.754117e+02 1.654117e+01 6.075635e+00
2.590000e+01 1.015225e+02 9.152252e+00 5.735825e+00
2.600000e+01 7.965984e+01 6.965984e+00 5.760472e+00
2.610000e+01 1.408951e+02 1.308951e+01 5.661599e+00
2.620000e+01 1.202351e+02 1.102351e+01 5.380807e+00
2.630000e+01 1.319321e+02 1.219321e+01 5.103204e+00
2.640000e+01 1.339689e+02 1.239689e+01 4.805582e+00
2.650000e+01 8.931940e+01 7.931940e+00 4.662878e+00
2.660000e+01 1.412188e+02 1.312188e+01 4.497761e+00
2.670000e+01 1.236143e+02 1.136143e+01 4.194673e+00
2.680000e+01 1.370078e+02 1.270078e+01 3.882775e+00
2.690000e+01 1.257113e+02 1.157113e+01 3.598776e+00
2.700000e+01 8.618681e+01 7.618681e+00 3.514086e+00
2.710000e+01 1.233154e+02 1.133154e+01 3.447856e+00
2.720000e+01 1.264442e+02 1.164442e+01 3.218557e+00
2.730000e+01 1.183596e+02 1.083596e+01 3.027184e+00
2.740000e+01 5.569655e+01 4.569655e+00 3.127123e+00
2.750000e+01 1.085062e+02 9.850615e+00 3.279130e+00
2.760000e+01 1.056714e+02 9.567138e+00 3.218242e+00
2.770000e+01 1.432279e+02 1.332279e+01 2.974902e+00
2.780000e+01 1.302552e+02 1.202552e+01 2.627845e+00
2.790000e+01 1.284443e+02 1.184443e+01 2.334467e+00
2.800000e+01 1.034514e+02 9.345145e+00 2.201304e+00
2.810000e+01 5.759313e+01 4.759313e+00 2.350957e+00
2.820000e+01 1.226854e+02 1.126854e+01 2.438772e+00
2.830000e+01 1.000982e+02 9.009822e+00 2.368307e+00
2.840000e+01 7.983962e+01 6.983962e+00 2.448664e+00
2.850000e+01 9.250702e+01 8.250702e+00 2.576741e+00
2.860000e+01 9.301189e+01 8.301189e+00 2.675042e+00
2.870000e+01 5.668722e+01 4.668722e+00 2.904624e+00
2.880000e+01 1.042469e+02 9.424688e+00 3.067528e+00
2.890000e+01 1.345676e+02 1.245676e+01 2.902258e+00
2.900000e+01 1.231146e+02 1.131146e+01 2.644415e+00
2.910000e+01 8.280305e+01 7.280305e+00 2.612982e+00
2.920000e+01 7.916327e+01 6.916327e+00 2.757171e+00
2.930000e+01 1.366937e+02 1.266937e+01 2.670091e+00
2.940000e+01 1.505883e+02 1.405883e+01 2.273455e+00
2.950000e+01 1.249233e+02 1.149233e+01 1.901244e+00
2.960000e+01 1.226115e+02 1.126115e+01 1.655935e+00
2.970000e+01 1.077071e+02 9.770712e+00 1.524228e+00
2.980000e+01 7.166947e+01 6.166947e+00 1.596572e+00
2.990000e+01 1.201234e+02 1.101234e+01 1.617337e+00
3.000000e+01 1.284582e+02 1.184582e+01 1.398490e+00
3.010000e+01 1.263220e+02 1.163220e+01 1.145334e+00
3.020000e+01 8.817505e+01 7.817505e+00 1.058926e+00
3.030000e+01 1.177358e+02 1.077358e+01 1.008872e+00
3.040000e+01 1.146712e+02 1.046712e+01 8.878795e-01
3.050000e+01 7.160317e+01 6.160317e+00 9.180148e-01
3.060000e+01 1.411933e+02 1.311933e+01 8.440056e-01
3.070000e+01 1.209020e+02 1.109020e+01 5.711872e-01
3.080000e+01 1.123942e+02 1.023942e+01 4.116189e-01
3.090000e+01 6.970899e+01 5.970899e+00 4.984212e-01
3.100000e+01 7.322232e+01 6.322232e+00 7.538724e-01
3.110000e+01 8.956231e+01 7.956231e+00 9.550642e-01
3.120000e+01 6.416244e+01 5.416244e+00 1.203796e+00
3.130000e+01 4.599087e+01 3.599087e+00 1.621722e+00
3.140000e+01 8.680881e+01 7.680881e+00 1.942450e+00
3.150000e+01 9.764036e+01 8.764036e+00 2.064633e+00
3.160000e+01 4.911239e+01 3.911239e+00 2.325053e+00
3.170000e+01 7.226550e+01 6.226550e+00 2.670543e+00
3.180000e+01 1.227310e+02 1.127310e+01 2.708943e+00
3.190000e+01 1.194851e+02 1.094851e+01 2.536139e+00
3.200000e+01 8.951162e+01 7.951162e+00 2.476932e+00
3.210000e+01 1.114935e+02 1.014935e+01 2.464965e+00
3.220000e+01 9.207237e+01 8.207237e+00 2.476885e+00
3.230000e+01 6.168741e+01 5.168741e+00 2.670034e+00
3.240000e+01 1.138196e+02 1.038196e+01 2.799336e+00
3.250000e+01 7.118227e+01 6.118227e+00 2.903685e+00
3.260000e+01 6.671069e+01 5.671069e+00 3.183464e+00
3.270000e+01 8.126879e+01 7.126879e+00 3.442432e+00
3.280000e+01 8.867060e+01 7.867060e+00 3.583451e+00
3.290000e+01 1.199381e+02 1.099381e+01 3.544748e+00
3.300000e+01 1.204665e+02 1.104665e+01 3.345931e+00
3.310000e+01 1.429553e+02 1.329553e+01 3.032726e+00
3.320000e+01 1.347631e+02 1.247631e+01 2.645819e+00
3.330000e+01 1.525105e+02 1.425105e+01 2.218319e+00
3.340000e+01 1.197727e+02 1.097727e+01 1.881017e+00
3.350000e+01 9.224992e+01 8.224992e+00 1.794392e+00
3.360000e+01 1.081163e+02 9.811634e+00 1.796727e+00
3.370000e+01 7.805057e+01 6.805057e+00 1.864857e+00
3.380000e+01 9.725722e+01 8.725722e+00 1.975187e+00
3.390000e+01 9.148845e+01 8.148845e+00 2.044017e+00
3.400000e+01 9.125888e+01 8.125888e+00 2.113617e+00
3.410000e+01 1.147912e+02 1.047912e+01 2.095268e+00
3.420000e+01 8.994088e+01 7.994088e+00 2.090567e+00
3.430000e+01 7.510230e+01 6.510230e+00 2.242642e+00
3.440000e+01 9.815351e+01 8.815351e+00 2.358341e+00
3.450000e+01 1.197195e+02 1.097195e+01 2.298289e+00
3.460000e+01 8.409608e+01 7.409608e+00 2.281030e+00
3.470000e+01 1.000236e+02 9.002357e+00 2.346524e+00
3.480000e+01 8.667295e+01 7.667295e+00 2.438934e+00
3.490000e+01 5.961004e+01 4.961004e+00 2.673907e+00
3.500000e+01 1.079962e+02 9.799624e+00 2.846145e+00
3.510000e+01 6.123361e+01 5.123361e+00 3.030190e+00
3.520000e+01 5.028064e+01 4.028064e+00 3.432232e+00
3.530000e+01 9.100063e+01 8.100063e+00 3.683407e+00
3.540000e+01 1.670890e+02 1.570890e+01 3.444273e+00
3.550000e+01 1.007514e+02 9.075143e+00 3.142554e+00
3.560000e+01 9.611510e+01 8.611510e+00 3.124844e+00
3.570000e+01 8.970293e+01 7.970293e+00 3.206360e+00
3.580000e+01 7.366233e+01 6.366233e+00 3.375153e+00
3.590000e+01 9.486835e+01 8.486835e+00 3.528138e+00
3.600000e+01 8.630918e+01 7.630918e+00 3.642891e+00
3.610000e+01 7.113477e+01 6.113477e+00 3.828419e+00
3.620000e+01 1.132102e+02 1.032102e+01 3.914388e+00
3.630000e+01 8.490732e+01 7.490732e+00 3.939777e+00
3.640000e+01 9.396384e+01 8.396384e+00 4.035961e+00
3.650000e+01 7.980871e+01 6.980871e+00 4.176462e+00
3.660000e+01 7.595566e+01 6.595566e+00 4.375596e+00
3.670000e+01 1.073860e+02 9.738602e+00 4.451161e+00
3.680000e+01 1.169559e+02 1.069559e+01 4.364959e+00
3.690000e+01 7.707936e+01 6.707936e+00 4.389367e+00
3.700000e+01 9.367413e+01 8.367413e+00 4.516752e+00
3.710000e+01 9.771051e+01 8.771051e+00 4.547526e+00
3.720000e+01 1.393820e+02 1.293820e+01 4.386109e+00
3.730000e+01 8.851622e+01 7.851622e+00 4.277992e+00
3.740000e+01 6.703797e+01 5.703797e+00 4.472256e+00
3.750000e+01 6.676158e+01 5.676158e+00 4.803098e+00
3.760000e+01 5.815974e+01 4.815974e+00 5.144688e+00
3.770000e+01 1.316348e+02 1.216348e+01 5.174803e+00
3.780000e+01 1.637170e+02 1.537170e+01 4.744200e+00
3.790000e+01 1.450014e+02 1.350014e+01 4.206898e+00
3.800000e+01 1.514283e+02 1.414283e+01 3.740564e+00
3.810000e+01 9.902273e+01 8.902273e+00 3.492526e+00
3.820000e+01 9.913827e+01 8.913827e+00 3.474986e+00
3.830000e+01 9.840743e+01 8.840743e+00 3.502217e+00
3.840000e+01 7.354652e+01 6.354652e+00 3.632608e+00
3.850000e+01 9.799241e+01 8.799241e+00 3.739606e+00
3.860000e+01 1.373566e+02 1.273566e+01 3.620149e+00
3.870000e+01 4.784125e+01 3.784125e+00 3.695809e+00
3.880000e+01 8.757503e+01 7.757503e+00 3.945231e+00
3.890000e+01 1.415709e+02 1.315709e+01 3.847653e+00
3.900000e+01 9.168912e+01 8.168912e+00 3.700992e+00
3.910000e+01 1.026415e+02 9.264151e+00 3.684770e+00
3.920000e+01 1.395070e+02 1.295070e+01 3.491050e+00
3.930000e+01 1.212427e+02 1.112427e+01 3.202981e+00
3.940000e+01 1.239577e+02 1.139577e+01 2.956671e+00
3.950000e+01 1.499234e+02 1.399234e+01 2.571828e+00
3.960000e+01 1.796113e+02 1.696113e+01 1.970979e+00
3.970000e+01 1.086512e+02 9.865121e+00 1.541787e+00
3.980000e+01 1.097769e+02 9.977691e+00 1.420055e+00
3.990000e+01 9.876508e+01 8.876508e+00 1.373792e+00
4.000000e+01 1.145860e+02 1.045860e+01 1.307588e+00
4.010000e+01 9.590605e+01 8.590605e+00 1.278136e+00
4.020000e+01 7.110686e+01 6.110686e+00 1.413770e+00
4.030000e+01 1.075902e+02 9.759021e+00 1.520428e+00
4.040000e+01 8.795502e+01 7.795502e+00 1.545274e+00
4.050000e+01 1.236490e+02 1.136490e+01 1.463603e+00
4.060000e+01 1.454604e+02 1.354604e+01 1.155207e+00
4.070000e+01 1.063628e+02 9.636281e+00 9.077015e-01
4.080000e+01 1.026619e+02 9.266190e+00 8.326504e-01
4.090000e+01 1.202663e+02 1.102663e+01 7.392533e-01
4.100000e+01 7.624222e+01 6.624222e+00 7.653629e-01
4.110000e+01 7.792565e+01 6.792565e+00 9.574361e-01
4.120000e+01 1.108432e+02 1.008432e+01 1.009050e+00
4.130000e+01 1.245340e+02 1.145340e+01 8.561117e-01
4.140000e+01 1.082842e+02 9.828421e+00 6.896046e-01
4.150000e+01 1.232300e+02 1.132300e+01 5.286601e-01
4.160000e+01 1.145316e+02 1.045316e+01 3.399465e-01
4.170000e+01 1.307250e+02 1.207250e+01 1.174272e-01
4.180000e+01 1.069857e+02 9.698571e+00 -4.646737e-02
4.190000e+01 8.215478e+01 7.215478e+00 -3.879411e-02
4.200000e+01 1.474661e+02 1.374661e+01 -1.766092e-01
4.210000e+01 1.049763e+02 9.497628e+00 -4.016330e-01
4.220000e+01 8.940171e+01 7.940171e+00 -3.744497e-01
4.230000e+01 4.732798e+01 3.732798e+00 -9.151092e-02
4.240000e+01 1.106513e+02 1.006513e+01 7.832540e-02
4.250000e+01 1.511637e+02 1.411637e+01 -1.959517e-01
4.260000e+01 1.449033e+02 1.349033e+01 -6.474012e-01
4.270000e+01 1.166879e+02 1.066879e+01 -9.488666e-01
4.280000e+01 9.314864e+01 8.314864e+00 -1.005146e+00
4.290000e+01 8.466378e+01 7.466378e+00 -9.197870e-01
4.300000e+01 1.112240e+02 1.012240e+01 -8.822792e-01
4.310000e+01 7.490265e+01 6.490265e+00 -8.260408e-01
4.320000e+01 1.280994e+02 1.180994e+01 -8.539519e-01
4.330000e+01 1.139633e+02 1.039633e+01 -1.029517e+00
4.340000e+01 1.007227e+02 9.072267e+00 -1.115125e+00
4.350000e+01 1.039416e+02 9.394163e+00 -1.137167e+00
4.360000e+01 8.987310e+01 7.987310e+00 -1.096103e+00
4.370000e+01 7.329560e+01 6.329560e+00 -9.280212e-01
4.380000e+01 9.602718e+01 8.602718e+00 -8.001212e-01
4.390000e+01 1.327608e+02 1.227608e+01 -9.271265e-01
4.400000e+01 1.186591e+02 1.086591e+01 -1.151767e+00
4.410000e+01 8.602887e+01 7.602887e+00 -1.183647e+00
4.420000e+01 8.626970e+01 7.626970e+00 -1.060395e+00
4.430000e+01 8.819578e+01 7.819578e+00 -9.336774e-01
4.440000e+01 9.058419e+01 8.058419e+00 -8.181997e-01
4.450000e+01 7.624552e+01 6.624552e+00 -6.721919e-01
4.460000e+01 1.220927e+02 1.120927e+01 -6.805244e-01
4.470000e+01 1.384576e+02 1.284576e+01 -9.417406e-01
4.480000e+01 9.714192e+01 8.714192e+00 -1.098365e+00
4.490000e+01 6.449020e+01 5.449020e+00 -9.284221e-01
4.500000e+01 6.968426e+01 5.968426e+00 -6.214085e-01
4.510000e+01 8.765750e+01 7.765750e+00 -4.094600e-01
4.520000e+01 9.672010e+01 8.672010e+00 -3.177500e-01
4.530000e+01 8.639796e+01 7.639796e+00 -2.356165e-01
4.540000e+01 9.958672e+01 8.958672e+00 -1.692767e-01
4.550000e+01 9.122854e+01 8.122854e+00 -9.402585e-02
4.560000e+01 4.746537e+01 3.746537e+00 1.975236e-01
4.570000e+01 6.864866e+01 5.864866e+00 5.906285e-01
4.580000e+01 8.353296e+01 7.353296e+00 8.295776e-01
4.590000e+01 1.074461e+02 9.744608e+00 8.838260e-01
4.600000e+01 1.028319e+02 9.283190e+00 8.363445e-01
4.610000e+01 1.142093e+02 1.042093e+01 7.639102e-01
4.620000e+01 8.377640e+01 7.377640e+00 7.694135e-01
4.630000e+01 1.021103e+02 9.211032e+00 8.432027e-01
4.640000e+01 6.303160e+01 5.303160e+00 1.026239e+00
4.650000e+01 7.068528e+01 6.068528e+00 1.322104e+00
4.660000e+01 9.848539e+01 8.848539e+00 1.498332e+00
4.670000e+01 6.699381e+01 5.699381e+00 1.670744e+00
4.680000e+01 9.841441e+01 8.841441e+00 1.803389e+00
4.690000e+01 1.452833e+02 1.352833e+01 1.614342e+00
4.700000e+01 1.192966e+02 1.092966e+01 1.320130e+00
4.710000e+01 9.720875e+01 8.720875e+00 1.246683e+00
4.720000e+01 5.310499e+01 4.310499e+00 1.469275e+00
4.730000e+01 8.606434e+01 7.606434e+00 1.756554e+00
4.740000e+01 8.118962e+01 7.118962e+00 1.924862e+00
4.750000e+01 1.058001e+02 9.580012e+00 2.001359e+00
4.760000e+01 7.284319e+01 6.284319e+00 2.116019e+00
4.770000e+01 8.812301e+01 7.812301e+00 2.271349e+00
4.780000e+01 1.318380e+02 1.218380e+01 2.194350e+00
4.790000e+01 1.014762e+02 9.147624e+00 2.060261e+00
4.800000e+01 7.794983e+01 6.794983e+00 2.134278e+00
4.810000e+01 1.034416e+02 9.344165e+00 2.217363e+00
4.820000e+01 1.063702e+02 9.637020e+00 2.171384e+00
4.830000e+01 1.251463e+02 1.151463e+01 2.025870e+00
4.840000e+01 9.634723e+01 8.634723e+00 1.945878e+00
4.850000e+01 6.090961e+01 5.090961e+00 2.134586e+00
4.860000e+01 8.303364e+01 7.303364e+00 2.391742e+00
4.870000e+01 9.790859e+01 8.790859e+00 2.506672e+00
4.880000e+01 7.905759e+01 6.905759e+00 2.637854e+00
4.890000e+01 6.280807e+01 5.280807e+00 2.896271e+00
4.900000e+01 1.091857e+02 9.918571e+00 3.035908e+00
4.910000e+01 9.279164e+01 8.279164e+00 3.057610e+00
4.920000e+01 8.002932e+01 7.002932e+00 3.165566e+00
4.930000e+01 1.103904e+02 1.003904e+01 3.236103e+00
4.940000e+01 5.539955e+01 4.539955e+00 3.413815e+00
4.950000e+01 7.457177e+01 6.457177e+00 3.726058e+00
4.960000e+01 9.198539e+01 8.198539e+00 3.921609e+00
4.970000e+01 5.758801e+01 4.758801e+00 4.181346e+00
4.980000e+01 6.152863e+01 5.152863e+00 4.542405e+00
4.990000e+01 1.137070e+02 1.037070e+01 4.679833e+00
5.000000e+01 9.289610e+01 8.289610e+00 4.676740e+00
5.010000e+01 7.834511e+01 6.834511e+00 4.821264e+00
5.020000e+01 5.606763e+01 4.606763e+00 5.124008e+00
5.030000e+01 9.400615e+01 8.400615e+00 5.371727e+00
5.040000e+01 8.094006e+01 7.094006e+00 5.494551e+00
5.050000e+01 1.231822e+02 1.131822e+01 5.482410e+00
5.060000e+01 8.697916e+01 7.697916e+00 5.455482e+00
5.070000e+01 8.485696e+01 7.485696e+00 5.572006e+00
5.080000e+01 8.922753e+01 7.922753e+00 5.717106e+00
5.090000e+01 6.604169e+01 5.604169e+00 5.918249e+00
5.100000e+01 1.125563e+02 1.025563e+01 6.027912e+00
5.110000e+01 8.187627e+01 7.187627e+00 6.091040e+00
5.120000e+01 5.926713e+01 4.926713e+00 6.355769e+00
5.130000e+01 8.854555e+01 7.854555e+00 6.587039e+00
5.140000e+01 1.333663e+02 1.233663e+01 6.482361e+00
5.150000e+01 1.512302e+02 1.412302e+01 6.101302e+00
5.160000e+01 9.864701e+01 8.864701e+00 5.883222e+00
5.170000e+01 6.140812e+01 5.140812e+00 6.005016e+00
5.180000e+01 1.586067e+02 1.486067e+01 5.931296e+00
5.190000e+01 7.774611e+01 6.774611e+00 5.774974e+00
5.200000e+01 1.228819e+02 1.128819e+01 5.735045e+00
5.210000e+01 1.083808e+02 9.838082e+00 5.603240e+00
5.220000e+01 1.136025e+02 1.036025e+01 5.483791e+00
5.230000e+01 1.109733e+02 1.009733e+01 5.368624e+00
5.240000e+01 9.996406e+01 8.996406e+00 5.329456e+00
5.250000e+01 6.958206e+01 5.958206e+00 5.441097e+00
5.260000e+01 1.468709e+02 1.368709e+01 5.334922e+00
5.270000e+01 1.584151e+02 1.484151e+01 4.888418e+00
5.280000e+01 7.143254e+01 6.143254e+00 4.749585e+00
5.290000e+01 5.768550e+01 4.768550e+00 5.039074e+00
5.300000e+01 1.061984e+02 9.619838e+00 5.213354e+00
5.310000e+01 1.149960e+02 1.049960e+01 5.125680e+00
5.320000e+01 1.219742e+02 1.119742e+01 4.956298e+00
5.330000e+01 9.601798e+01 8.601798e+00 4.863673e+00
5.340000e+01 1.075541e+02 9.755414e+00 4.838986e+00
5.350000e+01 9.435567e+01 8.435567e+00 4.839495e+00
5.360000e+01 8.733100e+01 7.733100e+00 4.925145e+00
5.370000e+01 8.623436e+01 7.623436e+00 5.047393e+00
5.380000e+01 9.959082e+01 8.959082e+00 5.126385e+00
5.390000e+01 8.413784e+01 7.413784e+00 5.198538e+00
5.400000e+01 1.209572e+02 1.109572e+01 5.147621e+00
5.410000e+01 1.514913e+02 1.414913e+01 4.831736e+00
5.420000e+01 9.282332e+01 8.282332e+00 4.627260e+00
5.430000e+01 8.758324e+01 7.758324e+00 4.684434e+00
5.440000e+01 1.067445e+02 9.674453e+00 4.726391e+00
5.450000e+01 8.534944e+01 7.534944e+00 4.758216e+00
5.460000e+01 1.115577e+02 1.015577e+01 4.783953e+00
5.470000e+01 8.051657e+01 7.051657e+00 4.785593e+00
5.480000e+01 1.794375e+02 1.694375e+01 4.497546e+00
5.490000e+01 1.287864e+02 1.187864e+01 3.977740e+00
5.500000e+01 1.798993e+02 1.698993e+01 3.437659e+00
5.510000e+01 1.159207e+02 1.059207e+01 2.969947e+00
5.520000e+01 1.456570e+02 1.356570e+01 2.660286e+00
5.530000e+01 7.632115e+01 6.632115e+00 2.570075e+00
5.540000e+01 7.816152e+01 6.816152e+00 2.745521e+00
5.550000e+01 1.095835e+02 9.958348e+00 2.813934e+00
5.560000e+01 1.064867e+02 9.648672e+00 2.740325e+00
5.570000e+01 1.258354e+02 1.158354e+01 2.554292e+00
5.580000e+01 1.670575e+02 1.570575e+01 2.123226e+00
5.590000e+01 1.156701e+02 1.056701e+01 1.741215e+00
5.600000e+01 8.798071e+01 7.798071e+00 1.706648e+00
5.610000e+01 6.658106e+01 5.658106e+00 1.917284e+00
5.620000e+01 8.500919e+01 7.500919e+00 2.121841e+00
5.630000e+01 1.412468e+02 1.312468e+01 2.000909e+00
5.640000e+01 1.419235e+02 1.319235e+01 1.605923e+00
5.650000e+01 1.495157e+02 1.395157e+01 1.168613e+00
5.660000e+01 9.947079e+01 8.947079e+00 9.411362e-01
5.670000e+01 8.355854e+01 7.355854e+00 9.489849e-01
5.680000e+01 1.885180e+02 1.785180e+01 5.970311e-01
5.690000e+01 1.563160e+02 1.463160e+01 -4.796925e-02
5.700000e+01 9.301022e+01 8.301022e+00 -2.998143e-01
5.710000e+01 7.069492e+01 6.069492e+00 -1.887907e-01
5.720000e+01 1.558644e+02 1.458644e+01 -3.171705e-01
5.730000e+01 1.272930e+02 1.172930e+01 -6.775191e-01
5.740000e+01 9.343597e+01 8.343597e+00 -7.758277e-01
5.750000e+01 5.276247e+01 4.276247e+00 -5.601344e-01
5.760000e+01 1.341476e+02 1.241476e+01 -5.058502e-01
5.770000e+01 1.115091e+02 1.015091e+01 -6.674114e-01
5.780000e+01 6.426055e+01 5.426055e+00 -5.822607e-01
5.790000e+01 1.049295e+02 9.492946e+00 -4.445750e-01
5.800000e+01 9.769329e+01 8.769329e+00 -4.366554e-01
5.810000e+01 9.377896e+01 8.377896e+00 -3.844708e-01
5.820000e+01 6.664852e+01 5.664852e+00 -2.091379e-01
5.830000e+01 1.119060e+02 1.019060e+01 -1.158833e-01
5.840000e+01 1.089650e+02 9.896505e+00 -1.733299e-01
5.850000e+01 5.832345e+01 4.832345e+00 -6.132391e-03
5.860000e+01 4.562033e+01 3.562033e+00 4.356395e-01
5.870000e+01 7.562575e+01 6.562575e+00 8.285391e-01
5.880000e+01 6.965982e+01 5.965982e+00 1.109565e+00
5.890000e+01 8.815973e+01 7.815973e+00 1.300395e+00
5.900000e+01 1.183005e+02 1.083005e+01 1.289286e+00
5.910000e+01 9.408981e+01 8.408981e+00 1.241909e+00
5.920000e+01 9.371366e+01 8.371366e+00 1.280052e+00
5.930000e+01 1.154661e+02 1.054661e+01 1.228456e+00
5.940000e+01 1.307046e+02 1.207046e+01 1.006789e+00
5.950000e+01 1.285714e+02 1.185714e+01 7.373065e-01
5.960000e+01 8.722388e+01 7.722388e+00 6.496467e-01
5.970000e+01 1.051923e+02 9.519234e+00 6.563882e-01
5.980000e+01 1.246217e+02 1.146217e+01 5.335894e-01
5.990000e+01 9.503692e+01 8.503692e+00 4.341785e-01
6.000000e+01 1.110717e+02 1.010717e+01 3.999418e-01
6.010000e+01 8.977699e+01 7.977699e+00 3.992338e-01
6.020000e+01 9.974733e+01 8.974733e+00 4.480413e-01
6.030000e+01 8.422389e+01 7.422389e+00 5.312040e-01
6.040000e+01 8.983924e+01 7.983924e+00 6.560726e-01
6.050000e+01 8.479407e+01 7.479407e+00 7.711367e-01
6.060000e+01 1.194521e+02 1.094521e+01 7.386690e-01
6.070000e+01 1.319941e+02 1.219941e+01 5.193838e-01
6.080000e+01 8.904040e+01 7.904040e+00 4.194833e-01
6.090000e+01 8.956909e+01 7.956909e+00 4.885042e-01
6.100000e+01 1.277943e+02 1.177943e+01 3.926298e-01
6.110000e+01 1.471921e+02 1.371921e+01 5.615550e-02
6.120000e+01 1.029969e+02 9.299689e+00 -1.768190e-01
6.130000e+01 8.275149e+01 7.275149e+00 -1.346686e-01
6.140000e+01 1.001810e+02 9.018101e+00 -6.475895e-02
6.150000e+01 1.109854e+02 1.009854e+01 -8.767907e-02
6.160000e+01 6.365407e+01 5.365407e+00 3.038382e-02
6.170000e+01 9.234567e+01 8.234567e+00 2.183219e-01
6.180000e+01 1.120358e+02 1.020358e+01 2.031965e-01
6.190000e+01 1.315618e+02 1.215618e+01 -2.614986e-04
6.200000e+01 1.120449e+02 1.020449e+01 -1.923022e-01
6.210000e+01 8.350720e+01 7.350720e+00 -2.048190e-01
6.220000e+01 1.307586e+02 1.207586e+01 -2.813645e-01
6.230000e+01 1.193418e+02 1.093418e+01 -5.164961e-01
6.240000e+01 1.283602e+02 1.183602e+01 -7.260617e-01
6.250000e+01 5.543348e+01 4.543348e+00 -6.512099e-01
6.260000e+01 7.738127e+01 6.738127e+00 -3.456601e-01
6.270000e+01 7.044236e+01 6.044236e+00 -9.257551e-02
6.280000e+01 1.138901e+02 1.038901e+01 -1.221741e-02
6.290000e+01 1.025538e+02 9.255377e+00 -8.923311e-02
6.300000e+01 1.321851e+02 1.221851e+01 -2.435421e-01
6.310000e+01 7.659796e+01 6.659796e+00 -2.827198e-01
6.320000e+01 1.041623e+02 9.416226e+00 -2.335841e-01
6.330000e+01 1.375699e+02 1.275699e+01 -4.090655e-01
6.340000e+01 1.034676e+02 9.346760e+00 -5.930696e-01
6.350000e+01 8.527608e+01 7.527608e+00 -5.486591e-01
6.360000e+01 8.014104e+01 7.014104e+00 -4.022192e-01
6.370000e+01 1.121243e+02 1.021243e+01 -3.349546e-01
6.380000e+01 5.510388e+01 4.510388e+00 -1.811603e-01
6.390000e+01 1.055020e+02 9.550198e+00 -2.884063e-03
6.400000e+01 8.452218e+01 7.452218e+00 7.291813e-02
6.410000e+01 8.765365e+01 7.765365e+00 1.960689e-01
6.420000e+01 9.633865e+01 8.633865e+00 2.649938e-01
6.430000e+01 1.238685e+02 1.138685e+01 1.773830e-01
6.440000e+01 1.055188e+02 9.551879e+00 3.794795e-02
6.450000e+01 1.123170e+02 1.023170e+01 -4.337379e-02
6.460000e+01 8.181449e+01 7.181449e+00 -3.950506e-02
6.470000e+01 1.404823e+02 1.304823e+01 -1.523912e-01
6.480000e+01 1.131835e+02 1.031835e+01 -3.979524e-01
6.490000e+01 1.261323e+02 1.161323e+01 -5.982406e-01
6.500000e+01 9.978702e+01 8.978702e+00 -7.251102e-01
6.510000e+01 1.151648e+02 1.051648e+01 -8.241509e-01
6.520000e+01 1.314508e+02 1.214508e+01 -1.029919e+00
6.530000e+01 9.733962e+01 8.733962e+00 -1.182541e+00
6.540000e+01 1.295509e+02 1.195509e+01 -1.336450e+00
6.550000e+01 1.331057e+02 1.231057e+01 -1.625194e+00
6.560000e+01 1.186928e+02 1.086928e+01 -1.881072e+00
6.570000e+01 1.066789e+02 9.667888e+00 -1.995290e+00
6.580000e+01 7.126852e+01 6.126852e+00 -1.905787e+00
6.590000e+01 9.980923e+01 8.980923e+00 -1.766802e+00
6.600000e+01 7.969430e+01 6.969430e+00 -1.655013e+00
6.610000e+01 8.668219e+01 7.668219e+00 -1.478383e+00
6.620000e+01 5.181123e+01 4.181123e+00 -1.192770e+00
6.630000e+01 1.021140e+02 9.211405e+00 -9.563337e-01
6.640000e+01 5.422781e+01 4.422781e+00 -7.218533e-01
6.650000e+01 7.956565e+01 6.956565e+00 -4.370101e-01
6.660000e+01 1.202653e+02 1.102653e+01 -4.204362e-01
6.670000e+01 1.199419e+02 1.099419e+01 -6.011553e-01
6.680000e+01 1.116720e+02 1.016720e+01 -7.476353e-01
6.690000e+01 8.316411e+01 7.316411e+00 -7.171242e-01
6.700000e+01 6.749350e+01 5.749350e+00 -4.942415e-01
6.710000e+01 9.040716e+01 8.040716e+00 -2.990135e-01
6.720000e+01 1.093813e+02 9.938126e+00 -2.860702e-01
6.730000e+01 1.060207e+02 9.602066e+00 -3.460999e-01
6.740000e+01 9.075039e+01 8.075039e+00 -3.428324e-01
6.750000e+01 1.080868e+02 9.808682e+00 -3.241445e-01
6.760000e+01 6.978475e+01 5.978475e+00 -2.193271e-01
6.770000e+01 1.014561e+02 9.145611e+00 -1.006528e-01
6.780000e+01 1.140380e+02 1.040380e+01 -1.690194e-01
6.790000e+01 1.331416e+02 1.231416e+01 -4.057297e-01
6.800000e+01 1.394940e+02 1.294940e+01 -7.455356e-01
6.810000e+01 1.136926e+02 1.036926e+01 -1.026610e+00
6.820000e+01 1.507032e+02 1.407032e+01 -1.361987e+00
6.830000e+01 1.457454e+02 1.357454e+01 -1.797748e+00
6.840000e+01 9.599871e+01 8.599871e+00 -2.043093e+00
6.850000e+01 1.621774e+02 1.521774e+01 -2.355141e+00
6.860000e+01 1.548945e+02 1.448945e+01 -2.890612e+00
6.870000e+01 1.210181e+02 1.110181e+01 -3.268830e+00
6.880000e+01 1.025511e+02 9.255108e+00 -3.398777e+00
6.890000e+01 9.672025e+01 8.672025e+00 -3.402405e+00
6.900000e+01 9.485170e+01 8.485170e+00 -3.359859e+00
6.910000e+01 8.961344e+01 7.961344e+00 -3.283582e+00
6.920000e+01 9.171206e+01 8.171206e+00 -3.197760e+00
6.930000e+01 1.021331e+02 9.213309e+00 -3.162490e+00
6.940000e+01 9.264237e+01 8.264237e+00 -3.119138e+00
6.950000e+01 6.896451e+01 5.896451e+00 -2.943470e+00
6.960000e+01 9.514691e+01 8.514691e+00 -2.788919e+00
6.970000e+01 1.230813e+02 1.130813e+01 -2.862204e+00
6.980000e+01 1.140085e+02 1.040085e+01 -3.031119e+00
6.990000e+01 1.023949e+02 9.239492e+00 -3.105685e+00
7.000000e+01 7.414163e+01 6.414163e+00 -2.981741e+00
7.010000e+01 4.912446e+01 3.912446e+00 -2.609855e+00
7.020000e+01 4.953043e+01 3.953043e+00 -2.131718e+00
7.030000e+01 8.669951e+01 7.669951e+00 -1.816299e+00
7.040000e+01 9.606493e+01 8.606493e+00 -1.709126e+00
7.050000e+01 8.647937e+01 7.647937e+00 -1.608901e+00
7.060000e+01 7.018349e+01 6.018349e+00 -1.417554e+00
7.070000e+01 1.115742e+02 1.015742e+01 -1.326691e+00
7.080000e+01 9.508553e+01 8.508553e+00 -1.329049e+00
7.090000e+01 7.364781e+01 6.364781e+00 -1.186009e+00
7.100000e+01 8.534411e+01 7.534411e+00 -1.011291e+00
7.110000e+01 1.236800e+02 1.136800e+01 -1.019414e+00
7.120000e+01 5.826181e+01 4.826181e+00 -9.103727e-01
7.130000e+01 6.737222e+01 5.737222e+00 -6.276079e-01
7.140000e+01 1.835864e+02 1.735864e+01 -8.712901e-01
7.150000e+01 1.658640e+02 1.558640e+01 -1.511823e+00
7.160000e+01 6.330793e+01 5.330793e+00 -1.691141e+00
7.170000e+01 1.034211e+02 9.342112e+00 -1.569188e+00
7.180000e+01 9.719035e+01 8.719035e+00 -1.550299e+00
7.190000e+01 1.004169e+02 9.041685e+00 -1.540665e+00
7.200000e+01 9.157318e+01 8.157318e+00 -1.496250e+00
7.210000e+01 9.126336e+01 8.126336e+00 -1.423761e+00
7.220000e+01 1.035452e+02 9.354524e+00 -1.374422e+00
7.230000e+01 5.787341e+01 4.787341e+00 -1.185075e+00
7.240000e+01 8.079808e+01 7.079808e+00 -9.215871e-01
7.250000e+01 1.245683e+02 1.145683e+01 -9.410262e-01
7.260000e+01 1.350477e+02 1.250477e+01 -1.206740e+00
7.270000e+01 1.050392e+02 9.503915e+00 -1.386281e+00
7.280000e+01 6.867887e+01 5.867887e+00 -1.268120e+00
7.290000e+01 6.891577e+01 5.891577e+00 -9.937888e-01
7.300000e+01 1.183509e+02 1.083509e+01 -9.500124e-01
7.310000e+01 1.588305e+02 1.488305e+01 -1.295232e+00
7.320000e+01 1.225926e+02 1.125926e+01 -1.676432e+00
7.330000e+01 1.025778e+02 9.257784e+00 -1.810430e+00
7.340000e+01 8.138370e+01 7.138370e+00 -1.744336e+00
7.350000e+01 9.755104e+01 8.755104e+00 -1.665164e+00
7.360000e+01 1.313119e+02 1.213119e+01 -1.794774e+00
7.370000e+01 1.126852e+02 1.026852e+01 -1.974074e+00
7.380000e+01 6.620841e+01 5.620841e+00 -1.903271e+00
7.390000e+01 1.137222e+02 1.037222e+01 -1.814140e+00
7.400000e+01 9.460354e+01 8.460354e+00 -1.833242e+00
7.410000e+01 9.443644e+01 8.443644e+00 -1.770802e+00
7.420000e+01 5.934639e+01 4.934639e+00 -1.565216e+00
7.430000e+01 1.156683e+02 1.056683e+01 -1.459314e+00
7.440000e+01 1.186851e+02 1.086851e+01 -1.602774e+00
7.450000e+01 1.198417e+02 1.098417e+01 -1.789729e+00
7.460000e+01 1.022735e+02 9.227353e+00 -1.893651e+00
7.470000e+01 9.577214e+01 8.577214e+00 -1.912458e+00
7.480000e+01 1.353059e+02 1.253059e+01 -2.061675e+00
7.490000e+01 1.130220e+02 1.030220e+01 -2.259073e+00
7.500000e+01 6.252934e+01 5.252934e+00 -2.154671e+00
7.510000e+01 7.157381e+01 6.157381e+00 -1.837691e+00
7.520000e+01 4.845671e+01 3.845671e+00 -1.427659e+00
7.530000e+01 4.471329e+01 3.471329e+00 -9.272384e-01
7.540000e+01 9.127240e+01 8.127240e+00 -6.192057e-01
7.550000e+01 1.146716e+02 1.046716e+01 -6.169409e-01
7.560000e+01 8.920745e+01 7.920745e+00 -6.064545e-01
7.570000e+01 5.308916e+01 4.308916e+00 -3.601050e-01
7.580000e+01 1.113735e+02 1.013735e+01 -1.872629e-01
7.590000e+01 8.632415e+01 7.632415e+00 -1.405036e-01
7.600000e+01 7.712430e+01 6.712430e+00 1.764869e-02
7.610000e+01 9.497284e+01 8.497284e+00 1.572408e-01
7.620000e+01 9.326340e+01 8.326340e+00 2.111398e-01
7.630000e+01 1.183309e+02 1.083309e+01 1.648895e-01
7.640000e+01 8.871121e+01 7.871121e+00 1.520018e-01
7.650000e+01 7.077190e+01 6.077190e+00 3.264672e-01
7.660000e+01 9.566294e+01 8.566294e+00 4.935356e-01
7.670000e+01 8.222690e+01 7.222690e+00 6.133458e-01
7.680000e+01 9.442843e+01 8.442843e+00 7.003456e-01
7.690000e+01 1.350408e+02 1.250408e+01 5.758119e-01
7.700000e+01 1.077383e+02 9.773825e+00 3.612140e-01
7.710000e+01 1.413449e+02 1.313449e+01 1.298578e-01
7.720000e+01 8.507174e+01 7.507174e+00 -1.729204e-03
7.730000e+01 1.212000e+02 1.112000e+01 -5.739343e-02
7.740000e+01 1.075679e+02 9.756786e+00 -1.754287e-01
7.750000e+01 1.057807e+02 9.578069e+00 -2.841176e-01
7.760000e+01 1.658048e+02 1.558048e+01 -6.072270e-01
7.770000e+01 9.348052e+01 8.348052e+00 -8.620392e-01
7.780000e+01 6.567613e+01 5.567613e+00 -6.927442e-01
7.790000e+01 6.100369e+01 5.100369e+00 -3.398572e-01
7.800000e+01 7.002822e+01 6.002822e+00 -1.186144e-03
7.810000e+01 8.247246e+01 7.247246e+00 2.203457e-01
7.820000e+01 1.255129e+02 1.155129e+01 1.824666e-01
7.830000e+01 1.333404e+02 1.233404e+01 -9.129230e-02
7.840000e+01 1.289498e+02 1.189498e+01 -3.807029e-01
7.850000e+01 8.976971e+01 7.976971e+00 -4.938563e-01
7.860000e+01 1.304214e+02 1.204214e+01 -6.287006e-01
7.870000e+01 1.557274e+02 1.457274e+01 -1.016051e+00
7.880000e+01 1.159340e+02 1.059340e+01 -1.388618e+00
7.890000e+01 1.641879e+02 1.541879e+01 -1.795128e+00
7.900000e+01 1.268311e+02 1.168311e+01 -2.184525e+00
7.910000e+01 4.823128e+01 3.823128e+00 -2.107561e+00
7.920000e+01 1.072344e+02 9.723444e+00 -1.933579e+00
7.930000e+01 1.287950e+02 1.187950e+01 -2.059192e+00
7.940000e+01 8.573562e+01 7.573562e+00 -2.143933e+00
7.950000e+01 1.240113e+02 1.140113e+01 -2.212300e+00
7.960000e+01 1.232270e+02 1.132270e+01 -2.432479e+00
7.970000e+01 1.284580e+02 1.184580e+01 -2.673472e+00
7.980000e+01 8.652311e+01 7.652311e+00 -2.744351e+00
7.990000e+01 8.628770e+01 7.628770e+00 -2.636284e+00
8.000000e+01 1.019599e+02 9.195986e+00 -2.582580e+00
8.010000e+01 1.165521e+02 1.065521e+01 -2.663995e+00
8.020000e+01 1.049524e+02 9.495238e+00 -2.751022e+00
8.030000e+01 7.623024e+01 6.623024e+00 -2.662425e+00
8.040000e+01 7.501339e+01 6.501339e+00 -2.433958e+00
8.050000e+01 7.942676e+01 6.942676e+00 -2.206680e+00
8.060000e+01 8.325945e+01 7.325945e+00 -2.027628e+00
8.070000e+01 1.036298e+02 9.362978e+00 -1.963330e+00
8.080000e+01 1.084616e+02 9.846156e+00 -2.007671e+00
8.090000e+01 9.433682e+01 8.433682e+00 -2.012977e+00
8.100000e+01 7.854036e+01 6.854036e+00 -1.888104e+00
8.110000e+01 9.367149e+01 8.367149e+00 -1.785005e+00
8.120000e+01 1.473609e+02 1.373609e+01 -1.954720e+00
8.130000e+01 9.069371e+01 8.069371e+00 -2.121003e+00
8.140000e+01 9.405049e+01 8.405049e+00 -2.075278e+00
8.150000e+01 9.188606e+01 8.188606e+00 -1.985285e+00
8.160000e+01 6.533583e+01 5.533583e+00 -1.793622e+00
8.170000e+01 1.085301e+02 9.853011e+00 -1.682734e+00
8.180000e+01 1.215473e+02 1.115473e+01 -1.803280e+00
8.190000e+01 1.092776e+02 9.927761e+00 -1.969756e+00
8.200000e+01 1.395784e+02 1.295784e+01 -2.201295e+00
8.210000e+01 9.930048e+01 8.930048e+00 -2.373670e+00
8.220000e+01 8.696072e+01 7.696072e+00 -2.331761e+00
8.230000e+01 9.784776e+01 8.784776e+00 -2.263943e+00
8.240000e+01 1.142322e+02 1.042322e+01 -2.345992e+00
8.250000e+01 1.623790e+02 1.523790e+01 -2.688928e+00
8.260000e+01 9.625438e+01 8.625438e+00 -2.961309e+00
8.270000e+01 9.731102e+01 8.731102e+00 -2.950217e+00
8.280000e+01 7.228192e+01 6.228192e+00 -2.808979e+00
8.290000e+01 1.062454e+02 9.624538e+00 -2.719652e+00
8.300000e+01 1.093076e+02 9.930760e+00 -2.758743e+00
8.310000e+01 7.603209e+01 6.603209e+00 -2.719434e+00
8.320000e+01 1.369216e+02 1.269216e+01 -2.770962e+00
8.330000e+01 8.325210e+01 7.325210e+00 -2.860793e+00
8.340000e+01 1.181314e+02 1.081314e+01 -2.871783e+00
8.350000e+01 6.892172e+01 5.892172e+00 -2.798708e+00
8.360000e+01 9.391301e+01 8.391301e+00 -2.643976e+00
8.370000e+01 1.071082e+02 9.710820e+00 -2.650826e+00
8.380000e+01 1.385291e+02 1.285291e+01 -2.851767e+00
8.390000e+01 8.787715e+01 7.787715e+00 -2.957321e+00
8.400000e+01 6.890113e+01 5.890113e+00 -2.787876e+00
8.410000e+01 1.131357e+02 1.031357e+01 -2.713528e+00
8.420000e+01 1.302419e+02 1.202419e+01 -2.901854e+00
8.430000e+01 1.178262e+02 1.078262e+01 -3.143331e+00
8.440000e+01 1.294617e+02 1.194617e+01 -3.367919e+00
8.450000e+01 9.080365e+01 8.080365e+00 -3.453362e+00
8.460000e+01 6.860266e+01 5.860266e+00 -3.264106e+00
8.470000e+01 6.238594e+01 5.238594e+00 -2.953301e+00
8.480000e+01 1.134443e+02 1.034443e+01 -2.829008e+00
8.490000e+01 1.015503e+02 9.155033e+00 -2.877531e+00
8.500000e+01 9.650608e+01 8.650608e+00 -2.872999e+00
8.510000e+01 9.567768e+01 8.567768e+00 -2.854445e+00
8.520000e+01 1.288342e+02 1.188342e+01 -2.951038e+00
8.530000e+01 7.955214e+01 6.955214e+00 -2.998521e+00
8.540000e+01 1.205439e+02 1.105439e+01 -3.007982e+00
8.550000e+01 8.737380e+01 7.737380e+00 -3.025028e+00
8.560000e+01 8.443814e+01 7.443814e+00 -2.893422e+00
8.570000e+01 7.045864e+01 6.045864e+00 -2.688089e+00
8.580000e+01 1.077545e+02 9.775452e+00 -2.560721e+00
8.590000e+01 6.009990e+01 5.009990e+00 -2.405817e+00
8.600000e+01 1.087743e+02 9.877428e+00 -2.266170e+00
8.610000e+01 9.354196e+01 8.354196e+00 -2.269423e+00
8.620000e+01 1.299779e+02 1.199779e+01 -2.391676e+00
8.630000e+01 1.175215e+02 1.075215e+01 -2.608306e+00
8.640000e+01 1.134922e+02 1.034922e+01 -2.769541e+00
8.650000e+01 1.126918e+02 1.026918e+01 -2.917728e+00
8.660000e+01 1.443985e+02 1.343985e+01 -3.193197e+00
8.670000e+01 1.249981e+02 1.149981e+01 -3.534731e+00
8.680000e+01 1.436892e+02 1.336892e+01 -3.882830e+00
8.690000e+01 1.344164e+02 1.244164e+01 -4.274863e+00
8.700000e+01 1.518639e+02 1.418639e+01 -4.679402e+00
8.710000e+01 8.735957e+01 7.735957e+00 -4.877427e+00
8.720000e+01 1.070327e+02 9.703275e+00 -4.866660e+00
8.730000e+01 7.989153e+01 6.989153e+00 -4.813123e+00
8.740000e+01 1.333768e+02 1.233768e+01 -4.898319e+00
8.750000e+01 1.363403e+02 1.263403e+01 -5.205349e+00
8.760000e+01 1.150636e+02 1.050636e+01 -5.491470e+00
8.770000e+01 1.683908e+02 1.583908e+01 -5.908457e+00
8.780000e+01 1.496152e+02 1.396152e+01 -6.471716e+00
8.790000e+01 1.451362e+02 1.351362e+01 -6.942348e+00
8.800000e+01 1.166324e+02 1.066324e+01 -7.258337e+00
8.810000e+01 1.281876e+02 1.181876e+01 -7.490937e+00
8.820000e+01 1.187093e+02 1.087093e+01 -7.720515e+00
8.830000e+01 1.164242e+02 1.064242e+01 -7.875394e+00
8.840000e+01 6.831785e+01 5.831785e+00 -7.825800e+00
8.850000e+01 1.190405e+02 1.090405e+01 -7.772318e+00
8.860000e+01 9.488182e+01 8.488182e+00 -7.836137e+00
8.870000e+01 1.382648e+02 1.282648e+01 -8.010871e+00
8.880000e+01 1.226642e+02 1.126642e+01 -8.277604e+00
8.890000e+01 9.344731e+01 8.344731e+00 -8.371446e+00
8.900000e+01 9.888136e+01 8.888136e+00 -8.346918e+00
8.910000e+01 1.032398e+02 9.323978e+00 -8.356663e+00
8.920000e+01 1.048630e+02 9.486296e+00 -8.381871e+00
8.930000e+01 7.981045e+01 6.981045e+00 -8.315931e+00
8.940000e+01 1.020988e+02 9.209876e+00 -8.237773e+00
8.950000e+01 1.071469e+02 9.714690e+00 -8.293250e+00
8.960000e+01 1.485911e+02 1.385911e+01 -8.557394e+00
8.970000e+01 1.181053e+02 1.081053e+01 -8.854820e+00
8.980000e+01 8.239274e+01 7.239274e+00 -8.858468e+00
8.990000e+01 5.187907e+01 4.187907e+00 -8.559745e+00
9.000000e+01 8.573350e+01 7.573350e+00 -8.272389e+00
9.010000e+01 1.028904e+02 9.289036e+00 -8.179877e+00
9.020000e+01 7.138295e+01 6.138295e+00 -8.064897e+00
9.030000e+01 1.067151e+02 9.671513e+00 -7.943764e+00
9.040000e+01 5.186663e+01 4.186663e+00 -7.727463e+00
9.050000e+01 7.738408e+01 6.738408e+00 -7.433174e+00
9.060000e+01 1.400378e+02 1.300378e+01 -7.494733e+00
9.070000e+01 1.132162e+02 1.032162e+01 -7.704951e+00
9.080000e+01 5.933666e+01 4.933666e+00 -7.598678e+00
9.090000e+01 9.054925e+01 8.054925e+00 -7.369368e+00
9.100000e+01 8.578898e+01 7.578898e+00 -7.237993e+00
9.110000e+01 9.147699e+01 8.147699e+00 -7.118608e+00
9.120000e+01 7.442698e+01 6.442698e+00 -6.960903e+00
9.130000e+01 1.064281e+02 9.642809e+00 -6.865659e+00
9.140000e+01 9.045623e+01 8.045623e+00 -6.845315e+00
9.150000e+01 1.200648e+02 1.100648e+01 -6.930095e+00
9.160000e+01 1.623278e+02 1.523278e+01 -7.300698e+00
9.170000e+01 1.041388e+02 9.413879e+00 -7.591858e+00
9.180000e+01 6.150060e+01 5.150060e+00 -7.464740e+00
9.190000e+01 8.881055e+01 7.881055e+00 -7.218631e+00
9.200000e+01 5.983742e+01 4.983742e+00 -6.958346e+00
9.210000e+01 8.165593e+01 7.165593e+00 -6.680633e+00
9.220000e+01 8.278051e+01 7.278051e+00 -6.506061e+00
9.230000e+01 1.167751e+02 1.067751e+01 -6.512070e+00
9.240000e+01 1.317873e+02 1.217873e+01 -6.743293e+00
9.250000e+01 1.451224e+02 1.351224e+01 -7.125717e+00
9.260000e+01 1.450901e+02 1.350901e+01 -7.539121e+00
9.270000e+01 8.182055e+01 7.182055e+00 -7.680340e+00
9.280000e+01 9.490102e+01 8.490102e+00 -7.598288e+00
9.290000e+01 1.016225e+02 9.162251e+00 -7.563026e+00
9.300000e+01 8.210226e+01 7.210226e+00 -7.474605e+00
9.310000e+01 7.533163e+01 6.533163e+00 -7.291067e+00
9.320000e+01 1.167698e+02 1.067698e+01 -7.254912e+00
9.330000e+01 1.188653e+02 1.088653e+01 -7.418402e+00
9.340000e+01 1.343264e+02 1.243264e+01 -7.702009e+00
9.350000e+01 1.645814e+02 1.545814e+01 -8.163790e+00
9.360000e+01 1.080562e+02 9.805619e+00 -8.487230e+00
9.370000e+01 5.518565e+01 4.518565e+00 -8.333996e+00
9.380000e+01 5.838648e+01 4.838648e+00 -7.924371e+00
9.390000e+01 6.210939e+01 5.210939e+00 -7.541677e+00
9.400000e+01 9.750510e+01 8.750510e+00 -7.329107e+00
9.410000e+01 7.822712e+01 6.822712e+00 -7.195033e+00
9.420000e+01 9.118758e+01 8.118758e+00 -7.067736e+00
9.430000e+01 1.173677e+02 1.073677e+01 -7.086308e+00
9.440000e+01 8.503636e+01 7.503636e+00 -7.093847e+00
9.450000e+01 9.920569e+01 8.920569e+00 -7.027939e+00
9.460000e+01 9.012962e+01 8.012962e+00 -6.959614e+00
9.470000e+01 7.795375e+01 6.795375e+00 -6.809865e+00
9.480000e+01 8.621345e+01 7.621345e+00 -6.632776e+00
9.490000e+01 7.923257e+01 6.923257e+00 -6.452979e+00
9.500000e+01 7.503461e+01 6.503461e+00 -6.234228e+00
9.510000e+01 8.625815e+01 7.625815e+00 -6.035156e+00
9.520000e+01 7.149920e+01 6.149920e+00 -5.820044e+00
9.530000e+01 7.642607e+01 6.642607e+00 -5.574164e+00
9.540000e+01 9.039727e+01 8.039727e+00 -5.407749e+00
9.550000e+01 9.733073e+01 8.733073e+00 -5.342024e+00
9.560000e+01 9.844602e+01 8.844602e+00 -5.309888e+00
9.570000e+01 8.510557e+01 7.510557e+00 -5.235426e+00
9.580000e+01 9.510943e+01 8.510943e+00 -5.120597e+00
9.590000e+01 5.858746e+01 4.858746e+00 -4.926067e+00
9.600000e+01 1.419502e+02 1.319502e+01 -4.925380e+00
9.610000e+01 9.522768e+01 8.522768e+00 -5.061310e+00
9.620000e+01 8.124279e+01 7.124279e+00 -4.976118e+00
9.630000e+01 9.019008e+01 8.019008e+00 -4.829845e+00
9.640000e+01 7.750079e+01 6.750079e+00 -4.668251e+00
9.650000e+01 8.620535e+01 7.620535e+00 -4.500909e+00
9.660000e+01 1.050120e+02 9.501199e+00 -4.465140e+00
9.670000e+01 1.320174e+02 1.220174e+01 -4.639918e+00
9.680000e+01 1.235150e+02 1.135150e+01 -4.880022e+00
9.690000e+01 7.064328e+01 6.064328e+00 -4.853575e+00
9.700000e+01 6.768615e+01 5.768615e+00 -4.581173e+00
9.710000e+01 9.191785e+01 8.191785e+00 -4.388961e+00
9.720000e+01 1.160381e+02 1.060381e+01 -4.425106e+00
9.730000e+01 1.291536e+02 1.191536e+01 -4.628412e+00
9.740000e+01 1.048348e+02 9.483479e+00 -4.793192e+00
9.750000e+01 1.054377e+02 9.543766e+00 -4.858302e+00
9.760000e+01 1.091687e+02 9.916868e+00 -4.928768e+00
9.770000e+01 1.042074e+02 9.420738e+00 -4.985301e+00
9.780000e+01 9.194999e+01 8.194999e+00 -5.001781e+00
9.790000e+01 1.629282e+02 1.529282e+01 -5.287761e+00
9.800000e+01 1.688126e+02 1.588126e+01 -5.884016e+00
9.810000e+01 1.147646e+02 1.047646e+01 -6.312788e+00
9.820000e+01 1.333280e+02 1.233280e+01 -6.564612e+00
9.830000e+01 1.015722e+02 9.157215e+00 -6.716541e+00
9.840000e+01 8.025003e+01 7.025003e+00 -6.652098e+00
9.850000e+01 1.011629e+02 9.116293e+00 -6.577877e+00
9.860000e+01 1.255355e+02 1.155355e+01 -6.709511e+00
9.870000e+01 1.379990e+02 1.279990e+01 -6.992939e+00
9.880000e+01 9.211197e+01 8.211197e+00 -7.147988e+00
9.890000e+01 1.099614e+02 9.996138e+00 -7.170087e+00
9.900000e+01 8.604713e+01 7.604713e+00 -7.132408e+00
9.910000e+01 7.282757e+01 6.282757e+00 -6.944376e+00
9.920000e+01 8.263525e+01 7.263525e+00 -6.726419e+00
9.930000e+01 7.961206e+01 6.961206e+00 -6.523122e+00
9.940000e+01 6.605824e+01 5.605824e+00 -6.287652e+00
9.950000e+01 1.383407e+02 1.283407e+01 -6.318085e+00
9.960000e+01 1.376541e+02 1.276541e+01 -6.641754e+00
9.970000e+01 9.752841e+01 8.752841e+00 -6.829919e+00
9.980000e+01 1.141543e+02 1.041543e+01 -6.914798e+00
9.990000e+01 1.385445e+02 1.285445e+01 -7.195448e+00
1.000000e+02 1.831378e+02 1.731378e+01 -7.743153e+00
