0.000000e+00 8.925421e+01 7.925421e+00 8.462850e+00
1.000000e-01 1.214686e+02 1.114686e+01 8.450876e+00
2.000000e-01 4.926917e+01 3.926917e+00 8.586193e+00
3.000000e-01 1.033517e+02 9.335173e+00 8.789774e+00
4.000000e-01 9.357935e+01 8.357935e+00 8.850011e+00
5.000000e-01 6.423797e+01 5.423797e+00 9.045044e+00
6.000000e-01 8.293715e+01 7.293715e+00 9.277408e+00
7.000000e-01 1.232454e+02 1.132454e+01 9.257077e+00
8.000000e-01 1.175438e+02 1.075438e+01 9.091411e+00
9.000000e-01 7.811778e+01 6.811778e+00 9.098414e+00
1.000000e+00 1.033182e+02 9.331821e+00 9.158025e+00
1.100000e+00 1.286223e+02 1.186223e+01 9.035104e+00
1.200000e+00 8.324883e+01 7.324883e+00 8.981827e+00
1.300000e+00 8.864873e+01 7.864873e+00 9.116607e+00
1.400000e+00 5.607290e+01 4.607290e+00 9.385980e+00
1.500000e+00 8.069141e+01 7.069141e+00 9.685973e+00
1.600000e+00 7.959992e+01 6.959992e+00 9.897057e+00
1.700000e+00 8.239428e+01 7.239428e+00 1.008770e+01
1.800000e+00 7.361838e+01 6.361838e+00 1.032113e+01
1.900000e+00 5.157056e+01 4.157056e+00 1.068072e+01
2.000000e+00 7.442168e+01 6.442168e+00 1.102924e+01
2.100000e+00 9.483896e+01 8.483896e+00 1.121298e+01
2.200000e+00 5.581757e+01 4.581757e+00 1.147129e+01
2.300000e+00 5.480140e+01 4.480140e+00 1.187561e+01
2.400000e+00 1.005704e+02 9.057037e+00 1.210829e+01
2.500000e+00 8.337159e+01 7.337159e+00 1.221578e+01
2.600000e+00 7.058158e+01 6.058158e+00 1.243990e+01
2.700000e+00 6.488210e+01 5.488210e+00 1.274067e+01
2.800000e+00 1.027594e+02 9.275939e+00 1.288762e+01
2.900000e+00 1.264661e+02 1.164661e+01 1.276959e+01
3.000000e+00 1.047388e+02 9.473878e+00 1.263582e+01
3.100000e+00 7.727330e+01 6.727330e+00 1.271966e+01
3.200000e+00 6.914563e+01 5.914563e+00 1.296345e+01
3.300000e+00 9.403678e+01 8.403678e+00 1.314642e+01
3.400000e+00 8.775528e+01 7.775528e+00 1.325818e+01
3.500000e+00 7.279934e+01 6.279934e+00 1.344326e+01
3.600000e+00 8.601818e+01 7.601818e+00 1.365068e+01
3.700000e+00 7.474485e+01 6.474485e+00 1.383124e+01
3.800000e+00 1.185259e+02 1.085259e+01 1.386707e+01
3.900000e+00 1.044930e+02 9.449303e+00 1.376177e+01
4.000000e+00 1.271718e+02 1.171718e+01 1.360188e+01
4.100000e+00 1.152772e+02 1.052772e+01 1.338893e+01
4.200000e+00 1.360433e+02 1.260433e+01 1.315844e+01
4.300000e+00 6.476411e+01 5.476411e+00 1.317105e+01
4.400000e+00 6.015719e+01 5.015719e+00 1.347572e+01
4.500000e+00 1.342851e+02 1.242851e+01 1.349444e+01
4.600000e+00 1.534365e+02 1.434365e+01 1.310764e+01
4.700000e+00 1.163088e+02 1.063088e+01 1.277962e+01
4.800000e+00 8.439931e+01 7.439931e+00 1.276329e+01
4.900000e+00 7.766067e+01 6.766067e+00 1.292061e+01
5.000000e+00 1.135864e+02 1.035864e+01 1.297442e+01
5.100000e+00 8.839123e+01 7.839123e+00 1.298092e+01
5.200000e+00 9.107727e+01 8.107727e+00 1.307052e+01
5.300000e+00 8.639418e+01 7.639418e+00 1.319900e+01
5.400000e+00 6.141544e+01 5.141544e+00 1.344687e+01
5.500000e+00 8.545295e+01 7.545295e+00 1.368744e+01
5.600000e+00 1.111615e+02 1.011615e+01 1.372610e+01
5.700000e+00 9.230471e+01 8.230471e+00 1.372510e+01
5.800000e+00 7.826629e+01 6.826629e+00 1.387270e+01
5.900000e+00 6.111680e+01 5.111680e+00 1.415248e+01
6.000000e+00 9.526568e+01 8.526568e+00 1.436550e+01
6.100000e+00 9.593964e+01 8.593964e+00 1.440017e+01
6.200000e+00 1.440439e+02 1.340439e+01 1.423344e+01
6.300000e+00 7.244711e+01 6.244711e+00 1.416820e+01
6.400000e+00 9.145972e+01 8.145972e+00 1.429394e+01
6.500000e+00 1.213712e+02 1.113712e+01 1.426073e+01
6.600000e+00 9.593615e+01 8.593615e+00 1.413863e+01
6.700000e+00 1.922707e+02 1.822707e+01 1.369392e+01
6.800000e+00 1.728131e+02 1.628131e+01 1.292206e+01
6.900000e+00 1.579592e+02 1.479592e+01 1.227044e+01
7.000000e+00 1.241347e+02 1.141347e+01 1.185126e+01
7.100000e+00 1.323003e+02 1.223003e+01 1.155768e+01
7.200000e+00 1.167677e+02 1.067677e+01 1.133801e+01
7.300000e+00 7.897751e+01 6.897751e+00 1.133705e+01
7.400000e+00 1.066734e+02 9.667337e+00 1.139156e+01
7.500000e+00 1.080435e+02 9.804352e+00 1.132951e+01
7.600000e+00 1.128305e+02 1.028305e+01 1.123181e+01
7.700000e+00 9.839361e+01 8.839361e+00 1.117466e+01
7.800000e+00 1.043558e+02 9.435582e+00 1.115864e+01
7.900000e+00 9.670829e+01 8.670829e+00 1.114564e+01
8.000000e+00 1.182794e+02 1.082794e+01 1.107174e+01
8.100000e+00 1.107045e+02 1.007045e+01 1.092579e+01
8.200000e+00 1.315737e+02 1.215737e+01 1.072706e+01
8.300000e+00 9.721112e+01 8.721112e+00 1.058451e+01
8.400000e+00 1.175274e+02 1.075274e+01 1.048916e+01
8.500000e+00 1.251957e+02 1.151957e+01 1.028894e+01
8.600000e+00 1.194375e+02 1.094375e+01 1.008472e+01
8.700000e+00 8.202473e+01 7.202473e+00 1.008346e+01
8.800000e+00 6.869442e+01 5.869442e+00 1.029128e+01
8.900000e+00 1.088597e+02 9.885967e+00 1.041230e+01
9.000000e+00 8.019269e+01 7.019269e+00 1.048062e+01
9.100000e+00 1.023658e+02 9.236581e+00 1.051219e+01
9.200000e+00 1.775048e+02 1.675048e+01 1.015450e+01
9.300000e+00 1.204178e+02 1.104178e+01 9.693842e+00
9.400000e+00 1.268929e+02 1.168929e+01 9.449331e+00
9.500000e+00 8.333809e+01 7.333809e+00 9.390042e+00
9.600000e+00 1.125945e+02 1.025945e+01 9.392075e+00
9.700000e+00 1.061712e+02 9.617117e+00 9.302131e+00
9.800000e+00 1.346189e+02 1.246189e+01 9.085302e+00
9.900000e+00 1.480818e+02 1.380818e+01 8.700516e+00
1.000000e+01 1.161151e+02 1.061151e+01 8.395242e+00
1.010000e+01 9.907443e+01 8.907443e+00 8.282154e+00
1.020000e+01 1.385319e+02 1.285319e+01 8.105442e+00
1.030000e+01 1.073563e+02 9.735627e+00 7.868274e+00
1.040000e+01 1.603210e+02 1.503210e+01 7.531234e+00
1.050000e+01 1.203158e+02 1.103158e+01 7.160935e+00
1.060000e+01 1.146690e+02 1.046690e+01 6.939508e+00
1.070000e+01 1.631051e+02 1.531051e+01 6.562918e+00
1.080000e+01 1.286310e+02 1.186310e+01 6.171042e+00
1.090000e+01 4.231303e+01 3.231303e+00 6.273695e+00
1.100000e+01 9.382840e+01 8.382840e+00 6.542402e+00
1.110000e+01 1.175348e+02 1.075348e+01 6.501095e+00
1.120000e+01 1.494562e+02 1.394562e+01 6.155928e+00
1.130000e+01 1.806297e+02 1.706297e+01 5.553148e+00
1.140000e+01 1.126426e+02 1.026426e+01 5.109695e+00
1.150000e+01 9.233213e+01 8.233213e+00 5.054247e+00
1.160000e+01 8.634208e+01 7.634208e+00 5.148090e+00
1.170000e+01 9.980879e+01 8.980879e+00 5.219162e+00
1.180000e+01 8.531495e+01 7.531495e+00 5.314900e+00
1.190000e+01 6.374968e+01 5.374968e+00 5.524610e+00
1.200000e+01 1.385895e+02 1.285895e+01 5.508936e+00
1.210000e+01 1.285982e+02 1.185982e+01 5.207319e+00
1.220000e+01 1.299845e+02 1.199845e+01 4.926883e+00
1.230000e+01 8.679529e+01 7.679529e+00 4.840343e+00
1.240000e+01 9.968275e+01 8.968275e+00 4.876142e+00
1.250000e+01 1.181454e+02 1.081454e+01 4.804333e+00
1.260000e+01 1.031202e+02 9.312025e+00 4.693869e+00
1.270000e+01 1.252450e+02 1.152450e+01 4.554648e+00
1.280000e+01 1.032327e+02 9.323272e+00 4.426950e+00
1.290000e+01 9.744266e+01 8.744266e+00 4.410620e+00
1.300000e+01 9.614182e+01 8.614182e+00 4.457996e+00
1.310000e+01 6.180327e+01 5.180327e+00 4.665783e+00
1.320000e+01 6.749986e+01 5.749986e+00 4.989641e+00
1.330000e+01 9.687913e+01 8.687913e+00 5.161204e+00
1.340000e+01 1.186024e+02 1.086024e+01 5.099896e+00
1.350000e+01 1.152791e+02 1.052791e+01 4.927873e+00
1.360000e+01 1.408402e+02 1.308402e+01 4.648799e+00
1.370000e+01 1.254984e+02 1.154984e+01 4.361091e+00
1.380000e+01 6.469456e+01 5.469456e+00 4.388819e+00
1.390000e+01 8.692907e+01 7.692907e+00 4.614449e+00
1.400000e+01 6.712378e+01 5.712378e+00 4.831974e+00
1.410000e+01 1.196728e+02 1.096728e+01 4.891151e+00
1.420000e+01 1.068004e+02 9.680036e+00 4.799025e+00
1.430000e+01 8.297839e+01 7.297839e+00 4.827084e+00
1.440000e+01 1.096934e+02 9.969339e+00 4.858500e+00
1.450000e+01 1.016705e+02 9.167053e+00 4.809953e+00
1.460000e+01 1.098404e+02 9.984043e+00 4.759135e+00
1.470000e+01 8.560198e+01 7.560198e+00 4.784295e+00
1.480000e+01 9.120151e+01 8.120151e+00 4.883707e+00
1.490000e+01 9.987135e+01 8.987135e+00 4.931981e+00
1.500000e+01 1.011546e+02 9.115459e+00 4.929577e+00
1.510000e+01 1.006650e+02 9.066496e+00 4.934803e+00
1.520000e+01 7.071389e+01 6.071389e+00 5.072222e+00
1.530000e+01 9.394759e+01 8.394759e+00 5.179325e+00
1.540000e+01 2.034605e+02 1.934605e+01 4.725973e+00
1.550000e+01 1.568827e+02 1.468827e+01 3.997762e+00
1.560000e+01 1.070240e+02 9.702405e+00 3.670669e+00
1.570000e+01 6.986426e+01 5.986426e+00 3.747091e+00
1.580000e+01 1.084462e+02 9.844621e+00 3.834519e+00
1.590000e+01 1.198219e+02 1.098219e+01 3.699955e+00
1.600000e+01 1.470707e+02 1.370707e+01 3.375084e+00
1.610000e+01 1.315299e+02 1.215299e+01 3.005532e+00
1.620000e+01 1.102611e+02 1.002611e+01 2.795993e+00
1.630000e+01 8.915252e+01 7.915252e+00 2.802702e+00
1.640000e+01 6.640394e+01 5.640394e+00 3.000581e+00
1.650000e+01 9.477479e+01 8.477479e+00 3.189614e+00
1.660000e+01 8.666966e+01 7.666966e+00 3.290143e+00
1.670000e+01 9.826575e+01 8.826575e+00 3.367034e+00
1.680000e+01 8.691124e+01 7.691124e+00 3.437866e+00
1.690000e+01 1.031421e+02 9.314210e+00 3.492460e+00
1.700000e+01 8.613841e+01 7.613841e+00 3.532416e+00
1.710000e+01 1.254391e+02 1.154391e+01 3.494301e+00
1.720000e+01 6.907986e+01 5.907986e+00 3.524700e+00
1.730000e+01 1.049507e+02 9.495072e+00 3.621865e+00
1.740000e+01 1.131600e+02 1.031600e+01 3.540698e+00
1.750000e+01 1.379052e+02 1.279052e+01 3.285368e+00
1.760000e+01 1.356205e+02 1.256205e+01 2.955897e+00
1.770000e+01 7.986713e+01 6.986713e+00 2.888289e+00
1.780000e+01 5.748671e+01 4.748671e+00 3.158785e+00
1.790000e+01 9.179949e+01 8.179949e+00 3.396522e+00
1.800000e+01 1.107610e+02 1.007610e+01 3.385726e+00
1.810000e+01 1.382620e+02 1.282620e+01 3.165597e+00
1.820000e+01 1.024169e+02 9.241693e+00 2.973593e+00
1.830000e+01 1.052511e+02 9.525113e+00 2.921600e+00
1.840000e+01 9.216275e+01 8.216275e+00 2.947671e+00
1.850000e+01 7.677168e+01 6.677168e+00 3.069939e+00
1.860000e+01 1.341340e+02 1.241340e+01 2.994322e+00
1.870000e+01 1.580514e+02 1.480514e+01 2.592791e+00
1.880000e+01 9.275352e+01 8.275352e+00 2.353909e+00
1.890000e+01 7.790247e+01 6.790247e+00 2.478844e+00
1.900000e+01 5.735740e+01 4.735740e+00 2.784439e+00
1.910000e+01 9.673092e+01 8.673092e+00 2.959703e+00
1.920000e+01 1.811751e+02 1.711751e+01 2.622476e+00
1.930000e+01 1.136751e+02 1.036751e+01 2.194623e+00
1.940000e+01 9.812702e+01 8.812702e+00 2.099066e+00
1.950000e+01 9.726830e+01 8.726830e+00 2.127977e+00
1.960000e+01 7.804513e+01 6.804513e+00 2.245934e+00
1.970000e+01 9.272453e+01 8.272453e+00 2.357656e+00
1.980000e+01 1.442238e+02 1.342238e+01 2.186537e+00
1.990000e+01 1.307950e+02 1.207950e+01 1.845192e+00
2.000000e+01 1.085716e+02 9.857160e+00 1.652971e+00
2.010000e+01 7.967059e+01 6.967059e+00 1.707225e+00
2.020000e+01 7.124153e+01 6.124153e+00 1.928612e+00
2.030000e+01 9.567597e+01 8.567597e+00 2.078369e+00
2.040000e+01 1.218941e+02 1.118941e+01 2.006743e+00
2.050000e+01 1.103547e+02 1.003547e+01 1.867733e+00
2.060000e+01 8.989773e+01 7.989773e+00 1.853984e+00
2.070000e+01 1.020803e+02 9.208034e+00 1.881094e+00
2.080000e+01 1.130055e+02 1.030055e+01 1.802977e+00
2.090000e+01 1.275652e+02 1.175652e+01 1.625574e+00
2.100000e+01 8.632005e+01 7.632005e+00 1.552204e+00
2.110000e+01 1.108303e+02 1.008303e+01 1.533828e+00
2.120000e+01 1.345244e+02 1.245244e+01 1.329949e+00
2.130000e+01 1.121467e+02 1.021467e+01 1.124744e+00
2.140000e+01 7.654761e+01 6.654761e+00 1.156683e+00
2.150000e+01 1.051478e+02 9.514776e+00 1.223443e+00
2.160000e+01 1.247206e+02 1.147206e+01 1.081233e+00
2.170000e+01 1.402233e+02 1.302233e+01 7.738356e-01
2.180000e+01 1.170282e+02 1.070282e+01 5.115256e-01
2.190000e+01 8.299126e+01 7.299126e+00 4.925119e-01
2.200000e+01 1.013306e+02 9.133057e+00 5.397332e-01
2.210000e+01 1.299423e+02 1.199423e+01 4.144623e-01
2.220000e+01 8.760470e+01 7.760470e+00 3.332839e-01
2.230000e+01 1.014364e+02 9.143637e+00 3.637572e-01
2.240000e+01 1.053791e+02 9.537913e+00 3.430050e-01
2.250000e+01 9.862313e+01 8.862313e+00 3.200148e-01
2.260000e+01 1.012560e+02 9.125604e+00 3.315541e-01
2.270000e+01 7.982322e+01 6.982322e+00 3.983147e-01
2.280000e+01 1.349627e+02 1.249627e+01 3.375715e-01
2.290000e+01 8.650729e+01 7.650729e+00 2.567718e-01
2.300000e+01 9.014866e+01 8.014866e+00 3.368630e-01
2.310000e+01 1.153112e+02 1.053112e+01 2.986839e-01
2.320000e+01 1.431794e+02 1.331794e+01 3.876694e-02
2.330000e+01 1.005417e+02 9.054170e+00 -1.722355e-01
2.340000e+01 1.077070e+02 9.770699e+00 -2.189948e-01
2.350000e+01 7.573828e+01 6.573828e+00 -1.413744e-01
2.360000e+01 9.940007e+01 8.940007e+00 -3.434875e-02
2.370000e+01 9.880438e+01 8.880438e+00 -7.585393e-03
2.380000e+01 9.334505e+01 8.334505e+00 1.764700e-02
2.390000e+01 1.150371e+02 1.050371e+01 -1.797354e-02
2.400000e+01 1.017827e+02 9.178268e+00 -1.040233e-01
2.410000e+01 1.227800e+02 1.127800e+01 -2.157207e-01
2.420000e+01 8.739619e+01 7.739619e+00 -2.650540e-01
2.430000e+01 1.038359e+02 9.383587e+00 -2.258384e-01
2.440000e+01 7.668505e+01 6.668505e+00 -1.247699e-01
2.450000e+01 8.993286e+01 7.993286e+00 2.762148e-02
2.460000e+01 8.949846e+01 7.949846e+00 1.382396e-01
2.470000e+01 9.243401e+01 8.243401e+00 2.155715e-01
2.480000e+01 1.173823e+02 1.073823e+01 1.694307e-01
2.490000e+01 1.083250e+02 9.832497e+00 8.191362e-02
2.500000e+01 5.411370e+01 4.411370e+00 2.288884e-01
2.510000e+01 1.326461e+02 1.226461e+01 2.452135e-01
2.520000e+01 1.787257e+02 1.687257e+01 -2.492896e-01
2.530000e+01 1.304358e+02 1.204358e+01 -7.622037e-01
2.540000e+01 1.018470e+02 9.184704e+00 -9.595677e-01
2.550000e+01 1.245484e+02 1.145484e+01 -1.091641e+00
2.560000e+01 9.776531e+01 8.776531e+00 -1.182904e+00
2.570000e+01 8.709528e+01 7.709528e+00 -1.151325e+00
2.580000e+01 1.455984e+02 1.355984e+01 -1.307181e+00
2.590000e+01 1.252384e+02 1.152384e+01 -1.642678e+00
2.600000e+01 1.425685e+02 1.325685e+01 -1.978704e+00
2.610000e+01 1.067083e+02 9.670831e+00 -2.196950e+00
2.620000e+01 7.055451e+01 6.055451e+00 -2.110091e+00
2.630000e+01 8.991944e+01 7.991944e+00 -1.935720e+00
2.640000e+01 1.000607e+02 9.006074e+00 -1.848384e+00
2.650000e+01 4.889599e+01 3.889599e+00 -1.610462e+00
2.660000e+01 9.295297e+01 8.295297e+00 -1.343672e+00
2.670000e+01 8.716357e+01 7.716357e+00 -1.206829e+00
2.680000e+01 6.331242e+01 5.331242e+00 -9.826519e-01
2.690000e+01 9.791003e+01 8.791003e+00 -7.881258e-01
2.700000e+01 7.429210e+01 6.429210e+00 -6.306988e-01
2.710000e+01 7.530484e+01 6.530484e+00 -4.010923e-01
2.720000e+01 8.882627e+01 7.882627e+00 -1.971520e-01
2.730000e+01 4.702233e+01 3.702233e+00 1.039840e-01
2.740000e+01 1.035918e+02 9.359185e+00 3.153060e-01
2.750000e+01 1.300868e+02 1.200868e+01 1.963141e-01
2.760000e+01 9.032214e+01 8.032214e+00 9.524075e-02
2.770000e+01 1.114051e+02 1.014051e+01 5.224391e-02
2.780000e+01 1.386442e+02 1.286442e+01 -1.658407e-01
2.790000e+01 9.352999e+01 8.352999e+00 -3.018498e-01
2.800000e+01 7.356650e+01 6.356650e+00 -2.003536e-01
2.810000e+01 1.606130e+02 1.506130e+01 -3.885259e-01
2.820000e+01 1.702978e+02 1.602978e+01 -9.460642e-01
2.830000e+01 5.569498e+01 4.569498e+00 -1.064893e+00
2.840000e+01 3.671638e+01 2.671638e+00 -6.023175e-01
2.850000e+01 8.374105e+01 7.374105e+00 -2.268495e-01
2.860000e+01 1.165818e+02 1.065818e+01 -1.875129e-01
2.870000e+01 8.209461e+01 7.209461e+00 -1.842476e-01
2.880000e+01 1.164314e+02 1.064314e+01 -1.892540e-01
2.890000e+01 1.058141e+02 9.581406e+00 -2.833915e-01
2.900000e+01 1.075102e+02 9.751023e+00 -3.505280e-01
2.910000e+01 9.421477e+01 8.421477e+00 -3.656092e-01
2.920000e+01 1.162170e+02 1.062170e+01 -4.462267e-01
2.930000e+01 1.593867e+02 1.493867e+01 -8.031754e-01
2.940000e+01 1.357004e+02 1.257004e+01 -1.243453e+00
2.950000e+01 1.077458e+02 9.774585e+00 -1.489541e+00
2.960000e+01 1.356786e+02 1.256786e+01 -1.698176e+00
2.970000e+01 9.455661e+01 8.455661e+00 -1.839791e+00
2.980000e+01 1.034827e+02 9.348268e+00 -1.842695e+00
2.990000e+01 8.225098e+01 7.225098e+00 -1.753191e+00
3.000000e+01 6.324575e+01 5.324575e+00 -1.517476e+00
3.010000e+01 1.191010e+02 1.091010e+01 -1.452507e+00
3.020000e+01 1.475427e+02 1.375427e+01 -1.738948e+00
3.030000e+01 1.058941e+02 9.589413e+00 -1.984283e+00
3.040000e+01 8.289804e+01 7.289804e+00 -1.947046e+00
3.050000e+01 8.079931e+01 7.079931e+00 -1.785641e+00
3.060000e+01 1.052223e+02 9.522234e+00 -1.727013e+00
3.070000e+01 1.296639e+02 1.196639e+01 -1.896806e+00
3.080000e+01 1.400912e+02 1.300912e+01 -2.213583e+00
3.090000e+01 9.779195e+01 8.779195e+00 -2.410930e+00
3.100000e+01 1.261394e+02 1.161394e+01 -2.561639e+00
3.110000e+01 1.417984e+02 1.317984e+01 -2.862844e+00
3.120000e+01 9.833062e+01 8.833062e+00 -3.070092e+00
3.130000e+01 1.205279e+02 1.105279e+01 -3.169306e+00
3.140000e+01 8.492729e+01 7.492729e+00 -3.175249e+00
3.150000e+01 6.889666e+01 5.889666e+00 -2.971007e+00
3.160000e+01 8.662881e+01 7.662881e+00 -2.769066e+00
3.170000e+01 1.225525e+02 1.125525e+01 -2.828399e+00
3.180000e+01 1.651724e+02 1.551724e+01 -3.236867e+00
3.190000e+01 1.365705e+02 1.265705e+01 -3.719397e+00
3.200000e+01 1.200219e+02 1.100219e+01 -4.008613e+00
3.210000e+01 9.934465e+01 8.934465e+00 -4.096100e+00
3.220000e+01 6.155257e+01 5.155257e+00 -3.892030e+00
3.230000e+01 3.230917e+01 2.230917e+00 -3.415792e+00
3.240000e+01 1.052039e+02 9.520393e+00 -3.101679e+00
3.250000e+01 7.705634e+01 6.705634e+00 -2.980434e+00
3.260000e+01 8.368453e+01 7.368453e+00 -2.801234e+00
3.270000e+01 8.776481e+01 7.776481e+00 -2.669728e+00
3.280000e+01 1.164067e+02 1.064067e+01 -2.661702e+00
3.290000e+01 6.093009e+01 5.093009e+00 -2.545190e+00
3.300000e+01 8.347199e+01 7.347199e+00 -2.296577e+00
3.310000e+01 8.616517e+01 7.616517e+00 -2.132179e+00
3.320000e+01 8.675355e+01 7.675355e+00 -1.987891e+00
3.330000e+01 7.041618e+01 6.041618e+00 -1.790337e+00
3.340000e+01 1.060987e+02 9.609865e+00 -1.679252e+00
3.350000e+01 1.027391e+02 9.273908e+00 -1.710807e+00
3.360000e+01 1.169788e+02 1.069788e+01 -1.825169e+00
3.370000e+01 1.410202e+02 1.310202e+01 -2.100480e+00
3.380000e+01 1.238968e+02 1.138968e+01 -2.402847e+00
3.390000e+01 1.015962e+02 9.159615e+00 -2.541724e+00
3.400000e+01 1.012468e+02 9.124681e+00 -2.543900e+00
3.410000e+01 5.926227e+01 4.926227e+00 -2.360433e+00
3.420000e+01 8.918206e+01 7.918206e+00 -2.122866e+00
3.430000e+01 8.880908e+01 7.880908e+00 -1.996797e+00
3.440000e+01 8.854822e+01 7.854822e+00 -1.879177e+00
3.450000e+01 7.657333e+01 6.657333e+00 -1.715604e+00
3.460000e+01 1.021244e+02 9.212435e+00 -1.622942e+00
3.470000e+01 1.164344e+02 1.064344e+01 -1.696657e+00
3.480000e+01 1.055090e+02 9.550902e+00 -1.806329e+00
3.490000e+01 1.166650e+02 1.066650e+01 -1.923927e+00
3.500000e+01 1.186237e+02 1.086237e+01 -2.085926e+00
3.510000e+01 9.613757e+01 8.613757e+00 -2.140084e+00
3.520000e+01 6.095556e+01 5.095556e+00 -1.959162e+00
3.530000e+01 1.082583e+02 9.825826e+00 -1.823583e+00
3.540000e+01 1.135551e+02 1.035551e+01 -1.912018e+00
3.550000e+01 1.225096e+02 1.125096e+01 -2.098165e+00
3.560000e+01 1.339950e+02 1.239950e+01 -2.373109e+00
3.570000e+01 1.261540e+02 1.161540e+01 -2.653724e+00
3.580000e+01 9.171727e+01 8.171727e+00 -2.737019e+00
3.590000e+01 7.516276e+01 6.516276e+00 -2.607491e+00
3.600000e+01 1.145042e+02 1.045042e+01 -2.555718e+00
3.610000e+01 1.006475e+02 9.064753e+00 -2.609670e+00
3.620000e+01 9.484073e+01 8.484073e+00 -2.590762e+00
3.630000e+01 8.412240e+01 7.412240e+00 -2.484879e+00
3.640000e+01 7.841689e+01 6.841689e+00 -2.298501e+00
3.650000e+01 7.125639e+01 6.125639e+00 -2.063068e+00
3.660000e+01 1.034634e+02 9.346338e+00 -1.950718e+00
3.670000e+01 1.217250e+02 1.117250e+01 -2.049776e+00
3.680000e+01 1.047273e+02 9.472731e+00 -2.193877e+00
3.690000e+01 1.369817e+02 1.269817e+01 -2.378680e+00
3.700000e+01 7.113837e+01 6.113837e+00 -2.406633e+00
3.710000e+01 7.938624e+01 6.938624e+00 -2.193690e+00
3.720000e+01 8.017309e+01 7.017309e+00 -1.983060e+00
3.730000e+01 8.126665e+01 7.126665e+00 -1.804034e+00
3.740000e+01 1.071360e+02 9.713605e+00 -1.741734e+00
3.750000e+01 9.780991e+01 8.780991e+00 -1.742418e+00
3.760000e+01 7.402272e+01 6.402272e+00 -1.606358e+00
3.770000e+01 7.011111e+01 6.011111e+00 -1.334352e+00
3.780000e+01 6.945034e+01 5.945034e+00 -1.060469e+00
3.790000e+01 1.215078e+02 1.115078e+01 -9.972237e-01
3.800000e+01 8.593023e+01 7.593023e+00 -1.021026e+00
3.810000e+01 1.108146e+02 1.008146e+01 -1.023460e+00
3.820000e+01 1.062816e+02 9.628160e+00 -1.084229e+00
3.830000e+01 8.532068e+01 7.532068e+00 -1.043098e+00
3.840000e+01 7.538644e+01 6.538644e+00 -8.408030e-01
3.850000e+01 4.366606e+01 3.366606e+00 -4.390821e-01
3.860000e+01 4.450402e+01 3.450402e+00 8.470037e-02
3.870000e+01 9.127744e+01 8.127744e+00 3.828202e-01
3.880000e+01 1.426173e+02 1.326173e+01 2.393035e-01
3.890000e+01 1.299211e+02 1.199211e+01 -7.770996e-02
3.900000e+01 8.505526e+01 7.505526e+00 -1.709043e-01
3.910000e+01 1.058644e+02 9.586437e+00 -1.459427e-01
3.920000e+01 1.067199e+02 9.671986e+00 -2.030026e-01
3.930000e+01 1.181156e+02 1.081156e+01 -3.211732e-01
3.940000e+01 1.022886e+02 9.228856e+00 -4.131862e-01
3.950000e+01 9.496944e+01 8.496944e+00 -4.086575e-01
3.960000e+01 9.300483e+01 8.300483e+00 -3.357916e-01
3.970000e+01 6.264548e+01 5.264548e+00 -1.196336e-01
3.980000e+01 7.338635e+01 6.338635e+00 1.737210e-01
3.990000e+01 1.030037e+02 9.300367e+00 2.791291e-01
4.000000e+01 1.370750e+02 1.270750e+01 1.184985e-01
4.010000e+01 8.378636e+01 7.378636e+00 2.501975e-02
4.020000e+01 9.345454e+01 8.345454e+00 1.118602e-01
4.030000e+01 9.220532e+01 8.220532e+00 1.901559e-01
4.040000e+01 9.819753e+01 8.819753e+00 2.216231e-01
4.050000e+01 1.240704e+02 1.140704e+01 1.329798e-01
4.060000e+01 8.524569e+01 7.524569e+00 9.415092e-02
4.070000e+01 9.395763e+01 8.395763e+00 1.816918e-01
4.080000e+01 8.528700e+01 7.528700e+00 2.913742e-01
4.090000e+01 9.350977e+01 8.350977e+00 3.623113e-01
4.100000e+01 1.499291e+02 1.399291e+01 1.727015e-01
4.110000e+01 1.029501e+02 9.295010e+00 -6.146564e-02
4.120000e+01 9.420849e+01 8.420849e+00 -7.239559e-02
4.130000e+01 1.000766e+02 9.007663e+00 -7.047600e-02
4.140000e+01 1.475208e+02 1.375208e+01 -2.817004e-01
4.150000e+01 9.525757e+01 8.525757e+00 -4.606628e-01
4.160000e+01 6.956033e+01 5.956033e+00 -3.135840e-01
4.170000e+01 7.911509e+01 6.911509e+00 -1.000258e-01
4.180000e+01 1.457646e+02 1.357646e+01 -2.005576e-01
4.190000e+01 1.034485e+02 9.344845e+00 -4.042895e-01
4.200000e+01 8.599770e+01 7.599770e+00 -3.895800e-01
4.210000e+01 1.120526e+02 1.020526e+01 -3.712623e-01
4.220000e+01 8.508155e+01 7.508155e+00 -3.532819e-01
4.230000e+01 1.042125e+02 9.421246e+00 -3.224961e-01
4.240000e+01 1.251363e+02 1.151363e+01 -4.703679e-01
4.250000e+01 1.455118e+02 1.355118e+01 -7.916320e-01
4.260000e+01 9.557526e+01 8.557526e+00 -9.809472e-01
4.270000e+01 8.544449e+01 7.544449e+00 -9.279950e-01
4.280000e+01 1.180631e+02 1.080631e+01 -9.390617e-01
4.290000e+01 1.013969e+02 9.139686e+00 -1.026584e+00
4.300000e+01 1.124261e+02 1.024261e+01 -1.102648e+00
4.310000e+01 1.107799e+02 1.007799e+01 -1.236656e+00
4.320000e+01 1.653284e+02 1.553284e+01 -1.624037e+00
4.330000e+01 1.630865e+02 1.530865e+01 -2.188666e+00
4.340000e+01 6.963660e+01 5.963660e+00 -2.402532e+00
4.350000e+01 1.606218e+02 1.506218e+01 -2.579229e+00
4.360000e+01 1.231281e+02 1.131281e+01 -2.955198e+00
4.370000e+01 1.324122e+02 1.224122e+01 -3.246773e+00
4.380000e+01 1.125163e+02 1.025163e+01 -3.464643e+00
4.390000e+01 1.130984e+02 1.030984e+01 -3.590962e+00
4.400000e+01 8.439424e+01 7.439424e+00 -3.573665e+00
4.410000e+01 8.292359e+01 7.292359e+00 -3.442307e+00
4.420000e+01 1.161360e+02 1.061360e+01 -3.423765e+00
4.430000e+01 8.843921e+01 7.843921e+00 -3.421090e+00
4.440000e+01 6.572539e+01 5.572539e+00 -3.202271e+00
4.450000e+01 6.290596e+01 5.290596e+00 -2.885326e+00
4.460000e+01 1.259374e+02 1.159374e+01 -2.831399e+00
4.470000e+01 1.281475e+02 1.181475e+01 -3.068792e+00
4.480000e+01 1.202109e+02 1.102109e+01 -3.295659e+00
4.490000e+01 8.358032e+01 7.358032e+00 -3.311517e+00
4.500000e+01 7.265699e+01 6.265699e+00 -3.116558e+00
4.510000e+01 8.434167e+01 7.434167e+00 -2.906160e+00
4.520000e+01 9.064251e+01 8.064251e+00 -2.787606e+00
4.530000e+01 1.094315e+02 9.943145e+00 -2.758841e+00
4.540000e+01 5.785766e+01 4.785766e+00 -2.599140e+00
4.550000e+01 8.265507e+01 7.265507e+00 -2.323134e+00
4.560000e+01 7.615911e+01 6.615911e+00 -2.114454e+00
4.570000e+01 9.955731e+01 8.955731e+00 -1.990722e+00
4.580000e+01 8.388810e+01 7.388810e+00 -1.895536e+00
4.590000e+01 8.330168e+01 7.330168e+00 -1.732472e+00
4.600000e+01 6.253851e+01 5.253851e+00 -1.450634e+00
4.610000e+01 5.077514e+01 4.077514e+00 -1.068319e+00
4.620000e+01 1.319084e+02 1.219084e+01 -9.735114e-01
4.630000e+01 1.043023e+02 9.430232e+00 -1.106470e+00
4.640000e+01 8.480146e+01 7.480146e+00 -1.059114e+00
4.650000e+01 6.406411e+01 5.406411e+00 -8.166492e-01
4.660000e+01 8.085936e+01 7.085936e+00 -5.669433e-01
4.670000e+01 1.107404e+02 1.007404e+01 -5.095384e-01
4.680000e+01 1.032228e+02 9.322279e+00 -5.884717e-01
4.690000e+01 1.476282e+02 1.376282e+01 -8.390692e-01
4.700000e+01 1.294066e+02 1.194066e+01 -1.192686e+00
4.710000e+01 1.063786e+02 9.637862e+00 -1.366969e+00
4.720000e+01 7.534905e+01 6.534905e+00 -1.292059e+00
4.730000e+01 8.949629e+01 7.949629e+00 -1.132203e+00
4.740000e+01 9.250142e+01 8.250142e+00 -1.030939e+00
4.750000e+01 8.444317e+01 7.444317e+00 -9.109592e-01
4.760000e+01 7.910427e+01 6.910427e+00 -7.437039e-01
4.770000e+01 9.770812e+01 8.770812e+00 -6.150610e-01
4.780000e+01 7.402039e+01 6.402039e+00 -4.974020e-01
4.790000e+01 1.409068e+02 1.309068e+01 -5.836233e-01
4.800000e+01 1.409287e+02 1.309287e+01 -9.607158e-01
4.810000e+01 1.390152e+02 1.290152e+01 -1.342742e+00
4.820000e+01 9.990226e+01 8.990226e+00 -1.554375e+00
4.830000e+01 1.298176e+02 1.198176e+01 -1.700434e+00
4.840000e+01 8.923402e+01 7.923402e+00 -1.796830e+00
4.850000e+01 1.224697e+02 1.124697e+01 -1.867308e+00
4.860000e+01 1.085417e+02 9.854169e+00 -2.030689e+00
4.870000e+01 1.592926e+02 1.492926e+01 -2.351221e+00
4.880000e+01 1.000620e+02 9.006196e+00 -2.616848e+00
4.890000e+01 9.198388e+01 8.198388e+00 -2.614461e+00
4.900000e+01 1.003308e+02 9.033075e+00 -2.567156e+00
4.910000e+01 8.734410e+01 7.734410e+00 -2.526331e+00
4.920000e+01 1.347991e+02 1.247991e+01 -2.631500e+00
4.930000e+01 1.067430e+02 9.674299e+00 -2.797228e+00
4.940000e+01 6.937258e+01 5.937258e+00 -2.697716e+00
4.950000e+01 7.828683e+01 6.828683e+00 -2.457630e+00
4.960000e+01 9.087967e+01 8.087967e+00 -2.302419e+00
4.970000e+01 9.808145e+01 8.808145e+00 -2.232471e+00
4.980000e+01 7.948073e+01 6.948073e+00 -2.122127e+00
4.990000e+01 9.164301e+01 8.164301e+00 -1.996589e+00
5.000000e+01 1.114191e+02 1.014191e+01 -2.005113e+00
5.010000e+01 1.102504e+02 1.002504e+01 -2.094253e+00
5.020000e+01 8.497694e+01 7.497694e+00 -2.055148e+00
5.030000e+01 5.244793e+01 4.244793e+00 -1.762011e+00
5.040000e+01 6.961217e+01 5.961217e+00 -1.394532e+00
5.050000e+01 8.589825e+01 7.589825e+00 -1.164446e+00
5.060000e+01 8.849314e+01 7.849314e+00 -1.023103e+00
5.070000e+01 7.609209e+01 6.609209e+00 -8.546714e-01
5.080000e+01 9.945612e+01 8.945612e+00 -7.534531e-01
5.090000e+01 1.262520e+02 1.162520e+01 -8.503115e-01
5.100000e+01 8.554252e+01 7.554252e+00 -8.964348e-01
5.110000e+01 8.182675e+01 7.182675e+00 -7.449517e-01
5.120000e+01 6.173686e+01 5.173686e+00 -4.595479e-01
5.130000e+01 6.038505e+01 5.038505e+00 -1.010827e-01
5.140000e+01 1.029117e+02 9.291166e+00 8.003873e-02
5.150000e+01 1.115312e+02 1.015312e+01 1.739720e-02
5.160000e+01 1.328722e+02 1.228722e+01 -1.997105e-01
5.170000e+01 1.264055e+02 1.164055e+01 -4.724616e-01
5.180000e+01 9.327065e+01 8.327065e+00 -5.564948e-01
5.190000e+01 6.481647e+01 5.481647e+00 -4.041969e-01
5.200000e+01 1.448825e+02 1.348825e+01 -4.350022e-01
5.210000e+01 8.158218e+01 7.158218e+00 -5.201128e-01
5.220000e+01 6.555784e+01 5.555784e+00 -2.877540e-01
5.230000e+01 6.191865e+01 5.191865e+00 5.691840e-02
5.240000e+01 9.411134e+01 8.411134e+00 2.628426e-01
5.250000e+01 1.183473e+02 1.083473e+01 2.153630e-01
5.260000e+01 1.184303e+02 1.084303e+01 5.879516e-02
5.270000e+01 8.042196e+01 7.042196e+00 6.869229e-02
5.280000e+01 7.555842e+01 6.555842e+00 2.521557e-01
5.290000e+01 1.089166e+02 9.891661e+00 3.473325e-01
5.300000e+01 7.355655e+01 6.355655e+00 4.413380e-01
5.310000e+01 9.486486e+01 8.486486e+00 5.696888e-01
5.320000e+01 1.196847e+02 1.096847e+01 4.961325e-01
5.330000e+01 1.495951e+02 1.395951e+01 1.485710e-01
5.340000e+01 1.703915e+02 1.603915e+01 -4.181109e-01
5.350000e+01 1.274761e+02 1.174761e+01 -8.918243e-01
5.360000e+01 1.194481e+02 1.094481e+01 -1.168605e+00
5.370000e+01 1.537975e+02 1.437975e+01 -1.497998e+00
5.380000e+01 7.412191e+01 6.412191e+00 -1.613124e+00
5.390000e+01 5.337667e+01 4.337667e+00 -1.278581e+00
5.400000e+01 3.446148e+01 2.446148e+00 -7.479393e-01
5.410000e+01 8.019153e+01 7.019153e+00 -3.158861e-01
5.420000e+01 5.506783e+01 4.506783e+00 1.064107e-02
5.430000e+01 9.411202e+01 8.411202e+00 2.567411e-01
5.440000e+01 8.754604e+01 7.754604e+00 3.420313e-01
5.450000e+01 1.350637e+02 1.250637e+01 2.652719e-01
5.460000e+01 4.975766e+01 3.975766e+00 3.595444e-01
5.470000e+01 6.153737e+01 5.153737e+00 7.568375e-01
5.480000e+01 7.038349e+01 6.038349e+00 1.085297e+00
5.490000e+01 1.148654e+02 1.048654e+01 1.178843e+00
5.500000e+01 7.392046e+01 6.392046e+00 1.270316e+00
5.510000e+01 5.393131e+01 4.393131e+00 1.576432e+00
5.520000e+01 1.171672e+02 1.071672e+01 1.727260e+00
5.530000e+01 9.196555e+01 8.196555e+00 1.702283e+00
5.540000e+01 1.128308e+02 1.028308e+01 1.663742e+00
5.550000e+01 1.112133e+02 1.012133e+01 1.550683e+00
5.560000e+01 1.268762e+02 1.168762e+01 1.341292e+00
5.570000e+01 1.517571e+02 1.417571e+01 9.943015e-01
5.580000e+01 7.965179e+01 6.965179e+00 8.217447e-01
5.590000e+01 1.317126e+02 1.217126e+01 7.426997e-01
5.600000e+01 1.029001e+02 9.290012e+00 6.010154e-01
5.610000e+01 9.853489e+01 8.853489e+00 5.746607e-01
5.620000e+01 1.015513e+02 9.155127e+00 5.734610e-01
5.630000e+01 1.046999e+02 9.469993e+00 5.445898e-01
5.640000e+01 9.863575e+01 8.863575e+00 5.371917e-01
5.650000e+01 8.656395e+01 7.656395e+00 5.977331e-01
5.660000e+01 1.036697e+02 9.366968e+00 6.498858e-01
5.670000e+01 9.453924e+01 8.453924e+00 6.299592e-01
5.680000e+01 1.675299e+02 1.575299e+01 3.330881e-01
5.690000e+01 1.305960e+02 1.205960e+01 -1.280526e-01
5.700000e+01 1.423777e+02 1.323777e+01 -5.038341e-01
5.710000e+01 1.177832e+02 1.077832e+01 -7.816368e-01
5.720000e+01 8.565870e+01 7.565870e+00 -8.020171e-01
5.730000e+01 6.664691e+01 5.664691e+00 -5.877726e-01
5.740000e+01 8.724008e+01 7.724008e+00 -3.618754e-01
5.750000e+01 8.141975e+01 7.141975e+00 -2.068899e-01
5.760000e+01 1.108135e+02 1.008135e+01 -1.853082e-01
5.770000e+01 1.324805e+02 1.224805e+01 -3.586862e-01
5.780000e+01 7.385315e+01 6.385315e+00 -3.820728e-01
5.790000e+01 7.807655e+01 6.807655e+00 -1.810435e-01
5.800000e+01 9.579453e+01 8.579453e+00 -3.268878e-02
5.810000e+01 7.262639e+01 6.262639e+00 1.237443e-01
5.820000e+01 8.744276e+01 7.744276e+00 3.208677e-01
5.830000e+01 7.601741e+01 6.601741e+00 4.828946e-01
5.840000e+01 1.298750e+02 1.198750e+01 4.698939e-01
5.850000e+01 8.755087e+01 7.755087e+00 3.886729e-01
5.860000e+01 1.270733e+02 1.170733e+01 3.127606e-01
5.870000e+01 8.280062e+01 7.280062e+00 2.939817e-01
5.880000e+01 6.605942e+01 5.605942e+00 5.167841e-01
5.890000e+01 8.951383e+01 7.951383e+00 7.061503e-01
5.900000e+01 1.441626e+02 1.341626e+01 5.661202e-01
5.910000e+01 1.042942e+02 9.429423e+00 3.694185e-01
5.920000e+01 6.401434e+01 5.401434e+00 5.042573e-01
5.930000e+01 6.607264e+01 5.607264e+00 8.440845e-01
5.940000e+01 5.223655e+01 4.223655e+00 1.247645e+00
5.950000e+01 6.935054e+01 5.935054e+00 1.620251e+00
5.960000e+01 9.484689e+01 8.484689e+00 1.803936e+00
5.970000e+01 1.082427e+02 9.824269e+00 1.784817e+00
5.980000e+01 1.325683e+02 1.225683e+01 1.616991e+00
5.990000e+01 7.130794e+01 6.130794e+00 1.598810e+00
6.000000e+01 9.311165e+01 8.311165e+00 1.743651e+00
6.010000e+01 9.725573e+01 8.725573e+00 1.801259e+00
6.020000e+01 1.129705e+02 1.029705e+01 1.719511e+00
6.030000e+01 1.742270e+02 1.642270e+01 1.303378e+00
6.040000e+01 1.455317e+02 1.355317e+01 7.577950e-01
6.050000e+01 9.363768e+01 8.363768e+00 5.509714e-01
6.060000e+01 8.316832e+01 7.316832e+00 6.399965e-01
6.070000e+01 9.090155e+01 8.090155e+00 7.641867e-01
6.080000e+01 9.814531e+01 8.814531e+00 8.118142e-01
6.090000e+01 1.187213e+02 1.087213e+01 7.397254e-01
6.100000e+01 1.008290e+02 9.082898e+00 6.452581e-01
6.110000e+01 1.166256e+02 1.066256e+01 5.376150e-01
6.120000e+01 1.369733e+02 1.269733e+01 2.887618e-01
6.130000e+01 1.137906e+02 1.037906e+01 5.280556e-02
6.140000e+01 9.552917e+01 8.552917e+00 -8.537701e-03
6.150000e+01 1.013224e+02 9.132242e+00 2.042396e-03
6.160000e+01 9.505397e+01 8.505397e+00 2.705944e-02
6.170000e+01 8.928242e+01 7.928242e+00 9.738819e-02
6.180000e+01 9.638927e+01 8.638927e+00 1.734190e-01
6.190000e+01 8.654537e+01 7.654537e+00 2.433912e-01
6.200000e+01 1.248747e+02 1.148747e+01 1.838197e-01
6.210000e+01 1.198465e+02 1.098465e+01 -2.190457e-02
6.220000e+01 1.211230e+02 1.111230e+01 -2.233077e-01
6.230000e+01 1.046961e+02 9.469615e+00 -3.542570e-01
6.240000e+01 1.145942e+02 1.045942e+01 -4.684621e-01
6.250000e+01 1.282201e+02 1.182201e+01 -6.478861e-01
6.260000e+01 6.765085e+01 5.765085e+00 -6.183374e-01
6.270000e+01 6.401913e+01 5.401913e+00 -3.194626e-01
6.280000e+01 9.035321e+01 8.035321e+00 -8.835106e-02
6.290000e+01 8.676604e+01 7.676604e+00 4.055160e-02
6.300000e+01 7.902828e+01 6.902828e+00 2.228030e-01
6.310000e+01 5.085867e+01 4.085867e+00 5.622151e-01
6.320000e+01 7.217518e+01 6.217518e+00 9.089382e-01
6.330000e+01 1.222068e+02 1.122068e+01 9.526558e-01
6.340000e+01 1.135034e+02 1.035034e+01 7.998667e-01
6.350000e+01 1.080102e+02 9.801017e+00 6.813446e-01
6.360000e+01 1.200702e+02 1.100702e+01 5.304872e-01
6.370000e+01 1.357208e+02 1.257208e+01 2.683676e-01
6.380000e+01 1.131517e+02 1.031517e+01 3.124132e-02
6.390000e+01 1.117543e+02 1.017543e+01 -9.995517e-02
6.400000e+01 1.027465e+02 9.274652e+00 -1.799407e-01
6.410000e+01 1.207701e+02 1.107701e+01 -3.037200e-01
6.420000e+01 1.196552e+02 1.096552e+01 -4.813427e-01
6.430000e+01 9.245304e+01 8.245304e+00 -5.570836e-01
6.440000e+01 1.152122e+02 1.052122e+01 -5.886623e-01
6.450000e+01 8.161965e+01 7.161965e+00 -5.963603e-01
6.460000e+01 1.575383e+02 1.475383e+01 -8.131666e-01
6.470000e+01 1.557484e+02 1.457484e+01 -1.298914e+00
6.480000e+01 6.996537e+01 5.996537e+00 -1.437367e+00
6.490000e+01 8.456681e+01 7.456681e+00 -1.275712e+00
6.500000e+01 1.365363e+02 1.265363e+01 -1.362543e+00
6.510000e+01 1.157307e+02 1.057307e+01 -1.585550e+00
6.520000e+01 9.033798e+01 8.033798e+00 -1.647337e+00
6.530000e+01 1.266762e+02 1.166762e+01 -1.730771e+00
6.540000e+01 1.054406e+02 9.544055e+00 -1.892863e+00
6.550000e+01 1.445972e+02 1.345972e+01 -2.143444e+00
6.560000e+01 1.175468e+02 1.075468e+01 -2.425056e+00
6.570000e+01 1.048205e+02 9.482046e+00 -2.573350e+00
6.580000e+01 1.440425e+02 1.340425e+01 -2.797037e+00
6.590000e+01 8.755048e+01 7.755048e+00 -2.914668e+00
6.600000e+01 4.939049e+01 3.939049e+00 -2.655214e+00
6.610000e+01 1.025925e+02 9.259246e+00 -2.424762e+00
6.620000e+01 9.355027e+01 8.355027e+00 -2.392669e+00
6.630000e+01 1.227467e+02 1.127467e+01 -2.480828e+00
6.640000e+01 1.185226e+02 1.085226e+01 -2.657056e+00
6.650000e+01 9.010840e+01 8.010840e+00 -2.714080e+00
6.660000e+01 1.102113e+02 1.002113e+01 -2.720105e+00
6.670000e+01 8.630006e+01 7.630006e+00 -2.665960e+00
6.680000e+01 3.835107e+01 2.835107e+00 -2.329784e+00
6.690000e+01 9.727978e+01 8.727978e+00 -2.038760e+00
6.700000e+01 1.165451e+02 1.065451e+01 -2.082412e+00
6.710000e+01 1.285204e+02 1.185204e+01 -2.307231e+00
6.720000e+01 1.370313e+02 1.270313e+01 -2.615936e+00
6.730000e+01 1.104876e+02 1.004876e+01 -2.851393e+00
6.740000e+01 1.108425e+02 1.008425e+01 -2.957263e+00
6.750000e+01 8.077317e+01 7.077317e+00 -2.912654e+00
6.760000e+01 8.418530e+01 7.418530e+00 -2.776834e+00
6.770000e+01 1.302491e+02 1.202491e+01 -2.825412e+00
6.780000e+01 8.696106e+01 7.696106e+00 -2.878928e+00
6.790000e+01 6.257612e+01 5.257612e+00 -2.648148e+00
6.800000e+01 6.812887e+01 5.812887e+00 -2.350261e+00
6.810000e+01 1.465356e+02 1.365356e+01 -2.404072e+00
6.820000e+01 1.087467e+02 9.874667e+00 -2.624035e+00
6.830000e+01 7.108148e+01 6.108148e+00 -2.548881e+00
6.840000e+01 7.827209e+01 6.827209e+00 -2.310379e+00
6.850000e+01 7.856677e+01 6.856677e+00 -2.101418e+00
6.860000e+01 1.037493e+02 9.374925e+00 -2.018215e+00
6.870000e+01 1.098245e+02 9.982455e+00 -2.061185e+00
6.880000e+01 8.928720e+01 7.928720e+00 -2.074598e+00
6.890000e+01 1.251661e+02 1.151661e+01 -2.143213e+00
6.900000e+01 1.023926e+02 9.239256e+00 -2.276440e+00
6.910000e+01 1.216742e+02 1.116742e+01 -2.375154e+00
6.920000e+01 5.839689e+01 4.839689e+00 -2.297261e+00
6.930000e+01 1.208438e+02 1.108438e+01 -2.208353e+00
6.940000e+01 9.274282e+01 8.274282e+00 -2.277036e+00
6.950000e+01 1.604835e+02 1.504835e+01 -2.536722e+00
6.960000e+01 1.040001e+02 9.400007e+00 -2.793080e+00
6.970000e+01 4.243139e+01 3.243139e+00 -2.563477e+00
6.980000e+01 5.827121e+01 4.827121e+00 -2.106080e+00
6.990000e+01 8.642252e+01 7.642252e+00 -1.822191e+00
7.000000e+01 9.031951e+01 8.031951e+00 -1.696924e+00
7.010000e+01 1.013145e+02 9.131453e+00 -1.670716e+00
7.020000e+01 1.350453e+02 1.250453e+01 -1.844943e+00
7.030000e+01 1.286469e+02 1.186469e+01 -2.137884e+00
7.040000e+01 1.079954e+02 9.799536e+00 -2.318637e+00
7.050000e+01 9.051451e+01 8.051451e+00 -2.312029e+00
7.060000e+01 7.847248e+01 6.847248e+00 -2.185401e+00
7.070000e+01 1.161330e+02 1.061330e+01 -2.142615e+00
7.080000e+01 7.520795e+01 6.520795e+00 -2.089378e+00
7.090000e+01 9.207266e+01 8.207266e+00 -1.946733e+00
7.100000e+01 9.374259e+01 8.374259e+00 -1.875448e+00
7.110000e+01 1.095699e+02 9.956991e+00 -1.869484e+00
7.120000e+01 6.449334e+01 5.449334e+00 -1.743314e+00
7.130000e+01 8.668104e+01 7.668104e+00 -1.518321e+00
7.140000e+01 8.458903e+01 7.458903e+00 -1.387572e+00
7.150000e+01 1.368043e+02 1.268043e+01 -1.486383e+00
7.160000e+01 1.109714e+02 1.009714e+01 -1.681726e+00
7.170000e+01 7.318002e+01 6.318002e+00 -1.614201e+00
7.180000e+01 7.213217e+01 6.213217e+00 -1.388599e+00
7.190000e+01 1.359151e+02 1.259151e+01 -1.417908e+00
7.200000e+01 1.116823e+02 1.016823e+01 -1.614033e+00
7.210000e+01 9.167078e+01 8.167078e+00 -1.658134e+00
7.220000e+01 1.173585e+02 1.073585e+01 -1.711770e+00
7.230000e+01 1.199922e+02 1.099922e+01 -1.890169e+00
7.240000e+01 1.285946e+02 1.185946e+01 -2.126186e+00
7.250000e+01 1.095176e+02 9.951763e+00 -2.291327e+00
7.260000e+01 6.952845e+01 5.952845e+00 -2.210637e+00
7.270000e+01 9.608244e+01 8.608244e+00 -2.040468e+00
7.280000e+01 6.073994e+01 5.073994e+00 -1.809504e+00
7.290000e+01 6.475000e+01 5.475000e+00 -1.479119e+00
7.300000e+01 1.111374e+02 1.011374e+01 -1.348130e+00
7.310000e+01 9.961246e+01 8.961246e+00 -1.388399e+00
7.320000e+01 1.190139e+02 1.090139e+01 -1.502552e+00
7.330000e+01 1.461836e+02 1.361836e+01 -1.810026e+00
7.340000e+01 1.259094e+02 1.159094e+01 -2.145826e+00
7.350000e+01 1.047744e+02 9.477445e+00 -2.331740e+00
7.360000e+01 1.452778e+02 1.352778e+01 -2.566356e+00
7.370000e+01 9.155186e+01 8.155186e+00 -2.722437e+00
7.380000e+01 8.084533e+01 7.084533e+00 -2.633944e+00
7.390000e+01 1.221591e+02 1.121591e+01 -2.644045e+00
7.400000e+01 1.120078e+02 1.020078e+01 -2.809134e+00
7.410000e+01 1.364044e+02 1.264044e+01 -3.044707e+00
7.420000e+01 1.145161e+02 1.045161e+01 -3.305376e+00
7.430000e+01 1.475628e+02 1.375628e+01 -3.602220e+00
7.440000e+01 9.642833e+01 8.642833e+00 -3.809641e+00
7.450000e+01 1.029930e+02 9.299296e+00 -3.814607e+00
7.460000e+01 6.495756e+01 5.495756e+00 -3.661456e+00
7.470000e+01 9.858909e+01 8.858909e+00 -3.521094e+00
7.480000e+01 1.386714e+02 1.286714e+01 -3.667069e+00
7.490000e+01 9.727629e+01 8.727629e+00 -3.841108e+00
7.500000e+01 1.190976e+02 1.090976e+01 -3.944824e+00
7.510000e+01 1.270876e+02 1.170876e+01 -4.188696e+00
7.520000e+01 1.729699e+02 1.629699e+01 -4.650275e+00
7.530000e+01 9.629608e+01 8.629608e+00 -4.970263e+00
7.540000e+01 9.075317e+01 8.075317e+00 -4.951777e+00
7.550000e+01 9.994029e+01 8.994029e+00 -4.885950e+00
7.560000e+01 6.805686e+01 5.805686e+00 -4.742621e+00
7.570000e+01 1.100353e+02 1.000353e+01 -4.654806e+00
7.580000e+01 1.239401e+02 1.139401e+01 -4.801539e+00
7.590000e+01 1.165777e+02 1.065777e+01 -4.982217e+00
7.600000e+01 8.446950e+01 7.446950e+00 -5.007451e+00
7.610000e+01 1.155659e+02 1.055659e+01 -5.011166e+00
7.620000e+01 9.366078e+01 8.366078e+00 -5.054575e+00
7.630000e+01 1.236723e+02 1.136723e+01 -5.153477e+00
7.640000e+01 1.152591e+02 1.052591e+01 -5.297081e+00
7.650000e+01 4.808164e+01 3.808164e+00 -5.150167e+00
7.660000e+01 1.181989e+02 1.081989e+01 -5.043512e+00
7.670000e+01 1.733335e+02 1.633335e+01 -5.430908e+00
7.680000e+01 1.076566e+02 9.765657e+00 -5.827944e+00
7.690000e+01 1.377809e+02 1.277809e+01 -6.084489e+00
7.700000e+01 1.248483e+02 1.148483e+01 -6.351739e+00
7.710000e+01 6.499518e+01 5.499518e+00 -6.307158e+00
7.720000e+01 6.948340e+01 5.948340e+00 -6.049790e+00
7.730000e+01 1.524088e+02 1.424088e+01 -6.133165e+00
7.740000e+01 1.116733e+02 1.016733e+01 -6.438079e+00
7.750000e+01 1.659123e+02 1.559123e+01 -6.864174e+00
7.760000e+01 1.869472e+02 1.769472e+01 -7.557079e+00
7.770000e+01 1.021958e+02 9.219583e+00 -8.003880e+00
7.780000e+01 1.176195e+02 1.076195e+01 -8.142347e+00
7.790000e+01 1.140362e+02 1.040362e+01 -8.286990e+00
7.800000e+01 1.086203e+02 9.862034e+00 -8.399167e+00
7.810000e+01 9.848344e+01 8.848344e+00 -8.435833e+00
7.820000e+01 9.821567e+01 8.821567e+00 -8.425818e+00
7.830000e+01 9.771143e+01 8.771143e+00 -8.389222e+00
7.840000e+01 6.615303e+01 5.615303e+00 -8.212272e+00
7.850000e+01 7.322306e+01 6.322306e+00 -7.931438e+00
7.860000e+01 9.226953e+01 8.226953e+00 -7.770103e+00
7.870000e+01 1.206235e+02 1.106235e+01 -7.806953e+00
7.880000e+01 8.537431e+01 7.537431e+00 -7.843846e+00
7.890000e+01 1.267929e+02 1.167929e+01 -7.922415e+00
7.900000e+01 1.229507e+02 1.129507e+01 -8.136124e+00
7.910000e+01 9.865763e+01 8.865763e+00 -8.267768e+00
7.920000e+01 1.444086e+02 1.344086e+01 -8.511918e+00
7.930000e+01 1.688293e+02 1.588293e+01 -8.999202e+00
7.940000e+01 5.952987e+01 4.952987e+00 -9.157835e+00
7.950000e+01 1.121471e+02 1.021471e+01 -9.065396e+00
7.960000e+01 1.070306e+02 9.703061e+00 -9.150323e+00
7.970000e+01 1.475180e+02 1.375180e+01 -9.420433e+00
7.980000e+01 1.231884e+02 1.131884e+01 -9.730435e+00
7.990000e+01 7.974514e+01 6.974514e+00 -9.768350e+00
8.000000e+01 9.713265e+01 8.713265e+00 -9.674353e+00
8.010000e+01 1.071417e+02 9.714167e+00 -9.702839e+00
8.020000e+01 1.365857e+02 1.265857e+01 -9.892083e+00
8.030000e+01 8.460133e+01 7.460133e+00 -9.992157e+00
8.040000e+01 1.056449e+02 9.564486e+00 -9.983303e+00
8.050000e+01 1.257798e+02 1.157798e+01 -1.009278e+01
8.060000e+01 5.653255e+01 4.653255e+00 -1.001050e+01
8.070000e+01 8.969510e+01 7.969510e+00 -9.789521e+00
8.080000e+01 1.119467e+02 1.019467e+01 -9.752844e+00
8.090000e+01 6.603797e+01 5.603797e+00 -9.665559e+00
8.100000e+01 1.291566e+02 1.191566e+01 -9.658495e+00
8.110000e+01 1.163131e+02 1.063131e+01 -9.846138e+00
8.120000e+01 1.000737e+02 9.007372e+00 -9.922456e+00
8.130000e+01 6.608327e+01 5.608327e+00 -9.764607e+00
8.140000e+01 9.022349e+01 8.022349e+00 -9.617723e+00
8.150000e+01 1.952610e+02 1.852610e+01 -9.991977e+00
8.160000e+01 1.133417e+02 1.033417e+01 -1.047887e+01
8.170000e+01 9.530474e+01 8.530474e+00 -1.055409e+01
8.180000e+01 7.501521e+01 6.501521e+00 -1.042664e+01
8.190000e+01 1.052216e+02 9.522165e+00 -1.031926e+01
8.200000e+01 7.387360e+01 6.387360e+00 -1.023772e+01
8.210000e+01 1.540753e+02 1.440753e+01 -1.039315e+01
8.220000e+01 1.499130e+02 1.399130e+01 -1.086245e+01
8.230000e+01 1.249970e+02 1.149970e+01 -1.121690e+01
8.240000e+01 7.022693e+01 6.022693e+00 -1.120856e+01
8.250000e+01 8.336715e+01 7.336715e+00 -1.101152e+01
8.260000e+01 9.833068e+01 8.833068e+00 -1.089465e+01
8.270000e+01 6.448277e+01 5.448277e+00 -1.070440e+01
8.280000e+01 7.109341e+01 6.109341e+00 -1.041677e+01
8.290000e+01 1.075717e+02 9.757175e+00 -1.030138e+01
8.300000e+01 9.779570e+01 8.779570e+00 -1.030482e+01
8.310000e+01 8.611650e+01 7.611650e+00 -1.023696e+01
8.320000e+01 9.811577e+01 8.811577e+00 -1.015968e+01
8.330000e+01 9.318862e+01 8.318862e+00 -1.011863e+01
8.340000e+01 1.108578e+02 1.008578e+01 -1.014355e+01
8.350000e+01 1.167703e+02 1.067703e+01 -1.028832e+01
8.360000e+01 1.501256e+02 1.401256e+01 -1.061494e+01
8.370000e+01 1.277140e+02 1.177140e+01 -1.094838e+01
8.380000e+01 5.444291e+01 4.444291e+00 -1.090419e+01
8.390000e+01 1.151028e+02 1.051028e+01 -1.075907e+01
8.400000e+01 6.256423e+01 5.256423e+00 -1.062724e+01
8.410000e+01 8.761106e+01 7.761106e+00 -1.040623e+01
8.420000e+01 8.476158e+01 7.476158e+00 -1.024671e+01
8.430000e+01 7.063725e+01 6.063725e+00 -1.001699e+01
8.440000e+01 5.186918e+01 4.186918e+00 -9.647690e+00
8.450000e+01 7.557312e+01 6.557312e+00 -9.289781e+00
8.460000e+01 7.246280e+01 6.246280e+00 -9.042681e+00
8.470000e+01 1.234006e+02 1.134006e+01 -9.017568e+00
8.480000e+01 1.058535e+02 9.585353e+00 -9.128212e+00
8.490000e+01 8.425899e+01 7.425899e+00 -9.085446e+00
8.500000e+01 7.476481e+01 6.476481e+00 -8.895387e+00
8.510000e+01 9.130082e+01 8.130082e+00 -8.742219e+00
8.520000e+01 1.112711e+02 1.012711e+01 -8.728348e+00
8.530000e+01 8.008540e+01 7.008540e+00 -8.702350e+00
8.540000e+01 1.296963e+02 1.196963e+01 -8.751532e+00
8.550000e+01 9.929333e+01 8.929333e+00 -8.874987e+00
8.560000e+01 1.065071e+02 9.650715e+00 -8.920767e+00
8.570000e+01 1.106700e+02 1.006700e+01 -9.026270e+00
8.580000e+01 1.596389e+02 1.496389e+01 -9.359790e+00
8.590000e+01 1.243281e+02 1.143281e+01 -9.756188e+00
8.600000e+01 1.256287e+02 1.156287e+01 -1.002358e+01
8.610000e+01 1.190240e+02 1.090240e+01 -1.023283e+01
8.620000e+01 9.710874e+01 8.710874e+00 -1.032144e+01
8.630000e+01 1.066516e+02 9.665160e+00 -1.035630e+01
8.640000e+01 1.166569e+02 1.066569e+01 -1.045360e+01
8.650000e+01 8.723305e+01 7.723305e+00 -1.046356e+01
8.660000e+01 7.499380e+01 6.499380e+00 -1.028107e+01
8.670000e+01 5.774248e+01 4.774248e+00 -9.952090e+00
8.680000e+01 6.778770e+01 5.778770e+00 -9.606039e+00
8.690000e+01 1.037237e+02 9.372372e+00 -9.453003e+00
8.700000e+01 9.455739e+01 8.455739e+00 -9.430956e+00
8.710000e+01 1.007052e+02 9.070525e+00 -9.411264e+00
8.720000e+01 9.705595e+01 8.705595e+00 -9.397147e+00
8.730000e+01 9.835958e+01 8.835958e+00 -9.375120e+00
8.740000e+01 9.652932e+01 8.652932e+00 -9.352672e+00
8.750000e+01 1.030687e+02 9.306867e+00 -9.342324e+00
8.760000e+01 8.479381e+01 7.479381e+00 -9.287318e+00
8.770000e+01 1.055389e+02 9.553891e+00 -9.253162e+00
8.780000e+01 1.111614e+02 1.011614e+01 -9.307629e+00
8.790000e+01 7.674117e+01 6.674117e+00 -9.252579e+00
8.800000e+01 8.653747e+01 7.653747e+00 -9.069897e+00
8.810000e+01 5.930944e+01 4.930944e+00 -8.816671e+00
8.820000e+01 1.085439e+02 9.854387e+00 -8.669583e+00
8.830000e+01 1.061053e+02 9.610534e+00 -8.711076e+00
8.840000e+01 9.489880e+01 8.489880e+00 -8.729112e+00
8.850000e+01 1.134419e+02 1.034419e+01 -8.772654e+00
8.860000e+01 1.055503e+02 9.555027e+00 -8.847647e+00
8.870000e+01 8.311269e+01 7.311269e+00 -8.788546e+00
8.880000e+01 6.441618e+01 5.441618e+00 -8.527712e+00
8.890000e+01 5.513423e+01 4.513423e+00 -8.165449e+00
8.900000e+01 1.118992e+02 1.018992e+01 -7.973100e+00
8.910000e+01 5.725633e+01 4.725633e+00 -7.833215e+00
8.920000e+01 1.386426e+02 1.286426e+01 -7.816850e+00
8.930000e+01 8.699067e+01 7.699067e+00 -7.898993e+00
8.940000e+01 7.661128e+01 6.661128e+00 -7.730789e+00
8.950000e+01 4.846412e+01 3.846412e+00 -7.387830e+00
8.960000e+01 1.133261e+02 1.033261e+01 -7.209194e+00
8.970000e+01 1.004565e+02 9.045655e+00 -7.208295e+00
8.980000e+01 2.788566e+01 1.788566e+00 -6.868616e+00
8.990000e+01 4.435678e+01 3.435678e+00 -6.265536e+00
9.000000e+01 5.596352e+01 4.596352e+00 -5.787601e+00
9.010000e+01 1.191353e+02 1.091353e+01 -5.651670e+00
9.020000e+01 1.016806e+02 9.168064e+00 -5.712782e+00
9.030000e+01 7.656256e+01 6.656256e+00 -5.617760e+00
9.040000e+01 8.075269e+01 7.075269e+00 -5.412043e+00
9.050000e+01 7.446586e+01 6.446586e+00 -5.182830e+00
9.060000e+01 6.890357e+01 5.890357e+00 -4.901607e+00
9.070000e+01 6.607038e+01 5.607038e+00 -4.583251e+00
9.080000e+01 7.814035e+01 6.814035e+00 -4.314489e+00
9.090000e+01 9.268680e+01 8.268680e+00 -4.149500e+00
9.100000e+01 7.012508e+01 6.012508e+00 -3.971945e+00
9.110000e+01 9.407674e+01 8.407674e+00 -3.777326e+00
9.120000e+01 4.352900e+01 3.352900e+00 -3.477832e+00
9.130000e+01 9.436870e+01 8.436870e+00 -3.182796e+00
9.140000e+01 6.998237e+01 5.998237e+00 -2.972544e+00
9.150000e+01 6.776032e+01 5.776032e+00 -2.702210e+00
9.160000e+01 1.139915e+02 1.039915e+01 -2.579410e+00
9.170000e+01 5.356255e+01 4.356255e+00 -2.407896e+00
9.180000e+01 8.289147e+01 7.289147e+00 -2.139450e+00
9.190000e+01 1.184388e+02 1.084388e+01 -2.116088e+00
9.200000e+01 8.941427e+01 7.941427e+00 -2.127804e+00
9.210000e+01 6.787576e+01 5.787576e+00 -1.952389e+00
9.220000e+01 1.158211e+02 1.058211e+01 -1.878270e+00
9.230000e+01 1.092567e+02 9.925665e+00 -1.963523e+00
9.240000e+01 7.708127e+01 6.708127e+00 -1.907730e+00
9.250000e+01 9.036472e+01 8.036472e+00 -1.750042e+00
9.260000e+01 6.688985e+01 5.688985e+00 -1.515566e+00
9.270000e+01 4.401366e+01 3.401366e+00 -1.095433e+00
9.280000e+01 6.590351e+01 5.590351e+00 -6.406395e-01
9.290000e+01 4.520211e+01 3.520211e+00 -2.172540e-01
9.300000e+01 1.053092e+02 9.530917e+00 4.592252e-02
9.310000e+01 5.359428e+01 4.359428e+00 2.669252e-01
9.320000e+01 8.166422e+01 7.166422e+00 5.727472e-01
9.330000e+01 6.319576e+01 5.319576e+00 8.501880e-01
9.340000e+01 9.389086e+01 8.389086e+00 1.060199e+00
9.350000e+01 7.837022e+01 6.837022e+00 1.220228e+00
9.360000e+01 6.967769e+01 5.967769e+00 1.467067e+00
9.370000e+01 7.586684e+01 6.586684e+00 1.739413e+00
9.380000e+01 6.901435e+01 5.901435e+00 2.021730e+00
9.390000e+01 6.375718e+01 5.375718e+00 2.339506e+00
9.400000e+01 9.560309e+01 8.560309e+00 2.535078e+00
9.410000e+01 1.070530e+02 9.705298e+00 2.535538e+00
9.420000e+01 1.097136e+02 9.971356e+00 2.467346e+00
9.430000e+01 8.097869e+01 7.097869e+00 2.532981e+00
9.440000e+01 4.929744e+01 3.929744e+00 2.841525e+00
9.450000e+01 1.032876e+02 9.328757e+00 3.066376e+00
9.460000e+01 9.551449e+01 8.551449e+00 3.116642e+00
9.470000e+01 6.468788e+01 5.468788e+00 3.290986e+00
9.480000e+01 9.891702e+01 8.891702e+00 3.474691e+00
9.490000e+01 6.634896e+01 5.634896e+00 3.664275e+00
9.500000e+01 7.455695e+01 6.455695e+00 3.923403e+00
9.510000e+01 1.099015e+02 9.990146e+00 4.019319e+00
9.520000e+01 8.631451e+01 7.631451e+00 4.053287e+00
9.530000e+01 8.414447e+01 7.414447e+00 4.204880e+00
9.540000e+01 5.336391e+01 4.336391e+00 4.503683e+00
9.550000e+01 7.987599e+01 6.987599e+00 4.831381e+00
9.560000e+01 6.383201e+01 5.383201e+00 5.113340e+00
9.570000e+01 9.215299e+01 8.215299e+00 5.328354e+00
9.580000e+01 8.249241e+01 7.249241e+00 5.464866e+00
9.590000e+01 9.980416e+01 8.980416e+00 5.520760e+00
9.600000e+01 1.500368e+02 1.400368e+01 5.296744e+00
9.610000e+01 1.172299e+02 1.072299e+01 4.990529e+00
9.620000e+01 9.944418e+01 8.944418e+00 4.902164e+00
9.630000e+01 7.585064e+01 6.585064e+00 5.005474e+00
9.640000e+01 1.034426e+02 9.344259e+00 5.101588e+00
9.650000e+01 9.329162e+01 8.329162e+00 5.145835e+00
9.660000e+01 6.526135e+01 5.526135e+00 5.341549e+00
9.670000e+01 8.186091e+01 7.186091e+00 5.567042e+00
9.680000e+01 1.310717e+02 1.210717e+01 5.534119e+00
9.690000e+01 8.476550e+01 7.476550e+00 5.480118e+00
9.700000e+01 7.630092e+01 6.630092e+00 5.663828e+00
9.710000e+01 5.294947e+01 4.294947e+00 5.992650e+00
9.720000e+01 1.023026e+02 9.230259e+00 6.203377e+00
9.730000e+01 1.027212e+02 9.272116e+00 6.212326e+00
9.740000e+01 8.624074e+01 7.624074e+00 6.257045e+00
9.750000e+01 1.026230e+02 9.262300e+00 6.307021e+00
9.760000e+01 9.718460e+01 8.718460e+00 6.325786e+00
9.770000e+01 8.028531e+01 7.028531e+00 6.425785e+00
9.780000e+01 9.656448e+01 8.656448e+00 6.543314e+00
9.790000e+01 7.948192e+01 6.948192e+00 6.664261e+00
9.800000e+01 9.034313e+01 8.034313e+00 6.823699e+00
9.810000e+01 5.723688e+01 4.723688e+00 7.074975e+00
9.820000e+01 9.224590e+01 8.224590e+00 7.312703e+00
9.830000e+01 8.843342e+01 7.843342e+00 7.425903e+00
9.840000e+01 9.198826e+01 8.198826e+00 7.525858e+00
9.850000e+01 8.104214e+01 7.104214e+00 7.649567e+00
9.860000e+01 1.109634e+02 1.009634e+01 7.688129e+00
9.870000e+01 9.314883e+01 8.314883e+00 7.710848e+00
9.880000e+01 4.759211e+01 3.759211e+00 7.946955e+00
9.890000e+01 1.424914e+02 1.324914e+01 8.009985e+00
9.900000e+01 7.449669e+01 6.449669e+00 7.960318e+00
9.910000e+01 1.028427e+02 9.284268e+00 8.021659e+00
9.920000e+01 1.320537e+02 1.220537e+01 7.866123e+00
9.930000e+01 1.280384e+02 1.180384e+01 7.593094e+00
9.940000e+01 9.425377e+01 8.425377e+00 7.480810e+00
9.950000e+01 9.168055e+01 8.168055e+00 7.534115e+00
9.960000e+01 9.146135e+01 8.146135e+00 7.628269e+00
9.970000e+01 7.138514e+01 6.138514e+00 7.814318e+00
9.980000e+01 7.138354e+01 6.138354e+00 8.085951e+00
9.990000e+01 8.035915e+01 7.035915e+00 8.326716e+00
1.000000e+02 8.925421e+01 7.925421e+00 8.462850e+00
