0.000000e+00 8.562358e+02 7.562358e+00 2.202120e+00
1.000000e-01 9.376967e+02 8.376967e+00 2.310841e+00
2.000000e-01 9.245324e+02 8.245324e+00 2.381973e+00
3.000000e-01 9.457545e+02 8.457545e+00 2.445437e+00
4.000000e-01 9.675780e+02 8.675780e+00 2.485647e+00
5.000000e-01 1.049442e+03 9.494418e+00 2.480069e+00
6.000000e-01 1.011956e+03 9.119562e+00 2.452665e+00
7.000000e-01 1.017678e+03 9.176778e+00 2.437481e+00
8.000000e-01 9.877255e+02 8.877255e+00 2.434513e+00
9.000000e-01 9.822441e+02 8.822441e+00 2.455437e+00
1.000000e+00 8.593839e+02 7.593839e+00 2.521707e+00
1.100000e+00 1.102824e+03 1.002824e+01 2.543295e+00
1.200000e+00 9.386500e+02 8.386500e+00 2.527912e+00
1.300000e+00 1.082382e+03 9.823817e+00 2.509617e+00
1.400000e+00 1.045365e+03 9.453651e+00 2.456324e+00
1.500000e+00 9.940227e+02 8.940227e+00 2.435364e+00
1.600000e+00 9.576186e+02 8.576186e+00 2.458174e+00
1.700000e+00 9.529196e+02 8.529196e+00 2.497069e+00
1.800000e+00 1.048030e+03 9.480302e+00 2.491285e+00
1.900000e+00 1.153892e+03 1.053892e+01 2.396961e+00
2.000000e+00 1.107888e+03 1.007888e+01 2.272279e+00
2.100000e+00 1.073598e+03 9.735976e+00 2.182048e+00
2.200000e+00 9.966056e+02 8.966056e+00 2.150304e+00
2.300000e+00 9.145850e+02 8.145850e+00 2.182751e+00
2.400000e+00 1.096855e+03 9.968545e+00 2.168770e+00
2.500000e+00 1.179790e+03 1.079790e+01 2.046169e+00
2.600000e+00 1.038953e+03 9.389528e+00 1.943378e+00
2.700000e+00 9.572159e+02 8.572159e+00 1.942568e+00
2.800000e+00 8.741686e+02 7.741686e+00 2.021763e+00
2.900000e+00 9.098272e+02 8.098272e+00 2.126545e+00
3.000000e+00 9.047228e+02 8.047228e+00 2.216257e+00
3.100000e+00 1.022101e+03 9.221011e+00 2.248189e+00
3.200000e+00 1.088474e+03 9.884745e+00 2.207578e+00
3.300000e+00 9.092416e+02 8.092416e+00 2.208987e+00
3.400000e+00 9.655290e+02 8.655290e+00 2.259342e+00
3.500000e+00 1.030449e+03 9.304489e+00 2.267702e+00
3.600000e+00 9.711790e+02 8.711790e+00 2.272267e+00
3.700000e+00 9.038036e+02 8.038036e+00 2.335662e+00
3.800000e+00 8.355015e+02 7.355015e+00 2.457767e+00
3.900000e+00 9.397461e+02 8.397461e+00 2.568519e+00
4.000000e+00 9.172808e+02 8.172808e+00 2.641281e+00
4.100000e+00 1.005488e+03 9.054884e+00 2.676353e+00
4.200000e+00 1.038462e+03 9.384621e+00 2.662324e+00
4.300000e+00 9.623698e+02 8.623698e+00 2.665379e+00
4.400000e+00 9.240066e+02 8.240066e+00 2.712373e+00
4.500000e+00 1.054638e+03 9.546378e+00 2.720273e+00
4.600000e+00 1.077373e+03 9.773734e+00 2.660286e+00
4.700000e+00 1.100525e+03 1.000525e+01 2.567272e+00
4.800000e+00 1.169355e+03 1.069355e+01 2.444689e+00
4.900000e+00 9.439768e+02 8.439768e+00 2.389031e+00
5.000000e+00 9.925983e+02 8.925983e+00 2.407602e+00
5.100000e+00 1.029624e+03 9.296236e+00 2.401941e+00
5.200000e+00 9.857537e+02 8.857537e+00 2.396627e+00
5.300000e+00 9.678998e+02 8.678998e+00 2.416221e+00
5.400000e+00 9.854573e+02 8.854573e+00 2.444228e+00
5.500000e+00 8.818840e+02 7.818840e+00 2.508649e+00
5.600000e+00 9.346614e+02 8.346614e+00 2.596840e+00
5.700000e+00 9.089480e+02 8.089480e+00 2.675672e+00
5.800000e+00 9.517122e+02 8.517122e+00 2.745769e+00
5.900000e+00 9.287240e+02 8.287240e+00 2.798032e+00
6.000000e+00 1.128280e+03 1.028280e+01 2.771256e+00
6.100000e+00 1.053823e+03 9.538229e+00 2.692997e+00
6.200000e+00 1.006434e+03 9.064339e+00 2.654561e+00
6.300000e+00 1.066851e+03 9.668513e+00 2.620345e+00
6.400000e+00 1.009239e+03 9.092388e+00 2.574919e+00
6.500000e+00 1.201670e+03 1.101670e+01 2.475516e+00
6.600000e+00 1.018117e+03 9.181173e+00 2.373034e+00
6.700000e+00 1.070043e+03 9.700429e+00 2.316886e+00
6.800000e+00 1.108129e+03 1.008129e+01 2.234836e+00
6.900000e+00 1.032105e+03 9.321050e+00 2.169972e+00
7.000000e+00 9.507499e+02 8.507499e+00 2.172428e+00
7.100000e+00 1.014051e+03 9.140509e+00 2.181654e+00
7.200000e+00 1.103265e+03 1.003265e+01 2.129077e+00
7.300000e+00 1.057976e+03 9.579757e+00 2.048629e+00
7.400000e+00 1.126959e+03 1.026959e+01 1.957487e+00
7.500000e+00 1.045281e+03 9.452805e+00 1.878273e+00
7.600000e+00 9.627575e+02 8.627575e+00 1.875435e+00
7.700000e+00 8.660499e+02 7.660499e+00 1.949359e+00
7.800000e+00 1.029813e+03 9.298132e+00 1.998929e+00
7.900000e+00 9.954759e+02 8.954759e+00 1.991302e+00
8.000000e+00 1.063445e+03 9.634450e+00 1.961963e+00
8.100000e+00 9.895773e+02 8.895773e+00 1.946091e+00
8.200000e+00 8.667519e+02 7.667519e+00 2.004477e+00
8.300000e+00 1.061538e+03 9.615380e+00 2.035009e+00
8.400000e+00 1.045134e+03 9.451344e+00 1.998415e+00
8.500000e+00 9.080485e+02 8.080485e+00 2.016816e+00
8.600000e+00 9.819699e+02 8.819699e+00 2.061245e+00
8.700000e+00 1.076827e+03 9.768269e+00 2.031946e+00
8.800000e+00 1.158499e+03 1.058499e+01 1.922124e+00
8.900000e+00 1.057368e+03 9.573682e+00 1.826102e+00
9.000000e+00 9.161058e+02 8.161058e+00 1.823968e+00
9.100000e+00 1.090959e+03 9.909590e+00 1.829285e+00
9.200000e+00 7.930329e+02 6.930329e+00 1.889748e+00
9.300000e+00 9.296081e+02 8.296081e+00 2.012425e+00
9.400000e+00 9.342112e+02 8.342112e+00 2.091788e+00
9.500000e+00 8.865781e+02 7.865781e+00 2.172352e+00
9.600000e+00 1.067514e+03 9.675137e+00 2.189018e+00
9.700000e+00 1.136463e+03 1.036463e+01 2.102105e+00
9.800000e+00 1.041846e+03 9.418461e+00 2.002917e+00
9.900000e+00 1.262380e+03 1.162380e+01 1.863292e+00
1.000000e+01 9.136426e+02 8.136426e+00 1.785682e+00
1.010000e+01 9.164795e+02 8.164795e+00 1.857387e+00
1.020000e+01 8.281714e+02 7.281714e+00 1.981533e+00
1.030000e+01 9.473041e+02 8.473041e+00 2.085436e+00
1.040000e+01 1.044362e+03 9.443621e+00 2.084849e+00
1.050000e+01 1.256416e+03 1.156416e+01 1.947707e+00
1.060000e+01 1.064447e+03 9.644472e+00 1.797450e+00
1.070000e+01 1.056785e+03 9.567851e+00 1.729378e+00
1.080000e+01 1.000821e+03 9.008209e+00 1.700130e+00
1.090000e+01 1.023510e+03 9.235100e+00 1.685604e+00
1.100000e+01 1.028654e+03 9.286545e+00 1.650604e+00
1.110000e+01 1.243330e+03 1.143330e+01 1.517658e+00
1.120000e+01 1.155967e+03 1.055967e+01 1.339056e+00
1.130000e+01 9.463957e+02 8.463957e+00 1.280265e+00
1.140000e+01 9.845423e+02 8.845423e+00 1.308069e+00
1.150000e+01 9.439705e+02 8.439705e+00 1.339403e+00
1.160000e+01 1.083415e+03 9.834154e+00 1.327636e+00
1.170000e+01 9.801463e+02 8.801463e+00 1.308032e+00
1.180000e+01 8.990626e+02 7.990626e+00 1.352355e+00
1.190000e+01 1.097831e+03 9.978309e+00 1.357208e+00
1.200000e+01 9.581712e+02 8.581712e+00 1.342330e+00
1.210000e+01 8.915821e+02 7.915821e+00 1.406684e+00
1.220000e+01 9.689825e+02 8.689825e+00 1.469381e+00
1.230000e+01 1.043512e+03 9.435117e+00 1.475871e+00
1.240000e+01 8.789553e+02 7.789553e+00 1.509952e+00
1.250000e+01 1.025786e+03 9.257855e+00 1.556995e+00
1.260000e+01 8.773324e+02 7.773324e+00 1.607384e+00
1.270000e+01 1.012964e+03 9.129637e+00 1.650110e+00
1.280000e+01 1.083449e+03 9.834489e+00 1.613418e+00
1.290000e+01 1.013182e+03 9.131816e+00 1.563762e+00
1.300000e+01 1.083305e+03 9.833053e+00 1.514823e+00
1.310000e+01 1.033758e+03 9.337580e+00 1.457151e+00
1.320000e+01 1.090862e+03 9.908621e+00 1.392485e+00
1.330000e+01 1.084250e+03 9.842504e+00 1.306089e+00
1.340000e+01 1.126845e+03 1.026845e+01 1.201279e+00
1.350000e+01 1.075783e+03 9.757829e+00 1.110192e+00
1.360000e+01 9.327604e+02 8.327604e+00 1.093651e+00
1.370000e+01 1.119920e+03 1.019920e+01 1.064886e+00
1.380000e+01 1.031858e+03 9.318576e+00 1.000381e+00
1.390000e+01 9.907130e+02 8.907130e+00 9.863615e-01
1.400000e+01 9.357901e+02 8.357901e+00 1.023869e+00
1.410000e+01 8.839922e+02 7.839922e+00 1.114245e+00
1.420000e+01 8.438154e+02 7.438154e+00 1.238325e+00
1.430000e+01 1.039208e+03 9.392081e+00 1.298441e+00
1.440000e+01 9.672175e+02 8.672175e+00 1.305838e+00
1.450000e+01 9.437303e+02 8.437303e+00 1.346715e+00
1.460000e+01 9.423483e+02 8.423483e+00 1.394442e+00
1.470000e+01 1.123913e+03 1.023913e+01 1.362958e+00
1.480000e+01 1.068492e+03 9.684919e+00 1.281215e+00
1.490000e+01 9.773539e+02 8.773539e+00 1.246148e+00
1.500000e+01 1.130954e+03 1.030954e+01 1.196451e+00
1.510000e+01 9.773480e+02 8.773480e+00 1.142927e+00
1.520000e+01 1.112717e+03 1.012717e+01 1.092884e+00
1.530000e+01 1.058748e+03 9.587478e+00 1.010825e+00
1.540000e+01 1.116624e+03 1.016624e+01 9.293972e-01
1.550000e+01 9.241359e+02 8.241359e+00 9.063577e-01
1.560000e+01 1.056968e+03 9.569679e+00 9.035223e-01
1.570000e+01 1.094017e+03 9.940172e+00 8.413249e-01
1.580000e+01 9.770143e+02 8.770143e+00 8.079797e-01
1.590000e+01 9.358414e+02 8.358414e+00 8.501146e-01
1.600000e+01 8.718176e+02 7.718176e+00 9.352145e-01
1.610000e+01 1.068362e+03 9.683624e+00 9.625906e-01
1.620000e+01 1.048967e+03 9.489669e+00 9.184737e-01
1.630000e+01 9.555695e+02 8.555695e+00 9.110104e-01
1.640000e+01 1.031947e+03 9.319473e+00 9.100063e-01
1.650000e+01 1.079362e+03 9.793617e+00 8.661365e-01
1.660000e+01 9.197119e+02 8.197119e+00 8.689084e-01
1.670000e+01 9.083905e+02 8.083905e+00 9.463739e-01
1.680000e+01 9.360154e+02 8.360154e+00 1.018853e+00
1.690000e+01 1.033739e+03 9.337394e+00 1.043498e+00
1.700000e+01 8.606647e+02 7.606647e+00 1.100090e+00
1.710000e+01 8.963030e+02 7.963030e+00 1.203692e+00
1.720000e+01 1.085424e+03 9.854244e+00 1.215885e+00
1.730000e+01 1.061806e+03 9.618061e+00 1.157600e+00
1.740000e+01 9.391309e+02 8.391309e+00 1.149002e+00
1.750000e+01 1.066026e+03 9.660260e+00 1.140517e+00
1.760000e+01 1.078387e+03 9.783865e+00 1.073486e+00
1.770000e+01 1.089083e+03 9.890829e+00 9.980667e-01
1.780000e+01 9.286973e+02 8.286973e+00 9.830178e-01
1.790000e+01 1.066431e+03 9.664307e+00 9.805079e-01
1.800000e+01 9.975154e+02 8.975154e+00 9.571130e-01
1.810000e+01 9.983378e+02 8.983378e+00 9.458757e-01
1.820000e+01 1.169485e+03 1.069485e+01 8.685386e-01
1.830000e+01 1.056682e+03 9.566818e+00 7.611435e-01
1.840000e+01 1.091193e+03 9.911925e+00 6.869835e-01
1.850000e+01 9.780759e+02 8.780759e+00 6.504819e-01
1.860000e+01 1.058872e+03 9.588719e+00 6.303243e-01
1.870000e+01 9.698789e+02 8.698789e+00 6.195942e-01
1.880000e+01 1.007494e+03 9.074943e+00 6.196738e-01
1.890000e+01 1.115753e+03 1.015753e+01 5.704017e-01
1.900000e+01 9.134888e+02 8.134888e+00 5.608056e-01
1.910000e+01 9.075857e+02 8.075857e+00 6.396998e-01
1.920000e+01 9.266619e+02 8.266619e+00 7.191954e-01
1.930000e+01 1.001271e+03 9.012714e+00 7.600782e-01
1.940000e+01 9.256127e+02 8.256127e+00 7.948531e-01
1.950000e+01 1.039570e+03 9.395701e+00 8.073458e-01
1.960000e+01 1.052298e+03 9.522981e+00 7.710016e-01
1.970000e+01 9.662577e+02 8.662577e+00 7.676461e-01
1.980000e+01 8.433754e+02 7.433754e+00 8.582506e-01
1.990000e+01 8.585739e+02 7.585739e+00 9.982346e-01
2.000000e+01 9.472364e+02 8.472364e+00 1.088171e+00
2.010000e+01 1.111660e+03 1.011660e+01 1.068099e+00
2.020000e+01 9.946167e+02 8.946167e+00 1.025528e+00
2.030000e+01 9.432769e+02 8.432769e+00 1.045863e+00
2.040000e+01 1.035204e+03 9.352038e+00 1.052467e+00
2.050000e+01 1.092204e+03 9.922042e+00 9.914245e-01
2.060000e+01 1.114802e+03 1.014802e+01 8.966775e-01
2.070000e+01 9.912475e+02 8.912475e+00 8.397624e-01
2.080000e+01 1.096678e+03 9.966777e+00 7.881239e-01
2.090000e+01 1.117489e+03 1.017489e+01 6.914999e-01
2.100000e+01 1.029591e+03 9.295915e+00 6.156989e-01
2.110000e+01 1.064293e+03 9.642930e+00 5.721654e-01
2.120000e+01 9.237661e+02 8.237661e+00 5.730198e-01
2.130000e+01 1.065234e+03 9.652337e+00 5.764205e-01
2.140000e+01 9.454241e+02 8.454241e+00 5.848326e-01
2.150000e+01 8.407571e+02 7.407571e+00 6.754041e-01
2.160000e+01 1.035629e+03 9.356287e+00 7.333782e-01
2.170000e+01 1.033946e+03 9.339460e+00 7.062605e-01
2.180000e+01 1.071387e+03 9.713870e+00 6.529385e-01
2.190000e+01 1.073592e+03 9.735920e+00 5.791626e-01
2.200000e+01 1.130605e+03 1.030605e+01 4.819732e-01
2.210000e+01 1.033091e+03 9.330910e+00 4.007707e-01
2.220000e+01 1.066462e+03 9.664617e+00 3.512811e-01
2.230000e+01 9.625314e+02 8.625314e+00 3.359033e-01
2.240000e+01 1.026951e+03 9.269512e+00 3.355753e-01
2.250000e+01 1.027934e+03 9.279345e+00 3.134023e-01
2.260000e+01 9.950897e+02 8.950897e+00 3.023761e-01
2.270000e+01 9.774186e+02 8.774186e+00 3.123381e-01
2.280000e+01 1.040136e+03 9.401355e+00 2.960389e-01
2.290000e+01 1.177270e+03 1.077270e+01 1.923907e-01
2.300000e+01 1.124771e+03 1.024771e+01 5.403879e-02
2.310000e+01 9.940734e+02 8.940734e+00 -9.088308e-03
2.320000e+01 1.014568e+03 9.145683e+00 -2.379832e-02
2.330000e+01 1.106639e+03 1.006639e+01 -8.116857e-02
2.340000e+01 1.052559e+03 9.525588e+00 -1.489476e-01
2.350000e+01 9.099303e+02 8.099303e+00 -1.393528e-01
2.360000e+01 1.033177e+03 9.331766e+00 -1.155879e-01
2.370000e+01 9.940698e+02 8.940698e+00 -1.230324e-01
2.380000e+01 1.007255e+03 9.072550e+00 -1.285883e-01
2.390000e+01 1.049968e+03 9.499676e+00 -1.542778e-01
2.400000e+01 1.009335e+03 9.093355e+00 -1.810733e-01
2.410000e+01 9.918054e+02 8.918054e+00 -1.856432e-01
2.420000e+01 1.035416e+03 9.354161e+00 -2.021339e-01
2.430000e+01 1.082541e+03 9.825413e+00 -2.586139e-01
2.440000e+01 1.064460e+03 9.644600e+00 -3.241893e-01
2.450000e+01 9.416502e+02 8.416502e+00 -3.296082e-01
2.460000e+01 9.960316e+02 8.960316e+00 -3.175434e-01
2.470000e+01 1.264183e+03 1.164183e+01 -4.395754e-01
2.480000e+01 1.140539e+03 1.040539e+01 -6.195402e-01
2.490000e+01 9.501466e+02 8.501466e+00 -6.757506e-01
2.500000e+01 1.011405e+03 9.114049e+00 -6.593798e-01
2.510000e+01 9.162928e+02 8.162928e+00 -6.280378e-01
2.520000e+01 1.090101e+03 9.901013e+00 -6.370574e-01
2.530000e+01 1.108392e+03 1.008392e+01 -7.276107e-01
2.540000e+01 1.105748e+03 1.005748e+01 -8.303558e-01
2.550000e+01 1.018873e+03 9.188730e+00 -8.956099e-01
2.560000e+01 1.083149e+03 9.831486e+00 -9.504724e-01
2.570000e+01 1.068016e+03 9.680160e+00 -1.021798e+00
2.580000e+01 1.067435e+03 9.674350e+00 -1.093958e+00
2.590000e+01 1.107351e+03 1.007351e+01 -1.170187e+00
2.600000e+01 9.002008e+02 8.002008e+00 -1.180952e+00
2.610000e+01 1.081803e+03 9.818029e+00 -1.181096e+00
2.620000e+01 1.046693e+03 9.466935e+00 -1.228631e+00
2.630000e+01 9.048923e+02 8.048923e+00 -1.208486e+00
2.640000e+01 9.423072e+02 8.423072e+00 -1.144028e+00
2.650000e+01 1.049682e+03 9.496820e+00 -1.133849e+00
2.660000e+01 9.689644e+02 8.689644e+00 -1.137838e+00
2.670000e+01 9.642045e+02 8.642045e+00 -1.111798e+00
2.680000e+01 1.036126e+03 9.361257e+00 -1.114671e+00
2.690000e+01 1.080722e+03 9.807217e+00 -1.162180e+00
2.700000e+01 9.319321e+02 8.319321e+00 -1.170503e+00
2.710000e+01 1.020069e+03 9.200688e+00 -1.158532e+00
2.720000e+01 1.117294e+03 1.017294e+01 -1.220879e+00
2.730000e+01 1.074471e+03 9.744714e+00 -1.306544e+00
2.740000e+01 9.625926e+02 8.625926e+00 -1.333616e+00
2.750000e+01 1.085596e+03 9.855965e+00 -1.362653e+00
2.760000e+01 1.097459e+03 9.974589e+00 -1.453426e+00
2.770000e+01 1.190047e+03 1.090047e+01 -1.585791e+00
2.780000e+01 9.550874e+02 8.550874e+00 -1.654482e+00
2.790000e+01 9.677309e+02 8.677309e+00 -1.627108e+00
2.800000e+01 9.639099e+02 8.639099e+00 -1.595789e+00
2.810000e+01 1.053460e+03 9.534601e+00 -1.600098e+00
2.820000e+01 9.468972e+02 8.468972e+00 -1.595287e+00
2.830000e+01 9.438814e+02 8.438814e+00 -1.548076e+00
2.840000e+01 9.720330e+02 8.720330e+00 -1.503695e+00
2.850000e+01 9.455114e+02 8.455114e+00 -1.465119e+00
2.860000e+01 1.015806e+03 9.158061e+00 -1.444282e+00
2.870000e+01 9.649177e+02 8.649177e+00 -1.433983e+00
2.880000e+01 1.021295e+03 9.212955e+00 -1.429413e+00
2.890000e+01 1.015580e+03 9.155803e+00 -1.445779e+00
2.900000e+01 1.022227e+03 9.222275e+00 -1.458290e+00
2.910000e+01 8.793759e+02 7.793759e+00 -1.411668e+00
2.920000e+01 9.584797e+02 8.584797e+00 -1.343681e+00
2.930000e+01 1.066488e+03 9.664881e+00 -1.344840e+00
2.940000e+01 9.398282e+02 8.398282e+00 -1.348717e+00
2.950000e+01 1.044495e+03 9.444953e+00 -1.345004e+00
2.960000e+01 1.000220e+03 9.002198e+00 -1.362895e+00
2.970000e+01 1.015137e+03 9.151369e+00 -1.366455e+00
2.980000e+01 8.678787e+02 7.678787e+00 -1.308702e+00
2.990000e+01 9.362714e+02 8.362714e+00 -1.228923e+00
3.000000e+01 1.132594e+03 1.032594e+01 -1.250559e+00
3.010000e+01 9.819254e+02 8.819254e+00 -1.308777e+00
3.020000e+01 1.154950e+03 1.054950e+01 -1.372040e+00
3.030000e+01 8.968837e+02 7.968837e+00 -1.395290e+00
3.040000e+01 1.034036e+03 9.340358e+00 -1.375010e+00
3.050000e+01 1.047357e+03 9.473573e+00 -1.406487e+00
3.060000e+01 1.017902e+03 9.179023e+00 -1.436636e+00
3.070000e+01 9.734589e+02 8.734589e+00 -1.440838e+00
3.080000e+01 1.112365e+03 1.012365e+01 -1.478345e+00
3.090000e+01 9.511423e+02 8.511423e+00 -1.501110e+00
3.100000e+01 9.151219e+02 8.151219e+00 -1.446221e+00
3.110000e+01 9.985949e+02 8.985949e+00 -1.410695e+00
3.120000e+01 1.137338e+03 1.037338e+01 -1.471583e+00
3.130000e+01 1.056288e+03 9.562881e+00 -1.554673e+00
3.140000e+01 9.087575e+02 8.087575e+00 -1.544409e+00
3.150000e+01 9.806096e+02 8.806096e+00 -1.503809e+00
3.160000e+01 1.142505e+03 1.042505e+01 -1.557439e+00
3.170000e+01 1.051621e+03 9.516213e+00 -1.642775e+00
3.180000e+01 9.656786e+02 8.656786e+00 -1.657001e+00
3.190000e+01 9.671567e+02 8.671567e+00 -1.623206e+00
3.200000e+01 8.964953e+02 7.964953e+00 -1.559026e+00
3.210000e+01 9.977262e+02 8.977262e+00 -1.516636e+00
3.220000e+01 1.145658e+03 1.045658e+01 -1.583329e+00
3.230000e+01 1.139806e+03 1.039806e+01 -1.714545e+00
3.240000e+01 1.040677e+03 9.406769e+00 -1.805093e+00
3.250000e+01 1.014510e+03 9.145096e+00 -1.830016e+00
3.260000e+01 8.657689e+02 7.657689e+00 -1.772403e+00
3.270000e+01 9.020425e+02 8.020425e+00 -1.667821e+00
3.280000e+01 9.943209e+02 8.943209e+00 -1.614299e+00
3.290000e+01 1.004309e+03 9.043087e+00 -1.608247e+00
3.300000e+01 9.920446e+02 8.920446e+00 -1.611099e+00
3.310000e+01 1.073297e+03 9.732972e+00 -1.636359e+00
3.320000e+01 9.206017e+02 8.206017e+00 -1.635382e+00
3.330000e+01 1.048860e+03 9.488604e+00 -1.628998e+00
3.340000e+01 1.065646e+03 9.656457e+00 -1.676915e+00
3.350000e+01 1.020693e+03 9.206930e+00 -1.720392e+00
3.360000e+01 1.021873e+03 9.218726e+00 -1.741885e+00
3.370000e+01 9.860985e+02 8.860985e+00 -1.746604e+00
3.380000e+01 1.011661e+03 9.116612e+00 -1.749898e+00
3.390000e+01 1.057405e+03 9.574046e+00 -1.778268e+00
3.400000e+01 9.573833e+02 8.573833e+00 -1.783144e+00
3.410000e+01 9.536149e+02 8.536149e+00 -1.745983e+00
3.420000e+01 9.934552e+02 8.934552e+00 -1.714523e+00
3.430000e+01 8.925421e+02 7.925421e+00 -1.655357e+00
3.440000e+01 9.064165e+02 8.064165e+00 -1.569550e+00
3.450000e+01 1.098290e+03 9.982897e+00 -1.567449e+00
3.460000e+01 1.034915e+03 9.349154e+00 -1.626913e+00
3.470000e+01 1.075461e+03 9.754614e+00 -1.685369e+00
3.480000e+01 1.053558e+03 9.535578e+00 -1.743270e+00
3.490000e+01 9.695387e+02 8.695387e+00 -1.757071e+00
3.500000e+01 9.930784e+02 8.930784e+00 -1.745166e+00
3.510000e+01 1.049217e+03 9.492168e+00 -1.762818e+00
3.520000e+01 1.010846e+03 9.108465e+00 -1.792457e+00
3.530000e+01 1.057257e+03 9.572573e+00 -1.828696e+00
3.540000e+01 1.048040e+03 9.480403e+00 -1.872672e+00
3.550000e+01 9.161295e+02 8.161295e+00 -1.854452e+00
3.560000e+01 9.077051e+02 8.077051e+00 -1.778521e+00
3.570000e+01 1.021134e+03 9.211343e+00 -1.738627e+00
3.580000e+01 9.353215e+02 8.353215e+00 -1.712166e+00
3.590000e+01 9.574221e+02 8.574221e+00 -1.666162e+00
3.600000e+01 1.014158e+03 9.141579e+00 -1.649715e+00
3.610000e+01 1.011630e+03 9.116296e+00 -1.663222e+00
3.620000e+01 1.059204e+03 9.592044e+00 -1.691922e+00
3.630000e+01 9.206594e+02 8.206594e+00 -1.681817e+00
3.640000e+01 9.635913e+02 8.635913e+00 -1.628180e+00
3.650000e+01 9.030082e+02 8.030082e+00 -1.557256e+00
3.660000e+01 8.826698e+02 7.826698e+00 -1.457490e+00
3.670000e+01 9.629749e+02 8.629749e+00 -1.379199e+00
3.680000e+01 9.272450e+02 8.272450e+00 -1.320985e+00
3.690000e+01 9.499424e+02 8.499424e+00 -1.266691e+00
3.700000e+01 1.047239e+03 9.472388e+00 -1.261537e+00
3.710000e+01 1.002353e+03 9.023528e+00 -1.283098e+00
3.720000e+01 1.025530e+03 9.255302e+00 -1.298674e+00
3.730000e+01 1.007370e+03 9.073700e+00 -1.312121e+00
3.740000e+01 9.591542e+02 8.591542e+00 -1.291394e+00
3.750000e+01 8.772485e+02 7.772485e+00 -1.219970e+00
3.760000e+01 1.019118e+03 9.191178e+00 -1.160333e+00
3.770000e+01 7.934958e+02 6.934958e+00 -1.065671e+00
3.780000e+01 9.199472e+02 8.199472e+00 -9.332944e-01
3.790000e+01 9.091778e+02 8.091778e+00 -8.439422e-01
3.800000e+01 9.829420e+02 8.829420e+00 -7.908742e-01
3.810000e+01 9.642481e+02 8.642481e+00 -7.596247e-01
3.820000e+01 9.563066e+02 8.563066e+00 -7.247428e-01
3.830000e+01 1.017783e+03 9.177831e+00 -7.090139e-01
3.840000e+01 9.685346e+02 8.685346e+00 -7.034672e-01
3.850000e+01 1.049304e+03 9.493040e+00 -7.116342e-01
3.860000e+01 9.721127e+02 8.721127e+00 -7.152979e-01
3.870000e+01 9.241088e+02 8.241088e+00 -6.732376e-01
3.880000e+01 1.046574e+03 9.465740e+00 -6.643841e-01
3.890000e+01 1.134525e+03 1.034525e+01 -7.511108e-01
3.900000e+01 1.171426e+03 1.071426e+01 -8.958631e-01
3.910000e+01 1.074385e+03 9.743845e+00 -1.016132e+00
3.920000e+01 1.052267e+03 9.522669e+00 -1.082215e+00
3.930000e+01 9.891322e+02 8.891322e+00 -1.095547e+00
3.940000e+01 8.434747e+02 7.434747e+00 -1.022392e+00
3.950000e+01 9.843674e+02 8.843674e+00 -9.370201e-01
3.960000e+01 8.585830e+02 7.585830e+00 -8.507188e-01
3.970000e+01 8.567747e+02 7.567747e+00 -7.176936e-01
3.980000e+01 9.054843e+02 8.054843e+00 -5.994431e-01
3.990000e+01 9.464104e+02 8.464104e+00 -5.286697e-01
4.000000e+01 1.050061e+03 9.500607e+00 -5.208636e-01
4.010000e+01 9.580321e+02 8.580321e+00 -5.185469e-01
4.020000e+01 9.406100e+02 8.406100e+00 -4.785365e-01
4.030000e+01 1.050969e+03 9.509688e+00 -4.715089e-01
4.040000e+01 9.942700e+02 8.942700e+00 -4.913330e-01
4.050000e+01 1.037186e+03 9.371863e+00 -5.075739e-01
4.060000e+01 9.944362e+02 8.944362e+00 -5.280613e-01
4.070000e+01 1.147456e+03 1.047456e+01 -6.031465e-01
4.080000e+01 1.172950e+03 1.072950e+01 -7.504619e-01
4.090000e+01 1.063729e+03 9.637294e+00 -8.667050e-01
4.100000e+01 1.029046e+03 9.290463e+00 -9.181387e-01
4.110000e+01 1.019813e+03 9.198130e+00 -9.398727e-01
4.120000e+01 9.358287e+02 8.358287e+00 -9.176416e-01
4.130000e+01 9.370058e+02 8.370058e+00 -8.633360e-01
4.140000e+01 1.048632e+03 9.486323e+00 -8.575234e-01
4.150000e+01 1.082056e+03 9.820557e+00 -9.147929e-01
4.160000e+01 1.021836e+03 9.218361e+00 -9.656315e-01
4.170000e+01 1.032315e+03 9.323151e+00 -9.983902e-01
4.180000e+01 1.071596e+03 9.715960e+00 -1.043152e+00
4.190000e+01 9.528891e+02 8.528891e+00 -1.057202e+00
4.200000e+01 1.001191e+03 9.011905e+00 -1.029569e+00
4.210000e+01 8.047991e+02 7.047991e+00 -9.412897e-01
4.220000e+01 1.054458e+03 9.544575e+00 -8.831594e-01
4.230000e+01 1.081567e+03 9.815670e+00 -9.290190e-01
4.240000e+01 9.015004e+02 8.015004e+00 -9.216769e-01
4.250000e+01 9.172665e+02 8.172665e+00 -8.408811e-01
4.260000e+01 9.676108e+02 8.676108e+00 -7.892774e-01
4.270000e+01 1.097616e+03 9.976165e+00 -8.099372e-01
4.280000e+01 9.094216e+02 8.094216e+00 -8.138046e-01
4.290000e+01 1.049198e+03 9.491977e+00 -8.061750e-01
4.300000e+01 1.122646e+03 1.022646e+01 -8.870483e-01
4.310000e+01 1.181830e+03 1.081830e+01 -1.035204e+00
4.320000e+01 1.131123e+03 1.031123e+01 -1.180478e+00
4.330000e+01 9.669806e+02 8.669806e+00 -1.234741e+00
4.340000e+01 1.002218e+03 9.022177e+00 -1.219468e+00
4.350000e+01 8.461531e+02 7.461531e+00 -1.141914e+00
4.360000e+01 8.750433e+02 7.750433e+00 -1.017154e+00
4.370000e+01 1.005928e+03 9.059279e+00 -9.527349e-01
4.380000e+01 9.600223e+02 8.600223e+00 -9.329668e-01
4.390000e+01 1.018333e+03 9.183334e+00 -9.211073e-01
4.400000e+01 9.400423e+02 8.400423e+00 -8.969489e-01
4.410000e+01 9.428902e+02 8.428902e+00 -8.464430e-01
4.420000e+01 1.025477e+03 9.254770e+00 -8.298630e-01
4.430000e+01 1.004269e+03 9.042694e+00 -8.325022e-01
4.440000e+01 8.408950e+02 7.408950e+00 -7.619949e-01
4.450000e+01 9.619664e+02 8.619664e+00 -6.732576e-01
4.460000e+01 9.944330e+02 8.944330e+00 -6.404627e-01
4.470000e+01 9.082207e+02 8.082207e+00 -5.916435e-01
4.480000e+01 9.092015e+02 8.092015e+00 -4.991629e-01
4.490000e+01 8.072886e+02 7.072886e+00 -3.612348e-01
4.500000e+01 9.054052e+02 8.054052e+00 -2.282283e-01
4.510000e+01 1.023112e+03 9.231121e+00 -1.884164e-01
4.520000e+01 1.049968e+03 9.499682e+00 -2.209187e-01
4.530000e+01 1.072654e+03 9.726543e+00 -2.809520e-01
4.540000e+01 1.053960e+03 9.539598e+00 -3.369769e-01
4.550000e+01 9.224789e+02 8.224789e+00 -3.257617e-01
4.560000e+01 9.241150e+02 8.241150e+00 -2.605418e-01
4.570000e+01 1.034291e+03 9.342914e+00 -2.410023e-01
4.580000e+01 1.077477e+03 9.774768e+00 -2.927438e-01
4.590000e+01 1.095780e+03 9.957800e+00 -3.764176e-01
4.600000e+01 1.062012e+03 9.620120e+00 -4.492841e-01
4.610000e+01 9.432213e+02 8.432213e+00 -4.522021e-01
4.620000e+01 9.485511e+02 8.485511e+00 -4.174309e-01
4.630000e+01 1.206379e+03 1.106379e+01 -4.833778e-01
4.640000e+01 9.977219e+02 8.977219e+00 -5.781848e-01
4.650000e+01 1.098031e+03 9.980310e+00 -6.360190e-01
4.660000e+01 1.073088e+03 9.730881e+00 -7.140890e-01
4.670000e+01 1.021140e+03 9.211398e+00 -7.519888e-01
4.680000e+01 7.984708e+02 6.984708e+00 -6.687760e-01
4.690000e+01 8.985071e+02 7.985071e+00 -5.288129e-01
4.700000e+01 9.261518e+02 8.261518e+00 -4.394362e-01
4.710000e+01 1.004000e+03 9.040001e+00 -4.009662e-01
4.720000e+01 9.594770e+02 8.594770e+00 -3.868194e-01
4.730000e+01 1.116532e+03 1.016532e+01 -4.225011e-01
4.740000e+01 1.007250e+03 9.072495e+00 -4.725574e-01
4.750000e+01 9.242401e+02 8.242401e+00 -4.430135e-01
4.760000e+01 9.024468e+02 8.024468e+00 -3.645114e-01
4.770000e+01 1.006365e+03 9.063654e+00 -3.202647e-01
4.780000e+01 1.011102e+03 9.111022e+00 -3.217711e-01
4.790000e+01 9.599421e+02 8.599421e+00 -3.025103e-01
4.800000e+01 8.533080e+02 7.533080e+00 -2.128273e-01
4.810000e+01 8.945670e+02 7.945670e+00 -9.613369e-02
4.820000e+01 9.737821e+02 8.737821e+00 -2.598677e-02
4.830000e+01 9.610307e+02 8.610307e+00 9.087928e-04
4.840000e+01 1.130644e+03 1.030644e+01 -3.967902e-02
4.850000e+01 1.031051e+03 9.310512e+00 -1.219602e-01
4.860000e+01 1.206674e+03 1.106674e+01 -2.359199e-01
4.870000e+01 1.003991e+03 9.039908e+00 -3.381889e-01
4.880000e+01 1.121654e+03 1.021654e+01 -4.078112e-01
4.890000e+01 1.040159e+03 9.401585e+00 -4.821603e-01
4.900000e+01 1.039014e+03 9.390136e+00 -5.223883e-01
4.910000e+01 9.626063e+02 8.626063e+00 -5.286697e-01
4.920000e+01 1.090026e+03 9.900263e+00 -5.597324e-01
4.930000e+01 1.112212e+03 1.012212e+01 -6.567234e-01
4.940000e+01 1.156489e+03 1.056489e+01 -7.862484e-01
4.950000e+01 1.059168e+03 9.591678e+00 -8.897858e-01
4.960000e+01 1.017036e+03 9.170356e+00 -9.332805e-01
4.970000e+01 1.034620e+03 9.346202e+00 -9.640479e-01
4.980000e+01 1.088525e+03 9.885253e+00 -1.016204e+00
4.990000e+01 9.185093e+02 8.185093e+00 -1.021596e+00
5.000000e+01 1.018829e+03 9.188285e+00 -1.000951e+00
5.010000e+01 1.046482e+03 9.464818e+00 -1.021622e+00
5.020000e+01 9.361271e+02 8.361271e+00 -1.019815e+00
5.030000e+01 1.082963e+03 9.829630e+00 -1.031041e+00
5.040000e+01 9.997736e+02 8.997736e+00 -1.058106e+00
5.050000e+01 8.530235e+02 7.530235e+00 -9.892993e-01
5.060000e+01 8.863351e+02 7.863351e+00 -8.788487e-01
5.070000e+01 1.127773e+03 1.027773e+01 -8.680847e-01
5.080000e+01 8.154220e+02 7.154220e+00 -8.343109e-01
5.090000e+01 9.476272e+02 8.476272e+00 -7.355379e-01
5.100000e+01 1.023502e+03 9.235018e+00 -7.166493e-01
5.110000e+01 1.108062e+03 1.008062e+01 -7.801256e-01
5.120000e+01 1.089372e+03 9.893721e+00 -8.672133e-01
5.130000e+01 9.642423e+02 8.642423e+00 -9.076753e-01
5.140000e+01 1.203643e+03 1.103643e+01 -9.910678e-01
5.150000e+01 1.064873e+03 9.648730e+00 -1.108533e+00
5.160000e+01 9.676623e+02 8.676623e+00 -1.134235e+00
5.170000e+01 1.009004e+03 9.090042e+00 -1.130181e+00
5.180000e+01 1.078846e+03 9.788459e+00 -1.169746e+00
5.190000e+01 1.057886e+03 9.578861e+00 -1.243073e+00
5.200000e+01 1.190488e+03 1.090488e+01 -1.353814e+00
5.210000e+01 9.103007e+02 8.103007e+00 -1.408459e+00
5.220000e+01 1.126842e+03 1.026842e+01 -1.436396e+00
5.230000e+01 1.008706e+03 9.087061e+00 -1.484042e+00
5.240000e+01 8.452910e+02 7.452910e+00 -1.420763e+00
5.250000e+01 9.070246e+02 8.070246e+00 -1.307120e+00
5.260000e+01 9.572968e+02 8.572968e+00 -1.230116e+00
5.270000e+01 8.759592e+02 7.759592e+00 -1.162846e+00
5.280000e+01 1.245627e+03 1.145627e+01 -1.223448e+00
5.290000e+01 1.141219e+03 1.041219e+01 -1.392205e+00
5.300000e+01 1.023119e+03 9.231195e+00 -1.485231e+00
5.310000e+01 1.089240e+03 9.892398e+00 -1.540471e+00
5.320000e+01 9.834447e+02 8.834447e+00 -1.578579e+00
5.330000e+01 1.094800e+03 9.947998e+00 -1.623336e+00
5.340000e+01 1.073849e+03 9.738490e+00 -1.690606e+00
5.350000e+01 8.594839e+02 7.594839e+00 -1.666518e+00
5.360000e+01 1.022728e+03 9.227279e+00 -1.620733e+00
5.370000e+01 1.073187e+03 9.731874e+00 -1.654245e+00
5.380000e+01 9.625480e+02 8.625480e+00 -1.674456e+00
5.390000e+01 1.051875e+03 9.518746e+00 -1.690583e+00
5.400000e+01 1.103280e+03 1.003280e+01 -1.752760e+00
5.410000e+01 8.939308e+02 7.939308e+00 -1.753889e+00
5.420000e+01 9.853586e+02 8.853586e+00 -1.702322e+00
5.430000e+01 9.455848e+02 8.455848e+00 -1.658761e+00
5.440000e+01 8.820235e+02 7.820235e+00 -1.579560e+00
5.450000e+01 9.686238e+02 8.686238e+00 -1.507267e+00
5.460000e+01 9.705910e+02 8.705910e+00 -1.475771e+00
5.470000e+01 1.036935e+03 9.369354e+00 -1.480273e+00
5.480000e+01 1.049012e+03 9.490115e+00 -1.520923e+00
5.490000e+01 1.062594e+03 9.625943e+00 -1.573623e+00
5.500000e+01 1.009542e+03 9.095418e+00 -1.611920e+00
5.510000e+01 1.066353e+03 9.663526e+00 -1.649188e+00
5.520000e+01 9.836185e+02 8.836185e+00 -1.665965e+00
5.530000e+01 8.939521e+02 7.939521e+00 -1.617364e+00
5.540000e+01 1.065220e+03 9.652197e+00 -1.601544e+00
5.550000e+01 1.080912e+03 9.809121e+00 -1.666626e+00
5.560000e+01 1.095949e+03 9.959493e+00 -1.754623e+00
5.570000e+01 1.066768e+03 9.667679e+00 -1.827537e+00
5.580000e+01 9.218784e+02 8.218784e+00 -1.827753e+00
5.590000e+01 1.002931e+03 9.029308e+00 -1.792425e+00
5.600000e+01 9.034137e+02 8.034137e+00 -1.739635e+00
5.610000e+01 8.868854e+02 7.868854e+00 -1.645355e+00
5.620000e+01 9.871084e+02 8.871084e+00 -1.580242e+00
5.630000e+01 9.484781e+02 8.484781e+00 -1.546871e+00
5.640000e+01 1.020271e+03 9.202712e+00 -1.532560e+00
5.650000e+01 9.988710e+02 8.988710e+00 -1.538259e+00
5.660000e+01 1.000821e+03 9.008207e+00 -1.540494e+00
5.670000e+01 1.010717e+03 9.107174e+00 -1.542427e+00
5.680000e+01 9.475754e+02 8.475754e+00 -1.525913e+00
5.690000e+01 1.049089e+03 9.490895e+00 -1.529003e+00
5.700000e+01 1.078053e+03 9.780528e+00 -1.583926e+00
5.710000e+01 1.001010e+03 9.010096e+00 -1.619341e+00
5.720000e+01 9.337648e+02 8.337648e+00 -1.591190e+00
5.730000e+01 9.547433e+02 8.547433e+00 -1.540902e+00
5.740000e+01 1.006902e+03 9.069019e+00 -1.520724e+00
5.750000e+01 1.013258e+03 9.132575e+00 -1.528405e+00
5.760000e+01 1.009301e+03 9.093015e+00 -1.539400e+00
5.770000e+01 1.020259e+03 9.202586e+00 -1.560793e+00
5.780000e+01 1.144857e+03 1.044857e+01 -1.638475e+00
5.790000e+01 1.052327e+03 9.523265e+00 -1.729425e+00
5.800000e+01 1.013254e+03 9.132538e+00 -1.763651e+00
5.810000e+01 9.353916e+02 8.353916e+00 -1.741241e+00
5.820000e+01 1.001510e+03 9.015102e+00 -1.721434e+00
5.830000e+01 1.125701e+03 1.025701e+01 -1.764124e+00
5.840000e+01 7.869528e+02 6.869528e+00 -1.723568e+00
5.850000e+01 9.740601e+02 8.740601e+00 -1.626174e+00
5.860000e+01 1.090128e+03 9.901281e+00 -1.650314e+00
5.870000e+01 1.134159e+03 1.034159e+01 -1.750465e+00
5.880000e+01 9.704875e+02 8.704875e+00 -1.799530e+00
5.890000e+01 9.524353e+02 8.524353e+00 -1.773328e+00
5.900000e+01 1.044014e+03 9.440137e+00 -1.773115e+00
5.910000e+01 1.058922e+03 9.589216e+00 -1.811674e+00
5.920000e+01 8.806866e+02 7.806866e+00 -1.781556e+00
5.930000e+01 8.964381e+02 7.964381e+00 -1.683012e+00
5.940000e+01 9.952489e+02 8.952489e+00 -1.631977e+00
5.950000e+01 1.082568e+03 9.825678e+00 -1.660629e+00
5.960000e+01 9.574577e+02 8.574577e+00 -1.674452e+00
5.970000e+01 9.156778e+02 8.156778e+00 -1.619945e+00
5.980000e+01 9.638591e+02 8.638591e+00 -1.558859e+00
5.990000e+01 9.164749e+02 8.164749e+00 -1.497207e+00
6.000000e+01 9.436592e+02 8.436592e+00 -1.436575e+00
6.010000e+01 1.068381e+03 9.683810e+00 -1.433510e+00
6.020000e+01 9.148882e+02 8.148882e+00 -1.420065e+00
6.030000e+01 9.330572e+02 8.330572e+00 -1.352403e+00
6.040000e+01 9.345291e+02 8.345291e+00 -1.282227e+00
6.050000e+01 8.961718e+02 7.961718e+00 -1.200604e+00
6.060000e+01 9.491187e+02 8.491187e+00 -1.124328e+00
6.070000e+01 9.446326e+02 8.446326e+00 -1.072488e+00
6.080000e+01 1.023521e+03 9.235207e+00 -1.055693e+00
6.090000e+01 9.976114e+02 8.976114e+00 -1.064165e+00
6.100000e+01 1.041142e+03 9.411423e+00 -1.086756e+00
6.110000e+01 1.060745e+03 9.607453e+00 -1.129675e+00
6.120000e+01 9.437648e+02 8.437648e+00 -1.130332e+00
6.130000e+01 9.202860e+02 8.202860e+00 -1.067357e+00
6.140000e+01 9.174306e+02 8.174306e+00 -9.917025e-01
6.150000e+01 1.017098e+03 9.170976e+00 -9.600114e-01
6.160000e+01 1.047783e+03 9.477828e+00 -9.927057e-01
6.170000e+01 1.140749e+03 1.040749e+01 -1.079304e+00
6.180000e+01 1.000251e+03 9.002514e+00 -1.144905e+00
6.190000e+01 1.001261e+03 9.012613e+00 -1.156103e+00
6.200000e+01 1.054556e+03 9.545559e+00 -1.177690e+00
6.210000e+01 9.425372e+02 8.425372e+00 -1.173517e+00
6.220000e+01 9.310644e+02 8.310644e+00 -1.114936e+00
6.230000e+01 9.188010e+02 8.188010e+00 -1.044110e+00
6.240000e+01 1.009830e+03 9.098304e+00 -1.010316e+00
6.250000e+01 1.033939e+03 9.339386e+00 -1.029623e+00
6.260000e+01 1.090962e+03 9.909622e+00 -1.096967e+00
6.270000e+01 1.181133e+03 1.081133e+01 -1.219101e+00
6.280000e+01 9.596465e+02 8.596465e+00 -1.288697e+00
6.290000e+01 1.027553e+03 9.275527e+00 -1.294065e+00
6.300000e+01 1.040491e+03 9.404908e+00 -1.320976e+00
6.310000e+01 9.685096e+02 8.685096e+00 -1.320119e+00
6.320000e+01 8.887714e+02 7.887714e+00 -1.266660e+00
6.330000e+01 1.177475e+03 1.077475e+01 -1.296384e+00
6.340000e+01 1.021955e+03 9.219555e+00 -1.377722e+00
6.350000e+01 9.496176e+02 8.496176e+00 -1.376513e+00
6.360000e+01 1.024779e+03 9.247794e+00 -1.364701e+00
6.370000e+01 1.007461e+03 9.074608e+00 -1.379181e+00
6.380000e+01 1.024840e+03 9.248400e+00 -1.387664e+00
6.390000e+01 8.640920e+02 7.640920e+00 -1.339904e+00
6.400000e+01 1.032775e+03 9.327746e+00 -1.290269e+00
6.410000e+01 9.102569e+02 8.102569e+00 -1.256051e+00
6.420000e+01 1.003605e+03 9.036047e+00 -1.229990e+00
6.430000e+01 1.181725e+03 1.081725e+01 -1.303526e+00
6.440000e+01 8.981806e+02 7.981806e+00 -1.335149e+00
6.450000e+01 8.981482e+02 7.981482e+00 -1.252918e+00
6.460000e+01 1.012899e+03 9.128991e+00 -1.209893e+00
6.470000e+01 1.069226e+03 9.692258e+00 -1.243032e+00
6.480000e+01 1.005846e+03 9.058463e+00 -1.275454e+00
6.490000e+01 9.497925e+02 8.497925e+00 -1.257524e+00
6.500000e+01 9.801220e+02 8.801220e+00 -1.230456e+00
6.510000e+01 1.095610e+03 9.956096e+00 -1.263829e+00
6.520000e+01 1.013209e+03 9.132092e+00 -1.303484e+00
6.530000e+01 8.379995e+02 7.379995e+00 -1.240184e+00
6.540000e+01 9.618450e+02 8.618450e+00 -1.143538e+00
6.550000e+01 8.756913e+02 7.756913e+00 -1.057854e+00
6.560000e+01 9.146291e+02 8.146291e+00 -9.568604e-01
6.570000e+01 9.145463e+02 8.145463e+00 -8.792598e-01
6.580000e+01 1.118378e+03 1.018378e+01 -8.900213e-01
6.590000e+01 9.763424e+02 8.763424e+00 -9.198837e-01
6.600000e+01 8.288490e+02 7.288490e+00 -8.340966e-01
6.610000e+01 9.123513e+02 8.123513e+00 -7.143283e-01
6.620000e+01 9.794669e+02 8.794669e+00 -6.540040e-01
6.630000e+01 9.464034e+02 8.464034e+00 -6.155515e-01
6.640000e+01 9.705893e+02 8.705893e+00 -5.743377e-01
6.650000e+01 9.482144e+02 8.482144e+00 -5.369600e-01
6.660000e+01 1.048978e+03 9.489783e+00 -5.407405e-01
6.670000e+01 1.137257e+03 1.037257e+01 -6.307863e-01
6.680000e+01 1.159810e+03 1.059810e+01 -7.666649e-01
6.690000e+01 9.771722e+02 8.771722e+00 -8.347019e-01
6.700000e+01 9.815243e+02 8.815243e+00 -8.199745e-01
6.710000e+01 9.083295e+02 8.083295e+00 -7.597898e-01
6.720000e+01 8.445831e+02 7.445831e+00 -6.501131e-01
6.730000e+01 1.059743e+03 9.597425e+00 -6.083323e-01
6.740000e+01 1.124337e+03 1.024337e+01 -6.877703e-01
6.750000e+01 1.087864e+03 9.878638e+00 -7.918383e-01
6.760000e+01 1.068808e+03 9.688081e+00 -8.636707e-01
6.770000e+01 9.080461e+02 8.080461e+00 -8.561646e-01
6.780000e+01 9.659704e+02 8.659704e+00 -7.979926e-01
6.790000e+01 9.205476e+02 8.205476e+00 -7.438168e-01
6.800000e+01 1.040939e+03 9.409393e+00 -7.257292e-01
6.810000e+01 1.017051e+03 9.170508e+00 -7.495347e-01
6.820000e+01 1.014363e+03 9.143630e+00 -7.572253e-01
6.830000e+01 8.281470e+02 7.281470e+00 -6.861269e-01
6.840000e+01 9.855246e+02 8.855246e+00 -6.011875e-01
6.850000e+01 9.793185e+02 8.793185e+00 -5.809628e-01
6.860000e+01 1.095631e+03 9.956312e+00 -6.159798e-01
6.870000e+01 1.011047e+03 9.110467e+00 -6.607458e-01
6.880000e+01 9.605697e+02 8.605697e+00 -6.519721e-01
6.890000e+01 9.690725e+02 8.690725e+00 -6.163212e-01
6.900000e+01 9.168652e+02 8.168652e+00 -5.572531e-01
6.910000e+01 8.960464e+02 7.960464e+00 -4.719551e-01
6.920000e+01 1.010539e+03 9.105391e+00 -4.256294e-01
6.930000e+01 1.016162e+03 9.161619e+00 -4.404659e-01
6.940000e+01 1.163329e+03 1.063329e+01 -5.298789e-01
6.950000e+01 1.138503e+03 1.038503e+01 -6.673012e-01
6.960000e+01 1.002534e+03 9.025340e+00 -7.348858e-01
6.970000e+01 8.968592e+02 7.968592e+00 -6.906266e-01
6.980000e+01 9.105769e+02 8.105769e+00 -6.070654e-01
6.990000e+01 1.075238e+03 9.752381e+00 -5.982989e-01
7.000000e+01 1.063626e+03 9.636259e+00 -6.593072e-01
7.010000e+01 1.041981e+03 9.419812e+00 -7.097063e-01
7.020000e+01 9.709882e+02 8.709882e+00 -7.185221e-01
7.030000e+01 9.941523e+02 8.941523e+00 -7.013659e-01
7.040000e+01 9.400766e+02 8.400766e+00 -6.726442e-01
7.050000e+01 1.057207e+03 9.572069e+00 -6.737545e-01
7.060000e+01 1.043060e+03 9.430602e+00 -7.155885e-01
7.070000e+01 1.001786e+03 9.017859e+00 -7.408903e-01
7.080000e+01 1.022884e+03 9.228845e+00 -7.505972e-01
7.090000e+01 9.383516e+02 8.383516e+00 -7.336379e-01
7.100000e+01 1.028000e+03 9.279999e+00 -7.303116e-01
7.110000e+01 1.222425e+03 1.122425e+01 -8.488509e-01
7.120000e+01 1.151145e+03 1.051145e+01 -1.012235e+00
7.130000e+01 8.619296e+02 7.619296e+00 -1.026818e+00
7.140000e+01 9.342624e+02 8.342624e+00 -9.364128e-01
7.150000e+01 9.021465e+02 8.021465e+00 -8.539361e-01
7.160000e+01 9.836559e+02 8.836559e+00 -7.979407e-01
7.170000e+01 9.550271e+02 8.550271e+00 -7.595581e-01
7.180000e+01 8.816331e+02 7.816331e+00 -6.804008e-01
7.190000e+01 9.143434e+02 8.143434e+00 -5.890683e-01
7.200000e+01 1.042287e+03 9.422867e+00 -5.552181e-01
7.210000e+01 8.504550e+02 7.504550e+00 -5.057196e-01
7.220000e+01 1.053716e+03 9.537165e+00 -4.634527e-01
7.230000e+01 9.542006e+02 8.542006e+00 -4.517069e-01
7.240000e+01 8.653503e+02 7.653503e+00 -3.708089e-01
7.250000e+01 9.247665e+02 8.247665e+00 -2.674934e-01
7.260000e+01 8.918999e+02 7.918999e+00 -1.729343e-01
7.270000e+01 8.838253e+02 7.838253e+00 -5.934885e-02
7.280000e+01 8.241333e+02 7.241333e+00 8.370380e-02
7.290000e+01 8.802581e+02 7.802581e+00 2.256658e-01
7.300000e+01 9.660933e+02 8.660933e+00 2.968709e-01
7.310000e+01 1.114447e+03 1.014447e+01 2.716619e-01
7.320000e+01 9.057051e+02 8.057051e+00 2.602754e-01
7.330000e+01 1.053281e+03 9.532810e+00 2.777401e-01
7.340000e+01 9.141314e+02 8.141314e+00 2.949452e-01
7.350000e+01 1.050922e+03 9.509225e+00 3.096340e-01
7.360000e+01 9.735795e+02 8.735795e+00 2.941476e-01
7.370000e+01 1.177108e+03 1.077108e+01 2.239518e-01
7.380000e+01 9.777925e+02 8.777925e+00 1.546650e-01
7.390000e+01 1.024806e+03 9.248057e+00 1.452400e-01
7.400000e+01 9.583879e+02 8.583879e+00 1.606021e-01
7.410000e+01 8.959713e+02 7.959713e+00 2.274673e-01
7.420000e+01 9.356979e+02 8.356979e+00 3.095542e-01
7.430000e+01 9.331264e+02 8.331264e+00 3.748319e-01
7.440000e+01 9.827819e+02 8.827819e+00 4.159360e-01
7.450000e+01 9.904540e+02 8.904540e+00 4.347532e-01
7.460000e+01 9.270155e+02 8.270155e+00 4.772150e-01
7.470000e+01 9.072210e+02 8.072210e+00 5.541309e-01
7.480000e+01 9.847113e+02 8.847113e+00 5.999300e-01
7.490000e+01 1.133375e+03 1.033375e+01 5.471029e-01
7.500000e+01 1.090624e+03 9.906243e+00 4.402230e-01
7.510000e+01 1.105204e+03 1.005204e+01 3.501666e-01
7.520000e+01 8.854654e+02 7.854654e+00 3.564976e-01
7.530000e+01 8.804654e+02 7.804654e+00 4.588989e-01
7.540000e+01 9.642010e+02 8.642010e+00 5.337925e-01
7.550000e+01 1.044223e+03 9.442234e+00 5.319060e-01
7.560000e+01 1.067924e+03 9.679241e+00 4.818203e-01
7.570000e+01 1.018134e+03 9.181339e+00 4.418178e-01
7.580000e+01 9.546103e+02 8.546103e+00 4.615836e-01
7.590000e+01 7.832029e+02 6.832029e+00 5.852284e-01
7.600000e+01 8.997894e+02 7.997894e+00 7.256413e-01
7.610000e+01 1.099410e+03 9.994100e+00 7.357162e-01
7.620000e+01 1.028672e+03 9.286720e+00 6.836972e-01
7.630000e+01 9.540088e+02 8.540088e+00 6.926148e-01
7.640000e+01 8.689264e+02 7.689264e+00 7.755771e-01
7.650000e+01 9.201104e+02 8.201104e+00 8.756512e-01
7.660000e+01 9.603332e+02 8.603332e+00 9.345754e-01
7.670000e+01 1.029360e+03 9.293602e+00 9.435325e-01
7.680000e+01 9.952144e+02 8.952144e+00 9.304839e-01
7.690000e+01 1.064333e+03 9.643335e+00 9.051263e-01
7.700000e+01 9.346410e+02 8.346410e+00 9.089562e-01
7.710000e+01 9.343647e+02 8.343647e+00 9.702060e-01
7.720000e+01 8.920017e+02 7.920017e+00 1.052982e+00
7.730000e+01 9.970447e+02 8.970447e+00 1.103016e+00
7.740000e+01 1.062544e+03 9.625444e+00 1.078526e+00
7.750000e+01 1.062305e+03 9.623049e+00 1.019065e+00
7.760000e+01 1.062717e+03 9.627165e+00 9.525469e-01
7.770000e+01 1.137804e+03 1.037804e+01 8.542265e-01
7.780000e+01 1.105743e+03 1.005743e+01 7.320699e-01
7.790000e+01 1.188106e+03 1.088106e+01 5.858717e-01
7.800000e+01 1.111952e+03 1.011952e+01 4.494574e-01
7.810000e+01 9.304276e+02 8.304276e+00 4.183773e-01
7.820000e+01 1.053255e+03 9.532552e+00 4.158043e-01
7.830000e+01 1.098750e+03 9.987503e+00 3.494418e-01
7.840000e+01 1.031584e+03 9.315840e+00 2.891992e-01
7.850000e+01 9.511286e+02 8.511286e+00 2.989348e-01
7.860000e+01 8.659445e+02 7.659445e+00 3.823355e-01
7.870000e+01 9.796176e+02 8.796176e+00 4.467710e-01
7.880000e+01 1.147792e+03 1.047792e+01 3.957553e-01
7.890000e+01 1.018310e+03 9.183103e+00 3.148997e-01
7.900000e+01 1.123539e+03 1.023539e+01 2.405658e-01
7.910000e+01 1.040406e+03 9.404057e+00 1.688526e-01
7.920000e+01 9.574172e+02 8.574172e+00 1.633897e-01
7.930000e+01 9.816418e+02 8.816418e+00 1.944939e-01
7.940000e+01 9.160620e+02 8.160620e+00 2.395930e-01
7.950000e+01 1.059562e+03 9.595618e+00 2.531873e-01
7.960000e+01 9.582750e+02 8.582750e+00 2.531475e-01
7.970000e+01 9.281179e+02 8.281179e+00 3.042608e-01
7.980000e+01 9.213181e+02 8.213181e+00 3.796169e-01
7.990000e+01 9.268508e+02 8.268508e+00 4.450449e-01
8.000000e+01 1.127592e+03 1.027592e+01 4.213010e-01
8.010000e+01 1.063073e+03 9.630726e+00 3.357658e-01
8.020000e+01 1.060296e+03 9.602958e+00 2.709627e-01
8.030000e+01 1.033994e+03 9.339944e+00 2.263615e-01
8.040000e+01 1.001414e+03 9.014142e+00 2.024241e-01
8.050000e+01 1.097271e+03 9.972708e+00 1.524662e-01
8.060000e+01 1.084200e+03 9.842002e+00 6.576417e-02
8.070000e+01 1.093705e+03 9.937054e+00 -2.154913e-02
8.080000e+01 1.030892e+03 9.308915e+00 -7.938868e-02
8.090000e+01 9.471144e+02 8.471144e+00 -7.009426e-02
8.100000e+01 9.288933e+02 8.288933e+00 -1.680029e-02
8.110000e+01 1.021345e+03 9.213448e+00 1.269667e-02
8.120000e+01 9.152205e+02 8.152205e+00 4.686909e-02
8.130000e+01 9.696799e+02 8.696799e+00 9.456804e-02
8.140000e+01 1.042918e+03 9.429175e+00 9.701554e-02
8.150000e+01 9.435960e+02 8.435960e+00 1.012198e-01
8.160000e+01 1.053215e+03 9.532150e+00 1.010395e-01
8.170000e+01 9.834019e+02 8.834019e+00 8.962469e-02
8.180000e+01 9.689096e+02 8.689096e+00 1.053308e-01
8.190000e+01 1.054961e+03 9.549608e+00 9.354588e-02
8.200000e+01 1.035954e+03 9.359538e+00 5.720293e-02
8.210000e+01 9.447950e+02 8.447950e+00 5.915643e-02
8.220000e+01 1.075902e+03 9.759021e+00 4.576575e-02
8.230000e+01 1.042094e+03 9.420943e+00 -2.386432e-03
8.240000e+01 9.594545e+02 8.594545e+00 -5.938322e-03
8.250000e+01 9.646691e+02 8.646691e+00 2.944004e-02
8.260000e+01 9.448135e+02 8.448135e+00 7.444217e-02
8.270000e+01 9.608692e+02 8.608692e+00 1.197953e-01
8.280000e+01 9.810154e+02 8.810154e+00 1.485142e-01
8.290000e+01 9.970881e+02 8.970881e+00 1.652283e-01
8.300000e+01 8.911316e+02 7.911316e+00 2.245395e-01
8.310000e+01 8.354623e+02 7.354623e+00 3.546435e-01
8.320000e+01 8.803148e+02 7.803148e+00 4.860268e-01
8.330000e+01 1.062663e+03 9.626630e+00 5.141036e-01
8.340000e+01 1.117217e+03 1.017217e+01 4.335324e-01
8.350000e+01 1.097291e+03 9.972915e+00 3.320836e-01
8.360000e+01 1.002414e+03 9.024140e+00 2.849564e-01
8.370000e+01 9.504600e+02 8.504600e+00 2.933971e-01
8.380000e+01 1.152641e+03 1.052641e+01 2.480656e-01
8.390000e+01 9.793682e+02 8.793682e+00 1.913036e-01
8.400000e+01 1.011334e+03 9.113342e+00 1.793330e-01
8.410000e+01 1.146332e+03 1.046332e+01 1.093859e-01
8.420000e+01 1.020001e+03 9.200009e+00 3.165011e-02
8.430000e+01 1.034458e+03 9.344575e+00 -3.176896e-03
8.440000e+01 1.049553e+03 9.495532e+00 -3.868397e-02
8.450000e+01 9.242861e+02 8.242861e+00 -1.683371e-02
8.460000e+01 7.690362e+02 6.690362e+00 1.230805e-01
8.470000e+01 9.188974e+02 8.188974e+00 2.720246e-01
8.480000e+01 9.342526e+02 8.342526e+00 3.465042e-01
8.490000e+01 1.079369e+03 9.793692e+00 3.383637e-01
8.500000e+01 1.093204e+03 9.932043e+00 2.642752e-01
8.510000e+01 9.906661e+02 8.906661e+00 2.230222e-01
8.520000e+01 9.743038e+02 8.743038e+00 2.338094e-01
8.530000e+01 1.026900e+03 9.269005e+00 2.289371e-01
8.540000e+01 1.085834e+03 9.858341e+00 1.847152e-01
8.550000e+01 8.899279e+02 7.899279e+00 1.994843e-01
8.560000e+01 8.839522e+02 7.839522e+00 3.036257e-01
8.570000e+01 8.824454e+02 7.824454e+00 4.148328e-01
8.580000e+01 1.003126e+03 9.031261e+00 4.755682e-01
8.590000e+01 9.295236e+02 8.295236e+00 5.124175e-01
8.600000e+01 9.868470e+02 8.868470e+00 5.499547e-01
8.610000e+01 9.916677e+02 8.916677e+00 5.625115e-01
8.620000e+01 1.019220e+03 9.192204e+00 5.585831e-01
8.630000e+01 9.898993e+02 8.898993e+00 5.509337e-01
8.640000e+01 1.090703e+03 9.907033e+00 5.080059e-01
8.650000e+01 1.095149e+03 9.951488e+00 4.256281e-01
8.660000e+01 1.000015e+03 9.000154e+00 3.727619e-01
8.670000e+01 1.073051e+03 9.730508e+00 3.438049e-01
8.680000e+01 8.426970e+02 7.426970e+00 3.812290e-01
8.690000e+01 1.022388e+03 9.223877e+00 4.369319e-01
8.700000e+01 1.016703e+03 9.167033e+00 4.305462e-01
8.710000e+01 9.594322e+02 8.594322e+00 4.369755e-01
8.720000e+01 1.041918e+03 9.419179e+00 4.335339e-01
8.730000e+01 1.050675e+03 9.506753e+00 3.913731e-01
8.740000e+01 1.050345e+03 9.503446e+00 3.408346e-01
8.750000e+01 1.048721e+03 9.487212e+00 2.929327e-01
8.760000e+01 1.014844e+03 9.148442e+00 2.617593e-01
8.770000e+01 9.975076e+02 8.975076e+00 2.557747e-01
8.780000e+01 9.548914e+02 8.548914e+00 2.811885e-01
8.790000e+01 9.115145e+02 8.115145e+00 3.434371e-01
8.800000e+01 9.666960e+02 8.666960e+00 4.021197e-01
8.810000e+01 9.625469e+02 8.625469e+00 4.438637e-01
8.820000e+01 9.029383e+02 8.029383e+00 5.055784e-01
8.830000e+01 9.952907e+02 8.952907e+00 5.574981e-01
8.840000e+01 9.357593e+02 8.357593e+00 5.870299e-01
8.850000e+01 1.135967e+03 1.035967e+01 5.490101e-01
8.860000e+01 1.094094e+03 9.940942e+00 4.510473e-01
8.870000e+01 9.602143e+02 8.602143e+00 4.172257e-01
8.880000e+01 1.030421e+03 9.304209e+00 4.164164e-01
8.890000e+01 1.023300e+03 9.233001e+00 3.933598e-01
8.900000e+01 1.015991e+03 9.159915e+00 3.764116e-01
8.910000e+01 9.466457e+02 8.466457e+00 3.950006e-01
8.920000e+01 9.333969e+02 8.333969e+00 4.565602e-01
8.930000e+01 8.363295e+02 7.363295e+00 5.681685e-01
8.940000e+01 9.095615e+02 8.095615e+00 6.878817e-01
8.950000e+01 9.549105e+02 8.549105e+00 7.641644e-01
8.960000e+01 8.570542e+02 7.570542e+00 8.617279e-01
8.970000e+01 8.334513e+02 7.334513e+00 1.003037e+00
8.980000e+01 1.025986e+03 9.259863e+00 1.066325e+00
8.990000e+01 1.147447e+03 1.047447e+01 9.930903e-01
9.000000e+01 1.061308e+03 9.613080e+00 8.940768e-01
9.010000e+01 1.054223e+03 9.542233e+00 8.315264e-01
9.020000e+01 1.055938e+03 9.559377e+00 7.796496e-01
9.030000e+01 9.815607e+02 8.815607e+00 7.662423e-01
9.040000e+01 8.725044e+02 7.725044e+00 8.344674e-01
9.050000e+01 9.038196e+02 8.038196e+00 9.367462e-01
9.060000e+01 1.009496e+03 9.094958e+00 9.769520e-01
9.070000e+01 1.113280e+03 1.013280e+01 9.203810e-01
9.080000e+01 1.119528e+03 1.019528e+01 8.067981e-01
9.090000e+01 1.145372e+03 1.045372e+01 6.804430e-01
9.100000e+01 1.014569e+03 9.145686e+00 6.017940e-01
9.110000e+01 1.026707e+03 9.267070e+00 5.713362e-01
9.120000e+01 1.073168e+03 9.731676e+00 5.314119e-01
9.130000e+01 9.088085e+02 8.088085e+00 5.361320e-01
9.140000e+01 1.026655e+03 9.266547e+00 5.651143e-01
9.150000e+01 9.376844e+02 8.376844e+00 5.832620e-01
9.160000e+01 1.074636e+03 9.746361e+00 5.701182e-01
9.170000e+01 1.090424e+03 9.904237e+00 5.037858e-01
9.180000e+01 9.292555e+02 8.292555e+00 4.838399e-01
9.190000e+01 1.129296e+03 1.029296e+01 4.509013e-01
9.200000e+01 1.035524e+03 9.355245e+00 3.836573e-01
9.210000e+01 9.486757e+02 8.486757e+00 3.819793e-01
9.220000e+01 1.012647e+03 9.126465e+00 4.042942e-01
9.230000e+01 8.945150e+02 7.945150e+00 4.478023e-01
9.240000e+01 1.016996e+03 9.169965e+00 4.882706e-01
9.250000e+01 9.709339e+02 8.709339e+00 4.998644e-01
9.260000e+01 9.950506e+02 8.950506e+00 5.145318e-01
9.270000e+01 9.638745e+02 8.638745e+00 5.435657e-01
9.280000e+01 8.351604e+02 7.351604e+00 6.365730e-01
9.290000e+01 9.540191e+02 8.540191e+00 7.335453e-01
9.300000e+01 1.014121e+03 9.141208e+00 7.527828e-01
9.310000e+01 1.062407e+03 9.624067e+00 7.221072e-01
9.320000e+01 9.574243e+02 8.574243e+00 7.136444e-01
9.330000e+01 9.568228e+02 8.568228e+00 7.578835e-01
9.340000e+01 8.377230e+02 7.377230e+00 8.521786e-01
9.350000e+01 1.017903e+03 9.179031e+00 9.220095e-01
9.360000e+01 9.356210e+02 8.356210e+00 9.565192e-01
9.370000e+01 9.138894e+02 8.138894e+00 1.019911e+00
9.380000e+01 1.046307e+03 9.463065e+00 1.040373e+00
9.390000e+01 1.050030e+03 9.500297e+00 9.898587e-01
9.400000e+01 1.210146e+03 1.110146e+01 8.672085e-01
9.410000e+01 1.055691e+03 9.556910e+00 7.386538e-01
9.420000e+01 1.129189e+03 1.029189e+01 6.402011e-01
9.430000e+01 1.055965e+03 9.559651e+00 5.626243e-01
9.440000e+01 8.632654e+02 7.632654e+00 5.880579e-01
9.450000e+01 1.081856e+03 9.818556e+00 6.083594e-01
9.460000e+01 1.045065e+03 9.450652e+00 5.565585e-01
9.470000e+01 1.047353e+03 9.473529e+00 5.052909e-01
9.480000e+01 1.069316e+03 9.693163e+00 4.556204e-01
9.490000e+01 9.172472e+02 8.172472e+00 4.589277e-01
9.500000e+01 9.882934e+02 8.882934e+00 5.058222e-01
9.510000e+01 8.523448e+02 7.523448e+00 5.852440e-01
9.520000e+01 9.434311e+02 8.434311e+00 6.802939e-01
9.530000e+01 9.392491e+02 8.392491e+00 7.460167e-01
9.540000e+01 8.975617e+02 7.975617e+00 8.274888e-01
9.550000e+01 8.984411e+02 7.984411e+00 9.192995e-01
9.560000e+01 1.067321e+03 9.673209e+00 9.407173e-01
9.570000e+01 9.676183e+02 8.676183e+00 9.356635e-01
9.580000e+01 9.030788e+02 8.030788e+00 9.852735e-01
9.590000e+01 1.083101e+03 9.831014e+00 9.954937e-01
9.600000e+01 9.698433e+02 8.698433e+00 9.757637e-01
9.610000e+01 1.013363e+03 9.133628e+00 9.772571e-01
9.620000e+01 1.024512e+03 9.245120e+00 9.617700e-01
9.630000e+01 1.005445e+03 9.054455e+00 9.516297e-01
9.640000e+01 9.006560e+02 8.006560e+00 9.995506e-01
9.650000e+01 8.766302e+02 7.766302e+00 1.100742e+00
9.660000e+01 9.734007e+02 8.734007e+00 1.178682e+00
9.670000e+01 8.998064e+02 7.998064e+00 1.247466e+00
9.680000e+01 8.793359e+02 7.793359e+00 1.354376e+00
9.690000e+01 8.887556e+02 7.887556e+00 1.461477e+00
9.700000e+01 1.049654e+03 9.496540e+00 1.497632e+00
9.710000e+01 9.488343e+02 8.488343e+00 1.506194e+00
9.720000e+01 9.420155e+02 8.420155e+00 1.558627e+00
9.730000e+01 8.694415e+02 7.694415e+00 1.651223e+00
9.740000e+01 9.324279e+02 8.324279e+00 1.736792e+00
9.750000e+01 1.129631e+03 1.029631e+01 1.712424e+00
9.760000e+01 1.053112e+03 9.531120e+00 1.634515e+00
9.770000e+01 9.753154e+02 8.753154e+00 1.611375e+00
9.780000e+01 1.054389e+03 9.543895e+00 1.598103e+00
9.790000e+01 9.651351e+02 8.651351e+00 1.588588e+00
9.800000e+01 1.035457e+03 9.354570e+00 1.586991e+00
9.810000e+01 9.706085e+02 8.706085e+00 1.583924e+00
9.820000e+01 1.056871e+03 9.568709e+00 1.567369e+00
9.830000e+01 1.016182e+03 9.161818e+00 1.544512e+00
9.840000e+01 8.531882e+02 7.531882e+00 1.596339e+00
9.850000e+01 1.082981e+03 9.829805e+00 1.618395e+00
9.860000e+01 1.125351e+03 1.025351e+01 1.530414e+00
9.870000e+01 1.022593e+03 9.225933e+00 1.462666e+00
9.880000e+01 9.130628e+02 8.130628e+00 1.489749e+00
9.890000e+01 9.137271e+02 8.137271e+00 1.572104e+00
9.900000e+01 9.143176e+02 8.143176e+00 1.653286e+00
9.910000e+01 1.007224e+03 9.072243e+00 1.699391e+00
9.920000e+01 8.669332e+02 7.669332e+00 1.765623e+00
9.930000e+01 8.928716e+02 7.928716e+00 1.876758e+00
9.940000e+01 9.419953e+02 8.419953e+00 1.955164e+00
9.950000e+01 1.062165e+03 9.621649e+00 1.958716e+00
9.960000e+01 9.933980e+02 8.933980e+00 1.933555e+00
9.970000e+01 1.055729e+03 9.557293e+00 1.908154e+00
9.980000e+01 9.707544e+02 8.707544e+00 1.908420e+00
9.990000e+01 7.713320e+02 6.713320e+00 2.029087e+00
1.000000e+02 8.562358e+02 7.562358e+00 2.202120e+00
