0.000000e+00 8.852039e+01 7.852039e+00 -6.362516e+00
1.000000e-01 7.698095e+01 6.698095e+00 -6.211096e+00
2.000000e-01 1.227196e+02 1.127196e+01 -6.200882e+00
3.000000e-01 8.606204e+01 7.606204e+00 -6.201247e+00
4.000000e-01 5.499753e+01 4.499753e+00 -5.975763e+00
5.000000e-01 1.491464e+02 1.391464e+01 -5.976768e+00
6.000000e-01 8.103823e+01 7.103823e+00 -6.067820e+00
7.000000e-01 4.994609e+01 3.994609e+00 -5.752345e+00
8.000000e-01 3.994901e+01 2.994901e+00 -5.239624e+00
9.000000e-01 9.287663e+01 8.287663e+00 -4.900840e+00
1.000000e+00 8.446216e+01 7.446216e+00 -4.790896e+00
1.100000e+00 1.390351e+02 1.290351e+01 -4.886171e+00
1.200000e+00 8.263219e+01 7.263219e+00 -4.983858e+00
1.300000e+00 1.168139e+02 1.068139e+01 -5.004181e+00
1.400000e+00 1.006947e+02 9.069468e+00 -5.070525e+00
1.500000e+00 1.001422e+02 9.014219e+00 -5.085635e+00
1.600000e+00 9.657803e+01 8.657803e+00 -5.053246e+00
1.700000e+00 6.982873e+01 5.982873e+00 -4.896493e+00
1.800000e+00 8.345773e+01 7.345773e+00 -4.656488e+00
1.900000e+00 4.655902e+01 3.655902e+00 -4.308613e+00
2.000000e+00 6.759299e+01 5.759299e+00 -3.906675e+00
2.100000e+00 8.867228e+01 7.867228e+00 -3.694613e+00
2.200000e+00 1.280968e+02 1.180968e+01 -3.766316e+00
2.300000e+00 1.141986e+02 1.041986e+01 -3.928491e+00
2.400000e+00 5.305684e+01 4.305684e+00 -3.784509e+00
2.500000e+00 7.753973e+01 6.753973e+00 -3.471893e+00
2.600000e+00 8.855677e+01 7.855677e+00 -3.283979e+00
2.700000e+00 8.176055e+01 7.176055e+00 -3.136322e+00
2.800000e+00 8.870664e+01 7.870664e+00 -2.985623e+00
2.900000e+00 7.728743e+01 6.728743e+00 -2.815239e+00
3.000000e+00 8.053268e+01 7.053268e+00 -2.596014e+00
3.100000e+00 5.330823e+01 4.330823e+00 -2.271082e+00
3.200000e+00 6.767984e+01 5.767984e+00 -1.878773e+00
3.300000e+00 4.710496e+01 3.710496e+00 -1.459885e+00
3.400000e+00 8.602412e+01 7.602412e+00 -1.163951e+00
3.500000e+00 1.364970e+02 1.264970e+01 -1.230537e+00
3.600000e+00 8.632717e+01 7.632717e+00 -1.338542e+00
3.700000e+00 1.203695e+02 1.103695e+01 -1.395265e+00
3.800000e+00 1.075031e+02 9.750307e+00 -1.486431e+00
3.900000e+00 5.317268e+01 4.317268e+00 -1.320642e+00
4.000000e+00 9.690990e+01 8.690990e+00 -1.089225e+00
4.100000e+00 8.381243e+01 7.381243e+00 -9.714994e-01
4.200000e+00 8.662406e+01 7.662406e+00 -8.274829e-01
4.300000e+00 7.601945e+01 6.601945e+00 -6.356603e-01
4.400000e+00 6.962636e+01 5.962636e+00 -3.647672e-01
4.500000e+00 6.264414e+01 5.264414e+00 -4.126761e-02
4.600000e+00 8.716027e+01 7.716027e+00 2.139382e-01
4.700000e+00 7.231686e+01 6.231686e+00 4.267748e-01
4.800000e+00 7.644893e+01 6.644893e+00 6.691219e-01
4.900000e+00 9.135923e+01 8.135923e+00 8.230086e-01
5.000000e+00 1.040734e+02 9.407342e+00 8.866570e-01
5.100000e+00 3.940528e+01 2.940528e+00 1.150386e+00
5.200000e+00 8.758031e+01 7.758031e+00 1.493086e+00
5.300000e+00 6.956694e+01 5.956694e+00 1.727837e+00
5.400000e+00 8.048832e+01 7.048832e+00 1.974395e+00
5.500000e+00 6.257886e+01 5.257886e+00 2.261689e+00
5.600000e+00 7.535778e+01 6.535778e+00 2.543587e+00
5.700000e+00 1.157328e+02 1.057328e+01 2.588245e+00
5.800000e+00 1.271525e+02 1.171525e+01 2.409214e+00
5.900000e+00 9.404065e+01 8.404065e+00 2.302887e+00
6.000000e+00 9.994413e+01 8.994413e+00 2.325433e+00
6.100000e+00 8.808628e+01 7.808628e+00 2.364883e+00
6.200000e+00 1.333752e+02 1.233752e+01 2.282882e+00
6.300000e+00 6.613769e+01 5.613769e+00 2.312308e+00
6.400000e+00 6.061868e+01 5.061868e+00 2.632213e+00
6.500000e+00 8.184538e+01 7.184538e+00 2.923767e+00
6.600000e+00 8.124542e+01 7.124542e+00 3.101367e+00
6.700000e+00 1.094573e+02 9.945729e+00 3.169792e+00
6.800000e+00 6.516459e+01 5.516459e+00 3.294074e+00
6.900000e+00 1.032201e+02 9.322012e+00 3.410383e+00
7.000000e+00 1.390162e+02 1.290162e+01 3.237788e+00
7.100000e+00 1.009193e+02 9.091929e+00 3.059883e+00
7.200000e+00 8.849334e+01 7.849334e+00 3.085637e+00
7.300000e+00 1.023773e+02 9.237734e+00 3.137774e+00
7.400000e+00 8.174304e+01 7.174304e+00 3.213003e+00
7.500000e+00 1.101664e+02 1.001664e+01 3.217583e+00
7.600000e+00 1.575713e+02 1.475713e+01 2.919616e+00
7.700000e+00 1.015151e+02 9.151514e+00 2.656701e+00
7.800000e+00 8.115154e+01 7.115154e+00 2.704424e+00
7.900000e+00 9.909182e+01 8.909182e+00 2.806277e+00
8.000000e+00 8.024385e+01 7.024385e+00 2.916930e+00
8.100000e+00 7.961264e+01 6.961264e+00 3.119118e+00
8.200000e+00 6.069266e+01 5.069266e+00 3.401331e+00
8.300000e+00 9.196674e+01 8.196674e+00 3.642969e+00
8.400000e+00 6.544496e+01 5.544496e+00 3.860798e+00
8.500000e+00 8.575457e+01 7.575457e+00 4.098828e+00
8.600000e+00 7.441620e+01 6.441620e+00 4.276388e+00
8.700000e+00 1.425424e+02 1.325424e+01 4.193826e+00
8.800000e+00 1.166844e+02 1.066844e+01 3.960535e+00
8.900000e+00 6.073419e+01 5.073419e+00 4.043775e+00
9.000000e+00 8.795007e+01 7.795007e+00 4.273486e+00
9.100000e+00 9.594963e+01 8.594963e+00 4.352497e+00
9.200000e+00 1.281008e+02 1.181008e+01 4.248600e+00
9.300000e+00 9.467881e+01 8.467881e+00 4.166579e+00
9.400000e+00 6.479447e+01 5.479447e+00 4.340016e+00
9.500000e+00 8.411518e+01 7.411518e+00 4.597267e+00
9.600000e+00 5.918224e+01 4.918224e+00 4.874445e+00
9.700000e+00 8.949601e+01 7.949601e+00 5.132434e+00
9.800000e+00 6.224159e+01 5.224159e+00 5.377888e+00
9.900000e+00 8.619918e+01 7.619918e+00 5.624879e+00
1.000000e+01 7.729683e+01 6.729683e+00 5.821070e+00
1.010000e+01 7.606489e+01 6.606489e+00 6.055032e+00
1.020000e+01 6.054596e+01 5.054596e+00 6.375167e+00
1.030000e+01 5.921817e+01 4.921817e+00 6.744620e+00
1.040000e+01 1.105528e+02 1.005528e+01 6.891641e+00
1.050000e+01 1.129184e+02 1.029184e+01 6.828696e+00
1.060000e+01 5.523782e+01 4.523782e+00 6.967761e+00
1.070000e+01 9.622258e+01 8.622258e+00 7.172103e+00
1.080000e+01 1.194337e+02 1.094337e+01 7.117269e+00
1.090000e+01 1.115372e+02 1.015372e+01 7.000258e+00
1.100000e+01 5.297390e+01 4.297390e+00 7.156279e+00
1.110000e+01 9.621817e+01 8.621817e+00 7.352095e+00
1.120000e+01 1.528273e+02 1.428273e+01 7.153511e+00
1.130000e+01 1.071373e+02 9.713725e+00 6.878075e+00
1.140000e+01 1.031240e+02 9.312399e+00 6.815534e+00
1.150000e+01 8.429671e+01 7.429671e+00 6.847551e+00
1.160000e+01 1.455651e+02 1.355651e+01 6.704929e+00
1.170000e+01 1.117618e+02 1.017618e+01 6.454604e+00
1.180000e+01 9.624055e+01 8.624055e+00 6.409950e+00
1.190000e+01 7.234687e+01 6.234687e+00 6.526842e+00
1.200000e+01 1.425911e+02 1.325911e+01 6.461611e+00
1.210000e+01 9.197930e+01 8.197930e+00 6.346603e+00
1.220000e+01 5.533360e+01 4.533360e+00 6.543122e+00
1.230000e+01 1.290612e+02 1.190612e+01 6.627665e+00
1.240000e+01 9.040925e+01 8.040925e+00 6.554001e+00
1.250000e+01 1.124309e+02 1.024309e+01 6.530676e+00
1.260000e+01 9.005341e+01 8.005341e+00 6.514929e+00
1.270000e+01 1.190155e+02 1.090155e+01 6.481492e+00
1.280000e+01 7.147912e+01 6.147912e+00 6.529124e+00
1.290000e+01 1.015256e+02 9.152555e+00 6.654227e+00
1.300000e+01 6.900544e+01 5.900544e+00 6.813300e+00
1.310000e+01 9.054798e+01 8.054798e+00 6.961106e+00
1.320000e+01 1.562911e+02 1.462911e+01 6.779157e+00
1.330000e+01 7.711727e+01 6.711727e+00 6.635705e+00
1.340000e+01 8.926391e+01 7.926391e+00 6.765842e+00
1.350000e+01 8.449735e+01 7.449735e+00 6.902009e+00
1.360000e+01 9.487500e+01 8.487500e+00 7.004687e+00
1.370000e+01 8.543452e+01 7.543452e+00 7.120951e+00
1.380000e+01 5.814807e+01 4.814807e+00 7.406895e+00
1.390000e+01 4.429130e+01 3.429130e+00 7.854710e+00
1.400000e+01 1.024849e+02 9.248488e+00 8.108654e+00
1.410000e+01 1.148115e+02 1.048115e+01 8.056451e+00
1.420000e+01 1.021995e+02 9.219951e+00 7.982247e+00
1.430000e+01 8.319501e+01 7.319501e+00 8.064432e+00
1.440000e+01 5.229110e+01 4.229110e+00 8.374226e+00
1.450000e+01 6.451728e+01 5.451728e+00 8.756634e+00
1.460000e+01 1.047015e+02 9.470150e+00 8.915406e+00
1.470000e+01 1.094218e+02 9.942182e+00 8.867481e+00
1.480000e+01 9.811196e+01 8.811196e+00 8.840089e+00
1.490000e+01 8.198534e+01 7.198534e+00 8.917404e+00
1.500000e+01 1.169067e+02 1.069067e+01 8.912868e+00
1.510000e+01 1.228989e+02 1.128989e+01 8.734490e+00
1.520000e+01 1.138543e+02 1.038543e+01 8.557086e+00
1.530000e+01 1.083875e+02 9.838753e+00 8.427979e+00
1.540000e+01 1.255258e+02 1.155258e+01 8.301590e+00
1.550000e+01 3.952324e+01 2.952324e+00 8.451634e+00
1.560000e+01 1.053756e+02 9.537562e+00 8.691164e+00
1.570000e+01 9.563300e+01 8.563300e+00 8.710278e+00
1.580000e+01 1.154366e+02 1.054366e+01 8.662658e+00
1.590000e+01 8.934018e+01 7.934018e+00 8.614093e+00
1.600000e+01 1.558448e+02 1.458448e+01 8.416227e+00
1.610000e+01 6.689364e+01 5.689364e+00 8.336497e+00
1.620000e+01 7.470576e+01 6.470576e+00 8.548868e+00
1.630000e+01 1.385021e+02 1.285021e+01 8.510478e+00
1.640000e+01 9.805384e+01 8.805384e+00 8.365806e+00
1.650000e+01 8.336136e+01 7.336136e+00 8.418912e+00
1.660000e+01 1.165519e+02 1.065519e+01 8.428966e+00
1.670000e+01 9.134767e+01 8.134767e+00 8.388923e+00
1.680000e+01 1.206807e+02 1.106807e+01 8.339877e+00
1.690000e+01 6.946903e+01 5.946903e+00 8.403544e+00
1.700000e+01 7.326284e+01 6.326284e+00 8.659893e+00
1.710000e+01 8.099207e+01 7.099207e+00 8.883400e+00
1.720000e+01 1.044255e+02 9.442547e+00 8.954756e+00
1.730000e+01 1.056951e+02 9.569512e+00 8.949185e+00
1.740000e+01 3.721335e+01 2.721335e+00 9.231348e+00
1.750000e+01 4.397756e+01 3.397756e+00 9.782912e+00
1.760000e+01 6.591515e+01 5.591515e+00 1.023142e+01
1.770000e+01 8.177040e+01 7.177040e+00 1.050842e+01
1.780000e+01 7.081028e+01 6.081028e+00 1.074579e+01
1.790000e+01 8.533080e+01 7.533080e+00 1.095694e+01
1.800000e+01 8.904908e+01 7.904908e+00 1.109684e+01
1.810000e+01 8.084463e+01 7.084463e+00 1.124697e+01
1.820000e+01 8.394495e+01 7.394495e+00 1.141734e+01
1.830000e+01 8.837435e+01 7.837435e+00 1.154921e+01
1.840000e+01 1.097007e+02 9.970070e+00 1.154586e+01
1.850000e+01 1.361225e+02 1.261225e+01 1.134195e+01
1.860000e+01 1.110819e+02 1.010819e+01 1.109074e+01
1.870000e+01 1.647164e+02 1.547164e+01 1.071121e+01
1.880000e+01 1.364264e+02 1.264264e+01 1.024152e+01
1.890000e+01 1.205910e+02 1.105910e+01 9.937210e+00
1.900000e+01 1.206371e+02 1.106371e+01 9.744977e+00
1.910000e+01 8.542153e+01 7.542153e+00 9.695007e+00
1.920000e+01 1.235113e+02 1.135113e+01 9.648057e+00
1.930000e+01 9.005024e+01 8.005024e+00 9.614558e+00
1.940000e+01 6.244167e+01 5.244167e+00 9.825550e+00
1.950000e+01 7.978568e+01 6.978568e+00 1.009607e+01
1.960000e+01 9.750742e+01 8.750742e+00 1.020640e+01
1.970000e+01 1.220621e+02 1.120621e+01 1.011787e+01
1.980000e+01 1.185930e+02 1.085930e+01 9.931232e+00
1.990000e+01 1.039705e+02 9.397054e+00 9.829411e+00
2.000000e+01 7.892866e+01 6.892866e+00 9.895792e+00
2.010000e+01 1.025593e+02 9.255927e+00 9.982316e+00
2.020000e+01 9.504339e+01 8.504339e+00 9.991137e+00
2.030000e+01 1.234716e+02 1.134716e+01 9.912509e+00
2.040000e+01 8.557117e+01 7.557117e+00 9.871123e+00
2.050000e+01 1.103695e+02 1.003695e+01 9.867789e+00
2.060000e+01 1.100540e+02 1.000540e+01 9.808893e+00
2.070000e+01 5.890410e+01 4.890410e+00 9.923156e+00
2.080000e+01 1.382394e+02 1.282394e+01 9.918046e+00
2.090000e+01 1.260624e+02 1.160624e+01 9.648523e+00
2.100000e+01 1.033715e+02 9.337149e+00 9.488913e+00
2.110000e+01 1.075412e+02 9.754123e+00 9.423243e+00
2.120000e+01 1.143663e+02 1.043663e+01 9.304682e+00
2.130000e+01 1.364656e+02 1.264656e+01 9.059966e+00
2.140000e+01 1.240158e+02 1.140158e+01 8.765147e+00
2.150000e+01 1.298837e+02 1.198837e+01 8.488911e+00
2.160000e+01 1.292578e+02 1.192578e+01 8.194995e+00
2.170000e+01 1.349970e+02 1.249970e+01 7.867560e+00
2.180000e+01 1.424751e+02 1.324751e+01 7.499324e+00
2.190000e+01 1.099329e+02 9.993289e+00 7.237412e+00
2.200000e+01 1.159394e+02 1.059394e+01 7.097086e+00
2.210000e+01 1.026522e+02 9.265225e+00 7.020284e+00
2.220000e+01 8.132006e+01 7.132006e+00 7.078913e+00
2.230000e+01 1.128226e+02 1.028226e+01 7.088691e+00
2.240000e+01 1.329714e+02 1.229714e+01 6.880768e+00
2.250000e+01 1.204757e+02 1.104757e+01 6.631905e+00
2.260000e+01 9.947205e+01 8.947205e+00 6.523907e+00
2.270000e+01 1.041430e+02 9.414296e+00 6.490836e+00
2.280000e+01 1.150680e+02 1.050680e+01 6.400018e+00
2.290000e+01 1.108652e+02 1.008652e+01 6.272835e+00
2.300000e+01 1.160362e+02 1.060362e+01 6.139152e+00
2.310000e+01 1.053766e+02 9.537658e+00 6.049867e+00
2.320000e+01 7.910504e+01 6.910504e+00 6.099448e+00
2.330000e+01 1.256798e+02 1.156798e+01 6.063931e+00
2.340000e+01 1.224038e+02 1.124038e+01 5.857949e+00
2.350000e+01 1.001675e+02 9.016751e+00 5.742182e+00
2.360000e+01 9.671269e+01 8.671269e+00 5.752212e+00
2.370000e+01 8.899355e+01 7.899355e+00 5.812750e+00
2.380000e+01 1.139334e+02 1.039334e+01 5.773833e+00
2.390000e+01 1.557014e+02 1.457014e+01 5.441157e+00
2.400000e+01 1.475103e+02 1.375103e+01 4.960399e+00
2.410000e+01 1.079271e+02 9.792713e+00 4.701619e+00
2.420000e+01 6.319976e+01 5.319976e+00 4.805394e+00
2.430000e+01 1.085318e+02 9.853182e+00 4.929493e+00
2.440000e+01 1.000696e+02 9.006960e+00 4.927206e+00
2.450000e+01 6.298741e+01 5.298741e+00 5.104716e+00
2.460000e+01 7.434423e+01 6.434423e+00 5.354500e+00
2.470000e+01 1.662938e+02 1.562938e+01 5.181973e+00
2.480000e+01 1.135044e+02 1.035044e+01 4.848277e+00
2.490000e+01 6.714483e+01 5.714483e+00 4.919614e+00
2.500000e+01 6.321754e+01 5.321754e+00 5.227720e+00
2.510000e+01 1.038505e+02 9.385048e+00 5.403192e+00
2.520000e+01 8.425305e+01 7.425305e+00 5.461871e+00
2.530000e+01 1.251440e+02 1.151440e+01 5.410805e+00
2.540000e+01 1.097424e+02 9.974243e+00 5.260570e+00
2.550000e+01 1.003538e+02 9.035378e+00 5.218539e+00
2.560000e+01 6.384843e+01 5.384843e+00 5.380648e+00
2.570000e+01 9.781972e+01 8.781972e+00 5.531697e+00
2.580000e+01 1.432881e+02 1.332881e+01 5.347079e+00
2.590000e+01 1.397804e+02 1.297804e+01 4.951068e+00
2.600000e+01 1.354682e+02 1.254682e+01 4.591491e+00
2.610000e+01 9.762754e+01 8.762754e+00 4.419639e+00
2.620000e+01 1.006823e+02 9.068225e+00 4.430404e+00
2.630000e+01 6.894282e+01 5.894282e+00 4.539162e+00
2.640000e+01 1.600193e+02 1.500193e+01 4.398187e+00
2.650000e+01 1.194618e+02 1.094618e+01 4.048619e+00
2.660000e+01 1.122771e+02 1.022771e+01 3.880771e+00
2.670000e+01 8.091665e+01 7.091665e+00 3.912107e+00
2.680000e+01 8.779036e+01 7.779036e+00 4.039520e+00
2.690000e+01 1.203422e+02 1.103422e+01 3.981680e+00
2.700000e+01 1.604607e+02 1.504607e+01 3.621733e+00
2.710000e+01 9.981853e+01 8.981853e+00 3.345865e+00
2.720000e+01 8.023762e+01 7.023762e+00 3.430938e+00
2.730000e+01 5.325130e+01 4.325130e+00 3.724360e+00
2.740000e+01 1.199068e+02 1.099068e+01 3.853128e+00
2.750000e+01 1.041882e+02 9.418820e+00 3.760850e+00
2.760000e+01 1.188257e+02 1.088257e+01 3.625417e+00
2.770000e+01 1.322069e+02 1.222069e+01 3.403190e+00
2.780000e+01 8.373111e+01 7.373111e+00 3.324152e+00
2.790000e+01 9.453629e+01 8.453629e+00 3.399747e+00
2.800000e+01 1.147917e+02 1.047917e+01 3.355701e+00
2.810000e+01 1.258035e+02 1.158035e+01 3.158947e+00
2.820000e+01 1.291288e+02 1.191288e+01 2.896914e+00
2.830000e+01 1.130994e+02 1.030994e+01 2.688632e+00
2.840000e+01 1.074233e+02 9.742331e+00 2.587337e+00
2.850000e+01 9.001582e+01 8.001582e+00 2.593279e+00
2.860000e+01 9.860794e+01 8.860794e+00 2.645731e+00
2.870000e+01 9.334890e+01 8.334890e+00 2.678888e+00
2.880000e+01 1.158481e+02 1.058481e+01 2.642001e+00
2.890000e+01 8.993041e+01 7.993041e+00 2.626115e+00
2.900000e+01 8.727488e+01 7.727488e+00 2.725412e+00
2.910000e+01 8.669753e+01 7.669753e+00 2.866266e+00
2.920000e+01 6.657412e+01 5.657412e+00 3.090383e+00
2.930000e+01 8.796070e+01 7.796070e+00 3.293249e+00
2.940000e+01 1.188172e+02 1.088172e+01 3.264463e+00
2.950000e+01 1.371175e+02 1.271175e+01 2.973351e+00
2.960000e+01 1.858098e+02 1.758098e+01 2.384502e+00
2.970000e+01 1.462509e+02 1.362509e+01 1.757424e+00
2.980000e+01 1.260525e+02 1.160525e+01 1.376002e+00
2.990000e+01 1.179205e+02 1.079205e+01 1.171017e+00
3.000000e+01 7.455933e+01 6.455933e+00 1.193465e+00
3.010000e+01 9.871281e+01 8.871281e+00 1.303981e+00
3.020000e+01 1.024517e+02 9.245168e+00 1.318917e+00
3.030000e+01 8.796160e+01 7.796160e+00 1.365695e+00
3.040000e+01 9.184941e+01 8.184941e+00 1.451459e+00
3.050000e+01 1.108018e+02 1.008018e+01 1.438797e+00
3.060000e+01 1.096415e+02 9.964147e+00 1.365905e+00
3.070000e+01 7.142889e+01 6.142889e+00 1.440373e+00
3.080000e+01 1.094360e+02 9.943595e+00 1.523329e+00
3.090000e+01 9.743293e+01 8.743293e+00 1.503993e+00
3.100000e+01 1.151285e+02 1.051285e+01 1.405745e+00
3.110000e+01 1.647411e+02 1.547411e+01 1.047467e+00
3.120000e+01 1.004944e+02 9.049440e+00 7.447772e-01
3.130000e+01 9.983509e+01 8.983509e+00 7.042998e-01
3.140000e+01 1.113390e+02 1.013390e+01 6.591084e-01
3.150000e+01 9.079151e+01 8.079151e+00 6.743369e-01
3.160000e+01 5.044720e+01 4.044720e+00 9.445209e-01
3.170000e+01 7.515431e+01 6.515431e+00 1.307925e+00
3.180000e+01 5.957215e+01 4.957215e+00 1.624727e+00
3.190000e+01 1.057333e+02 9.573330e+00 1.797245e+00
3.200000e+01 8.981393e+01 7.981393e+00 1.834042e+00
3.210000e+01 1.114171e+02 1.014171e+01 1.808650e+00
3.220000e+01 1.257536e+02 1.157536e+01 1.652132e+00
3.230000e+01 9.086241e+01 8.086241e+00 1.572464e+00
3.240000e+01 9.497406e+01 8.497406e+00 1.624351e+00
3.250000e+01 9.861341e+01 8.861341e+00 1.663342e+00
3.260000e+01 9.066148e+01 8.066148e+00 1.721670e+00
3.270000e+01 8.382892e+01 7.382892e+00 1.847155e+00
3.280000e+01 7.749855e+01 6.749855e+00 2.044362e+00
3.290000e+01 6.882814e+01 5.882814e+00 2.288080e+00
3.300000e+01 1.104292e+02 1.004292e+01 2.400238e+00
3.310000e+01 8.808568e+01 7.808568e+00 2.413698e+00
3.320000e+01 1.177882e+02 1.077882e+01 2.369015e+00
3.330000e+01 1.257636e+02 1.157636e+01 2.154082e+00
3.340000e+01 1.503193e+02 1.403193e+01 1.793677e+00
3.350000e+01 1.086758e+02 9.867584e+00 1.530212e+00
3.360000e+01 7.073873e+01 6.073873e+00 1.599007e+00
3.370000e+01 1.015153e+02 9.151528e+00 1.696157e+00
3.380000e+01 1.538812e+02 1.438812e+01 1.444969e+00
3.390000e+01 1.267188e+02 1.167188e+01 1.094801e+00
3.400000e+01 7.106436e+01 6.106436e+00 1.073495e+00
3.410000e+01 1.025571e+02 9.255710e+00 1.200485e+00
3.420000e+01 5.920418e+01 4.920418e+00 1.414427e+00
3.430000e+01 5.136393e+01 4.136393e+00 1.820279e+00
3.440000e+01 9.281722e+01 8.281722e+00 2.075638e+00
3.450000e+01 1.408460e+02 1.308460e+01 1.928715e+00
3.460000e+01 1.302814e+02 1.202814e+01 1.621628e+00
3.470000e+01 8.038412e+01 7.038412e+00 1.538137e+00
3.480000e+01 1.249343e+02 1.149343e+01 1.500183e+00
3.490000e+01 1.026755e+02 9.267548e+00 1.379246e+00
3.500000e+01 1.135223e+02 1.035223e+01 1.294844e+00
3.510000e+01 9.500817e+01 8.500817e+00 1.251639e+00
3.520000e+01 1.076832e+02 9.768318e+00 1.242024e+00
3.530000e+01 8.132043e+01 7.132043e+00 1.288771e+00
3.540000e+01 1.174510e+02 1.074510e+01 1.263426e+00
3.550000e+01 1.524200e+02 1.424200e+01 9.450666e-01
3.560000e+01 1.217757e+02 1.117757e+01 6.193088e-01
3.570000e+01 6.047973e+01 5.047973e+00 6.818742e-01
3.580000e+01 8.341808e+01 7.341808e+00 9.282213e-01
3.590000e+01 9.525860e+01 8.525860e+00 1.047153e+00
3.600000e+01 1.009388e+02 9.093877e+00 1.061166e+00
3.610000e+01 1.149630e+02 1.049630e+01 1.002288e+00
3.620000e+01 8.104976e+01 7.104976e+00 1.016046e+00
3.630000e+01 1.066266e+02 9.662659e+00 1.062160e+00
3.640000e+01 1.028182e+02 9.281817e+00 1.035585e+00
3.650000e+01 8.789534e+01 7.789534e+00 1.079714e+00
3.660000e+01 9.180304e+01 8.180304e+00 1.144897e+00
3.670000e+01 1.503216e+02 1.403216e+01 9.531671e-01
3.680000e+01 1.142932e+02 1.042932e+01 6.653231e-01
3.690000e+01 1.010081e+02 9.100810e+00 5.662011e-01
3.700000e+01 1.028241e+02 9.282415e+00 5.550187e-01
3.710000e+01 7.976474e+01 6.976474e+00 6.408053e-01
3.720000e+01 8.025459e+01 7.025459e+00 8.419463e-01
3.730000e+01 5.888205e+01 4.888205e+00 1.129841e+00
3.740000e+01 9.446996e+01 8.446996e+00 1.352623e+00
3.750000e+01 9.757894e+01 8.757894e+00 1.395068e+00
3.760000e+01 1.281512e+02 1.181512e+01 1.277433e+00
3.770000e+01 1.012636e+02 9.126363e+00 1.159898e+00
3.780000e+01 7.327206e+01 6.327206e+00 1.263819e+00
3.790000e+01 9.338704e+01 8.338704e+00 1.409816e+00
3.800000e+01 1.097830e+02 9.978296e+00 1.410588e+00
3.810000e+01 1.015250e+02 9.152499e+00 1.341516e+00
3.820000e+01 1.385298e+02 1.285298e+01 1.154420e+00
3.830000e+01 1.003411e+02 9.034109e+00 9.794278e-01
3.840000e+01 1.052938e+02 9.529380e+00 9.052948e-01
3.850000e+01 1.502596e+02 1.402596e+01 6.682320e-01
3.860000e+01 7.674850e+01 6.674850e+00 5.503292e-01
3.870000e+01 8.700624e+01 7.700624e+00 6.805901e-01
3.880000e+01 1.153734e+02 1.053734e+01 6.724111e-01
3.890000e+01 1.285916e+02 1.185916e+01 4.554974e-01
3.900000e+01 1.447456e+02 1.347456e+01 1.093263e-01
3.910000e+01 1.122276e+02 1.022276e+01 -1.569248e-01
3.920000e+01 8.658712e+01 7.658712e+00 -1.543386e-01
3.930000e+01 5.959037e+01 4.959037e+00 9.671586e-02
3.940000e+01 8.204047e+01 7.204047e+00 3.464396e-01
3.950000e+01 1.366154e+02 1.266154e+01 2.983132e-01
3.960000e+01 6.891525e+01 5.891525e+00 2.870357e-01
3.970000e+01 9.329379e+01 8.329379e+00 4.121175e-01
3.980000e+01 1.500746e+02 1.400746e+01 2.240519e-01
3.990000e+01 1.209177e+02 1.109177e+01 -8.932277e-02
4.000000e+01 8.223871e+01 7.223871e+00 -9.988549e-02
4.010000e+01 4.140895e+01 3.140895e+00 2.466173e-01
4.020000e+01 8.391105e+01 7.391105e+00 5.765517e-01
4.030000e+01 1.360821e+02 1.260821e+01 4.982589e-01
4.040000e+01 1.348429e+02 1.248429e+01 1.777192e-01
4.050000e+01 1.111883e+02 1.011883e+01 -4.878787e-02
4.060000e+01 9.709892e+01 8.709892e+00 -1.020798e-01
4.070000e+01 1.068313e+02 9.683134e+00 -1.585953e-01
4.080000e+01 1.630905e+02 1.530905e+01 -4.674968e-01
4.090000e+01 9.048088e+01 8.048088e+00 -7.106361e-01
4.100000e+01 9.485831e+01 8.485831e+00 -6.807583e-01
4.110000e+01 1.108449e+02 1.008449e+01 -7.220331e-01
4.120000e+01 1.472294e+02 1.372294e+01 -9.891514e-01
4.130000e+01 1.098836e+02 9.988359e+00 -1.246673e+00
4.140000e+01 8.879007e+01 7.879007e+00 -1.263965e+00
4.150000e+01 9.831160e+01 8.831160e+00 -1.213541e+00
4.160000e+01 1.103434e+02 1.003434e+01 -1.249439e+00
4.170000e+01 1.070454e+02 9.704541e+00 -1.339890e+00
4.180000e+01 1.239173e+02 1.139173e+01 -1.485059e+00
4.190000e+01 9.617085e+01 8.617085e+00 -1.563767e+00
4.200000e+01 7.292070e+01 6.292070e+00 -1.442241e+00
4.210000e+01 1.099633e+02 9.996331e+00 -1.355774e+00
4.220000e+01 8.383962e+01 7.383962e+00 -1.288404e+00
4.230000e+01 5.174335e+01 4.174335e+00 -1.003762e+00
4.240000e+01 9.922066e+01 8.922066e+00 -7.742976e-01
4.250000e+01 1.038552e+02 9.385523e+00 -7.693627e-01
4.260000e+01 1.103530e+02 1.003530e+01 -8.289871e-01
4.270000e+01 8.211605e+01 7.211605e+00 -7.754666e-01
4.280000e+01 6.342546e+01 5.342546e+00 -5.409246e-01
4.290000e+01 1.056575e+02 9.565753e+00 -3.701621e-01
4.300000e+01 6.138664e+01 5.138664e+00 -2.002194e-01
4.310000e+01 8.937177e+01 7.937177e+00 3.651985e-02
4.320000e+01 6.794191e+01 5.794191e+00 2.287234e-01
4.330000e+01 1.453109e+02 1.353109e+01 1.525895e-01
4.340000e+01 1.369400e+02 1.269400e+01 -2.070423e-01
4.350000e+01 1.114600e+02 1.014600e+01 -4.524680e-01
4.360000e+01 9.840346e+01 8.840346e+00 -5.031649e-01
4.370000e+01 8.216371e+01 7.216371e+00 -4.208139e-01
4.380000e+01 9.735060e+01 8.735060e+00 -3.122861e-01
4.390000e+01 7.283032e+01 6.283032e+00 -1.726326e-01
4.400000e+01 1.113842e+02 1.013842e+01 -1.163348e-01
4.410000e+01 1.278799e+02 1.178799e+01 -2.761312e-01
4.420000e+01 9.691131e+01 8.691131e+00 -4.079491e-01
4.430000e+01 1.243875e+02 1.143875e+01 -5.243452e-01
4.440000e+01 1.111235e+02 1.011235e+01 -6.776168e-01
4.450000e+01 9.362791e+01 8.362791e+00 -7.150171e-01
4.460000e+01 1.001768e+02 9.017675e+00 -6.693042e-01
4.470000e+01 5.625801e+01 4.625801e+00 -4.584641e-01
4.480000e+01 8.143168e+01 7.143168e+00 -1.821177e-01
4.490000e+01 1.060569e+02 9.605689e+00 -8.944386e-02
4.500000e+01 7.366482e+01 6.366482e+00 2.247609e-02
4.510000e+01 7.286241e+01 6.286241e+00 2.728801e-01
4.520000e+01 7.494208e+01 6.494208e+00 5.289704e-01
4.530000e+01 8.959273e+01 7.959273e+00 7.007417e-01
4.540000e+01 9.882272e+01 8.882272e+00 7.821200e-01
4.550000e+01 6.501198e+01 5.501198e+00 9.685362e-01
4.560000e+01 6.214328e+01 5.214328e+00 1.306526e+00
4.570000e+01 8.617643e+01 7.617643e+00 1.546204e+00
4.580000e+01 1.247505e+02 1.147505e+01 1.502809e+00
4.590000e+01 1.257871e+02 1.157871e+01 1.271475e+00
4.600000e+01 1.118115e+02 1.018115e+01 1.106942e+00
4.610000e+01 6.749113e+01 5.749113e+00 1.177271e+00
4.620000e+01 1.198640e+02 1.098640e+01 1.228834e+00
4.630000e+01 1.042224e+02 9.422237e+00 1.121757e+00
4.640000e+01 1.289381e+02 1.189381e+01 9.692491e-01
4.650000e+01 7.765773e+01 6.765773e+00 9.531185e-01
4.660000e+01 7.609609e+01 6.609609e+00 1.139187e+00
4.670000e+01 1.094894e+02 9.948942e+00 1.233568e+00
4.680000e+01 7.029882e+01 6.029882e+00 1.339961e+00
4.690000e+01 9.211763e+01 8.211763e+00 1.502483e+00
4.700000e+01 1.005896e+02 9.058957e+00 1.562705e+00
4.710000e+01 7.819563e+01 6.819563e+00 1.667161e+00
4.720000e+01 8.947108e+01 7.947108e+00 1.804086e+00
4.730000e+01 1.172579e+02 1.072579e+01 1.785013e+00
4.740000e+01 9.836146e+01 8.836146e+00 1.726424e+00
4.750000e+01 8.691494e+01 7.691494e+00 1.782787e+00
4.760000e+01 9.688054e+01 8.688054e+00 1.873364e+00
4.770000e+01 7.581802e+01 6.581802e+00 1.981006e+00
4.780000e+01 1.414225e+02 1.314225e+01 1.909735e+00
4.790000e+01 8.393317e+01 7.393317e+00 1.833440e+00
4.800000e+01 5.244676e+01 4.244676e+00 2.102679e+00
4.810000e+01 8.495135e+01 7.495135e+00 2.415427e+00
4.820000e+01 6.646467e+01 5.646467e+00 2.655289e+00
4.830000e+01 1.031785e+02 9.317846e+00 2.809451e+00
4.840000e+01 7.729124e+01 6.729124e+00 2.918177e+00
4.850000e+01 9.966492e+01 8.966492e+00 2.990849e+00
4.860000e+01 1.562436e+02 1.462436e+01 2.728180e+00
4.870000e+01 1.460121e+02 1.360121e+01 2.255856e+00
4.880000e+01 1.150366e+02 1.050366e+01 1.958630e+00
4.890000e+01 8.705479e+01 7.705479e+00 1.919166e+00
4.900000e+01 1.173385e+02 1.073385e+01 1.888684e+00
4.910000e+01 1.088313e+02 9.883135e+00 1.772090e+00
4.920000e+01 1.154841e+02 1.054841e+01 1.631440e+00
4.930000e+01 1.374117e+02 1.274117e+01 1.401166e+00
4.940000e+01 7.123579e+01 6.123579e+00 1.385714e+00
4.950000e+01 3.781381e+01 2.781381e+00 1.793844e+00
4.960000e+01 6.439192e+01 5.439192e+00 2.273107e+00
4.970000e+01 6.307117e+01 5.307117e+00 2.624668e+00
4.980000e+01 1.126173e+02 1.026173e+01 2.753697e+00
4.990000e+01 9.107192e+01 8.107192e+00 2.762133e+00
5.000000e+01 9.251034e+01 8.251034e+00 2.807532e+00
5.010000e+01 1.347964e+02 1.247964e+01 2.700717e+00
5.020000e+01 8.249700e+01 7.249700e+00 2.617034e+00
5.030000e+01 1.165881e+02 1.065881e+01 2.602323e+00
5.040000e+01 9.727975e+01 8.727975e+00 2.565111e+00
5.050000e+01 7.451490e+01 6.451490e+00 2.678485e+00
5.060000e+01 1.070448e+02 9.704483e+00 2.760138e+00
5.070000e+01 1.115076e+02 1.015076e+01 2.669308e+00
5.080000e+01 1.452342e+02 1.352342e+01 2.373973e+00
5.090000e+01 1.618493e+02 1.518493e+01 1.894948e+00
5.100000e+01 8.094236e+01 7.094236e+00 1.683126e+00
5.110000e+01 8.959537e+01 7.959537e+00 1.788086e+00
5.120000e+01 9.754951e+01 8.754951e+00 1.851452e+00
5.130000e+01 1.149902e+02 1.049902e+01 1.793265e+00
5.140000e+01 1.146579e+02 1.046579e+01 1.632455e+00
5.150000e+01 1.582559e+02 1.482559e+01 1.271143e+00
5.160000e+01 1.458494e+02 1.358494e+01 7.850880e-01
5.170000e+01 1.223359e+02 1.123359e+01 4.202537e-01
5.180000e+01 1.549536e+02 1.449536e+01 2.360897e-02
5.190000e+01 1.517263e+02 1.417263e+01 -4.739463e-01
5.200000e+01 1.097405e+02 9.974052e+00 -7.765636e-01
5.210000e+01 9.556017e+01 8.556017e+00 -8.330107e-01
5.220000e+01 1.161072e+02 1.061072e+01 -8.943575e-01
5.230000e+01 1.111748e+02 1.011748e+01 -1.015069e+00
5.240000e+01 9.828413e+01 8.828413e+00 -1.062277e+00
5.250000e+01 9.449808e+01 8.449808e+00 -1.044423e+00
5.260000e+01 1.158692e+02 1.058692e+01 -1.077885e+00
5.270000e+01 7.816814e+01 6.816814e+00 -1.057346e+00
5.280000e+01 1.220329e+02 1.120329e+01 -1.083966e+00
5.290000e+01 1.266408e+02 1.166408e+01 -1.270662e+00
5.300000e+01 6.412020e+01 5.412020e+00 -1.248690e+00
5.310000e+01 1.080087e+02 9.800867e+00 -1.114217e+00
5.320000e+01 5.510937e+01 4.510937e+00 -8.991696e-01
5.330000e+01 4.508587e+01 3.508587e+00 -4.474273e-01
5.340000e+01 8.346363e+01 7.346363e+00 -8.690576e-02
5.350000e+01 7.222679e+01 6.222679e+00 1.515990e-01
5.360000e+01 8.194046e+01 7.194046e+00 3.443564e-01
5.370000e+01 1.358383e+02 1.258383e+01 2.911975e-01
5.380000e+01 7.502505e+01 6.502505e+00 2.595686e-01
5.390000e+01 7.947154e+01 6.947154e+00 4.547024e-01
5.400000e+01 8.513465e+01 7.513465e+00 6.218339e-01
5.410000e+01 1.110658e+02 1.010658e+01 6.681150e-01
5.420000e+01 6.165099e+01 5.165099e+00 7.993221e-01
5.430000e+01 9.921236e+01 8.921236e+00 9.653400e-01
5.440000e+01 1.087028e+02 9.870275e+00 9.503212e-01
5.450000e+01 9.548769e+01 8.548769e+00 9.538573e-01
5.460000e+01 5.594494e+01 4.594494e+00 1.158467e+00
5.470000e+01 1.210125e+02 1.110125e+01 1.259510e+00
5.480000e+01 1.132129e+02 1.032129e+01 1.113612e+00
5.490000e+01 1.305415e+02 1.205415e+01 8.828709e-01
5.500000e+01 1.409234e+02 1.309234e+01 5.389204e-01
5.510000e+01 1.246709e+02 1.146709e+01 2.552282e-01
5.520000e+01 4.515961e+01 3.515961e+00 3.783889e-01
5.530000e+01 8.526030e+01 7.526030e+00 6.909544e-01
5.540000e+01 8.044603e+01 7.044603e+00 8.847212e-01
5.550000e+01 8.138348e+01 7.138348e+00 1.069072e+00
5.560000e+01 8.892787e+01 7.892787e+00 1.198388e+00
5.570000e+01 1.263803e+02 1.163803e+01 1.153408e+00
5.580000e+01 6.597392e+01 5.597392e+00 1.218140e+00
5.590000e+01 4.882400e+01 3.882400e+00 1.611649e+00
5.600000e+01 5.251572e+01 4.251572e+00 2.093352e+00
5.610000e+01 6.924596e+01 5.924596e+00 2.467019e+00
5.620000e+01 1.140836e+02 1.040836e+01 2.535564e+00
5.630000e+01 1.559356e+02 1.459356e+01 2.235024e+00
5.640000e+01 9.561106e+01 8.561106e+00 1.997675e+00
5.650000e+01 9.631080e+01 8.631080e+00 1.983209e+00
5.660000e+01 1.463538e+02 1.363538e+01 1.776338e+00
5.670000e+01 1.350501e+02 1.250501e+01 1.415595e+00
5.680000e+01 9.271133e+01 8.271133e+00 1.244563e+00
5.690000e+01 1.420797e+02 1.320797e+01 1.064956e+00
5.700000e+01 1.081670e+02 9.816704e+00 8.615518e-01
5.710000e+01 6.578678e+01 5.578678e+00 9.590106e-01
5.720000e+01 9.247645e+01 8.247645e+00 1.152286e+00
5.730000e+01 8.760356e+01 7.760356e+00 1.267569e+00
5.740000e+01 8.183145e+01 7.183145e+00 1.423298e+00
5.750000e+01 7.298695e+01 6.298695e+00 1.625513e+00
5.760000e+01 1.147207e+02 1.047207e+01 1.693728e+00
5.770000e+01 9.320460e+01 8.320460e+00 1.671538e+00
5.780000e+01 9.821254e+01 8.821254e+00 1.708193e+00
5.790000e+01 8.724120e+01 7.724120e+00 1.775368e+00
5.800000e+01 1.061680e+02 9.616803e+00 1.807874e+00
5.810000e+01 9.485106e+01 8.485106e+00 1.805571e+00
5.820000e+01 1.144971e+02 1.044971e+01 1.732049e+00
5.830000e+01 1.535771e+02 1.435771e+01 1.411388e+00
5.840000e+01 1.352107e+02 1.252107e+01 9.857392e-01
5.850000e+01 1.308536e+02 1.208536e+01 6.589513e-01
5.860000e+01 1.031015e+02 9.310150e+00 4.844090e-01
5.870000e+01 1.104908e+02 1.004908e+01 4.081081e-01
5.880000e+01 9.718687e+01 8.718687e+00 3.858524e-01
5.890000e+01 7.491687e+01 6.491687e+00 5.136291e-01
5.900000e+01 8.610854e+01 7.610854e+00 6.880773e-01
5.910000e+01 1.078123e+02 9.781229e+00 7.267195e-01
5.920000e+01 1.019358e+02 9.193580e+00 6.953387e-01
5.930000e+01 8.622732e+01 7.622732e+00 7.528738e-01
5.940000e+01 8.203404e+01 7.203404e+00 9.008375e-01
5.950000e+01 9.211481e+01 8.211481e+00 1.017930e+00
5.960000e+01 1.137007e+02 1.037007e+01 9.907054e-01
5.970000e+01 1.237054e+02 1.137054e+01 8.042029e-01
5.980000e+01 1.360583e+02 1.260583e+01 5.387644e-01
5.990000e+01 7.997404e+01 6.997404e+00 4.443975e-01
6.000000e+01 1.202844e+02 1.102844e+01 4.156391e-01
6.010000e+01 1.224732e+02 1.124732e+01 2.133472e-01
6.020000e+01 1.425048e+02 1.325048e+01 -1.026245e-01
6.030000e+01 1.219592e+02 1.119592e+01 -4.191070e-01
6.040000e+01 1.288912e+02 1.188912e+01 -6.707904e-01
6.050000e+01 1.007592e+02 9.075920e+00 -8.192772e-01
6.060000e+01 1.131114e+02 1.031114e+01 -9.096132e-01
6.070000e+01 1.248448e+02 1.148448e+01 -1.088329e+00
6.080000e+01 1.212681e+02 1.112681e+01 -1.325927e+00
6.090000e+01 1.404503e+02 1.304503e+01 -1.614107e+00
6.100000e+01 9.483668e+01 8.483668e+00 -1.783490e+00
6.110000e+01 9.995881e+01 8.995881e+00 -1.776062e+00
6.120000e+01 8.608445e+01 7.608445e+00 -1.685217e+00
6.130000e+01 5.919308e+01 4.919308e+00 -1.447511e+00
6.140000e+01 1.150863e+02 1.050863e+01 -1.321278e+00
6.150000e+01 9.601435e+01 8.601435e+00 -1.353885e+00
6.160000e+01 1.079690e+02 9.796899e+00 -1.389619e+00
6.170000e+01 1.124207e+02 1.024207e+01 -1.469301e+00
6.180000e+01 8.298254e+01 7.298254e+00 -1.453136e+00
6.190000e+01 1.028310e+02 9.283101e+00 -1.411388e+00
6.200000e+01 1.301587e+02 1.201587e+01 -1.547328e+00
6.210000e+01 9.314614e+01 8.314614e+00 -1.650229e+00
6.220000e+01 8.623077e+01 7.623077e+00 -1.548184e+00
6.230000e+01 4.995197e+01 3.995197e+00 -1.235916e+00
6.240000e+01 6.319210e+01 5.319210e+00 -8.250248e-01
6.250000e+01 7.308370e+01 6.308370e+00 -5.012147e-01
6.260000e+01 8.759384e+01 7.759384e+00 -3.304512e-01
6.270000e+01 1.402275e+02 1.302275e+01 -4.305372e-01
6.280000e+01 7.931721e+01 6.931721e+00 -5.222134e-01
6.290000e+01 1.129665e+02 1.029665e+01 -4.916907e-01
6.300000e+01 6.322826e+01 5.322826e+00 -3.495296e-01
6.310000e+01 5.862600e+01 4.862600e+00 -1.944809e-03
6.320000e+01 9.752737e+01 8.752737e+00 1.996476e-01
6.330000e+01 1.279495e+02 1.179495e+01 1.290768e-01
6.340000e+01 4.988460e+01 3.988460e+00 2.416486e-01
6.350000e+01 7.555001e+01 6.555001e+00 5.679562e-01
6.360000e+01 9.113657e+01 8.113657e+00 7.433422e-01
6.370000e+01 1.128317e+02 1.028317e+01 7.059603e-01
6.380000e+01 1.543188e+02 1.443188e+01 4.072341e-01
6.390000e+01 9.772948e+01 8.772948e+00 1.750979e-01
6.400000e+01 8.231358e+01 7.231358e+00 2.256503e-01
6.410000e+01 1.259521e+02 1.159521e+01 1.735151e-01
6.420000e+01 1.353331e+02 1.253331e+01 -9.156538e-02
6.430000e+01 9.167460e+01 8.167460e+00 -2.152740e-01
6.440000e+01 7.406974e+01 6.406974e+00 -6.846107e-02
6.450000e+01 8.249634e+01 7.249634e+00 1.334440e-01
6.460000e+01 1.023169e+02 9.231689e+00 2.039552e-01
6.470000e+01 1.232030e+02 1.132030e+01 8.386914e-02
6.480000e+01 1.248435e+02 1.148435e+01 -1.379958e-01
6.490000e+01 1.055920e+02 9.559197e+00 -2.869382e-01
6.500000e+01 9.902344e+01 8.902344e+00 -3.201521e-01
6.510000e+01 1.007058e+02 9.070583e+00 -3.178861e-01
6.520000e+01 9.313339e+01 8.313339e+00 -2.875398e-01
6.530000e+01 1.011359e+02 9.113590e+00 -2.842851e-01
6.540000e+01 1.423274e+02 1.323274e+01 -4.818868e-01
6.550000e+01 1.105894e+02 1.005894e+01 -7.246679e-01
6.560000e+01 1.038274e+02 9.382736e+00 -8.055062e-01
6.570000e+01 8.702882e+01 7.702882e+00 -7.635909e-01
6.580000e+01 9.276040e+01 8.276040e+00 -6.769272e-01
6.590000e+01 1.073041e+02 9.730408e+00 -6.782486e-01
6.600000e+01 1.112289e+02 1.012289e+01 -7.407233e-01
6.610000e+01 6.655125e+01 5.655125e+00 -6.447297e-01
6.620000e+01 9.753364e+01 8.753364e+00 -4.761977e-01
6.630000e+01 7.922159e+01 6.922159e+00 -3.591986e-01
6.640000e+01 1.111480e+02 1.011480e+01 -3.124410e-01
6.650000e+01 9.082140e+01 8.082140e+00 -3.014360e-01
6.660000e+01 8.216185e+01 7.216185e+00 -1.781765e-01
6.670000e+01 8.606969e+01 7.606969e+00 -3.769964e-02
6.680000e+01 1.127980e+02 1.027980e+01 -7.921204e-04
6.690000e+01 5.299890e+01 4.299890e+00 1.726756e-01
6.700000e+01 7.870056e+01 6.870056e+00 4.687331e-01
6.710000e+01 1.069798e+02 9.697982e+00 5.619793e-01
6.720000e+01 1.006788e+02 9.067876e+00 5.136069e-01
6.730000e+01 1.401122e+02 1.301122e+01 3.259050e-01
6.740000e+01 1.017956e+02 9.179556e+00 1.254582e-01
6.750000e+01 1.224056e+02 1.124056e+01 -1.569429e-02
6.760000e+01 1.238847e+02 1.138847e+01 -2.443664e-01
6.770000e+01 1.432760e+02 1.332760e+01 -5.826264e-01
6.780000e+01 1.484911e+02 1.384911e+01 -1.036528e+00
6.790000e+01 1.533639e+02 1.433639e+01 -1.521250e+00
6.800000e+01 1.077294e+02 9.772939e+00 -1.828472e+00
6.810000e+01 1.105858e+02 1.005858e+01 -1.917006e+00
6.820000e+01 6.151293e+01 5.151293e+00 -1.790377e+00
6.830000e+01 9.448269e+01 8.448269e+00 -1.586866e+00
6.840000e+01 7.636712e+01 6.636712e+00 -1.419569e+00
6.850000e+01 7.311112e+01 6.311112e+00 -1.187915e+00
6.860000e+01 9.179470e+01 8.179470e+00 -1.010620e+00
6.870000e+01 9.215238e+01 8.215238e+00 -9.396632e-01
6.880000e+01 1.294611e+02 1.194611e+01 -1.050555e+00
6.890000e+01 1.321343e+02 1.221343e+01 -1.322812e+00
6.900000e+01 9.093806e+01 8.093806e+00 -1.421574e+00
6.910000e+01 6.258952e+01 5.258952e+00 -1.237385e+00
6.920000e+01 1.170189e+02 1.070189e+01 -1.128799e+00
6.930000e+01 8.113960e+01 7.113960e+00 -1.102886e+00
6.940000e+01 1.024985e+02 9.249855e+00 -1.040187e+00
6.950000e+01 1.015329e+02 9.153290e+00 -1.055870e+00
6.960000e+01 1.201531e+02 1.101531e+01 -1.170445e+00
6.970000e+01 1.265820e+02 1.165820e+01 -1.388182e+00
6.980000e+01 1.130311e+02 1.030311e+01 -1.575307e+00
6.990000e+01 8.969682e+01 7.969682e+00 -1.573582e+00
7.000000e+01 4.592528e+01 3.592528e+00 -1.271572e+00
7.010000e+01 6.899328e+01 5.899328e+00 -8.881955e-01
7.020000e+01 1.137410e+02 1.037410e+01 -7.867569e-01
7.030000e+01 1.087124e+02 9.871238e+00 -8.770227e-01
7.040000e+01 1.053117e+02 9.531167e+00 -9.493217e-01
7.050000e+01 9.816983e+01 8.816983e+00 -9.557127e-01
7.060000e+01 7.520526e+01 6.520526e+00 -8.276518e-01
7.070000e+01 7.287126e+01 6.287126e+00 -5.604853e-01
7.080000e+01 4.383008e+01 3.383008e+00 -1.869977e-01
7.090000e+01 1.330690e+02 1.230690e+01 -8.824032e-02
7.100000e+01 1.349297e+02 1.249297e+01 -3.657232e-01
7.110000e+01 9.718467e+01 8.718467e+00 -5.260221e-01
7.120000e+01 9.077025e+01 8.077025e+00 -4.925054e-01
7.130000e+01 1.107150e+02 1.007150e+01 -5.038289e-01
7.140000e+01 1.170899e+02 1.070899e+01 -6.393637e-01
7.150000e+01 1.248240e+02 1.148240e+01 -8.203920e-01
7.160000e+01 6.962949e+01 5.962949e+00 -7.887728e-01
7.170000e+01 7.269111e+01 6.269111e+00 -5.424835e-01
7.180000e+01 1.023728e+02 9.237276e+00 -4.106875e-01
7.190000e+01 9.856715e+01 8.856715e+00 -4.120958e-01
7.200000e+01 1.200310e+02 1.100310e+01 -5.106844e-01
7.210000e+01 1.253032e+02 1.153032e+01 -7.249119e-01
7.220000e+01 1.213975e+02 1.113975e+01 -9.529312e-01
7.230000e+01 1.126825e+02 1.026825e+01 -1.125936e+00
7.240000e+01 1.149517e+02 1.049517e+01 -1.265810e+00
7.250000e+01 1.069955e+02 9.699546e+00 -1.370754e+00
7.260000e+01 1.102507e+02 1.002507e+01 -1.502010e+00
7.270000e+01 1.872395e+02 1.772395e+01 -1.953531e+00
7.280000e+01 1.180695e+02 1.080695e+01 -2.444156e+00
7.290000e+01 1.197871e+02 1.097871e+01 -2.670168e+00
7.300000e+01 1.205883e+02 1.105883e+01 -2.871197e+00
7.310000e+01 1.253169e+02 1.153169e+01 -3.082612e+00
7.320000e+01 8.783142e+01 7.783142e+00 -3.155769e+00
7.330000e+01 1.084068e+02 9.840677e+00 -3.148644e+00
7.340000e+01 9.017846e+01 8.017846e+00 -3.114240e+00
7.350000e+01 6.205959e+01 5.205959e+00 -2.904690e+00
7.360000e+01 1.026282e+02 9.262818e+00 -2.746614e+00
7.370000e+01 1.133797e+02 1.033797e+01 -2.802088e+00
7.380000e+01 1.113479e+02 1.013479e+01 -2.947673e+00
7.390000e+01 1.573771e+02 1.473771e+01 -3.265603e+00
7.400000e+01 1.026185e+02 9.261852e+00 -3.542463e+00
7.410000e+01 1.007560e+02 9.075597e+00 -3.588177e+00
7.420000e+01 1.019268e+02 9.192678e+00 -3.601212e+00
7.430000e+01 1.022897e+02 9.228966e+00 -3.604394e+00
7.440000e+01 6.550054e+01 5.550054e+00 -3.448978e+00
7.450000e+01 7.959520e+01 6.959520e+00 -3.197264e+00
7.460000e+01 8.791950e+01 7.791950e+00 -3.021227e+00
7.470000e+01 7.954303e+01 6.954303e+00 -2.863506e+00
7.480000e+01 9.574773e+01 8.574773e+00 -2.745177e+00
7.490000e+01 9.713777e+01 8.713777e+00 -2.694161e+00
7.500000e+01 8.095729e+01 7.095729e+00 -2.581228e+00
7.510000e+01 7.548663e+01 6.548663e+00 -2.378713e+00
7.520000e+01 8.979825e+01 7.979825e+00 -2.201150e+00
7.530000e+01 7.759916e+01 6.759916e+00 -2.031648e+00
7.540000e+01 8.016251e+01 7.016251e+00 -1.837448e+00
7.550000e+01 1.041625e+02 9.416251e+00 -1.767351e+00
7.560000e+01 1.233400e+02 1.133400e+01 -1.885481e+00
7.570000e+01 1.079098e+02 9.790978e+00 -2.035702e+00
7.580000e+01 1.082555e+02 9.825549e+00 -2.102381e+00
7.590000e+01 6.152367e+01 5.152367e+00 -1.950037e+00
7.600000e+01 6.533090e+01 5.533090e+00 -1.627766e+00
7.610000e+01 1.084052e+02 9.840522e+00 -1.499770e+00
7.620000e+01 1.272895e+02 1.172895e+01 -1.673887e+00
7.630000e+01 1.574825e+02 1.474825e+01 -2.071436e+00
7.640000e+01 1.097672e+02 9.976718e+00 -2.356303e+00
7.650000e+01 4.022687e+01 3.022687e+00 -2.167899e+00
7.660000e+01 1.185064e+02 1.085064e+01 -1.996447e+00
7.670000e+01 1.214207e+02 1.114207e+01 -2.134255e+00
7.680000e+01 7.930259e+01 6.930259e+00 -2.144501e+00
7.690000e+01 8.324319e+01 7.324319e+00 -1.964442e+00
7.700000e+01 6.255291e+01 5.255291e+00 -1.706825e+00
7.710000e+01 9.497135e+01 8.497135e+00 -1.497734e+00
7.720000e+01 8.414346e+01 7.414346e+00 -1.398865e+00
7.730000e+01 1.317307e+02 1.217307e+01 -1.486344e+00
7.740000e+01 1.282737e+02 1.182737e+01 -1.739112e+00
7.750000e+01 8.368984e+01 7.368984e+00 -1.814709e+00
7.760000e+01 1.046465e+02 9.464655e+00 -1.764543e+00
7.770000e+01 7.915738e+01 6.915738e+00 -1.675334e+00
7.780000e+01 8.865355e+01 7.865355e+00 -1.533485e+00
7.790000e+01 9.733857e+01 8.733857e+00 -1.455094e+00
7.800000e+01 1.002654e+02 9.026537e+00 -1.467490e+00
7.810000e+01 1.509460e+02 1.409460e+01 -1.697448e+00
7.820000e+01 1.039174e+02 9.391740e+00 -1.960848e+00
7.830000e+01 1.265497e+02 1.165497e+01 -2.115179e+00
7.840000e+01 8.138304e+01 7.138304e+00 -2.157215e+00
7.850000e+01 1.176499e+02 1.076499e+01 -2.183666e+00
7.860000e+01 1.270031e+02 1.170031e+01 -2.358259e+00
7.870000e+01 6.801962e+01 5.801962e+00 -2.326763e+00
7.880000e+01 5.962140e+01 4.962140e+00 -2.003349e+00
7.890000e+01 8.265033e+01 7.265033e+00 -1.722463e+00
7.900000e+01 9.275835e+01 8.275835e+00 -1.576524e+00
7.910000e+01 6.897179e+01 5.897179e+00 -1.388015e+00
7.920000e+01 8.553477e+01 7.553477e+00 -1.186593e+00
7.930000e+01 1.151694e+02 1.051694e+01 -1.178851e+00
7.940000e+01 1.090652e+02 9.906525e+00 -1.282384e+00
7.950000e+01 1.038887e+02 9.388872e+00 -1.364710e+00
7.960000e+01 1.271634e+02 1.171634e+01 -1.504174e+00
7.970000e+01 9.508153e+01 8.508153e+00 -1.624960e+00
7.980000e+01 1.371066e+02 1.271066e+01 -1.795628e+00
7.990000e+01 1.214063e+02 1.114063e+01 -2.061543e+00
8.000000e+01 1.136501e+02 1.036501e+01 -2.249016e+00
8.010000e+01 1.145668e+02 1.045668e+01 -2.381794e+00
8.020000e+01 9.698415e+01 8.698415e+00 -2.456479e+00
8.030000e+01 1.307235e+02 1.207235e+01 -2.596857e+00
8.040000e+01 1.179173e+02 1.079173e+01 -2.824899e+00
8.050000e+01 1.199005e+02 1.099005e+01 -3.008591e+00
8.060000e+01 8.924291e+01 7.924291e+00 -3.041184e+00
8.070000e+01 7.057655e+01 6.057655e+00 -2.876592e+00
8.080000e+01 1.151890e+02 1.051890e+01 -2.818111e+00
8.090000e+01 1.235105e+02 1.135105e+01 -2.975897e+00
8.100000e+01 9.485949e+01 8.485949e+00 -3.065174e+00
8.110000e+01 9.495392e+01 8.495392e+00 -3.035449e+00
8.120000e+01 1.102628e+02 1.002628e+01 -3.059607e+00
8.130000e+01 1.091117e+02 9.911173e+00 -3.149273e+00
8.140000e+01 1.077868e+02 9.778681e+00 -3.228155e+00
8.150000e+01 9.277077e+01 8.277077e+00 -3.229267e+00
8.160000e+01 9.116720e+01 8.116720e+00 -3.166797e+00
8.170000e+01 1.101267e+02 1.001267e+01 -3.161518e+00
8.180000e+01 8.754270e+01 7.754270e+00 -3.147522e+00
8.190000e+01 9.881705e+01 8.881705e+00 -3.076125e+00
8.200000e+01 6.719788e+01 5.719788e+00 -2.903502e+00
8.210000e+01 8.157771e+01 7.157771e+00 -2.685634e+00
8.220000e+01 1.218403e+02 1.118403e+01 -2.677128e+00
8.230000e+01 9.211719e+01 8.211719e+00 -2.741961e+00
8.240000e+01 1.113003e+02 1.013003e+01 -2.742325e+00
8.250000e+01 5.041992e+01 4.041992e+00 -2.567768e+00
8.260000e+01 1.058214e+02 9.582136e+00 -2.371176e+00
8.270000e+01 8.926547e+01 7.926547e+00 -2.325330e+00
8.280000e+01 1.090945e+02 9.909447e+00 -2.333993e+00
8.290000e+01 1.191812e+02 1.091812e+01 -2.461978e+00
8.300000e+01 1.145776e+02 1.045776e+01 -2.619933e+00
8.310000e+01 9.730383e+01 8.730383e+00 -2.678397e+00
8.320000e+01 9.461548e+01 8.461548e+00 -2.660248e+00
8.330000e+01 1.193904e+02 1.093904e+01 -2.708738e+00
8.340000e+01 7.220637e+01 6.220637e+00 -2.653497e+00
8.350000e+01 7.757668e+01 6.757668e+00 -2.461536e+00
8.360000e+01 1.445561e+02 1.345561e+01 -2.538573e+00
8.370000e+01 8.321531e+01 7.321531e+00 -2.634371e+00
8.380000e+01 6.230395e+01 5.230395e+00 -2.411597e+00
8.390000e+01 9.996741e+01 8.996741e+00 -2.241897e+00
8.400000e+01 1.254981e+02 1.154981e+01 -2.350302e+00
8.410000e+01 1.240518e+02 1.140518e+01 -2.586823e+00
8.420000e+01 1.224889e+02 1.124889e+01 -2.821079e+00
8.430000e+01 1.251541e+02 1.151541e+01 -3.071434e+00
8.440000e+01 1.490875e+02 1.390875e+01 -3.443303e+00
8.450000e+01 1.539485e+02 1.439485e+01 -3.945329e+00
8.460000e+01 1.455324e+02 1.355324e+01 -4.421142e+00
8.470000e+01 1.068393e+02 9.683930e+00 -4.699741e+00
8.480000e+01 1.310959e+02 1.210959e+01 -4.900156e+00
8.490000e+01 1.151968e+02 1.051968e+01 -5.111318e+00
8.500000e+01 9.684767e+01 8.684767e+00 -5.168008e+00
8.510000e+01 7.720772e+01 6.720772e+00 -5.071149e+00
8.520000e+01 1.220145e+02 1.120145e+01 -5.049542e+00
8.530000e+01 7.413268e+01 6.413268e+00 -5.037754e+00
8.540000e+01 1.310012e+02 1.210012e+01 -5.066244e+00
8.550000e+01 8.600965e+01 7.600965e+00 -5.130396e+00
8.560000e+01 1.055500e+02 9.555000e+00 -5.110192e+00
8.570000e+01 9.734868e+01 8.734868e+00 -5.105668e+00
8.580000e+01 8.191341e+01 7.191341e+00 -4.995638e+00
8.590000e+01 5.912405e+01 4.912405e+00 -4.724352e+00
8.600000e+01 9.689410e+01 8.689410e+00 -4.521795e+00
8.610000e+01 1.057885e+02 9.578847e+00 -4.493049e+00
8.620000e+01 5.908660e+01 4.908660e+00 -4.320737e+00
8.630000e+01 7.568504e+01 6.568504e+00 -4.038552e+00
8.640000e+01 1.149020e+02 1.049020e+01 -3.959534e+00
8.650000e+01 7.459715e+01 6.459715e+00 -3.915004e+00
8.660000e+01 1.297371e+02 1.197371e+01 -3.964031e+00
8.670000e+01 1.382029e+02 1.282029e+01 -4.254592e+00
8.680000e+01 9.851374e+01 8.851374e+00 -4.443081e+00
8.690000e+01 1.081567e+02 9.815671e+00 -4.484375e+00
8.700000e+01 8.506466e+01 7.506466e+00 -4.442238e+00
8.710000e+01 8.526711e+01 7.526711e+00 -4.327276e+00
8.720000e+01 1.295740e+02 1.195740e+01 -4.403225e+00
8.730000e+01 1.378344e+02 1.278344e+01 -4.726259e+00
8.740000e+01 1.501153e+02 1.401153e+01 -5.147115e+00
8.750000e+01 1.102245e+02 1.002245e+01 -5.420738e+00
8.760000e+01 6.753686e+01 5.753686e+00 -5.339427e+00
8.770000e+01 8.612867e+01 7.612867e+00 -5.121435e+00
8.780000e+01 7.814062e+01 6.814062e+00 -4.939767e+00
8.790000e+01 9.224561e+01 8.224561e+00 -4.798535e+00
8.800000e+01 1.033665e+02 9.336645e+00 -4.803845e+00
8.810000e+01 1.722271e+02 1.622271e+01 -5.158921e+00
8.820000e+01 1.310642e+02 1.210642e+01 -5.632637e+00
8.830000e+01 1.164535e+02 1.064535e+01 -5.911562e+00
8.840000e+01 1.476476e+02 1.376476e+01 -6.208610e+00
8.850000e+01 9.089283e+01 8.089283e+00 -6.383405e+00
8.860000e+01 8.271508e+01 7.271508e+00 -6.275456e+00
8.870000e+01 7.669006e+01 6.669006e+00 -6.089802e+00
8.880000e+01 1.076591e+02 9.765906e+00 -6.001373e+00
8.890000e+01 8.050826e+01 7.050826e+00 -5.934228e+00
8.900000e+01 9.879574e+01 8.879574e+00 -5.855740e+00
8.910000e+01 1.183459e+02 1.083459e+01 -5.931184e+00
8.920000e+01 1.247579e+02 1.147579e+01 -6.159571e+00
8.930000e+01 1.622181e+02 1.522181e+01 -6.563586e+00
8.940000e+01 1.016248e+02 9.162482e+00 -6.851259e+00
8.950000e+01 7.398919e+01 6.398919e+00 -6.767411e+00
8.960000e+01 9.254752e+01 8.254752e+00 -6.627645e+00
8.970000e+01 1.256305e+02 1.156305e+01 -6.695504e+00
8.980000e+01 9.899405e+01 8.899405e+00 -6.813851e+00
8.990000e+01 1.225627e+02 1.125627e+01 -6.942697e+00
9.000000e+01 1.332911e+02 1.232911e+01 -7.196390e+00
9.010000e+01 1.104085e+02 1.004085e+01 -7.422800e+00
9.020000e+01 1.317038e+02 1.217038e+01 -7.632507e+00
9.030000e+01 1.067445e+02 9.674453e+00 -7.812459e+00
9.040000e+01 1.042548e+02 9.425484e+00 -7.872694e+00
9.050000e+01 8.440438e+01 7.440438e+00 -7.811416e+00
9.060000e+01 8.404892e+01 7.404892e+00 -7.693193e+00
9.070000e+01 1.359452e+02 1.259452e+01 -7.756980e+00
9.080000e+01 6.904613e+01 5.904613e+00 -7.777446e+00
9.090000e+01 1.060320e+02 9.603198e+00 -7.671043e+00
9.100000e+01 7.787449e+01 6.787449e+00 -7.593562e+00
9.110000e+01 1.247280e+02 1.147280e+01 -7.604222e+00
9.120000e+01 8.757766e+01 7.757766e+00 -7.651943e+00
9.130000e+01 1.129090e+02 1.029090e+01 -7.686790e+00
9.140000e+01 1.372558e+02 1.272558e+01 -7.923842e+00
9.150000e+01 1.351218e+02 1.251218e+01 -8.253513e+00
9.160000e+01 9.142857e+01 8.142857e+00 -8.404731e+00
9.170000e+01 1.293140e+02 1.193140e+01 -8.544154e+00
9.180000e+01 1.611375e+02 1.511375e+01 -8.982299e+00
9.190000e+01 1.696718e+02 1.596718e+01 -9.595723e+00
9.200000e+01 1.102341e+02 1.002341e+01 -9.987147e+00
9.210000e+01 1.058991e+02 9.589911e+00 -1.011589e+01
9.220000e+01 1.397640e+02 1.297640e+01 -1.032431e+01
9.230000e+01 1.038893e+02 9.388934e+00 -1.053675e+01
9.240000e+01 1.209854e+02 1.109854e+01 -1.067223e+01
9.250000e+01 1.122767e+02 1.022767e+01 -1.085666e+01
9.260000e+01 1.659489e+02 1.559489e+01 -1.122857e+01
9.270000e+01 1.122714e+02 1.022714e+01 -1.157741e+01
9.280000e+01 7.876334e+01 6.876334e+00 -1.155600e+01
9.290000e+01 7.012737e+01 6.012737e+00 -1.132241e+01
9.300000e+01 8.586678e+01 7.586678e+00 -1.109812e+01
9.310000e+01 7.616422e+01 6.616422e+00 -1.092735e+01
9.320000e+01 1.275403e+02 1.175403e+01 -1.093535e+01
9.330000e+01 9.985604e+01 8.985604e+00 -1.107059e+01
9.340000e+01 1.457161e+02 1.357161e+01 -1.129790e+01
9.350000e+01 1.127167e+02 1.027167e+01 -1.157772e+01
9.360000e+01 1.417115e+02 1.317115e+01 -1.188348e+01
9.370000e+01 1.663423e+02 1.563423e+01 -1.237711e+01
9.380000e+01 1.005192e+02 9.051916e+00 -1.268279e+01
9.390000e+01 6.310330e+01 5.310330e+00 -1.254123e+01
9.400000e+01 7.945980e+01 6.945980e+00 -1.227202e+01
9.410000e+01 8.971248e+01 7.971248e+00 -1.212820e+01
9.420000e+01 1.269534e+02 1.169534e+01 -1.219288e+01
9.430000e+01 9.467898e+01 8.467898e+00 -1.227813e+01
9.440000e+01 8.816187e+01 7.816187e+00 -1.222337e+01
9.450000e+01 1.119986e+02 1.019986e+01 -1.220777e+01
9.460000e+01 7.736289e+01 6.736289e+00 -1.214786e+01
9.470000e+01 8.644376e+01 7.644376e+00 -1.198851e+01
9.480000e+01 9.707105e+01 8.707105e+00 -1.190598e+01
9.490000e+01 1.044318e+02 9.443179e+00 -1.188975e+01
9.500000e+01 7.008066e+01 6.008066e+00 -1.178349e+01
9.510000e+01 1.166416e+02 1.066416e+01 -1.171728e+01
9.520000e+01 8.528939e+01 7.528939e+00 -1.171987e+01
9.530000e+01 1.208505e+02 1.108505e+01 -1.176277e+01
9.540000e+01 1.043134e+02 9.431336e+00 -1.185066e+01
9.550000e+01 6.988320e+01 5.988320e+00 -1.174557e+01
9.560000e+01 9.631559e+01 8.631559e+00 -1.158748e+01
9.570000e+01 8.744395e+01 7.744395e+00 -1.148762e+01
9.580000e+01 7.593851e+01 6.593851e+00 -1.130645e+01
9.590000e+01 7.129862e+01 6.129862e+00 -1.106070e+01
9.600000e+01 9.644424e+01 8.644424e+00 -1.089158e+01
9.610000e+01 7.746145e+01 6.746145e+00 -1.075585e+01
9.620000e+01 9.346217e+01 8.346217e+00 -1.062536e+01
9.630000e+01 9.983055e+01 8.983055e+00 -1.056784e+01
9.640000e+01 6.747302e+01 5.747302e+00 -1.039514e+01
9.650000e+01 5.303825e+01 4.303825e+00 -1.001750e+01
9.660000e+01 6.348760e+01 5.348760e+00 -9.615747e+00
9.670000e+01 8.413221e+01 7.413221e+00 -9.344004e+00
9.680000e+01 7.309727e+01 6.309727e+00 -9.120511e+00
9.690000e+01 8.005759e+01 7.005759e+00 -8.921201e+00
9.700000e+01 1.338198e+02 1.238198e+01 -8.967060e+00
9.710000e+01 9.983296e+01 8.983296e+00 -9.136384e+00
9.720000e+01 1.535732e+02 1.435732e+01 -9.419899e+00
9.730000e+01 1.494308e+02 1.394308e+01 -9.904744e+00
9.740000e+01 1.403842e+02 1.303842e+01 -1.033368e+01
9.750000e+01 8.730764e+01 7.730764e+00 -1.046727e+01
9.760000e+01 6.674165e+01 5.674165e+00 -1.024954e+01
9.770000e+01 4.391272e+01 3.391272e+00 -9.833471e+00
9.780000e+01 8.845181e+01 7.845181e+00 -9.492998e+00
9.790000e+01 6.552784e+01 5.552784e+00 -9.259653e+00
9.800000e+01 1.043672e+02 9.436721e+00 -9.116428e+00
9.810000e+01 9.198847e+01 8.198847e+00 -9.079820e+00
9.820000e+01 9.478329e+01 8.478329e+00 -9.010738e+00
9.830000e+01 7.124242e+01 6.124242e+00 -8.843224e+00
9.840000e+01 8.567122e+01 7.567122e+00 -8.656852e+00
9.850000e+01 1.198670e+02 1.098670e+01 -8.673241e+00
9.860000e+01 1.134600e+02 1.034600e+01 -8.820624e+00
9.870000e+01 1.051406e+02 9.514058e+00 -8.915743e+00
9.880000e+01 9.902918e+01 8.902918e+00 -8.930717e+00
9.890000e+01 7.999833e+01 6.999833e+00 -8.836992e+00
9.900000e+01 1.037342e+02 9.373419e+00 -8.789317e+00
9.910000e+01 1.476374e+02 1.376374e+01 -8.999561e+00
9.920000e+01 7.634353e+01 6.634353e+00 -9.097535e+00
9.930000e+01 7.400061e+01 6.400061e+00 -8.890370e+00
9.940000e+01 7.922715e+01 6.922715e+00 -8.630099e+00
9.950000e+01 2.988691e+01 1.988691e+00 -8.173539e+00
9.960000e+01 3.144900e+01 2.144900e+00 -7.519375e+00
9.970000e+01 6.440931e+01 5.440931e+00 -7.001887e+00
9.980000e+01 7.756447e+01 6.756447e+00 -6.699318e+00
9.990000e+01 8.456544e+01 7.456544e+00 -6.507927e+00
1.000000e+02 8.852039e+01 7.852039e+00 -6.362516e+00
