0.000000e+00 8.775515e-01 -1.224485e-01 nan
1.000000e+00 3.308901e+00 2.308901e+00 nan
2.000000e+00 1.777548e+00 7.775476e-01 nan
3.000000e+00 4.332735e-01 -5.667265e-01 nan
4.000000e+00 2.376586e+00 1.376586e+00 nan
5.000000e+00 2.293833e+00 1.293833e+00 nan
6.000000e+00 9.323076e-01 -6.769241e-02 nan
7.000000e+00 4.860586e-01 -5.139414e-01 nan
8.000000e+00 9.625757e-01 -3.742434e-02 nan
9.000000e+00 7.376316e-01 -2.623684e-01 nan
1.000000e+01 1.601256e+00 6.012562e-01 nan
1.100000e+01 1.212478e+00 2.124779e-01 nan
1.200000e+01 0.000000e+00 -1.000000e+00 nan
1.300000e+01 9.664595e-01 -3.354053e-02 nan
1.400000e+01 1.033541e+00 3.354053e-02 nan
1.500000e+01 0.000000e+00 -1.000000e+00 nan
1.600000e+01 0.000000e+00 -1.000000e+00 nan
1.700000e+01 0.000000e+00 -1.000000e+00 nan
1.800000e+01 2.029321e+00 1.029321e+00 nan
1.900000e+01 1.970679e+00 9.706789e-01 nan
2.000000e+01 3.597373e-02 -9.640263e-01 nan
2.100000e+01 1.246333e+00 2.463328e-01 nan
2.200000e+01 1.915054e+00 9.150537e-01 nan
2.300000e+01 1.802640e+00 8.026397e-01 nan
2.400000e+01 1.923357e-01 -8.076643e-01 nan
2.500000e+01 1.379209e+00 3.792087e-01 nan
2.600000e+01 1.821539e+00 8.215386e-01 nan
2.700000e+01 1.253585e+00 2.535845e-01 nan
2.800000e+01 1.328563e+00 3.285632e-01 nan
2.900000e+01 1.063209e+00 6.320860e-02 nan
3.000000e+01 1.375858e+00 3.758576e-01 nan
3.100000e+01 5.857031e-01 -4.142969e-01 nan
3.200000e+01 1.900638e+00 9.006377e-01 nan
3.300000e+01 1.099362e+00 9.936231e-02 nan
3.400000e+01 2.361891e-01 -7.638109e-01 nan
3.500000e+01 7.638109e-01 -2.361891e-01 nan
3.600000e+01 2.735506e-01 -7.264494e-01 nan
3.700000e+01 1.306613e+00 3.066135e-01 nan
3.800000e+01 1.718635e+00 7.186348e-01 nan
3.900000e+01 7.012011e-01 -2.987989e-01 nan
4.000000e+01 0.000000e+00 -1.000000e+00 nan
4.100000e+01 0.000000e+00 -1.000000e+00 nan
4.200000e+01 0.000000e+00 -1.000000e+00 nan
4.300000e+01 1.703732e+00 7.037320e-01 nan
4.400000e+01 2.326943e+00 1.326943e+00 nan
4.500000e+01 9.693251e-01 -3.067487e-02 nan
4.600000e+01 7.307319e-01 -2.692681e-01 nan
4.700000e+01 6.041339e-01 -3.958661e-01 nan
4.800000e+01 1.101024e+00 1.010243e-01 nan
4.900000e+01 1.509052e+00 5.090522e-01 nan
5.000000e+01 3.941082e-01 -6.058918e-01 nan
5.100000e+01 1.419694e+00 4.196938e-01 nan
5.200000e+01 7.944497e-01 -2.055503e-01 nan
5.300000e+01 6.912179e-01 -3.087821e-01 nan
5.400000e+01 7.555879e-01 -2.444121e-01 nan
5.500000e+01 4.423854e-01 -5.576146e-01 nan
5.600000e+01 1.112346e+00 1.123456e-01 nan
5.700000e+01 8.050063e-01 -1.949937e-01 nan
5.800000e+01 9.551967e-01 -4.480335e-02 nan
5.900000e+01 7.394321e-01 -2.605679e-01 nan
6.000000e+01 1.156449e+00 1.564490e-01 nan
6.100000e+01 1.144636e+00 1.446361e-01 nan
6.200000e+01 1.253866e+00 2.538656e-01 nan
6.300000e+01 1.562060e+00 5.620601e-01 nan
6.400000e+01 9.612869e-01 -3.871313e-02 nan
6.500000e+01 2.175699e+00 1.175699e+00 nan
6.600000e+01 1.691637e+00 6.916370e-01 nan
6.700000e+01 0.000000e+00 -1.000000e+00 nan
6.800000e+01 3.029896e-01 -6.970104e-01 nan
6.900000e+01 6.970104e-01 -3.029896e-01 nan
7.000000e+01 6.447507e-01 -3.552493e-01 nan
7.100000e+01 9.418630e-01 -5.813704e-02 nan
7.200000e+01 1.056564e+00 5.656353e-02 nan
7.300000e+01 1.340756e+00 3.407563e-01 nan
7.400000e+01 1.606651e-02 -9.839335e-01 nan
7.500000e+01 1.288930e+00 2.889300e-01 nan
7.600000e+01 3.281376e+00 2.281376e+00 nan
7.700000e+01 7.014512e-01 -2.985488e-01 nan
7.800000e+01 1.548936e+00 5.489363e-01 nan
7.900000e+01 4.039381e-01 -5.960619e-01 nan
8.000000e+01 9.240138e-01 -7.598621e-02 nan
8.100000e+01 1.351322e+00 3.513216e-01 nan
8.200000e+01 1.565151e+00 5.651510e-01 nan
8.300000e+01 9.924768e-01 -7.523202e-03 nan
8.400000e+01 1.189568e+00 1.895680e-01 nan
8.500000e+01 7.528374e-01 -2.471626e-01 nan
8.600000e+01 0.000000e+00 -1.000000e+00 nan
8.700000e+01 0.000000e+00 -1.000000e+00 nan
8.800000e+01 7.879474e-01 -2.120526e-01 nan
8.900000e+01 2.120526e-01 -7.879474e-01 nan
9.000000e+01 1.990609e+00 9.906087e-01 nan
9.100000e+01 1.719700e+00 7.197003e-01 nan
9.200000e+01 9.585223e-01 -4.147773e-02 nan
9.300000e+01 4.868126e-01 -5.131874e-01 nan
9.400000e+01 8.443561e-01 -1.556439e-01 nan
9.500000e+01 7.435292e-01 -2.564708e-01 nan
9.600000e+01 4.542759e-01 -5.457241e-01 nan
9.700000e+01 8.021950e-01 -1.978050e-01 nan
9.800000e+01 0.000000e+00 -1.000000e+00 nan
9.900000e+01 0.000000e+00 -1.000000e+00 nan
1.000000e+02 8.775515e-01 -1.224485e-01 nan
