0.000000e+00 8.289293e+01 7.289293e+00 1.698045e+00
1.000000e-01 1.282463e+02 1.182463e+01 1.650626e+00
2.000000e-01 9.323930e+01 8.323930e+00 1.558243e+00
3.000000e-01 1.099364e+02 9.993642e+00 1.530762e+00
4.000000e-01 8.682441e+01 7.682441e+00 1.582468e+00
5.000000e-01 4.236557e+01 3.236557e+00 1.894103e+00
6.000000e-01 1.015394e+02 9.153939e+00 2.155942e+00
7.000000e-01 1.042173e+02 9.421726e+00 2.139583e+00
8.000000e-01 1.340844e+02 1.240844e+01 1.976658e+00
9.000000e-01 7.471421e+01 6.471421e+00 1.928729e+00
1.000000e+00 1.168438e+02 1.068438e+01 1.928783e+00
1.100000e+00 1.411668e+02 1.311668e+01 1.657703e+00
1.200000e+00 1.508485e+02 1.408485e+01 1.219875e+00
1.300000e+00 1.133751e+02 1.033751e+01 9.423318e-01
1.400000e+00 3.888165e+01 2.888165e+00 1.138626e+00
1.500000e+00 8.469029e+01 7.469029e+00 1.495778e+00
1.600000e+00 6.952265e+01 5.952265e+00 1.733235e+00
1.700000e+00 1.045243e+02 9.452426e+00 1.845862e+00
1.800000e+00 1.205068e+02 1.105068e+01 1.736226e+00
1.900000e+00 1.206706e+02 1.106706e+01 1.563098e+00
2.000000e+00 6.866903e+01 5.866903e+00 1.591670e+00
2.100000e+00 1.244498e+02 1.144498e+01 1.578786e+00
2.200000e+00 1.676516e+02 1.576516e+01 1.162977e+00
2.300000e+00 1.303631e+02 1.203631e+01 7.216406e-01
2.400000e+00 6.693006e+01 5.693006e+00 7.068381e-01
2.500000e+00 9.049217e+01 8.049217e+00 8.717362e-01
2.600000e+00 1.267226e+02 1.167226e+01 8.155068e-01
2.700000e+00 9.453393e+01 8.453393e+00 7.178733e-01
2.800000e+00 1.128083e+02 1.028083e+01 6.538711e-01
2.900000e+00 1.279137e+02 1.179137e+01 4.882216e-01
3.000000e+00 7.508870e+01 6.508870e+00 4.679153e-01
3.100000e+00 9.499292e+01 8.499292e+00 5.972001e-01
3.200000e+00 9.286522e+01 8.286522e+00 6.302629e-01
3.300000e+00 1.678520e+02 1.578520e+01 3.627150e-01
3.400000e+00 8.491872e+01 7.491872e+00 1.460657e-01
3.500000e+00 6.791769e+01 5.791769e+00 3.232618e-01
3.600000e+00 9.519108e+01 8.519108e+00 5.117437e-01
3.700000e+00 8.300269e+01 7.300269e+00 6.292629e-01
3.800000e+00 8.616063e+01 7.616063e+00 7.911415e-01
3.900000e+00 6.369513e+01 5.369513e+00 1.015032e+00
4.000000e+00 1.186911e+02 1.086911e+01 1.112220e+00
4.100000e+00 7.852409e+01 6.852409e+00 1.148875e+00
4.200000e+00 8.747200e+01 7.747200e+00 1.298858e+00
4.300000e+00 8.724511e+01 7.724511e+00 1.412494e+00
4.400000e+00 1.246370e+02 1.146370e+01 1.369309e+00
4.500000e+00 8.905513e+01 7.905513e+00 1.314225e+00
4.600000e+00 1.004796e+02 9.047959e+00 1.345982e+00
4.700000e+00 1.035757e+02 9.357573e+00 1.324231e+00
4.800000e+00 1.286018e+02 1.186018e+01 1.141827e+00
4.900000e+00 1.673999e+02 1.573999e+01 7.022071e-01
5.000000e+00 1.109180e+02 1.009180e+01 3.207209e-01
5.100000e+00 1.277752e+02 1.177752e+01 9.725147e-02
5.200000e+00 1.234181e+02 1.134181e+01 -1.210501e-01
5.300000e+00 7.487223e+01 6.487223e+00 -1.407048e-01
5.400000e+00 1.219593e+02 1.119593e+01 -1.362765e-01
5.500000e+00 1.012513e+02 9.125131e+00 -2.358127e-01
5.600000e+00 1.138788e+02 1.038788e+01 -3.024846e-01
5.700000e+00 7.028392e+01 6.028392e+00 -2.255297e-01
5.800000e+00 9.370616e+01 8.370616e+00 -7.348223e-02
5.900000e+00 9.999169e+01 8.999169e+00 -6.785405e-03
6.000000e+00 5.983161e+01 4.983161e+00 1.785365e-01
6.100000e+00 9.420600e+01 8.420600e+00 3.881718e-01
6.200000e+00 9.609982e+01 8.609982e+00 4.575283e-01
6.300000e+00 9.091691e+01 8.091691e+00 5.189977e-01
6.400000e+00 9.794271e+01 8.794271e+00 5.622757e-01
6.500000e+00 1.185487e+02 1.085487e+01 4.867957e-01
6.600000e+00 1.126879e+02 1.026879e+01 3.315670e-01
6.700000e+00 1.315818e+02 1.215818e+01 1.075885e-01
6.800000e+00 1.235531e+02 1.135531e+01 -1.311926e-01
6.900000e+00 6.825664e+01 5.825664e+00 -1.004301e-01
7.000000e+00 8.134873e+01 7.134873e+00 1.140136e-01
7.100000e+00 1.039076e+02 9.390760e+00 2.029838e-01
7.200000e+00 8.907056e+01 7.907056e+00 2.530985e-01
7.300000e+00 8.002124e+01 7.002124e+00 3.909029e-01
7.400000e+00 9.728434e+01 8.728434e+00 5.071878e-01
7.500000e+00 8.312941e+01 7.312941e+00 6.156630e-01
7.600000e+00 8.301272e+01 7.301272e+00 7.554410e-01
7.700000e+00 1.302868e+02 1.202868e+01 6.809503e-01
7.800000e+00 1.446483e+02 1.346483e+01 3.507128e-01
7.900000e+00 9.756410e+01 8.756410e+00 1.519116e-01
8.000000e+00 8.568503e+01 7.568503e+00 1.971343e-01
8.100000e+00 1.163109e+02 1.063109e+01 1.909364e-01
8.200000e+00 1.012453e+02 9.124533e+00 1.171562e-01
8.300000e+00 1.037657e+02 9.376568e+00 7.912078e-02
8.400000e+00 1.132938e+02 1.032938e+01 -8.828539e-03
8.500000e+00 1.236458e+02 1.136458e+01 -1.854365e-01
8.600000e+00 1.128276e+02 1.028276e+01 -3.572957e-01
8.700000e+00 1.072475e+02 9.724747e+00 -4.880249e-01
8.800000e+00 1.524749e+02 1.424749e+01 -7.620544e-01
8.900000e+00 9.661832e+01 8.661832e+00 -9.773963e-01
9.000000e+00 7.786073e+01 6.786073e+00 -8.734744e-01
9.100000e+00 7.062333e+01 6.062333e+00 -6.422236e-01
9.200000e+00 1.125147e+02 1.025147e+01 -5.592344e-01
9.300000e+00 1.072874e+02 9.728743e+00 -6.338926e-01
9.400000e+00 9.849219e+01 8.849219e+00 -6.596209e-01
9.500000e+00 8.230465e+01 7.230465e+00 -5.677860e-01
9.600000e+00 8.366069e+01 7.366069e+00 -4.038751e-01
9.700000e+00 8.213997e+01 7.213997e+00 -2.423551e-01
9.800000e+00 1.062075e+02 9.620748e+00 -1.862400e-01
9.900000e+00 1.031406e+02 9.314060e+00 -1.996268e-01
1.000000e+01 6.259687e+01 5.259687e+00 -4.667944e-02
1.010000e+01 9.342843e+01 8.342843e+00 1.572552e-01
1.020000e+01 9.038131e+01 8.038131e+00 2.368099e-01
1.030000e+01 1.276785e+02 1.176785e+01 1.464686e-01
1.040000e+01 1.189948e+02 1.089948e+01 -6.772107e-02
1.050000e+01 1.250390e+02 1.150390e+01 -3.203123e-01
1.060000e+01 1.731645e+02 1.631645e+01 -7.813837e-01
1.070000e+01 1.193593e+02 1.093593e+01 -1.214159e+00
1.080000e+01 1.009776e+02 9.097759e+00 -1.331497e+00
1.090000e+01 7.921001e+01 6.921001e+00 -1.255639e+00
1.100000e+01 1.142592e+02 1.042592e+01 -1.233215e+00
1.110000e+01 1.156553e+02 1.056553e+01 -1.369132e+00
1.120000e+01 1.191803e+02 1.091803e+01 -1.519129e+00
1.130000e+01 6.879847e+01 5.879847e+00 -1.465357e+00
1.140000e+01 8.433310e+01 7.433310e+00 -1.247626e+00
1.150000e+01 7.047963e+01 6.047963e+00 -1.028903e+00
1.160000e+01 1.079476e+02 9.794761e+00 -9.369112e-01
1.170000e+01 1.229678e+02 1.129678e+01 -1.067682e+00
1.180000e+01 1.119765e+02 1.019765e+01 -1.227329e+00
1.190000e+01 9.122350e+01 8.122350e+00 -1.249031e+00
1.200000e+01 9.257008e+01 8.257008e+00 -1.181172e+00
1.210000e+01 1.007111e+02 9.071109e+00 -1.149969e+00
1.220000e+01 1.088494e+02 9.884944e+00 -1.196732e+00
1.230000e+01 1.164522e+02 1.064522e+01 -1.325719e+00
1.240000e+01 1.234786e+02 1.134786e+01 -1.494835e+00
1.250000e+01 6.918910e+01 5.918910e+00 -1.469354e+00
1.260000e+01 1.047006e+02 9.470057e+00 -1.391600e+00
1.270000e+01 1.544699e+02 1.444699e+01 -1.642604e+00
1.280000e+01 9.815076e+01 8.815076e+00 -1.862347e+00
1.290000e+01 5.699069e+01 4.699069e+00 -1.686261e+00
1.300000e+01 9.897616e+01 8.897616e+00 -1.494246e+00
1.310000e+01 1.208476e+02 1.108476e+01 -1.559677e+00
1.320000e+01 9.116116e+01 8.116116e+00 -1.600331e+00
1.330000e+01 8.043911e+01 7.043911e+00 -1.529667e+00
1.340000e+01 1.929613e+02 1.829613e+01 -1.872495e+00
1.350000e+01 1.274068e+02 1.174068e+01 -2.387576e+00
1.360000e+01 6.831448e+01 5.831448e+00 -2.433042e+00
1.370000e+01 1.261692e+02 1.161692e+01 -2.415719e+00
1.380000e+01 9.851073e+01 8.851073e+00 -2.513521e+00
1.390000e+01 1.092978e+02 9.929777e+00 -2.585313e+00
1.400000e+01 1.427317e+02 1.327317e+01 -2.829621e+00
1.410000e+01 1.193461e+02 1.093461e+01 -3.100932e+00
1.420000e+01 7.353244e+01 6.353244e+00 -3.089701e+00
1.430000e+01 9.218914e+01 8.218914e+00 -2.914433e+00
1.440000e+01 4.429042e+01 3.429042e+00 -2.601025e+00
1.450000e+01 7.607161e+01 6.607161e+00 -2.230260e+00
1.460000e+01 8.021013e+01 7.021013e+00 -1.985260e+00
1.470000e+01 6.363273e+01 5.363273e+00 -1.709918e+00
1.480000e+01 7.716516e+01 6.716516e+00 -1.434167e+00
1.490000e+01 1.015145e+02 9.151447e+00 -1.312808e+00
1.500000e+01 8.729277e+01 7.729277e+00 -1.249642e+00
1.510000e+01 9.225210e+01 8.225210e+00 -1.146004e+00
1.520000e+01 7.859492e+01 6.859492e+00 -1.019633e+00
1.530000e+01 1.214293e+02 1.114293e+01 -1.005843e+00
1.540000e+01 7.709205e+01 6.709205e+00 -9.753851e-01
1.550000e+01 7.708473e+01 6.708473e+00 -7.835828e-01
1.560000e+01 1.044837e+02 9.448365e+00 -6.870310e-01
1.570000e+01 1.003667e+02 9.036669e+00 -6.945749e-01
1.580000e+01 9.320529e+01 8.320529e+00 -6.759887e-01
1.590000e+01 1.155576e+02 1.055576e+01 -7.209198e-01
1.600000e+01 1.089369e+02 9.893689e+00 -8.255837e-01
1.610000e+01 9.917023e+01 8.917023e+00 -8.837752e-01
1.620000e+01 1.216828e+02 1.116828e+01 -9.759550e-01
1.630000e+01 9.537061e+01 8.537061e+00 -1.080594e+00
1.640000e+01 1.540647e+02 1.440647e+01 -1.315619e+00
1.650000e+01 9.484981e+01 8.484981e+00 -1.507775e+00
1.660000e+01 5.403385e+01 4.403385e+00 -1.308123e+00
1.670000e+01 1.014739e+02 9.147392e+00 -1.092303e+00
1.680000e+01 8.188846e+01 7.188846e+00 -9.885001e-01
1.690000e+01 9.345109e+01 8.345109e+00 -8.959018e-01
1.700000e+01 1.258369e+02 1.158369e+01 -9.556189e-01
1.710000e+01 6.776166e+01 5.776166e+00 -9.247315e-01
1.720000e+01 1.022447e+02 9.224470e+00 -8.120323e-01
1.730000e+01 1.178263e+02 1.078263e+01 -8.935598e-01
1.740000e+01 1.220540e+02 1.120540e+01 -1.089973e+00
1.750000e+01 1.197512e+02 1.097512e+01 -1.275965e+00
1.760000e+01 8.643380e+01 7.643380e+00 -1.352098e+00
1.770000e+01 1.731487e+02 1.631487e+01 -1.646285e+00
1.780000e+01 1.283499e+02 1.183499e+01 -2.088503e+00
1.790000e+01 8.353087e+01 7.353087e+00 -2.171804e+00
1.800000e+01 7.628039e+01 6.628039e+00 -1.977238e+00
1.810000e+01 5.137354e+01 4.137354e+00 -1.620374e+00
1.820000e+01 6.127922e+01 5.127922e+00 -1.218578e+00
1.830000e+01 1.066169e+02 9.661689e+00 -1.041034e+00
1.840000e+01 8.342053e+01 7.342053e+00 -9.684679e-01
1.850000e+01 8.006084e+01 7.006084e+00 -7.970410e-01
1.860000e+01 7.531385e+01 6.531385e+00 -5.731766e-01
1.870000e+01 7.605477e+01 6.605477e+00 -3.449665e-01
1.880000e+01 1.027234e+02 9.272342e+00 -2.419544e-01
1.890000e+01 1.072447e+02 9.724467e+00 -2.626328e-01
1.900000e+01 7.451473e+01 6.451473e+00 -1.783061e-01
1.910000e+01 9.346483e+01 8.346483e+00 -4.757837e-02
1.920000e+01 1.219905e+02 1.119905e+01 -1.167677e-01
1.930000e+01 1.265894e+02 1.165894e+01 -3.394345e-01
1.940000e+01 1.072156e+02 9.721558e+00 -4.923146e-01
1.950000e+01 7.891217e+01 6.891217e+00 -4.454415e-01
1.960000e+01 1.077006e+02 9.770065e+00 -3.981745e-01
1.970000e+01 1.192718e+02 1.092718e+01 -5.048656e-01
1.980000e+01 9.130205e+01 8.130205e+00 -5.476280e-01
1.990000e+01 7.789408e+01 6.789408e+00 -4.077497e-01
2.000000e+01 8.332437e+01 7.332437e+00 -2.409313e-01
2.010000e+01 1.284564e+02 1.184564e+01 -2.946197e-01
2.020000e+01 1.218288e+02 1.118288e+01 -5.194492e-01
2.030000e+01 1.154623e+02 1.054623e+01 -7.259599e-01
2.040000e+01 1.407243e+02 1.307243e+01 -9.821743e-01
2.050000e+01 8.402944e+01 7.402944e+00 -1.092724e+00
2.060000e+01 8.738165e+01 7.738165e+00 -1.001396e+00
2.070000e+01 1.314566e+02 1.214566e+01 -1.076815e+00
2.080000e+01 1.033285e+02 9.332845e+00 -1.233657e+00
2.090000e+01 1.091563e+02 9.915634e+00 -1.307245e+00
2.100000e+01 1.002050e+02 9.020499e+00 -1.348790e+00
2.110000e+01 1.002527e+02 9.025271e+00 -1.365683e+00
2.120000e+01 1.223693e+02 1.123693e+01 -1.488153e+00
2.130000e+01 1.388609e+02 1.288609e+01 -1.758545e+00
2.140000e+01 8.366721e+01 7.366721e+00 -1.853902e+00
2.150000e+01 6.686755e+01 5.686755e+00 -1.651294e+00
2.160000e+01 1.002385e+02 9.023847e+00 -1.484987e+00
2.170000e+01 8.958096e+01 7.958096e+00 -1.435480e+00
2.180000e+01 1.225915e+02 1.125915e+01 -1.484088e+00
2.190000e+01 8.140461e+01 7.140461e+00 -1.485993e+00
2.200000e+01 8.847628e+01 7.847628e+00 -1.396948e+00
2.210000e+01 1.631205e+02 1.531205e+01 -1.613947e+00
2.220000e+01 9.177711e+01 8.177711e+00 -1.863051e+00
2.230000e+01 1.165052e+02 1.065052e+01 -1.955851e+00
2.240000e+01 1.362802e+02 1.262802e+01 -2.171473e+00
2.250000e+01 7.657486e+01 6.657486e+00 -2.252171e+00
2.260000e+01 1.201541e+02 1.101541e+01 -2.246623e+00
2.270000e+01 8.567711e+01 7.567711e+00 -2.260296e+00
2.280000e+01 9.795954e+01 8.795954e+00 -2.178543e+00
2.290000e+01 6.236284e+01 5.236284e+00 -1.992648e+00
2.300000e+01 1.048255e+02 9.482547e+00 -1.845364e+00
2.310000e+01 1.026925e+02 9.269250e+00 -1.868187e+00
2.320000e+01 1.174701e+02 1.074701e+01 -1.959356e+00
2.330000e+01 8.578325e+01 7.578325e+00 -1.951328e+00
2.340000e+01 5.661739e+01 4.661739e+00 -1.703395e+00
2.350000e+01 1.084996e+02 9.849960e+00 -1.551649e+00
2.360000e+01 1.242063e+02 1.142063e+01 -1.665049e+00
2.370000e+01 7.811316e+01 6.811316e+00 -1.686997e+00
2.380000e+01 1.088374e+02 9.883739e+00 -1.647572e+00
2.390000e+01 1.226292e+02 1.126292e+01 -1.815653e+00
2.400000e+01 1.755527e+02 1.655527e+01 -2.280968e+00
2.410000e+01 1.310681e+02 1.210681e+01 -2.778142e+00
2.420000e+01 1.079028e+02 9.790278e+00 -2.995786e+00
2.430000e+01 1.123263e+02 1.023263e+01 -3.133127e+00
2.440000e+01 1.616333e+02 1.516333e+01 -3.461760e+00
2.450000e+01 8.120852e+01 7.120852e+00 -3.645927e+00
2.460000e+01 6.538591e+01 5.538591e+00 -3.411943e+00
2.470000e+01 5.364359e+01 4.364359e+00 -3.033291e+00
2.480000e+01 9.796181e+01 8.796181e+00 -2.785951e+00
2.490000e+01 7.787954e+01 6.787954e+00 -2.659042e+00
2.500000e+01 1.080874e+02 9.808736e+00 -2.587300e+00
2.510000e+01 8.318742e+01 7.318742e+00 -2.544620e+00
2.520000e+01 1.179162e+02 1.079162e+01 -2.557067e+00
2.530000e+01 1.020705e+02 9.207047e+00 -2.636570e+00
2.540000e+01 1.002108e+02 9.021075e+00 -2.661970e+00
2.550000e+01 1.057651e+02 9.576509e+00 -2.680611e+00
2.560000e+01 8.501900e+01 7.501900e+00 -2.636566e+00
2.570000e+01 9.414211e+01 8.414211e+00 -2.547742e+00
2.580000e+01 1.083823e+02 9.838232e+00 -2.572256e+00
2.590000e+01 1.443330e+02 1.343330e+01 -2.827228e+00
2.600000e+01 1.351847e+02 1.251847e+01 -3.188354e+00
2.610000e+01 9.526371e+01 8.526371e+00 -3.343430e+00
2.620000e+01 8.580180e+01 7.580180e+00 -3.260970e+00
2.630000e+01 7.969197e+01 6.969197e+00 -3.120209e+00
2.640000e+01 1.346812e+02 1.246812e+01 -3.172653e+00
2.650000e+01 8.652262e+01 7.652262e+00 -3.240821e+00
2.660000e+01 6.471581e+01 5.471581e+00 -3.029008e+00
2.670000e+01 7.972191e+01 6.972191e+00 -2.770811e+00
2.680000e+01 1.029946e+02 9.299464e+00 -2.670787e+00
2.690000e+01 9.219201e+01 8.219201e+00 -2.644235e+00
2.700000e+01 1.074597e+02 9.745974e+00 -2.642437e+00
2.710000e+01 9.501062e+01 8.501062e+00 -2.643898e+00
2.720000e+01 8.523583e+01 7.523583e+00 -2.537107e+00
2.730000e+01 5.948111e+01 4.948111e+00 -2.286461e+00
2.740000e+01 1.014686e+02 9.146857e+00 -2.091854e+00
2.750000e+01 8.112563e+01 7.112563e+00 -1.998186e+00
2.760000e+01 1.082022e+02 9.820218e+00 -1.939164e+00
2.770000e+01 7.341179e+01 6.341179e+00 -1.848908e+00
2.780000e+01 1.124113e+02 1.024113e+01 -1.815817e+00
2.790000e+01 1.477300e+02 1.377300e+01 -2.080238e+00
2.800000e+01 1.186454e+02 1.086454e+01 -2.400901e+00
2.810000e+01 1.203470e+02 1.103470e+01 -2.588359e+00
2.820000e+01 7.643998e+01 6.643998e+00 -2.585462e+00
2.830000e+01 1.127236e+02 1.027236e+01 -2.570213e+00
2.840000e+01 1.434510e+02 1.334510e+01 -2.809291e+00
2.850000e+01 9.850253e+01 8.850253e+00 -3.007646e+00
2.860000e+01 1.020478e+02 9.204779e+00 -3.041544e+00
2.870000e+01 1.207491e+02 1.107491e+01 -3.151520e+00
2.880000e+01 1.164304e+02 1.064304e+01 -3.309683e+00
2.890000e+01 7.719332e+01 6.719332e+00 -3.283225e+00
2.900000e+01 8.221408e+01 7.221408e+00 -3.100082e+00
2.910000e+01 8.819026e+01 7.819026e+00 -2.963627e+00
2.920000e+01 1.179916e+02 1.079916e+01 -2.977195e+00
2.930000e+01 8.424965e+01 7.424965e+00 -2.962469e+00
2.940000e+01 6.108428e+01 5.108428e+00 -2.708956e+00
2.950000e+01 6.458228e+01 5.458228e+00 -2.343387e+00
2.960000e+01 5.831377e+01 4.831377e+00 -1.959621e+00
2.970000e+01 7.001399e+01 6.001399e+00 -1.620549e+00
2.980000e+01 1.013992e+02 9.139919e+00 -1.463798e+00
2.990000e+01 8.475651e+01 7.475651e+00 -1.374959e+00
3.000000e+01 7.337074e+01 6.337074e+00 -1.174412e+00
3.010000e+01 7.516858e+01 6.516858e+00 -9.303036e-01
3.020000e+01 8.943144e+01 7.943144e+00 -7.443811e-01
3.030000e+01 8.467602e+01 7.467602e+00 -6.602790e-01
3.040000e+01 1.872881e+02 1.772881e+01 -9.928511e-01
3.050000e+01 1.183457e+02 1.083457e+01 -1.439392e+00
3.060000e+01 5.431845e+01 4.431845e+00 -1.342960e+00
3.070000e+01 5.799627e+01 4.799627e+00 -9.367286e-01
3.080000e+01 7.388849e+01 6.388849e+00 -6.090534e-01
3.090000e+01 1.076404e+02 9.764042e+00 -5.151689e-01
3.100000e+01 1.214837e+02 1.114837e+01 -6.486424e-01
3.110000e+01 1.247259e+02 1.147259e+01 -8.606735e-01
3.120000e+01 1.014268e+02 9.142682e+00 -1.010584e+00
3.130000e+01 1.408117e+02 1.308117e+01 -1.222271e+00
3.140000e+01 1.195490e+02 1.095490e+01 -1.506815e+00
3.150000e+01 1.230213e+02 1.130213e+01 -1.719215e+00
3.160000e+01 9.660148e+01 8.660148e+00 -1.816638e+00
3.170000e+01 1.026685e+02 9.266849e+00 -1.827136e+00
3.180000e+01 1.023989e+02 9.239894e+00 -1.842472e+00
3.190000e+01 9.259294e+01 8.259294e+00 -1.826054e+00
3.200000e+01 1.089298e+02 9.892983e+00 -1.836999e+00
3.210000e+01 1.017726e+02 9.177255e+00 -1.857463e+00
3.220000e+01 5.168469e+01 4.168469e+00 -1.641746e+00
3.230000e+01 8.462218e+01 7.462218e+00 -1.373272e+00
3.240000e+01 1.317381e+02 1.217381e+01 -1.403293e+00
3.250000e+01 6.207592e+01 5.207592e+00 -1.348061e+00
3.260000e+01 5.544488e+01 4.544488e+00 -9.829220e-01
3.270000e+01 8.737809e+01 7.737809e+00 -7.306324e-01
3.280000e+01 1.545527e+02 1.445527e+01 -9.082716e-01
3.290000e+01 1.172357e+02 1.072357e+01 -1.229902e+00
3.300000e+01 1.064048e+02 9.640476e+00 -1.372071e+00
3.310000e+01 1.108311e+02 1.008311e+01 -1.460646e+00
3.320000e+01 1.152492e+02 1.052492e+01 -1.602566e+00
3.330000e+01 1.334493e+02 1.234493e+01 -1.803644e+00
3.340000e+01 5.506864e+01 4.506864e+00 -1.762838e+00
3.350000e+01 1.113424e+02 1.013424e+01 -1.655628e+00
3.360000e+01 1.552278e+02 1.452278e+01 -1.947450e+00
3.370000e+01 1.320854e+02 1.220854e+01 -2.352520e+00
3.380000e+01 1.031554e+02 9.315540e+00 -2.536744e+00
3.390000e+01 9.119894e+01 8.119894e+00 -2.508873e+00
3.400000e+01 6.964224e+01 5.964224e+00 -2.334739e+00
3.410000e+01 1.021943e+02 9.219430e+00 -2.197286e+00
3.420000e+01 9.212546e+01 8.212546e+00 -2.168456e+00
3.430000e+01 1.232021e+02 1.132021e+01 -2.240388e+00
3.440000e+01 1.005223e+02 9.052228e+00 -2.345678e+00
3.450000e+01 1.049769e+02 9.497689e+00 -2.381758e+00
3.460000e+01 9.859445e+01 8.859445e+00 -2.406909e+00
3.470000e+01 1.195792e+02 1.095792e+01 -2.488207e+00
3.480000e+01 8.872500e+01 7.872500e+00 -2.507932e+00
3.490000e+01 7.093603e+01 6.093603e+00 -2.347505e+00
3.500000e+01 1.230969e+02 1.130969e+01 -2.321292e+00
3.510000e+01 1.110939e+02 1.010939e+01 -2.444691e+00
3.520000e+01 7.018745e+01 6.018745e+00 -2.373851e+00
3.530000e+01 9.365298e+01 8.365298e+00 -2.187299e+00
3.540000e+01 4.980981e+01 3.980981e+00 -1.921433e+00
3.550000e+01 1.095225e+02 9.952249e+00 -1.730157e+00
3.560000e+01 8.568535e+01 7.568535e+00 -1.673649e+00
3.570000e+01 8.978470e+01 7.978470e+00 -1.588774e+00
3.580000e+01 1.298272e+02 1.198272e+01 -1.654808e+00
3.590000e+01 7.450354e+01 6.450354e+00 -1.664090e+00
3.600000e+01 8.602448e+01 7.602448e+00 -1.494883e+00
3.610000e+01 8.915999e+01 7.915999e+00 -1.376679e+00
3.620000e+01 1.155293e+02 1.055293e+01 -1.381277e+00
3.630000e+01 7.639755e+01 6.639755e+00 -1.331126e+00
3.640000e+01 8.718584e+01 7.718584e+00 -1.180528e+00
3.650000e+01 1.049895e+02 9.498950e+00 -1.122018e+00
3.660000e+01 9.079198e+01 8.079198e+00 -1.133538e+00
3.670000e+01 1.657210e+02 1.557210e+01 -1.392514e+00
3.680000e+01 1.055708e+02 9.557078e+00 -1.724074e+00
3.690000e+01 1.277237e+02 1.177237e+01 -1.912520e+00
3.700000e+01 1.067855e+02 9.678548e+00 -2.072314e+00
3.710000e+01 1.043295e+02 9.432955e+00 -2.111145e+00
3.720000e+01 4.823989e+01 3.823989e+00 -1.897268e+00
3.730000e+01 9.990723e+01 8.990723e+00 -1.671620e+00
3.740000e+01 1.070233e+02 9.702328e+00 -1.657432e+00
3.750000e+01 6.663574e+01 5.663574e+00 -1.537511e+00
3.760000e+01 9.226217e+01 8.226217e+00 -1.356905e+00
3.770000e+01 1.028883e+02 9.288828e+00 -1.307276e+00
3.780000e+01 7.876193e+01 6.876193e+00 -1.212544e+00
3.790000e+01 8.297818e+01 7.297818e+00 -1.044866e+00
3.800000e+01 1.055183e+02 9.551831e+00 -9.792886e-01
3.810000e+01 9.974735e+01 8.974735e+00 -1.015207e+00
3.820000e+01 1.396830e+02 1.296830e+01 -1.206810e+00
3.830000e+01 1.180909e+02 1.080909e+01 -1.467697e+00
3.840000e+01 1.052043e+02 9.520426e+00 -1.610940e+00
3.850000e+01 1.304379e+02 1.204379e+01 -1.774761e+00
3.860000e+01 9.111353e+01 8.111353e+00 -1.868088e+00
3.870000e+01 8.691815e+01 7.691815e+00 -1.783190e+00
3.880000e+01 1.004713e+02 9.047130e+00 -1.739017e+00
3.890000e+01 1.398573e+02 1.298573e+01 -1.933855e+00
3.900000e+01 1.364324e+02 1.264324e+01 -2.284903e+00
3.910000e+01 1.105422e+02 1.005422e+01 -2.516007e+00
3.920000e+01 9.650879e+01 8.650879e+00 -2.564366e+00
3.930000e+01 9.555525e+01 8.555525e+00 -2.514258e+00
3.940000e+01 6.365366e+01 5.365366e+00 -2.321113e+00
3.950000e+01 8.843410e+01 7.843410e+00 -2.106527e+00
3.960000e+01 1.054001e+02 9.540009e+00 -2.054559e+00
3.970000e+01 9.429378e+01 8.429378e+00 -2.067476e+00
3.980000e+01 1.367849e+02 1.267849e+01 -2.221157e+00
3.990000e+01 1.176037e+02 1.076037e+01 -2.452258e+00
4.000000e+01 7.658968e+01 6.658968e+00 -2.432209e+00
4.010000e+01 7.246004e+01 6.246004e+00 -2.205502e+00
4.020000e+01 9.631154e+01 8.631154e+00 -2.065581e+00
4.030000e+01 1.259469e+02 1.159469e+01 -2.153952e+00
4.040000e+01 1.028425e+02 9.284247e+00 -2.285481e+00
4.050000e+01 1.037886e+02 9.378863e+00 -2.329197e+00
4.060000e+01 1.012788e+02 9.127884e+00 -2.353879e+00
4.070000e+01 1.004454e+02 9.044537e+00 -2.352772e+00
4.080000e+01 8.086821e+01 7.086821e+00 -2.274412e+00
4.090000e+01 1.080460e+02 9.804599e+00 -2.213696e+00
4.100000e+01 8.002641e+01 7.002641e+00 -2.150639e+00
4.110000e+01 1.001704e+02 9.017044e+00 -2.056590e+00
4.120000e+01 7.899808e+01 6.899808e+00 -1.943148e+00
4.130000e+01 8.721971e+01 7.721971e+00 -1.805542e+00
4.140000e+01 1.301266e+02 1.201266e+01 -1.896979e+00
4.150000e+01 1.471123e+02 1.371123e+01 -2.243346e+00
4.160000e+01 1.062562e+02 9.625625e+00 -2.502106e+00
4.170000e+01 1.004816e+02 9.048161e+00 -2.546293e+00
4.180000e+01 8.389806e+01 7.389806e+00 -2.484411e+00
4.190000e+01 1.126970e+02 1.026970e+01 -2.456736e+00
4.200000e+01 7.199451e+01 6.199451e+00 -2.367751e+00
4.210000e+01 8.486316e+01 7.486316e+00 -2.201611e+00
4.220000e+01 1.354532e+02 1.254532e+01 -2.267094e+00
4.230000e+01 8.494688e+01 7.494688e+00 -2.365899e+00
4.240000e+01 1.193537e+02 1.093537e+01 -2.386809e+00
4.250000e+01 6.852552e+01 5.852552e+00 -2.330832e+00
4.260000e+01 1.194438e+02 1.094438e+01 -2.300132e+00
4.270000e+01 1.209088e+02 1.109088e+01 -2.458844e+00
4.280000e+01 9.071966e+01 8.071966e+00 -2.526316e+00
4.290000e+01 1.072562e+02 9.725617e+00 -2.544487e+00
4.300000e+01 1.365605e+02 1.265605e+01 -2.748723e+00
4.310000e+01 1.237579e+02 1.137579e+01 -3.031748e+00
4.320000e+01 1.109558e+02 1.009558e+01 -3.204250e+00
4.330000e+01 9.395539e+01 8.395539e+00 -3.232983e+00
4.340000e+01 8.851877e+01 7.851877e+00 -3.139342e+00
4.350000e+01 6.192268e+01 5.192268e+00 -2.904678e+00
4.360000e+01 8.488323e+01 7.488323e+00 -2.646626e+00
4.370000e+01 7.199223e+01 6.199223e+00 -2.411545e+00
4.380000e+01 6.332192e+01 5.332192e+00 -2.122417e+00
4.390000e+01 1.168059e+02 1.068059e+01 -2.019421e+00
4.400000e+01 1.010200e+02 9.102001e+00 -2.072133e+00
4.410000e+01 7.926198e+01 6.926198e+00 -1.985188e+00
4.420000e+01 8.537352e+01 7.537352e+00 -1.833239e+00
4.430000e+01 1.176612e+02 1.076612e+01 -1.839099e+00
4.440000e+01 1.009448e+02 9.094480e+00 -1.895104e+00
4.450000e+01 5.783381e+01 4.783381e+00 -1.706536e+00
4.460000e+01 7.414960e+01 6.414960e+00 -1.384938e+00
4.470000e+01 7.055888e+01 6.055888e+00 -1.093438e+00
4.480000e+01 5.958970e+01 4.958970e+00 -7.510036e-01
4.490000e+01 7.079795e+01 6.079795e+00 -4.241386e-01
4.500000e+01 1.046886e+02 9.468855e+00 -2.960291e-01
4.510000e+01 1.067105e+02 9.671054e+00 -3.505475e-01
4.520000e+01 1.387424e+02 1.287424e+01 -5.937300e-01
4.530000e+01 1.646143e+02 1.546143e+01 -1.066234e+00
4.540000e+01 1.042983e+02 9.429828e+00 -1.384601e+00
4.550000e+01 6.800869e+01 5.800869e+00 -1.260556e+00
4.560000e+01 4.258290e+01 3.258290e+00 -8.592809e-01
4.570000e+01 1.073399e+02 9.733991e+00 -6.281733e-01
4.580000e+01 1.270134e+02 1.170134e+01 -7.769117e-01
4.590000e+01 1.396568e+02 1.296568e+01 -1.078063e+00
4.600000e+01 9.348399e+01 8.348399e+00 -1.272852e+00
4.610000e+01 1.640414e+02 1.540414e+01 -1.570033e+00
4.620000e+01 1.330649e+02 1.230649e+01 -2.005574e+00
4.630000e+01 1.059345e+02 9.593451e+00 -2.218262e+00
4.640000e+01 1.018929e+02 9.189292e+00 -2.265684e+00
4.650000e+01 9.784154e+01 8.784154e+00 -2.261796e+00
4.660000e+01 8.590668e+01 7.590668e+00 -2.173106e+00
4.670000e+01 7.274691e+01 6.274691e+00 -1.995902e+00
4.680000e+01 1.187684e+02 1.087684e+01 -1.945669e+00
4.690000e+01 9.124846e+01 8.124846e+00 -1.976957e+00
4.700000e+01 1.017908e+02 9.179085e+00 -1.969103e+00
4.710000e+01 1.246255e+02 1.146255e+01 -2.092690e+00
4.720000e+01 1.224743e+02 1.124743e+01 -2.321523e+00
4.730000e+01 1.285695e+02 1.185695e+01 -2.572455e+00
4.740000e+01 1.133183e+02 1.033183e+01 -2.766905e+00
4.750000e+01 9.156509e+01 8.156509e+00 -2.813465e+00
4.760000e+01 1.235694e+02 1.135694e+01 -2.908792e+00
4.770000e+01 1.403725e+02 1.303725e+01 -3.187405e+00
4.780000e+01 8.407142e+01 7.407142e+00 -3.286544e+00
4.790000e+01 5.800548e+01 4.800548e+00 -3.058441e+00
4.800000e+01 1.222638e+02 1.122638e+01 -2.948473e+00
4.810000e+01 8.418286e+01 7.418286e+00 -2.974358e+00
4.820000e+01 1.333923e+02 1.233923e+01 -3.066022e+00
4.830000e+01 9.436943e+01 8.436943e+00 -3.173335e+00
4.840000e+01 8.859712e+01 7.859712e+00 -3.123721e+00
4.850000e+01 1.109864e+02 1.009864e+01 -3.104339e+00
4.860000e+01 8.058402e+01 7.058402e+00 -3.066710e+00
4.870000e+01 1.037319e+02 9.373190e+00 -2.977266e+00
4.880000e+01 5.575326e+01 4.575326e+00 -2.791692e+00
4.890000e+01 1.160851e+02 1.060851e+01 -2.672667e+00
4.900000e+01 1.119424e+02 1.019424e+01 -2.793139e+00
4.910000e+01 1.389843e+02 1.289843e+01 -3.055817e+00
4.920000e+01 1.386429e+02 1.286429e+01 -3.406498e+00
4.930000e+01 9.317219e+01 8.317219e+00 -3.578916e+00
4.940000e+01 1.190489e+02 1.090489e+01 -3.669455e+00
4.950000e+01 1.306065e+02 1.206065e+01 -3.880668e+00
4.960000e+01 8.555024e+01 7.555024e+00 -3.963146e+00
4.970000e+01 9.554632e+01 8.554632e+00 -3.884856e+00
4.980000e+01 8.543695e+01 7.543695e+00 -3.791250e+00
4.990000e+01 1.037410e+02 9.374103e+00 -3.746555e+00
5.000000e+01 1.097228e+02 9.972285e+00 -3.800898e+00
5.010000e+01 1.070735e+02 9.707348e+00 -3.910609e+00
5.020000e+01 1.698923e+02 1.598923e+01 -4.314738e+00
5.030000e+01 1.940213e+02 1.840213e+01 -5.041731e+00
5.040000e+01 6.930489e+01 5.930489e+00 -5.368762e+00
5.050000e+01 1.126789e+02 1.026789e+01 -5.354747e+00
5.060000e+01 1.391242e+02 1.291242e+01 -5.563913e+00
5.070000e+01 9.323294e+01 8.323294e+00 -5.720871e+00
5.080000e+01 1.009924e+02 9.099239e+00 -5.707787e+00
5.090000e+01 8.559878e+01 7.559878e+00 -5.628394e+00
5.100000e+01 7.526823e+01 6.526823e+00 -5.453642e+00
5.110000e+01 9.904075e+01 8.904075e+00 -5.323228e+00
5.120000e+01 8.999194e+01 7.999194e+00 -5.267745e+00
5.130000e+01 1.093609e+02 9.936094e+00 -5.258473e+00
5.140000e+01 8.971804e+01 7.971804e+00 -5.259097e+00
5.150000e+01 1.160911e+02 1.060911e+01 -5.273400e+00
5.160000e+01 6.481443e+01 5.481443e+00 -5.172996e+00
5.170000e+01 8.674240e+01 7.674240e+00 -4.968095e+00
5.180000e+01 1.051326e+02 9.513260e+00 -4.897112e+00
5.190000e+01 7.204931e+01 6.204931e+00 -4.784588e+00
5.200000e+01 9.202631e+01 8.202631e+00 -4.630370e+00
5.210000e+01 1.076528e+02 9.765279e+00 -4.606425e+00
5.220000e+01 9.067837e+01 8.067837e+00 -4.620758e+00
5.230000e+01 1.485676e+02 1.385676e+01 -4.810892e+00
5.240000e+01 1.125351e+02 1.025351e+01 -5.063718e+00
5.250000e+01 6.717128e+01 5.717128e+00 -4.996674e+00
5.260000e+01 9.535927e+01 8.535927e+00 -4.836871e+00
5.270000e+01 1.209670e+02 1.109670e+01 -4.940402e+00
5.280000e+01 1.919416e+02 1.819416e+01 -5.469946e+00
5.290000e+01 1.405887e+02 1.305887e+01 -6.086289e+00
5.300000e+01 1.099687e+02 9.996873e+00 -6.345210e+00
5.310000e+01 6.435907e+01 5.435907e+00 -6.227234e+00
5.320000e+01 6.333015e+01 5.333015e+00 -5.898160e+00
5.330000e+01 8.986443e+01 7.986443e+00 -5.679308e+00
5.340000e+01 1.202826e+02 1.102826e+01 -5.701493e+00
5.350000e+01 9.285059e+01 8.285059e+00 -5.784382e+00
5.360000e+01 1.564304e+02 1.464304e+01 -6.039679e+00
5.370000e+01 1.415691e+02 1.315691e+01 -6.487063e+00
5.380000e+01 1.249060e+02 1.149060e+01 -6.844462e+00
5.390000e+01 1.500873e+02 1.400873e+01 -7.210440e+00
5.400000e+01 1.216442e+02 1.116442e+01 -7.566752e+00
5.410000e+01 1.390707e+02 1.290707e+01 -7.870634e+00
5.420000e+01 1.077889e+02 9.778886e+00 -8.084345e+00
5.430000e+01 8.284544e+01 7.284544e+00 -8.043721e+00
5.440000e+01 6.698766e+01 5.698766e+00 -7.824906e+00
5.450000e+01 1.075692e+02 9.756916e+00 -7.683825e+00
5.460000e+01 6.536451e+01 5.536451e+00 -7.534864e+00
5.470000e+01 8.057075e+01 7.057075e+00 -7.291067e+00
5.480000e+01 8.730427e+01 7.730427e+00 -7.120345e+00
5.490000e+01 9.258744e+01 8.258744e+00 -7.040707e+00
5.500000e+01 1.361555e+02 1.261555e+01 -7.167293e+00
5.510000e+01 1.059758e+02 9.597581e+00 -7.354013e+00
5.520000e+01 1.002995e+02 9.029948e+00 -7.407667e+00
5.530000e+01 1.133141e+02 1.033141e+01 -7.484147e+00
5.540000e+01 1.296933e+02 1.196933e+01 -7.691125e+00
5.550000e+01 1.196732e+02 1.096732e+01 -7.902177e+00
5.560000e+01 6.147548e+01 5.147548e+00 -7.817153e+00
5.570000e+01 7.275531e+01 6.275531e+00 -7.532862e+00
5.580000e+01 1.061719e+02 9.617190e+00 -7.411467e+00
5.590000e+01 9.000591e+01 8.000591e+00 -7.380607e+00
5.600000e+01 9.810044e+01 8.810044e+00 -7.334853e+00
5.610000e+01 1.063443e+02 9.634428e+00 -7.351384e+00
5.620000e+01 1.105642e+02 1.005642e+01 -7.456276e+00
5.630000e+01 1.555189e+02 1.455189e+01 -7.767904e+00
5.640000e+01 1.217555e+02 1.117555e+01 -8.136694e+00
5.650000e+01 1.285674e+02 1.185674e+01 -8.395798e+00
5.660000e+01 1.025218e+02 9.252178e+00 -8.532420e+00
5.670000e+01 7.872100e+01 6.872100e+00 -8.471676e+00
5.680000e+01 1.207798e+02 1.107798e+01 -8.487304e+00
5.690000e+01 1.344200e+02 1.244200e+01 -8.725930e+00
5.700000e+01 1.013244e+02 9.132441e+00 -8.904707e+00
5.710000e+01 1.114952e+02 1.014952e+01 -8.985883e+00
5.720000e+01 1.113585e+02 1.013585e+01 -9.085601e+00
5.730000e+01 9.525913e+01 8.525913e+00 -9.115846e+00
5.740000e+01 8.263327e+01 7.263327e+00 -8.997098e+00
5.750000e+01 5.714494e+01 4.714494e+00 -8.733242e+00
5.760000e+01 1.215596e+02 1.115596e+01 -8.634143e+00
5.770000e+01 1.115910e+02 1.015910e+01 -8.762060e+00
5.780000e+01 9.801566e+01 8.801566e+00 -8.806774e+00
5.790000e+01 7.396230e+01 6.396230e+00 -8.671583e+00
5.800000e+01 7.472605e+01 6.472605e+00 -8.433833e+00
5.810000e+01 9.199543e+01 8.199543e+00 -8.279639e+00
5.820000e+01 1.233396e+02 1.133396e+01 -8.366190e+00
5.830000e+01 1.631345e+02 1.531345e+01 -8.792695e+00
5.840000e+01 1.735522e+02 1.635522e+01 -9.419479e+00
5.850000e+01 9.279379e+01 8.279379e+00 -9.747771e+00
5.860000e+01 9.773509e+01 8.773509e+00 -9.759082e+00
5.870000e+01 1.343251e+02 1.243251e+01 -9.900063e+00
5.880000e+01 1.097064e+02 9.970636e+00 -1.011149e+01
5.890000e+01 1.227906e+02 1.127906e+01 -1.027491e+01
5.900000e+01 9.867462e+01 8.867462e+00 -1.038148e+01
5.910000e+01 1.138222e+02 1.038222e+01 -1.045425e+01
5.920000e+01 1.035985e+02 9.359854e+00 -1.051069e+01
5.930000e+01 6.131156e+01 5.131156e+00 -1.035337e+01
5.940000e+01 8.639510e+01 7.639510e+00 -1.011541e+01
5.950000e+01 9.394278e+01 8.394278e+00 -9.994844e+00
5.960000e+01 7.277236e+01 6.277236e+00 -9.817398e+00
5.970000e+01 6.356315e+01 5.356315e+00 -9.548746e+00
5.980000e+01 1.393158e+02 1.293158e+01 -9.540851e+00
5.990000e+01 8.756614e+01 7.756614e+00 -9.644106e+00
6.000000e+01 9.782095e+01 8.782095e+00 -9.590556e+00
6.010000e+01 7.973369e+01 6.973369e+00 -9.482900e+00
6.020000e+01 1.125451e+02 1.025451e+01 -9.472504e+00
6.030000e+01 1.399430e+02 1.299430e+01 -9.677949e+00
6.040000e+01 6.261054e+01 5.261054e+00 -9.697337e+00
6.050000e+01 9.851127e+01 8.851127e+00 -9.541779e+00
6.060000e+01 1.035321e+02 9.353207e+00 -9.547106e+00
6.070000e+01 1.356299e+02 1.256299e+01 -9.733736e+00
6.080000e+01 1.147996e+02 1.047996e+01 -9.966493e+00
6.090000e+01 1.088001e+02 9.880010e+00 -1.009172e+01
6.100000e+01 9.491604e+01 8.491604e+00 -1.010377e+01
6.110000e+01 8.862614e+01 7.862614e+00 -1.006606e+01
6.120000e+01 1.573108e+02 1.473108e+01 -1.026116e+01
6.130000e+01 8.526319e+01 7.526319e+00 -1.045340e+01
6.140000e+01 1.068535e+02 9.685346e+00 -1.043086e+01
6.150000e+01 6.371174e+01 5.371174e+00 -1.027515e+01
6.160000e+01 7.927966e+01 6.927966e+00 -1.002632e+01
6.170000e+01 1.069473e+02 9.694732e+00 -9.953315e+00
6.180000e+01 1.199537e+02 1.099537e+01 -1.007371e+01
6.190000e+01 1.132358e+02 1.032358e+01 -1.022447e+01
6.200000e+01 9.228549e+01 8.228549e+00 -1.025242e+01
6.210000e+01 8.829665e+01 7.829665e+00 -1.017868e+01
6.220000e+01 1.146435e+02 1.046435e+01 -1.018692e+01
6.230000e+01 1.004536e+02 9.045362e+00 -1.025343e+01
6.240000e+01 1.044278e+02 9.442778e+00 -1.026696e+01
6.250000e+01 6.628480e+01 5.628480e+00 -1.012640e+01
6.260000e+01 8.675970e+01 7.675970e+00 -9.915805e+00
6.270000e+01 9.349112e+01 8.349112e+00 -9.794120e+00
6.280000e+01 7.692047e+01 6.692047e+00 -9.666521e+00
6.290000e+01 1.162765e+02 1.062765e+01 -9.614977e+00
6.300000e+01 6.622719e+01 5.622719e+00 -9.514285e+00
6.310000e+01 7.633284e+01 6.633284e+00 -9.238111e+00
6.320000e+01 4.621820e+01 3.621820e+00 -8.853168e+00
6.330000e+01 7.015986e+01 6.015986e+00 -8.461758e+00
6.340000e+01 8.896124e+01 7.896124e+00 -8.230448e+00
6.350000e+01 6.345234e+01 5.345234e+00 -7.996214e+00
6.360000e+01 8.911958e+01 7.911958e+00 -7.788429e+00
6.370000e+01 1.242186e+02 1.142186e+01 -7.839765e+00
6.380000e+01 1.158793e+02 1.058793e+01 -8.003429e+00
6.390000e+01 7.472966e+01 6.472966e+00 -7.976966e+00
6.400000e+01 1.069883e+02 9.698828e+00 -7.904326e+00
6.410000e+01 1.008129e+02 9.081291e+00 -7.902683e+00
6.420000e+01 5.507619e+01 4.507619e+00 -7.697984e+00
6.430000e+01 7.770748e+01 6.770748e+00 -7.382622e+00
6.440000e+01 7.477348e+01 6.477348e+00 -7.129234e+00
6.450000e+01 7.523705e+01 6.523705e+00 -6.912322e+00
6.460000e+01 1.334330e+02 1.234330e+01 -6.929761e+00
6.470000e+01 7.597928e+01 6.597928e+00 -6.929016e+00
6.480000e+01 4.320675e+01 3.320675e+00 -6.589359e+00
6.490000e+01 1.081317e+02 9.813171e+00 -6.337717e+00
6.500000e+01 6.707785e+01 5.707785e+00 -6.188949e+00
6.510000e+01 8.213361e+01 7.213361e+00 -5.959367e+00
6.520000e+01 8.384106e+01 7.384106e+00 -5.772991e+00
6.530000e+01 7.105950e+01 6.105950e+00 -5.552055e+00
6.540000e+01 8.330962e+01 7.330962e+00 -5.348096e+00
6.550000e+01 1.182976e+02 1.082976e+01 -5.337751e+00
6.560000e+01 9.634111e+01 8.634111e+00 -5.406791e+00
6.570000e+01 1.195864e+02 1.095864e+01 -5.489060e+00
6.580000e+01 9.901988e+01 8.901988e+00 -5.563703e+00
6.590000e+01 8.633940e+01 7.633940e+00 -5.496784e+00
6.600000e+01 7.498643e+01 6.498643e+00 -5.302515e+00
6.610000e+01 6.040321e+01 5.040321e+00 -4.973191e+00
6.620000e+01 4.066126e+01 3.066126e+00 -4.505905e+00
6.630000e+01 8.320088e+01 7.320088e+00 -4.130949e+00
6.640000e+01 7.565079e+01 6.565079e+00 -3.900824e+00
6.650000e+01 7.001507e+01 6.001507e+00 -3.638426e+00
6.660000e+01 7.931082e+01 6.931082e+00 -3.399178e+00
6.670000e+01 1.043542e+02 9.435421e+00 -3.308469e+00
6.680000e+01 9.411629e+01 8.411629e+00 -3.287769e+00
6.690000e+01 9.176235e+01 8.176235e+00 -3.217253e+00
6.700000e+01 7.355131e+01 6.355131e+00 -3.021857e+00
6.710000e+01 3.339882e+01 2.339882e+00 -2.593795e+00
6.720000e+01 9.282003e+01 8.282003e+00 -2.251256e+00
6.730000e+01 1.086096e+02 9.860957e+00 -2.221817e+00
6.740000e+01 9.252607e+01 8.252607e+00 -2.209807e+00
6.750000e+01 6.889315e+01 5.889315e+00 -2.042340e+00
6.760000e+01 1.047374e+02 9.473736e+00 -1.916753e+00
6.770000e+01 9.613507e+01 8.613507e+00 -1.910993e+00
6.780000e+01 1.160193e+02 1.060193e+01 -1.985413e+00
6.790000e+01 1.254442e+02 1.154442e+01 -2.155026e+00
6.800000e+01 7.106835e+01 6.106835e+00 -2.140183e+00
6.810000e+01 8.354028e+01 7.354028e+00 -1.942821e+00
6.820000e+01 9.051691e+01 8.051691e+00 -1.805609e+00
6.830000e+01 9.193820e+01 8.193820e+00 -1.710290e+00
6.840000e+01 7.935954e+01 6.935954e+00 -1.561403e+00
6.850000e+01 7.136519e+01 6.136519e+00 -1.329109e+00
6.860000e+01 8.868062e+01 7.868062e+00 -1.138624e+00
6.870000e+01 1.002800e+02 9.028003e+00 -1.065740e+00
6.880000e+01 7.746527e+01 6.746527e+00 -9.342413e-01
6.890000e+01 5.027429e+01 4.027429e+00 -6.061494e-01
6.900000e+01 9.366762e+01 8.366762e+00 -3.283963e-01
6.910000e+01 7.374563e+01 6.374563e+00 -1.489812e-01
6.920000e+01 9.096847e+01 8.096847e+00 -3.863123e-03
6.930000e+01 1.231295e+02 1.131295e+01 -3.392041e-02
6.940000e+01 6.595594e+01 5.595594e+00 1.117921e-02
6.950000e+01 1.135933e+02 1.035933e+01 8.522156e-02
6.960000e+01 1.161985e+02 1.061985e+01 -5.213930e-02
6.970000e+01 1.418974e+02 1.318974e+01 -3.235928e-01
6.980000e+01 9.795437e+01 8.795437e+00 -5.030355e-01
6.990000e+01 8.135244e+01 7.135244e+00 -4.052904e-01
7.000000e+01 4.681152e+01 3.681152e+00 -6.514683e-02
7.010000e+01 8.290167e+01 7.290167e+00 2.358549e-01
7.020000e+01 1.472923e+02 1.372923e+01 1.277206e-01
7.030000e+01 9.794998e+01 8.794998e+00 -6.570642e-02
7.040000e+01 9.202932e+01 8.202932e+00 -5.250783e-02
7.050000e+01 1.131225e+02 1.031225e+01 -6.942072e-02
7.060000e+01 9.005236e+01 8.005236e+00 -5.181324e-02
7.070000e+01 4.133287e+01 3.133287e+00 2.763796e-01
7.080000e+01 4.954576e+01 3.954576e+00 7.859037e-01
7.090000e+01 7.991829e+01 6.991829e+00 1.138686e+00
7.100000e+01 8.793486e+01 7.793486e+00 1.329992e+00
7.110000e+01 5.628775e+01 4.628775e+00 1.598684e+00
7.120000e+01 8.202595e+01 7.202595e+00 1.896358e+00
7.130000e+01 7.181268e+01 6.181268e+00 2.143527e+00
7.140000e+01 6.748550e+01 5.748550e+00 2.437777e+00
7.150000e+01 7.286461e+01 6.286461e+00 2.736432e+00
7.160000e+01 6.887511e+01 5.887511e+00 3.031411e+00
7.170000e+01 6.936314e+01 5.936314e+00 3.327403e+00
7.180000e+01 8.757599e+01 7.757599e+00 3.559239e+00
7.190000e+01 5.750554e+01 4.750554e+00 3.828699e+00
7.200000e+01 8.435300e+01 7.435300e+00 4.114438e+00
7.210000e+01 6.217723e+01 5.217723e+00 4.394264e+00
7.220000e+01 7.080373e+01 6.080373e+00 4.701628e+00
7.230000e+01 9.910204e+01 8.910204e+00 4.868526e+00
7.240000e+01 7.897607e+01 6.897607e+00 4.988136e+00
7.250000e+01 8.117751e+01 7.117751e+00 5.187666e+00
7.260000e+01 6.324001e+01 5.324001e+00 5.445527e+00
7.270000e+01 1.092828e+02 9.928282e+00 5.572446e+00
7.280000e+01 1.102558e+02 1.002558e+01 5.514674e+00
7.290000e+01 6.987540e+01 5.987540e+00 5.634606e+00
7.300000e+01 2.991764e+01 1.991764e+00 6.089940e+00
7.310000e+01 8.125436e+01 7.125436e+00 6.526307e+00
7.320000e+01 6.874090e+01 5.874090e+00 6.769806e+00
7.330000e+01 1.306651e+02 1.206651e+01 6.790885e+00
7.340000e+01 7.724459e+01 6.724459e+00 6.769656e+00
7.350000e+01 1.054000e+02 9.540003e+00 6.827870e+00
7.360000e+01 9.865763e+01 8.865763e+00 6.845695e+00
7.370000e+01 5.882870e+01 4.882870e+00 7.036488e+00
7.380000e+01 9.418365e+01 8.418365e+00 7.242082e+00
7.390000e+01 1.150836e+02 1.050836e+01 7.226096e+00
7.400000e+01 9.088807e+01 8.088807e+00 7.203094e+00
7.410000e+01 9.434764e+01 8.434764e+00 7.260964e+00
7.420000e+01 1.013182e+02 9.131815e+00 7.292042e+00
7.430000e+01 8.644576e+01 7.644576e+00 7.356674e+00
7.440000e+01 9.167303e+01 8.167303e+00 7.431547e+00
7.450000e+01 1.437445e+02 1.337445e+01 7.273519e+00
7.460000e+01 1.139163e+02 1.039163e+01 7.000145e+00
7.470000e+01 1.308530e+02 1.208530e+01 6.775644e+00
7.480000e+01 9.859626e+01 8.859626e+00 6.633044e+00
7.490000e+01 1.091236e+02 9.912364e+00 6.587479e+00
7.500000e+01 8.556695e+01 7.556695e+00 6.627846e+00
7.510000e+01 7.513053e+01 6.513053e+00 6.805865e+00
7.520000e+01 7.967401e+01 6.967401e+00 7.056054e+00
7.530000e+01 3.035685e+01 2.035685e+00 7.472823e+00
7.540000e+01 1.021755e+02 9.217547e+00 7.789661e+00
7.550000e+01 9.250941e+01 8.250941e+00 7.869664e+00
7.560000e+01 5.686787e+01 4.686787e+00 8.116042e+00
7.570000e+01 6.038673e+01 5.038673e+00 8.482271e+00
7.580000e+01 1.209224e+02 1.109224e+01 8.599283e+00
7.590000e+01 8.178202e+01 7.178202e+00 8.600268e+00
7.600000e+01 1.097086e+02 9.970861e+00 8.625289e+00
7.610000e+01 1.052658e+02 9.526583e+00 8.549869e+00
7.620000e+01 1.352601e+02 1.252601e+01 8.363556e+00
7.630000e+01 9.452783e+01 8.452783e+00 8.222851e+00
7.640000e+01 1.067932e+02 9.679316e+00 8.209659e+00
7.650000e+01 7.527675e+01 6.527675e+00 8.308492e+00
7.660000e+01 7.453868e+01 6.453868e+00 8.543449e+00
7.670000e+01 7.086978e+01 6.086978e+00 8.823775e+00
7.680000e+01 6.235646e+01 5.235646e+00 9.142701e+00
7.690000e+01 8.657482e+01 7.657482e+00 9.400155e+00
7.700000e+01 7.467522e+01 6.467522e+00 9.609492e+00
7.710000e+01 6.549366e+01 5.549366e+00 9.903403e+00
7.720000e+01 6.829474e+01 5.829474e+00 1.020142e+01
7.730000e+01 1.273912e+02 1.173912e+01 1.023618e+01
7.740000e+01 9.907249e+01 8.907249e+00 1.015180e+01
7.750000e+01 6.151078e+01 5.151078e+00 1.031804e+01
7.760000e+01 9.328690e+01 8.328690e+00 1.051908e+01
7.770000e+01 1.087659e+02 9.876585e+00 1.053873e+01
7.780000e+01 8.219253e+01 7.219253e+00 1.058431e+01
7.790000e+01 9.351848e+01 8.351848e+00 1.069319e+01
7.800000e+01 9.025793e+01 8.025793e+00 1.079207e+01
7.810000e+01 6.720056e+01 5.720056e+00 1.100150e+01
7.820000e+01 7.254316e+01 6.254316e+00 1.127296e+01
7.830000e+01 1.120961e+02 1.020961e+01 1.135452e+01
7.840000e+01 1.076045e+02 9.760448e+00 1.128252e+01
7.850000e+01 9.278225e+01 8.278225e+00 1.127321e+01
7.860000e+01 9.780330e+01 8.780330e+00 1.132045e+01
7.870000e+01 8.780865e+01 7.780865e+00 1.137709e+01
7.880000e+01 1.247084e+02 1.147084e+01 1.131599e+01
7.890000e+01 1.077700e+02 9.777003e+00 1.118225e+01
7.900000e+01 9.205691e+01 8.205691e+00 1.115078e+01
7.910000e+01 1.343920e+02 1.243920e+01 1.102885e+01
7.920000e+01 9.943780e+01 8.943780e+00 1.088473e+01
7.930000e+01 9.139109e+01 8.139109e+00 1.090734e+01
7.940000e+01 1.014888e+02 9.148884e+00 1.093535e+01
7.950000e+01 1.119379e+02 1.019379e+01 1.088286e+01
7.960000e+01 9.184723e+01 8.184723e+00 1.085888e+01
7.970000e+01 1.169144e+02 1.069144e+01 1.079057e+01
7.980000e+01 1.379683e+02 1.279683e+01 1.056647e+01
7.990000e+01 6.419454e+01 5.419454e+00 1.055429e+01
8.000000e+01 8.478339e+01 7.478339e+00 1.076820e+01
8.010000e+01 9.828100e+01 8.828100e+00 1.085540e+01
8.020000e+01 1.162923e+02 1.062923e+01 1.080698e+01
8.030000e+01 7.854042e+01 6.854042e+00 1.082898e+01
8.040000e+01 1.008091e+02 9.080909e+00 1.093193e+01
8.050000e+01 6.120150e+01 5.120150e+00 1.113471e+01
8.060000e+01 6.366336e+01 5.366336e+00 1.147896e+01
8.070000e+01 8.588918e+01 7.588918e+00 1.172804e+01
8.080000e+01 1.027512e+02 9.275120e+00 1.178467e+01
8.090000e+01 1.196473e+02 1.096473e+01 1.170145e+01
8.100000e+01 7.321121e+01 6.321121e+00 1.175314e+01
8.110000e+01 5.948493e+01 4.948493e+00 1.205342e+01
8.120000e+01 8.203963e+01 7.203963e+00 1.235716e+01
8.130000e+01 5.601381e+01 4.601381e+00 1.264771e+01
8.140000e+01 1.177027e+02 1.077027e+01 1.276960e+01
8.150000e+01 1.065447e+02 9.654474e+00 1.269066e+01
8.160000e+01 8.688471e+01 7.688471e+00 1.270081e+01
8.170000e+01 1.163356e+02 1.063356e+01 1.267445e+01
8.180000e+01 1.183159e+02 1.083159e+01 1.252918e+01
8.190000e+01 9.152139e+01 8.152139e+00 1.247563e+01
8.200000e+01 1.003347e+02 9.033467e+00 1.249773e+01
8.210000e+01 1.151497e+02 1.051497e+01 1.241198e+01
8.220000e+01 1.433479e+02 1.333479e+01 1.213141e+01
8.230000e+01 1.280042e+02 1.180042e+01 1.180462e+01
8.240000e+01 9.641729e+01 8.641729e+00 1.166069e+01
8.250000e+01 1.224854e+02 1.124854e+01 1.155668e+01
8.260000e+01 1.122739e+02 1.022739e+01 1.139982e+01
8.270000e+01 1.044283e+02 9.442831e+00 1.131865e+01
8.280000e+01 8.544058e+01 7.544058e+00 1.136652e+01
8.290000e+01 8.711034e+01 7.711034e+00 1.149300e+01
8.300000e+01 8.525219e+01 7.525219e+00 1.164811e+01
8.310000e+01 6.292353e+01 5.292353e+00 1.186810e+01
8.320000e+01 1.359986e+02 1.259986e+01 1.188608e+01
8.330000e+01 8.788477e+01 7.788477e+00 1.180525e+01
8.340000e+01 8.411764e+01 7.411764e+00 1.191385e+01
8.350000e+01 9.299058e+01 8.299058e+00 1.203308e+01
8.360000e+01 8.341349e+01 7.341349e+00 1.216353e+01
8.370000e+01 7.094915e+01 6.094915e+00 1.235686e+01
8.380000e+01 1.325979e+02 1.225979e+01 1.233655e+01
8.390000e+01 1.257668e+02 1.157668e+01 1.207686e+01
8.400000e+01 1.231377e+02 1.131377e+01 1.182141e+01
8.410000e+01 1.320674e+02 1.220674e+01 1.155071e+01
8.420000e+01 1.175899e+02 1.075899e+01 1.131928e+01
8.430000e+01 9.463501e+01 8.463501e+00 1.123805e+01
8.440000e+01 1.171201e+02 1.071201e+01 1.118457e+01
8.450000e+01 8.750623e+01 7.750623e+00 1.116342e+01
8.460000e+01 1.049171e+02 9.491713e+00 1.119525e+01
8.470000e+01 8.953358e+01 7.953358e+00 1.121178e+01
8.480000e+01 1.329816e+02 1.229816e+01 1.109593e+01
8.490000e+01 1.204060e+02 1.104060e+01 1.085427e+01
8.500000e+01 1.156929e+02 1.056929e+01 1.066077e+01
8.510000e+01 1.225838e+02 1.125838e+01 1.047910e+01
8.520000e+01 1.006800e+02 9.068002e+00 1.036152e+01
8.530000e+01 1.150833e+02 1.050833e+01 1.024667e+01
8.540000e+01 1.641637e+02 1.541637e+01 9.876297e+00
8.550000e+01 1.237668e+02 1.137668e+01 9.478056e+00
8.560000e+01 8.466117e+01 7.466117e+00 9.418431e+00
8.570000e+01 7.709155e+01 6.709155e+00 9.584922e+00
8.580000e+01 9.614258e+01 8.614258e+00 9.710975e+00
8.590000e+01 1.028908e+02 9.289078e+00 9.741869e+00
8.600000e+01 7.076104e+01 6.076104e+00 9.866991e+00
8.610000e+01 8.791208e+01 7.791208e+00 1.006077e+01
8.620000e+01 8.644856e+01 7.644856e+00 1.017446e+01
8.630000e+01 1.388729e+02 1.288729e+01 1.004241e+01
8.640000e+01 1.394572e+02 1.294572e+01 9.703120e+00
8.650000e+01 8.962700e+01 7.962700e+00 9.536682e+00
8.660000e+01 1.249571e+02 1.149571e+01 9.452980e+00
8.670000e+01 9.948360e+01 8.948360e+00 9.348612e+00
8.680000e+01 1.026874e+02 9.268738e+00 9.319226e+00
8.690000e+01 1.114009e+02 1.014009e+01 9.253806e+00
8.700000e+01 1.054500e+02 9.544998e+00 9.178176e+00
8.710000e+01 1.015507e+02 9.155071e+00 9.116294e+00
8.720000e+01 1.417311e+02 1.317311e+01 8.940553e+00
8.730000e+01 5.582777e+01 4.582777e+00 8.964713e+00
8.740000e+01 7.534604e+01 6.534604e+00 9.241744e+00
8.750000e+01 1.273586e+02 1.173586e+01 9.232676e+00
8.760000e+01 1.391939e+02 1.291939e+01 8.957359e+00
8.770000e+01 7.358081e+01 6.358081e+00 8.873668e+00
8.780000e+01 1.191005e+02 1.091005e+01 8.895144e+00
8.790000e+01 8.661292e+01 7.661292e+00 8.876103e+00
8.800000e+01 1.216117e+02 1.116117e+01 8.809225e+00
8.810000e+01 1.326124e+02 1.226124e+01 8.565372e+00
8.820000e+01 1.223609e+02 1.123609e+01 8.272229e+00
8.830000e+01 1.604373e+02 1.504373e+01 7.879649e+00
8.840000e+01 1.045481e+02 9.454811e+00 7.586314e+00
8.850000e+01 7.799670e+01 6.799670e+00 7.641572e+00
8.860000e+01 8.653884e+01 7.653884e+00 7.801231e+00
8.870000e+01 1.006705e+02 9.067050e+00 7.877068e+00
8.880000e+01 8.935133e+01 7.935133e+00 7.914426e+00
8.890000e+01 1.274653e+02 1.174653e+01 7.832153e+00
8.900000e+01 1.090038e+02 9.900378e+00 7.676051e+00
8.910000e+01 9.703120e+01 8.703120e+00 7.627808e+00
8.920000e+01 1.077013e+02 9.770126e+00 7.613375e+00
8.930000e+01 8.357887e+01 7.357887e+00 7.649221e+00
8.940000e+01 1.065657e+02 9.656567e+00 7.697865e+00
8.950000e+01 9.016470e+01 8.016470e+00 7.689565e+00
8.960000e+01 1.665066e+02 1.565066e+01 7.405338e+00
8.970000e+01 1.409340e+02 1.309340e+01 6.938310e+00
8.980000e+01 8.171015e+01 7.171015e+00 6.781622e+00
8.990000e+01 1.329910e+02 1.229910e+01 6.702754e+00
9.000000e+01 8.969243e+01 7.969243e+00 6.614301e+00
9.010000e+01 9.646458e+01 8.646458e+00 6.649100e+00
9.020000e+01 1.160493e+02 1.060493e+01 6.596213e+00
9.030000e+01 1.136853e+02 1.036853e+01 6.439680e+00
9.040000e+01 1.412082e+02 1.312082e+01 6.186592e+00
9.050000e+01 9.635685e+01 8.635685e+00 6.007127e+00
9.060000e+01 1.013333e+02 9.133332e+00 6.017971e+00
9.070000e+01 5.992017e+01 4.992017e+00 6.193054e+00
9.080000e+01 1.098276e+02 9.982761e+00 6.315094e+00
9.090000e+01 1.281543e+02 1.181543e+01 6.144566e+00
9.100000e+01 1.424085e+02 1.324085e+01 5.799915e+00
9.110000e+01 1.377742e+02 1.277742e+01 5.408302e+00
9.120000e+01 1.282441e+02 1.182441e+01 5.098952e+00
9.130000e+01 7.999014e+01 6.999014e+00 5.048746e+00
9.140000e+01 8.906520e+01 7.906520e+00 5.190991e+00
9.150000e+01 6.387131e+01 5.387131e+00 5.437106e+00
9.160000e+01 6.651671e+01 5.651671e+00 5.721245e+00
9.170000e+01 1.671780e+02 1.571780e+01 5.575465e+00
9.180000e+01 1.231052e+02 1.131052e+01 5.187325e+00
9.190000e+01 9.342518e+01 8.342518e+00 5.071937e+00
9.200000e+01 1.084471e+02 9.844714e+00 5.043037e+00
9.210000e+01 1.272044e+02 1.172044e+01 4.873103e+00
9.220000e+01 1.216684e+02 1.116684e+01 4.647729e+00
9.230000e+01 1.071301e+02 9.713009e+00 4.474393e+00
9.240000e+01 1.529035e+02 1.429035e+01 4.198712e+00
9.250000e+01 9.307126e+01 8.307126e+00 3.976048e+00
9.260000e+01 1.220311e+02 1.120311e+01 3.880141e+00
9.270000e+01 1.020200e+02 9.201996e+00 3.768988e+00
9.280000e+01 1.157096e+02 1.057096e+01 3.685145e+00
9.290000e+01 8.300093e+01 7.300093e+00 3.685244e+00
9.300000e+01 1.172425e+02 1.072425e+01 3.649212e+00
9.310000e+01 1.520886e+02 1.420886e+01 3.333016e+00
9.320000e+01 1.235556e+02 1.135556e+01 2.985812e+00
9.330000e+01 9.352591e+01 8.352591e+00 2.871699e+00
9.340000e+01 1.191520e+02 1.091520e+01 2.800536e+00
9.350000e+01 1.173409e+02 1.073409e+01 2.595428e+00
9.360000e+01 1.827649e+02 1.727649e+01 2.139093e+00
9.370000e+01 8.389171e+01 7.389171e+00 1.849043e+00
9.380000e+01 6.557354e+01 5.557354e+00 2.029177e+00
9.390000e+01 1.093379e+02 9.933788e+00 2.153317e+00
9.400000e+01 1.040454e+02 9.404541e+00 2.106188e+00
9.410000e+01 1.131348e+02 1.031348e+01 1.985869e+00
9.420000e+01 1.654080e+02 1.554080e+01 1.648142e+00
9.430000e+01 6.231644e+01 5.231644e+00 1.528954e+00
9.440000e+01 7.981018e+01 6.981018e+00 1.735679e+00
9.450000e+01 1.398322e+02 1.298322e+01 1.667625e+00
9.460000e+01 1.016718e+02 9.167181e+00 1.507788e+00
9.470000e+01 6.337985e+01 5.337985e+00 1.637314e+00
9.480000e+01 1.124408e+02 1.024408e+01 1.755454e+00
9.490000e+01 8.079329e+01 7.079329e+00 1.828307e+00
9.500000e+01 5.595514e+01 4.595514e+00 2.105539e+00
9.510000e+01 1.015330e+02 9.153302e+00 2.296237e+00
9.520000e+01 1.267533e+02 1.167533e+01 2.175862e+00
9.530000e+01 1.307860e+02 1.207860e+01 1.894010e+00
9.540000e+01 1.381372e+02 1.281372e+01 1.558272e+00
9.550000e+01 1.222820e+02 1.122820e+01 1.258717e+00
9.560000e+01 1.253605e+02 1.153605e+01 1.013875e+00
9.570000e+01 1.167396e+02 1.067396e+01 8.267942e-01
9.580000e+01 8.007789e+01 7.007789e+00 8.074388e-01
9.590000e+01 1.409253e+02 1.309253e+01 6.980783e-01
9.600000e+01 1.132758e+02 1.032758e+01 4.613169e-01
9.610000e+01 1.074438e+02 9.744380e+00 3.456412e-01
9.620000e+01 9.197189e+01 8.197189e+00 3.671410e-01
9.630000e+01 5.999300e+01 4.999300e+00 5.708274e-01
9.640000e+01 1.136358e+02 1.036358e+01 7.051829e-01
9.650000e+01 8.437536e+01 7.437536e+00 7.186085e-01
9.660000e+01 1.298927e+02 1.198927e+01 6.453617e-01
9.670000e+01 9.885063e+01 8.885063e+00 5.289433e-01
9.680000e+01 8.848989e+01 7.848989e+00 5.957212e-01
9.690000e+01 4.488425e+01 3.488425e+00 9.164460e-01
9.700000e+01 7.183184e+01 6.183184e+00 1.279746e+00
9.710000e+01 1.353154e+02 1.253154e+01 1.272820e+00
9.720000e+01 1.016591e+02 9.165910e+00 1.142387e+00
9.730000e+01 5.412057e+01 4.412057e+00 1.317920e+00
9.740000e+01 1.092045e+02 9.920446e+00 1.483671e+00
9.750000e+01 1.019909e+02 9.199088e+00 1.453878e+00
9.760000e+01 1.090468e+02 9.904676e+00 1.388189e+00
9.770000e+01 1.107332e+02 1.007332e+01 1.316889e+00
9.780000e+01 6.979427e+01 5.979427e+00 1.391950e+00
9.790000e+01 1.095266e+02 9.952660e+00 1.498511e+00
9.800000e+01 6.912379e+01 5.912379e+00 1.596825e+00
9.810000e+01 1.279731e+02 1.179731e+01 1.600076e+00
9.820000e+01 1.050673e+02 9.506725e+00 1.468519e+00
9.830000e+01 1.000155e+02 9.001546e+00 1.435116e+00
9.840000e+01 8.100616e+01 7.100616e+00 1.547758e+00
9.850000e+01 4.954845e+01 3.954845e+00 1.859522e+00
9.860000e+01 1.032311e+02 9.323114e+00 2.073800e+00
9.870000e+01 1.217503e+02 1.117503e+01 1.966882e+00
9.880000e+01 1.376974e+02 1.276974e+01 1.691767e+00
9.890000e+01 1.029086e+02 9.290859e+00 1.503385e+00
9.900000e+01 9.133742e+01 8.133742e+00 1.500511e+00
9.910000e+01 1.197894e+02 1.097894e+01 1.445287e+00
9.920000e+01 1.081043e+02 9.810426e+00 1.334164e+00
9.930000e+01 8.041048e+01 7.041048e+00 1.370498e+00
9.940000e+01 1.118807e+02 1.018807e+01 1.387632e+00
9.950000e+01 1.274399e+02 1.174399e+01 1.221611e+00
9.960000e+01 9.612122e+01 8.612122e+00 1.121147e+00
9.970000e+01 7.152680e+01 6.152680e+00 1.266436e+00
9.980000e+01 7.730325e+01 6.730325e+00 1.499041e+00
9.990000e+01 1.001500e+02 9.014996e+00 1.626470e+00
1.000000e+02 8.289293e+01 7.289293e+00 1.698045e+00
