0.000000e+00 9.759794e+01 8.759794e+00 4.362513e+00
1.000000e-01 7.971937e+01 6.971937e+00 4.437792e+00
2.000000e-01 1.188331e+02 1.088331e+01 4.450091e+00
3.000000e-01 9.596291e+01 8.596291e+00 4.392152e+00
4.000000e-01 1.022409e+02 9.224092e+00 4.381497e+00
5.000000e-01 1.228315e+02 1.128315e+01 4.231651e+00
6.000000e-01 1.788989e+02 1.688989e+01 3.752414e+00
7.000000e-01 1.348660e+02 1.248660e+01 3.224989e+00
8.000000e-01 1.024954e+02 9.249539e+00 3.015915e+00
9.000000e-01 1.046789e+02 9.467893e+00 2.946823e+00
1.000000e+00 1.401030e+02 1.301030e+01 2.752558e+00
1.100000e+00 8.590084e+01 7.590084e+00 2.626861e+00
1.200000e+00 1.090570e+02 9.905704e+00 2.633754e+00
1.300000e+00 9.535676e+01 8.535676e+00 2.592726e+00
1.400000e+00 1.650581e+02 1.550581e+01 2.285210e+00
1.500000e+00 1.504310e+02 1.404310e+01 1.778339e+00
1.600000e+00 7.885889e+01 6.885889e+00 1.619631e+00
1.700000e+00 7.819008e+01 6.819008e+00 1.814285e+00
1.800000e+00 5.432661e+01 4.432661e+00 2.142563e+00
1.900000e+00 7.935307e+01 6.935307e+00 2.456739e+00
2.000000e+00 8.753059e+01 7.753059e+00 2.651974e+00
2.100000e+00 5.197865e+01 4.197865e+00 2.961966e+00
2.200000e+00 4.702091e+01 3.702091e+00 3.424393e+00
2.300000e+00 9.713425e+01 8.713425e+00 3.712988e+00
2.400000e+00 7.687205e+01 6.687205e+00 3.864724e+00
2.500000e+00 8.066739e+01 7.066739e+00 4.070465e+00
2.600000e+00 6.994537e+01 5.994537e+00 4.310472e+00
2.700000e+00 9.721084e+01 8.721084e+00 4.447058e+00
2.800000e+00 1.339604e+02 1.239604e+01 4.347697e+00
2.900000e+00 4.403385e+01 3.403385e+00 4.476565e+00
3.000000e+00 4.829127e+01 3.829127e+00 4.928427e+00
3.100000e+00 1.284076e+02 1.184076e+01 5.076857e+00
3.200000e+00 7.871288e+01 6.871288e+00 5.066162e+00
3.300000e+00 1.050384e+02 9.503845e+00 5.121244e+00
3.400000e+00 9.861448e+01 8.861448e+00 5.132176e+00
3.500000e+00 7.615697e+01 6.615697e+00 5.234358e+00
3.600000e+00 1.122202e+02 1.022202e+01 5.286424e+00
3.700000e+00 1.091826e+02 9.918256e+00 5.183668e+00
3.800000e+00 1.298058e+02 1.198058e+01 5.018145e+00
3.900000e+00 6.927393e+01 5.927393e+00 4.997920e+00
4.000000e+00 1.426221e+02 1.326221e+01 4.916610e+00
4.100000e+00 1.158125e+02 1.058125e+01 4.696360e+00
4.200000e+00 5.648083e+01 4.648083e+00 4.779576e+00
4.300000e+00 1.313277e+02 1.213277e+01 4.824987e+00
4.400000e+00 1.117920e+02 1.017920e+01 4.640296e+00
4.500000e+00 1.248243e+02 1.148243e+01 4.451141e+00
4.600000e+00 1.120207e+02 1.020207e+01 4.262736e+00
4.700000e+00 1.379915e+02 1.279915e+01 4.006813e+00
4.800000e+00 1.344649e+02 1.244649e+01 3.651954e+00
4.900000e+00 1.516481e+02 1.416481e+01 3.207425e+00
5.000000e+00 1.646358e+02 1.546358e+01 2.674348e+00
5.100000e+00 8.561101e+01 7.561101e+00 2.423591e+00
5.200000e+00 9.277433e+01 8.277433e+00 2.500934e+00
5.300000e+00 7.905521e+01 6.905521e+00 2.642121e+00
5.400000e+00 8.998187e+01 7.998187e+00 2.798050e+00
5.500000e+00 7.807011e+01 6.807011e+00 2.932394e+00
5.600000e+00 1.412035e+02 1.312035e+01 2.843641e+00
5.700000e+00 1.089799e+02 9.897989e+00 2.638031e+00
5.800000e+00 8.067183e+01 7.067183e+00 2.667933e+00
5.900000e+00 8.891907e+01 7.891907e+00 2.800144e+00
6.000000e+00 1.043456e+02 9.434563e+00 2.843931e+00
6.100000e+00 9.919550e+01 8.919550e+00 2.805417e+00
6.200000e+00 1.526517e+02 1.426517e+01 2.563506e+00
6.300000e+00 1.094840e+02 9.948399e+00 2.283872e+00
6.400000e+00 9.944926e+01 8.944926e+00 2.219483e+00
6.500000e+00 9.018723e+01 8.018723e+00 2.272982e+00
6.600000e+00 8.333059e+01 7.333059e+00 2.400392e+00
6.700000e+00 8.055194e+01 7.055194e+00 2.591779e+00
6.800000e+00 5.417299e+01 4.417299e+00 2.904417e+00
6.900000e+00 8.651409e+01 7.651409e+00 3.159514e+00
7.000000e+00 1.411116e+02 1.311116e+01 3.062424e+00
7.100000e+00 9.119291e+01 8.119291e+00 2.925390e+00
7.200000e+00 9.144174e+01 8.144174e+00 2.990543e+00
7.300000e+00 7.844347e+01 6.844347e+00 3.156313e+00
7.400000e+00 5.699407e+01 4.699407e+00 3.458550e+00
7.500000e+00 8.274911e+01 7.274911e+00 3.751429e+00
7.600000e+00 8.642971e+01 7.642971e+00 3.898174e+00
7.700000e+00 1.224480e+02 1.124480e+01 3.878736e+00
7.800000e+00 7.774466e+01 6.774466e+00 3.869806e+00
7.900000e+00 1.265402e+02 1.165402e+01 3.848830e+00
8.000000e+00 7.556406e+01 6.556406e+00 3.859701e+00
8.100000e+00 9.621085e+01 8.621085e+00 3.935615e+00
8.200000e+00 1.614689e+02 1.514689e+01 3.710033e+00
8.300000e+00 6.407452e+01 5.407452e+00 3.598680e+00
8.400000e+00 8.658968e+01 7.658968e+00 3.811358e+00
8.500000e+00 5.982627e+01 4.982627e+00 4.072155e+00
8.600000e+00 1.046864e+02 9.468642e+00 4.250685e+00
8.700000e+00 6.931321e+01 5.931321e+00 4.404993e+00
8.800000e+00 7.299178e+01 6.299178e+00 4.652791e+00
8.900000e+00 1.153784e+02 1.053784e+01 4.716211e+00
9.000000e+00 1.111126e+02 1.011126e+01 4.618819e+00
9.100000e+00 7.758270e+01 6.758270e+00 4.675416e+00
9.200000e+00 7.239817e+01 6.239817e+00 4.897456e+00
9.300000e+00 9.935030e+01 8.935030e+00 5.029207e+00
9.400000e+00 1.155595e+02 1.055595e+01 4.979340e+00
9.500000e+00 8.756620e+01 7.756620e+00 4.979298e+00
9.600000e+00 7.727059e+01 6.727059e+00 5.109365e+00
9.700000e+00 1.350216e+02 1.250216e+01 5.081122e+00
9.800000e+00 5.881992e+01 4.881992e+00 5.140092e+00
9.900000e+00 6.219456e+01 5.219456e+00 5.477115e+00
1.000000e+01 9.963336e+01 8.963336e+00 5.675785e+00
1.010000e+01 9.516333e+01 8.516333e+00 5.717556e+00
1.020000e+01 1.025787e+02 9.257871e+00 5.699775e+00
1.030000e+01 1.543532e+02 1.443532e+01 5.423612e+00
1.040000e+01 1.452526e+02 1.352526e+01 4.955490e+00
1.050000e+01 1.295103e+02 1.195103e+01 4.595050e+00
1.060000e+01 9.129460e+01 8.129460e+00 4.472571e+00
1.070000e+01 1.115277e+02 1.015277e+01 4.461395e+00
1.080000e+01 6.788941e+01 5.788941e+00 4.577312e+00
1.090000e+01 6.391019e+01 5.391019e+00 4.901753e+00
1.100000e+01 5.158876e+01 4.158876e+00 5.320639e+00
1.110000e+01 6.231213e+01 5.231213e+00 5.737615e+00
1.120000e+01 7.548965e+01 6.548965e+00 6.056556e+00
1.130000e+01 7.386774e+01 6.386774e+00 6.306855e+00
1.140000e+01 9.013505e+01 8.013505e+00 6.489019e+00
1.150000e+01 8.532470e+01 7.532470e+00 6.609298e+00
1.160000e+01 1.085326e+02 9.853264e+00 6.627606e+00
1.170000e+01 1.275952e+02 1.175952e+01 6.462113e+00
1.180000e+01 1.172250e+02 1.072250e+01 6.262629e+00
1.190000e+01 8.253468e+01 7.253468e+00 6.257402e+00
1.200000e+01 8.865654e+01 7.865654e+00 6.360826e+00
1.210000e+01 1.403788e+02 1.303788e+01 6.220379e+00
1.220000e+01 1.336628e+02 1.236628e+01 5.896581e+00
1.230000e+01 9.553202e+01 8.553202e+00 5.717252e+00
1.240000e+01 1.450991e+02 1.350991e+01 5.535793e+00
1.250000e+01 6.325749e+01 5.325749e+00 5.519548e+00
1.260000e+01 6.797589e+01 5.797589e+00 5.802026e+00
1.270000e+01 1.032712e+02 9.327123e+00 5.966663e+00
1.280000e+01 7.851563e+01 6.851563e+00 6.052941e+00
1.290000e+01 1.224270e+02 1.124270e+01 6.029012e+00
1.300000e+01 1.297039e+02 1.197039e+01 5.814974e+00
1.310000e+01 8.344290e+01 7.344290e+00 5.737026e+00
1.320000e+01 1.081783e+02 9.817826e+00 5.772776e+00
1.330000e+01 7.296291e+01 6.296291e+00 5.886051e+00
1.340000e+01 6.989496e+01 5.989496e+00 6.119757e+00
1.350000e+01 1.365954e+02 1.265954e+01 6.098261e+00
1.360000e+01 1.127614e+02 1.027614e+01 5.895893e+00
1.370000e+01 8.828846e+01 7.828846e+00 5.871793e+00
1.380000e+01 9.313933e+01 8.313933e+00 5.975529e+00
1.390000e+01 5.072503e+01 4.072503e+00 6.250348e+00
1.400000e+01 7.495249e+01 6.495249e+00 6.574205e+00
1.410000e+01 1.274980e+02 1.174980e+01 6.589136e+00
1.420000e+01 9.847944e+01 8.847944e+00 6.495258e+00
1.430000e+01 7.107170e+01 6.107170e+00 6.633588e+00
1.440000e+01 7.340389e+01 6.340389e+00 6.871760e+00
1.450000e+01 1.282868e+02 1.182868e+01 6.873621e+00
1.460000e+01 1.141149e+02 1.041149e+01 6.680810e+00
1.470000e+01 1.222087e+02 1.122087e+01 6.515173e+00
1.480000e+01 7.587505e+01 6.587505e+00 6.505325e+00
1.490000e+01 1.231320e+02 1.131320e+01 6.501817e+00
1.500000e+01 9.555248e+01 8.555248e+00 6.419803e+00
1.510000e+01 1.237306e+02 1.137306e+01 6.311539e+00
1.520000e+01 1.131439e+02 1.031439e+01 6.150853e+00
1.530000e+01 9.564696e+01 8.564696e+00 6.100913e+00
1.540000e+01 1.004119e+02 9.041187e+00 6.079181e+00
1.550000e+01 1.672492e+02 1.572492e+01 5.765576e+00
1.560000e+01 1.172614e+02 1.072614e+01 5.398781e+00
1.570000e+01 6.763329e+01 5.763329e+00 5.450812e+00
1.580000e+01 6.098820e+01 5.098820e+00 5.782422e+00
1.590000e+01 6.713920e+01 5.713920e+00 6.152638e+00
1.600000e+01 4.482745e+01 3.482745e+00 6.574368e+00
1.610000e+01 9.069380e+01 8.069380e+00 6.879018e+00
1.620000e+01 1.042780e+02 9.427800e+00 6.923302e+00
1.630000e+01 1.167701e+02 1.067701e+01 6.806447e+00
1.640000e+01 1.473968e+02 1.373968e+01 6.499516e+00
1.650000e+01 1.309615e+02 1.209615e+01 6.125207e+00
1.660000e+01 1.230180e+02 1.130180e+01 5.855356e+00
1.670000e+01 1.000292e+02 9.002924e+00 5.751888e+00
1.680000e+01 7.491711e+01 6.491711e+00 5.844313e+00
1.690000e+01 1.184006e+02 1.084006e+01 5.870118e+00
1.700000e+01 1.140080e+02 1.040080e+01 5.718415e+00
1.710000e+01 1.358268e+02 1.258268e+01 5.476366e+00
1.720000e+01 1.120444e+02 1.020444e+01 5.245466e+00
1.730000e+01 1.190443e+02 1.090443e+01 5.080922e+00
1.740000e+01 1.057580e+02 9.575804e+00 4.978957e+00
1.750000e+01 7.825464e+01 6.825464e+00 5.020898e+00
1.760000e+01 1.366132e+02 1.266132e+01 4.953657e+00
1.770000e+01 9.903173e+01 8.903173e+00 4.795558e+00
1.780000e+01 1.157915e+02 1.057915e+01 4.709098e+00
1.790000e+01 9.883919e+01 8.883919e+00 4.637135e+00
1.800000e+01 1.218210e+02 1.118210e+01 4.508866e+00
1.810000e+01 1.519183e+02 1.419183e+01 4.160270e+00
1.820000e+01 1.339188e+02 1.239188e+01 3.751897e+00
1.830000e+01 1.219412e+02 1.119412e+01 3.446934e+00
1.840000e+01 1.504314e+02 1.404314e+01 3.103774e+00
1.850000e+01 9.983161e+01 8.983161e+00 2.878997e+00
1.860000e+01 7.405591e+01 6.405591e+00 2.979386e+00
1.870000e+01 8.675767e+01 7.675767e+00 3.151541e+00
1.880000e+01 1.106621e+02 1.006621e+01 3.190004e+00
1.890000e+01 7.826572e+01 6.826572e+00 3.223817e+00
1.900000e+01 1.436413e+02 1.336413e+01 3.111161e+00
1.910000e+01 1.103040e+02 1.003040e+01 2.897032e+00
1.920000e+01 6.883708e+01 5.883708e+00 2.962296e+00
1.930000e+01 1.091672e+02 9.916720e+00 3.049805e+00
1.940000e+01 1.196459e+02 1.096459e+01 2.925382e+00
1.950000e+01 1.234350e+02 1.134350e+01 2.704918e+00
1.960000e+01 1.392504e+02 1.292504e+01 2.395994e+00
1.970000e+01 1.350243e+02 1.250243e+01 2.029280e+00
1.980000e+01 1.370501e+02 1.270501e+01 1.686014e+00
1.990000e+01 9.566473e+01 8.566473e+00 1.521181e+00
2.000000e+01 1.045459e+02 9.454588e+00 1.491643e+00
2.010000e+01 1.138469e+02 1.038469e+01 1.436129e+00
2.020000e+01 5.733842e+01 4.733842e+00 1.562709e+00
2.030000e+01 9.605949e+01 8.605949e+00 1.786208e+00
2.040000e+01 6.260172e+01 5.260172e+00 1.997336e+00
2.050000e+01 9.623702e+01 8.623702e+00 2.195771e+00
2.060000e+01 7.003373e+01 6.003373e+00 2.387094e+00
2.070000e+01 6.908281e+01 5.908281e+00 2.646804e+00
2.080000e+01 1.271126e+02 1.171126e+01 2.675592e+00
2.090000e+01 1.135271e+02 1.035271e+01 2.490360e+00
2.100000e+01 1.297861e+02 1.197861e+01 2.275261e+00
2.110000e+01 1.107493e+02 1.007493e+01 2.077435e+00
2.120000e+01 1.144069e+02 1.044069e+01 1.952221e+00
2.130000e+01 1.050304e+02 9.503043e+00 1.801956e+00
2.140000e+01 2.121158e+02 2.021158e+01 1.254082e+00
2.150000e+01 1.215044e+02 1.115044e+01 6.491431e-01
2.160000e+01 9.948527e+01 8.948527e+00 4.969220e-01
2.170000e+01 9.557361e+01 8.557361e+00 5.121584e-01
2.180000e+01 1.070823e+02 9.708227e+00 4.909223e-01
2.190000e+01 1.146728e+02 1.046728e+01 4.054212e-01
2.200000e+01 7.803453e+01 6.803453e+00 4.476914e-01
2.210000e+01 7.750645e+01 6.750645e+00 6.253673e-01
2.220000e+01 1.319113e+02 1.219113e+01 5.825713e-01
2.230000e+01 1.264288e+02 1.164288e+01 3.186104e-01
2.240000e+01 1.197551e+02 1.097551e+01 9.535424e-02
2.250000e+01 9.442376e+01 8.442376e+00 2.054191e-02
2.260000e+01 9.605240e+01 8.605240e+00 5.770009e-02
2.270000e+01 9.730406e+01 8.730406e+00 7.599041e-02
2.280000e+01 1.257915e+02 1.157915e+01 -1.437634e-02
2.290000e+01 8.009113e+01 7.009113e+00 -5.160299e-02
2.300000e+01 1.193011e+02 1.093011e+01 -4.816592e-02
2.310000e+01 7.292527e+01 6.292527e+00 -1.298358e-03
2.320000e+01 9.961428e+01 8.961428e+00 1.166335e-01
2.330000e+01 8.973711e+01 7.973711e+00 1.743052e-01
2.340000e+01 1.133692e+02 1.033692e+01 1.566618e-01
2.350000e+01 1.017214e+02 9.172142e+00 9.526689e-02
2.360000e+01 1.025974e+02 9.259743e+00 5.403774e-02
2.370000e+01 1.247791e+02 1.147791e+01 -6.931673e-02
2.380000e+01 1.019923e+02 9.199225e+00 -1.972108e-01
2.390000e+01 1.074304e+02 9.743037e+00 -2.416859e-01
2.400000e+01 7.898592e+01 6.898592e+00 -1.756262e-01
2.410000e+01 8.960122e+01 7.960122e+00 -2.678571e-02
2.420000e+01 7.721922e+01 6.721922e+00 1.418644e-01
2.430000e+01 8.672595e+01 7.672595e+00 3.118025e-01
2.440000e+01 9.170887e+01 8.170887e+00 4.291323e-01
2.450000e+01 8.817799e+01 7.817799e+00 5.109123e-01
2.460000e+01 1.291231e+02 1.191231e+01 4.275362e-01
2.470000e+01 1.179676e+02 1.079676e+01 2.240275e-01
2.480000e+01 8.909276e+01 7.909276e+00 1.931795e-01
2.490000e+01 7.440890e+01 6.440890e+00 3.126983e-01
2.500000e+01 1.796471e+02 1.696471e+01 3.217809e-02
2.510000e+01 1.806291e+02 1.706291e+01 -6.786127e-01
2.520000e+01 9.849773e+01 8.849773e+00 -1.074280e+00
2.530000e+01 9.261182e+01 8.261182e+00 -1.083959e+00
2.540000e+01 1.219537e+02 1.119537e+01 -1.142067e+00
2.550000e+01 9.342710e+01 8.342710e+00 -1.207893e+00
2.560000e+01 9.763322e+01 8.763322e+00 -1.173385e+00
2.570000e+01 8.890739e+01 7.890739e+00 -1.110594e+00
2.580000e+01 1.069263e+02 9.692632e+00 -1.094507e+00
2.590000e+01 1.017294e+02 9.172940e+00 -1.109965e+00
2.600000e+01 6.918481e+01 5.918481e+00 -9.954160e-01
2.610000e+01 1.262463e+02 1.162463e+01 -9.887811e-01
2.620000e+01 1.248474e+02 1.148474e+01 -1.200312e+00
2.630000e+01 9.567913e+01 8.567913e+00 -1.310935e+00
2.640000e+01 1.022379e+02 9.223795e+00 -1.306555e+00
2.650000e+01 8.912657e+01 7.912657e+00 -1.262756e+00
2.660000e+01 9.448274e+01 8.448274e+00 -1.185320e+00
2.670000e+01 9.526502e+01 8.526502e+00 -1.151610e+00
2.680000e+01 1.331029e+02 1.231029e+01 -1.273948e+00
2.690000e+01 9.777908e+01 8.777908e+00 -1.430470e+00
2.700000e+01 1.364283e+02 1.264283e+01 -1.600495e+00
2.710000e+01 9.214600e+01 8.214600e+00 -1.705746e+00
2.720000e+01 5.820283e+01 4.820283e+00 -1.492349e+00
2.730000e+01 8.912195e+01 7.912195e+00 -1.278587e+00
2.740000e+01 1.580616e+02 1.480616e+01 -1.477646e+00
2.750000e+01 1.181975e+02 1.081975e+01 -1.836634e+00
2.760000e+01 1.298300e+02 1.198300e+01 -2.064390e+00
2.770000e+01 6.372757e+01 5.372757e+00 -2.049871e+00
2.780000e+01 1.185484e+02 1.085484e+01 -2.002744e+00
2.790000e+01 1.370816e+02 1.270816e+01 -2.255690e+00
2.800000e+01 1.411452e+02 1.311452e+01 -2.609108e+00
2.810000e+01 7.499444e+01 6.499444e+00 -2.695593e+00
2.820000e+01 9.395834e+01 8.395834e+00 -2.578512e+00
2.830000e+01 1.011978e+02 9.119783e+00 -2.522679e+00
2.840000e+01 6.188999e+01 5.188999e+00 -2.334403e+00
2.850000e+01 5.933109e+01 4.933109e+00 -1.977792e+00
2.860000e+01 1.053449e+02 9.534486e+00 -1.833850e+00
2.870000e+01 1.697567e+02 1.597567e+01 -2.170411e+00
2.880000e+01 1.353594e+02 1.253594e+01 -2.667555e+00
2.890000e+01 1.361887e+02 1.261887e+01 -3.040326e+00
2.900000e+01 1.254171e+02 1.154171e+01 -3.332937e+00
2.910000e+01 9.771324e+01 8.771324e+00 -3.447989e+00
2.920000e+01 8.437078e+01 7.437078e+00 -3.370216e+00
2.930000e+01 8.205994e+01 7.205994e+00 -3.210834e+00
2.940000e+01 9.336027e+01 8.336027e+00 -3.106040e+00
2.950000e+01 1.218755e+02 1.118755e+01 -3.143868e+00
2.960000e+01 5.725015e+01 4.725015e+00 -3.042880e+00
2.970000e+01 9.290368e+01 8.290368e+00 -2.828683e+00
2.980000e+01 9.508148e+01 8.508148e+00 -2.740271e+00
2.990000e+01 8.512028e+01 7.512028e+00 -2.666074e+00
3.000000e+01 1.286358e+02 1.186358e+01 -2.719504e+00
3.010000e+01 8.889785e+01 7.889785e+00 -2.788962e+00
3.020000e+01 9.752269e+01 8.752269e+00 -2.750433e+00
3.030000e+01 1.099154e+02 9.991539e+00 -2.762043e+00
3.040000e+01 7.297397e+01 6.297397e+00 -2.685051e+00
3.050000e+01 1.042762e+02 9.427622e+00 -2.605188e+00
3.060000e+01 1.336368e+02 1.236368e+01 -2.759165e+00
3.070000e+01 9.155212e+01 8.155212e+00 -2.854062e+00
3.080000e+01 5.280628e+01 4.280628e+00 -2.600593e+00
3.090000e+01 6.419598e+01 5.419598e+00 -2.223408e+00
3.100000e+01 1.082765e+02 9.827648e+00 -2.078173e+00
3.110000e+01 1.034713e+02 9.347134e+00 -2.102536e+00
3.120000e+01 7.638576e+01 6.638576e+00 -2.012034e+00
3.130000e+01 8.779871e+01 7.779871e+00 -1.840570e+00
3.140000e+01 7.892757e+01 6.892757e+00 -1.677922e+00
3.150000e+01 1.050986e+02 9.509864e+00 -1.622998e+00
3.160000e+01 1.420529e+02 1.320529e+01 -1.829336e+00
3.170000e+01 1.113942e+02 1.013942e+01 -2.088274e+00
3.180000e+01 1.243025e+02 1.143025e+01 -2.262410e+00
3.190000e+01 8.137668e+01 7.137668e+00 -2.286135e+00
3.200000e+01 9.398120e+01 8.398120e+00 -2.206181e+00
3.210000e+01 1.316141e+02 1.216141e+01 -2.295618e+00
3.220000e+01 6.946077e+01 5.946077e+00 -2.283880e+00
3.230000e+01 7.274575e+01 6.274575e+00 -2.048333e+00
3.240000e+01 1.203987e+02 1.103987e+01 -2.016538e+00
3.250000e+01 1.309746e+02 1.209746e+01 -2.229336e+00
3.260000e+01 8.563543e+01 7.563543e+00 -2.308872e+00
3.270000e+01 8.492163e+01 7.492163e+00 -2.184579e+00
3.280000e+01 8.845112e+01 7.845112e+00 -2.058077e+00
3.290000e+01 1.061123e+02 9.611233e+00 -2.031824e+00
3.300000e+01 1.111812e+02 1.011812e+01 -2.112344e+00
3.310000e+01 1.145989e+02 1.045989e+01 -2.226294e+00
3.320000e+01 8.411332e+01 7.411332e+00 -2.205933e+00
3.330000e+01 6.088961e+01 5.088961e+00 -1.955429e+00
3.340000e+01 7.987399e+01 6.987399e+00 -1.664183e+00
3.350000e+01 6.848075e+01 5.848075e+00 -1.394216e+00
3.360000e+01 7.026300e+01 6.026300e+00 -1.119203e+00
3.370000e+01 1.180413e+02 1.080413e+01 -1.043174e+00
3.380000e+01 8.457510e+01 7.457510e+00 -1.030446e+00
3.390000e+01 7.950270e+01 6.950270e+00 -8.724005e-01
3.400000e+01 8.415660e+01 7.415660e+00 -6.840175e-01
3.410000e+01 7.204254e+01 6.204254e+00 -4.741845e-01
3.420000e+01 9.530293e+01 8.530293e+00 -3.195912e-01
3.430000e+01 1.008488e+02 9.084884e+00 -2.897210e-01
3.440000e+01 1.055860e+02 9.558597e+00 -3.302506e-01
3.450000e+01 1.244969e+02 1.144969e+01 -4.722419e-01
3.460000e+01 1.120168e+02 1.020168e+01 -6.458779e-01
3.470000e+01 1.128276e+02 1.028276e+01 -7.830589e-01
3.480000e+01 1.266477e+02 1.166477e+01 -9.839052e-01
3.490000e+01 1.348794e+02 1.248794e+01 -1.278108e+00
3.500000e+01 1.195803e+02 1.095803e+01 -1.540218e+00
3.510000e+01 1.034976e+02 9.349764e+00 -1.654657e+00
3.520000e+01 8.733491e+01 7.733491e+00 -1.622218e+00
3.530000e+01 9.955800e+01 8.955800e+00 -1.561170e+00
3.540000e+01 9.481399e+01 8.481399e+00 -1.529306e+00
3.550000e+01 9.936271e+01 8.936271e+00 -1.500683e+00
3.560000e+01 9.709786e+01 8.709786e+00 -1.490434e+00
3.570000e+01 1.139278e+02 1.039278e+01 -1.532404e+00
3.580000e+01 8.896482e+01 7.896482e+00 -1.563347e+00
3.590000e+01 1.394797e+02 1.294797e+01 -1.713094e+00
3.600000e+01 1.266662e+02 1.166662e+01 -2.012118e+00
3.610000e+01 1.156883e+02 1.056883e+01 -2.233201e+00
3.620000e+01 1.128496e+02 1.028496e+01 -2.363663e+00
3.630000e+01 7.842746e+01 6.842746e+00 -2.313731e+00
3.640000e+01 6.328449e+01 5.328449e+00 -2.048237e+00
3.650000e+01 8.799795e+01 7.799795e+00 -1.833213e+00
3.660000e+01 1.323573e+02 1.223573e+01 -1.909488e+00
3.670000e+01 1.040252e+02 9.402521e+00 -2.065670e+00
3.680000e+01 9.285042e+01 8.285042e+00 -2.064157e+00
3.690000e+01 8.884806e+01 7.884806e+00 -1.974634e+00
3.700000e+01 8.885638e+01 7.885638e+00 -1.879124e+00
3.710000e+01 1.159438e+02 1.059438e+01 -1.895417e+00
3.720000e+01 1.009750e+02 9.097497e+00 -1.966249e+00
3.730000e+01 9.733368e+01 8.733368e+00 -1.956698e+00
3.740000e+01 7.862190e+01 6.862190e+00 -1.843295e+00
3.750000e+01 9.156992e+01 8.156992e+00 -1.702748e+00
3.760000e+01 8.798310e+01 7.798310e+00 -1.585395e+00
3.770000e+01 7.352304e+01 6.352304e+00 -1.402094e+00
3.780000e+01 8.522137e+01 7.522137e+00 -1.193787e+00
3.790000e+01 6.767525e+01 5.767525e+00 -9.583838e-01
3.800000e+01 8.765358e+01 7.765358e+00 -7.791319e-01
3.810000e+01 1.592066e+02 1.492066e+01 -9.964330e-01
3.820000e+01 1.422892e+02 1.322892e+01 -1.453502e+00
3.830000e+01 1.088707e+02 9.887066e+00 -1.722562e+00
3.840000e+01 1.087164e+02 9.871639e+00 -1.809428e+00
3.850000e+01 8.088559e+01 7.088559e+00 -1.775240e+00
3.860000e+01 1.181234e+02 1.081234e+01 -1.781023e+00
3.870000e+01 1.153814e+02 1.053814e+01 -1.942026e+00
3.880000e+01 1.377836e+02 1.277836e+01 -2.188618e+00
3.890000e+01 9.012264e+01 8.012264e+00 -2.318224e+00
3.900000e+01 9.819102e+01 8.819102e+00 -2.299361e+00
3.910000e+01 1.228076e+02 1.128076e+01 -2.368501e+00
3.920000e+01 6.427934e+01 5.427934e+00 -2.303473e+00
3.930000e+01 8.917450e+01 7.917450e+00 -2.119487e+00
3.940000e+01 1.298725e+02 1.198725e+01 -2.200320e+00
3.950000e+01 1.308319e+02 1.208319e+01 -2.484896e+00
3.960000e+01 1.281899e+02 1.181899e+01 -2.778074e+00
3.970000e+01 1.207874e+02 1.107874e+01 -3.019483e+00
3.980000e+01 1.156056e+02 1.056056e+01 -3.223608e+00
3.990000e+01 1.511379e+02 1.411379e+01 -3.540178e+00
4.000000e+01 1.063267e+02 9.632669e+00 -3.790805e+00
4.010000e+01 7.187723e+01 6.187723e+00 -3.729863e+00
4.020000e+01 1.211315e+02 1.111315e+01 -3.701975e+00
4.030000e+01 1.062924e+02 9.629237e+00 -3.817232e+00
4.040000e+01 1.180268e+02 1.080268e+01 -3.973895e+00
4.050000e+01 1.652732e+02 1.552732e+01 -4.352395e+00
4.060000e+01 9.636517e+01 8.636517e+00 -4.620956e+00
4.070000e+01 6.736618e+01 5.736618e+00 -4.507090e+00
4.080000e+01 1.296065e+02 1.196065e+01 -4.484536e+00
4.090000e+01 9.241850e+01 8.241850e+00 -4.554881e+00
4.100000e+01 7.034055e+01 6.034055e+00 -4.385302e+00
4.110000e+01 6.945138e+01 5.945138e+00 -4.123797e+00
4.120000e+01 1.269536e+02 1.169536e+01 -4.075798e+00
4.130000e+01 6.910041e+01 5.910041e+00 -4.046375e+00
4.140000e+01 1.037560e+02 9.375600e+00 -3.927524e+00
4.150000e+01 7.649917e+01 6.649917e+00 -3.820520e+00
4.160000e+01 1.047320e+02 9.473197e+00 -3.754700e+00
4.170000e+01 1.268367e+02 1.168367e+01 -3.884609e+00
4.180000e+01 1.007025e+02 9.070251e+00 -4.002498e+00
4.190000e+01 7.600534e+01 6.600534e+00 -3.897152e+00
4.200000e+01 7.558661e+01 6.558661e+00 -3.676565e+00
4.210000e+01 9.315955e+01 8.315955e+00 -3.502476e+00
4.220000e+01 6.073950e+01 5.073950e+00 -3.274044e+00
4.230000e+01 8.028329e+01 7.028329e+00 -2.992269e+00
4.240000e+01 7.798651e+01 6.798651e+00 -2.793300e+00
4.250000e+01 1.205516e+02 1.105516e+01 -2.789401e+00
4.260000e+01 1.247227e+02 1.147227e+01 -3.001870e+00
4.270000e+01 1.356103e+02 1.256103e+01 -3.286545e+00
4.280000e+01 1.039640e+02 9.396399e+00 -3.496906e+00
4.290000e+01 1.395399e+02 1.295399e+01 -3.715278e+00
4.300000e+01 1.038363e+02 9.383632e+00 -3.896417e+00
4.310000e+01 7.235001e+01 6.235001e+00 -3.807220e+00
4.320000e+01 9.124091e+01 8.124091e+00 -3.630203e+00
4.330000e+01 7.648467e+01 6.648467e+00 -3.462462e+00
4.340000e+01 8.354340e+01 7.354340e+00 -3.278006e+00
4.350000e+01 1.044014e+02 9.440137e+00 -3.233506e+00
4.360000e+01 1.381925e+02 1.281925e+01 -3.403649e+00
4.370000e+01 7.373961e+01 6.373961e+00 -3.468929e+00
4.380000e+01 1.187830e+02 1.087830e+01 -3.469940e+00
4.390000e+01 1.292567e+02 1.192567e+01 -3.679056e+00
4.400000e+01 1.182025e+02 1.082025e+01 -3.920121e+00
4.410000e+01 1.325839e+02 1.225839e+01 -4.193777e+00
4.420000e+01 1.644637e+02 1.544637e+01 -4.677377e+00
4.430000e+01 1.754558e+02 1.654558e+01 -5.357097e+00
4.440000e+01 1.622438e+02 1.522438e+01 -6.029286e+00
4.450000e+01 1.371648e+02 1.271648e+01 -6.530962e+00
4.460000e+01 1.301082e+02 1.201082e+01 -6.866805e+00
4.470000e+01 1.077575e+02 9.775749e+00 -7.068086e+00
4.480000e+01 1.255031e+02 1.155031e+01 -7.237889e+00
4.490000e+01 1.117185e+02 1.017185e+01 -7.415892e+00
4.500000e+01 1.110535e+02 1.010535e+01 -7.521041e+00
4.510000e+01 7.891579e+01 6.891579e+00 -7.475720e+00
4.520000e+01 8.617902e+01 7.617902e+00 -7.299527e+00
4.530000e+01 5.338862e+01 4.338862e+00 -7.010528e+00
4.540000e+01 9.233893e+01 8.233893e+00 -6.759320e+00
4.550000e+01 9.803449e+01 8.803449e+00 -6.685927e+00
4.560000e+01 8.919018e+01 7.919018e+00 -6.620077e+00
4.570000e+01 8.378844e+01 7.378844e+00 -6.482716e+00
4.580000e+01 7.323232e+01 6.323232e+00 -6.275733e+00
4.590000e+01 8.258171e+01 7.258171e+00 -6.056182e+00
4.600000e+01 8.056960e+01 7.056960e+00 -5.890741e+00
4.610000e+01 1.285702e+02 1.185702e+01 -5.931713e+00
4.620000e+01 1.127399e+02 1.027399e+01 -6.098415e+00
4.630000e+01 7.826845e+01 6.826845e+00 -6.063415e+00
4.640000e+01 8.258062e+01 7.258062e+00 -5.904833e+00
4.650000e+01 1.267453e+02 1.167453e+01 -5.941247e+00
4.660000e+01 1.102708e+02 1.002708e+01 -6.095933e+00
4.670000e+01 9.153451e+01 8.153451e+00 -6.117741e+00
4.680000e+01 9.779101e+01 8.779101e+00 -6.077829e+00
4.690000e+01 1.116688e+02 1.016688e+01 -6.125539e+00
4.700000e+01 1.133451e+02 1.033451e+01 -6.214827e+00
4.710000e+01 5.524572e+01 4.524572e+00 -6.074953e+00
4.720000e+01 9.630374e+01 8.630374e+00 -5.882248e+00
4.730000e+01 1.365113e+02 1.265113e+01 -6.006404e+00
4.740000e+01 1.027178e+02 9.271784e+00 -6.192985e+00
4.750000e+01 1.165327e+02 1.065327e+01 -6.300461e+00
4.760000e+01 1.019002e+02 9.190024e+00 -6.376185e+00
4.770000e+01 8.645701e+01 7.645701e+00 -6.329519e+00
4.780000e+01 9.229596e+01 8.229596e+00 -6.226275e+00
4.790000e+01 8.643807e+01 7.643807e+00 -6.124445e+00
4.800000e+01 1.047138e+02 9.471381e+00 -6.095404e+00
4.810000e+01 1.296469e+02 1.196469e+01 -6.257629e+00
4.820000e+01 1.270990e+02 1.170990e+01 -6.517907e+00
4.830000e+01 9.809897e+01 8.809897e+00 -6.628071e+00
4.840000e+01 6.064870e+01 5.064870e+00 -6.434961e+00
4.850000e+01 6.172176e+01 5.172176e+00 -6.077217e+00
4.860000e+01 9.192274e+01 8.192274e+00 -5.854039e+00
4.870000e+01 1.126723e+02 1.026723e+01 -5.857597e+00
4.880000e+01 1.012979e+02 9.129789e+00 -5.912841e+00
4.890000e+01 8.676398e+01 7.676398e+00 -5.848766e+00
4.900000e+01 6.763801e+01 5.763801e+00 -5.643584e+00
4.910000e+01 1.048708e+02 9.487081e+00 -5.527869e+00
4.920000e+01 1.282481e+02 1.182481e+01 -5.659925e+00
4.930000e+01 9.954553e+01 8.954553e+00 -5.797902e+00
4.940000e+01 1.179209e+02 1.079209e+01 -5.904351e+00
4.950000e+01 1.260985e+02 1.160985e+01 -6.107516e+00
4.960000e+01 1.126649e+02 1.026649e+01 -6.295626e+00
4.970000e+01 1.025475e+02 9.254753e+00 -6.358227e+00
4.980000e+01 6.098894e+01 5.098894e+00 -6.182471e+00
4.990000e+01 6.998085e+01 5.998085e+00 -5.876490e+00
5.000000e+01 1.079300e+02 9.793002e+00 -5.752457e+00
5.010000e+01 9.496887e+01 8.496887e+00 -5.760635e+00
5.020000e+01 1.183787e+02 1.083787e+01 -5.833400e+00
5.030000e+01 1.103962e+02 1.003962e+01 -5.945315e+00
5.040000e+01 7.216764e+01 6.216764e+00 -5.875768e+00
5.050000e+01 9.980276e+01 8.980276e+00 -5.763776e+00
5.060000e+01 1.198690e+02 1.098690e+01 -5.836795e+00
5.070000e+01 9.466410e+01 8.466410e+00 -5.882526e+00
5.080000e+01 5.653273e+01 4.653273e+00 -5.660789e+00
5.090000e+01 8.131618e+01 7.131618e+00 -5.387059e+00
5.100000e+01 1.172225e+02 1.072225e+01 -5.343144e+00
5.110000e+01 7.093840e+01 6.093840e+00 -5.278428e+00
5.120000e+01 9.617751e+01 8.617751e+00 -5.154218e+00
5.130000e+01 1.273674e+02 1.173674e+01 -5.245619e+00
5.140000e+01 1.052966e+02 9.529663e+00 -5.400875e+00
5.150000e+01 1.122369e+02 1.022369e+01 -5.481206e+00
5.160000e+01 7.251704e+01 6.251704e+00 -5.401162e+00
5.170000e+01 7.838723e+01 6.838723e+00 -5.193301e+00
5.180000e+01 1.121310e+02 1.021310e+01 -5.130804e+00
5.190000e+01 9.342624e+01 8.342624e+00 -5.151811e+00
5.200000e+01 1.105296e+02 1.005296e+01 -5.178983e+00
5.210000e+01 1.039726e+02 9.397257e+00 -5.237376e+00
5.220000e+01 9.327809e+01 8.327809e+00 -5.226587e+00
5.230000e+01 9.400249e+01 8.400249e+00 -5.180379e+00
5.240000e+01 1.159332e+02 1.059332e+01 -5.208718e+00
5.250000e+01 7.487498e+01 6.487498e+00 -5.159488e+00
5.260000e+01 8.977810e+01 7.977810e+00 -5.005211e+00
5.270000e+01 9.519081e+01 8.519081e+00 -4.931722e+00
5.280000e+01 1.171159e+02 1.071159e+01 -4.983687e+00
5.290000e+01 9.746354e+01 8.746354e+00 -5.035583e+00
5.300000e+01 7.804656e+01 6.804656e+00 -4.931458e+00
5.310000e+01 9.527429e+01 8.527429e+00 -4.815226e+00
5.320000e+01 1.136486e+02 1.036486e+01 -4.845017e+00
5.330000e+01 9.828266e+01 8.828266e+00 -4.887451e+00
5.340000e+01 8.446343e+01 7.446343e+00 -4.830859e+00
5.350000e+01 1.254784e+02 1.154784e+01 -4.869955e+00
5.360000e+01 9.238149e+01 8.238149e+00 -4.945748e+00
5.370000e+01 1.091690e+02 9.916897e+00 -4.979682e+00
5.380000e+01 1.201724e+02 1.101724e+01 -5.091400e+00
5.390000e+01 7.230781e+01 6.230781e+00 -5.065912e+00
5.400000e+01 1.071130e+02 9.711302e+00 -4.993332e+00
5.410000e+01 1.184704e+02 1.084704e+01 -5.085512e+00
5.420000e+01 8.339443e+01 7.339443e+00 -5.087367e+00
5.430000e+01 7.464927e+01 6.464927e+00 -4.894386e+00
5.440000e+01 7.445028e+01 6.445028e+00 -4.643496e+00
5.450000e+01 7.821435e+01 6.821435e+00 -4.417849e+00
5.460000e+01 1.024719e+02 9.247188e+00 -4.326375e+00
5.470000e+01 1.152495e+02 1.052495e+01 -4.395741e+00
5.480000e+01 9.963195e+01 8.963195e+00 -4.467433e+00
5.490000e+01 1.061862e+02 9.618617e+00 -4.511949e+00
5.500000e+01 1.208618e+02 1.108618e+01 -4.637338e+00
5.510000e+01 1.069156e+02 9.691561e+00 -4.760954e+00
5.520000e+01 8.982817e+01 7.982817e+00 -4.756220e+00
5.530000e+01 9.817730e+01 8.817730e+00 -4.700643e+00
5.540000e+01 9.232024e+01 8.232024e+00 -4.658407e+00
5.550000e+01 1.188768e+02 1.088768e+01 -4.739162e+00
5.560000e+01 1.542987e+02 1.442987e+01 -5.050764e+00
5.570000e+01 7.050127e+01 6.050127e+00 -5.160166e+00
5.580000e+01 7.206909e+01 6.206909e+00 -4.913250e+00
5.590000e+01 7.156333e+01 6.156333e+00 -4.642469e+00
5.600000e+01 1.044143e+02 9.441431e+00 -4.515449e+00
5.610000e+01 8.331869e+01 7.331869e+00 -4.431916e+00
5.620000e+01 8.125917e+01 7.125917e+00 -4.303162e+00
5.630000e+01 1.457364e+02 1.357364e+01 -4.389219e+00
5.640000e+01 4.710744e+01 3.710744e+00 -4.330252e+00
5.650000e+01 6.808569e+01 5.808569e+00 -3.983251e+00
5.660000e+01 1.215787e+02 1.115787e+01 -3.909300e+00
5.670000e+01 1.051376e+02 9.513756e+00 -4.007748e+00
5.680000e+01 8.264663e+01 7.264663e+00 -3.962288e+00
5.690000e+01 9.270882e+01 8.270882e+00 -3.842090e+00
5.700000e+01 8.233447e+01 7.233447e+00 -3.724700e+00
5.710000e+01 1.062613e+02 9.626131e+00 -3.665851e+00
5.720000e+01 9.616010e+01 8.616010e+00 -3.684238e+00
5.730000e+01 1.271267e+02 1.171267e+01 -3.775995e+00
5.740000e+01 6.863260e+01 5.863260e+00 -3.765208e+00
5.750000e+01 1.229694e+02 1.129694e+01 -3.750590e+00
5.760000e+01 1.148701e+02 1.048701e+01 -3.902363e+00
5.770000e+01 1.014015e+02 9.140154e+00 -3.998815e+00
5.780000e+01 1.139478e+02 1.039478e+01 -4.066887e+00
5.790000e+01 8.477658e+01 7.477658e+00 -4.047735e+00
5.800000e+01 7.159785e+01 6.159785e+00 -3.851117e+00
5.810000e+01 8.905382e+01 7.905382e+00 -3.674198e+00
5.820000e+01 1.193695e+02 1.093695e+01 -3.706977e+00
5.830000e+01 1.184635e+02 1.084635e+01 -3.881371e+00
5.840000e+01 1.138787e+02 1.038787e+01 -4.032503e+00
5.850000e+01 8.947339e+01 7.947339e+00 -4.056171e+00
5.860000e+01 1.014447e+02 9.144471e+00 -4.030226e+00
5.870000e+01 1.169180e+02 1.069180e+01 -4.111394e+00
5.880000e+01 1.077977e+02 9.779773e+00 -4.222904e+00
5.890000e+01 9.933892e+01 8.933892e+00 -4.278251e+00
5.900000e+01 1.299146e+02 1.199146e+01 -4.423702e+00
5.910000e+01 1.158612e+02 1.058612e+01 -4.614795e+00
5.920000e+01 7.145934e+01 6.145934e+00 -4.574647e+00
5.930000e+01 1.057487e+02 9.574873e+00 -4.495399e+00
5.940000e+01 1.310807e+02 1.210807e+01 -4.641581e+00
5.950000e+01 9.228966e+01 8.228966e+00 -4.758889e+00
5.960000e+01 1.167641e+02 1.067641e+01 -4.831976e+00
5.970000e+01 1.309379e+02 1.209379e+01 -5.044670e+00
5.980000e+01 1.078007e+02 9.780068e+00 -5.233006e+00
5.990000e+01 1.008109e+02 9.081090e+00 -5.259247e+00
6.000000e+01 4.501272e+01 3.501272e+00 -4.998081e+00
6.010000e+01 5.859423e+01 4.859423e+00 -4.540570e+00
6.020000e+01 5.775196e+01 4.775196e+00 -4.133419e+00
6.030000e+01 1.005609e+02 9.056090e+00 -3.937250e+00
6.040000e+01 1.266332e+02 1.166332e+01 -4.065074e+00
6.050000e+01 1.458978e+02 1.358978e+01 -4.386689e+00
6.060000e+01 8.912361e+01 7.912361e+00 -4.576725e+00
6.070000e+01 1.308311e+02 1.208311e+01 -4.672836e+00
6.080000e+01 6.741782e+01 5.741782e+00 -4.652530e+00
6.090000e+01 8.969264e+01 7.969264e+00 -4.461454e+00
6.100000e+01 6.795950e+01 5.795950e+00 -4.235326e+00
6.110000e+01 7.003107e+01 6.003107e+00 -3.940492e+00
6.120000e+01 7.360627e+01 6.360627e+00 -3.657044e+00
6.130000e+01 8.125978e+01 7.125978e+00 -3.448326e+00
6.140000e+01 1.123692e+02 1.023692e+01 -3.385455e+00
6.150000e+01 5.683833e+01 4.683833e+00 -3.221183e+00
6.160000e+01 6.907189e+01 5.907189e+00 -2.893209e+00
6.170000e+01 9.533943e+01 8.533943e+00 -2.692788e+00
6.180000e+01 6.927388e+01 5.927388e+00 -2.515789e+00
6.190000e+01 9.494285e+01 8.494285e+00 -2.361544e+00
6.200000e+01 1.165141e+02 1.065141e+01 -2.397219e+00
6.210000e+01 1.012423e+02 9.124231e+00 -2.481579e+00
6.220000e+01 1.109031e+02 1.009031e+01 -2.551412e+00
6.230000e+01 1.126539e+02 1.026539e+01 -2.664895e+00
6.240000e+01 1.183874e+02 1.083874e+01 -2.829944e+00
6.250000e+01 1.343138e+02 1.243138e+01 -3.073860e+00
6.260000e+01 1.052137e+02 9.521368e+00 -3.284553e+00
6.270000e+01 1.422138e+02 1.322138e+01 -3.511499e+00
6.280000e+01 9.058944e+01 8.058944e+00 -3.655430e+00
6.290000e+01 8.938651e+01 7.938651e+00 -3.580697e+00
6.300000e+01 8.515456e+01 7.515456e+00 -3.454804e+00
6.310000e+01 9.771458e+01 8.771458e+00 -3.389564e+00
6.320000e+01 1.308517e+02 1.208517e+01 -3.512199e+00
6.330000e+01 1.009384e+02 9.093839e+00 -3.642486e+00
6.340000e+01 7.219631e+01 6.219631e+00 -3.523633e+00
6.350000e+01 7.442576e+01 6.442576e+00 -3.277846e+00
6.360000e+01 8.925909e+01 7.925909e+00 -3.083271e+00
6.370000e+01 7.080333e+01 6.080333e+00 -2.891347e+00
6.380000e+01 9.650077e+01 8.650077e+00 -2.723001e+00
6.390000e+01 7.325603e+01 6.325603e+00 -2.585928e+00
6.400000e+01 1.268402e+02 1.168402e+01 -2.584212e+00
6.410000e+01 9.730714e+01 8.730714e+00 -2.685365e+00
6.420000e+01 1.149658e+02 1.049658e+01 -2.767829e+00
6.430000e+01 1.200860e+02 1.100860e+01 -2.917258e+00
6.440000e+01 8.629352e+01 7.629352e+00 -2.936832e+00
6.450000e+01 6.800795e+01 5.800795e+00 -2.753478e+00
6.460000e+01 1.295515e+02 1.195515e+01 -2.751843e+00
6.470000e+01 1.311105e+02 1.211105e+01 -3.001285e+00
6.480000e+01 8.290155e+01 7.290155e+00 -3.074409e+00
6.490000e+01 8.425561e+01 7.425561e+00 -2.930531e+00
6.500000e+01 7.906560e+01 6.906560e+00 -2.748478e+00
6.510000e+01 9.370140e+01 8.370140e+00 -2.641666e+00
6.520000e+01 1.427963e+02 1.327963e+01 -2.793095e+00
6.530000e+01 9.413857e+01 8.413857e+00 -2.950084e+00
6.540000e+01 8.181603e+01 7.181603e+00 -2.847027e+00
6.550000e+01 6.852741e+01 5.852741e+00 -2.623647e+00
6.560000e+01 1.143512e+02 1.043512e+01 -2.547240e+00
6.570000e+01 1.169113e+02 1.069113e+01 -2.665279e+00
6.580000e+01 8.297343e+01 7.297343e+00 -2.657099e+00
6.590000e+01 6.891759e+01 5.891759e+00 -2.451678e+00
6.600000e+01 1.081112e+02 9.811118e+00 -2.344559e+00
6.610000e+01 1.176768e+02 1.076768e+01 -2.473577e+00
6.620000e+01 1.519740e+02 1.419740e+01 -2.787770e+00
6.630000e+01 8.534011e+01 7.534011e+00 -2.954273e+00
6.640000e+01 8.403112e+01 7.403112e+00 -2.857186e+00
6.650000e+01 1.249999e+02 1.149999e+01 -2.879325e+00
6.660000e+01 8.354560e+01 7.354560e+00 -2.899367e+00
6.670000e+01 7.545968e+01 6.545968e+00 -2.718851e+00
6.680000e+01 8.347437e+01 7.347437e+00 -2.523685e+00
6.690000e+01 9.931066e+01 8.931066e+00 -2.424533e+00
6.700000e+01 7.902512e+01 6.902512e+00 -2.307137e+00
6.710000e+01 7.899035e+01 6.899035e+00 -2.126525e+00
6.720000e+01 1.189910e+02 1.089910e+01 -2.117148e+00
6.730000e+01 1.190282e+02 1.090282e+01 -2.275101e+00
6.740000e+01 9.659743e+01 8.659743e+00 -2.370032e+00
6.750000e+01 1.209321e+02 1.109321e+01 -2.438723e+00
6.760000e+01 6.325022e+01 5.325022e+00 -2.360478e+00
6.770000e+01 9.155363e+01 8.155363e+00 -2.166515e+00
6.780000e+01 9.770832e+01 8.770832e+00 -2.099383e+00
6.790000e+01 1.038427e+02 9.384274e+00 -2.099253e+00
6.800000e+01 8.817717e+01 7.817717e+00 -2.055558e+00
6.810000e+01 8.959681e+01 7.959681e+00 -1.959493e+00
6.820000e+01 1.021199e+02 9.211991e+00 -1.911542e+00
6.830000e+01 9.355763e+01 8.355763e+00 -1.886429e+00
6.840000e+01 9.534353e+01 8.534353e+00 -1.829814e+00
6.850000e+01 8.935142e+01 7.935142e+00 -1.773719e+00
6.860000e+01 1.290850e+02 1.190850e+01 -1.847128e+00
6.870000e+01 8.580441e+01 7.580441e+00 -1.906859e+00
6.880000e+01 9.307552e+01 8.307552e+00 -1.814586e+00
6.890000e+01 7.718654e+01 6.718654e+00 -1.677779e+00
6.900000e+01 1.119387e+02 1.019387e+01 -1.617999e+00
6.910000e+01 8.113629e+01 7.113629e+00 -1.561749e+00
6.920000e+01 7.596144e+01 6.596144e+00 -1.372116e+00
6.930000e+01 9.099296e+01 8.099296e+00 -1.207034e+00
6.940000e+01 9.489160e+01 8.489160e+00 -1.148869e+00
6.950000e+01 1.332911e+02 1.232911e+01 -1.281540e+00
6.960000e+01 1.174015e+02 1.074015e+01 -1.506456e+00
6.970000e+01 9.596918e+01 8.596918e+00 -1.578416e+00
6.980000e+01 8.599728e+01 7.599728e+00 -1.492444e+00
6.990000e+01 7.522664e+01 6.522664e+00 -1.301149e+00
7.000000e+01 7.427558e+01 6.427558e+00 -1.070115e+00
7.010000e+01 1.128892e+02 1.028892e+01 -1.023979e+00
7.020000e+01 1.456830e+02 1.356830e+01 -1.275485e+00
7.030000e+01 9.723706e+01 8.723706e+00 -1.470372e+00
7.040000e+01 8.937346e+01 7.937346e+00 -1.447977e+00
7.050000e+01 1.317557e+02 1.217557e+01 -1.557247e+00
7.060000e+01 1.324179e+02 1.224179e+01 -1.835713e+00
7.070000e+01 8.583443e+01 7.583443e+00 -1.928075e+00
7.080000e+01 8.909575e+01 7.909575e+00 -1.845420e+00
7.090000e+01 1.310487e+02 1.210487e+01 -1.937183e+00
7.100000e+01 1.164865e+02 1.064865e+01 -2.138344e+00
7.110000e+01 8.247809e+01 7.247809e+00 -2.145155e+00
7.120000e+01 8.891404e+01 7.891404e+00 -2.018446e+00
7.130000e+01 9.158096e+01 8.158096e+00 -1.916932e+00
7.140000e+01 9.036526e+01 8.036526e+00 -1.819274e+00
7.150000e+01 7.976537e+01 6.976537e+00 -1.686596e+00
7.160000e+01 1.138659e+02 1.038659e+01 -1.664851e+00
7.170000e+01 1.243321e+02 1.143321e+01 -1.836971e+00
7.180000e+01 1.178628e+02 1.078628e+01 -2.032973e+00
7.190000e+01 9.561599e+01 8.561599e+00 -2.111430e+00
7.200000e+01 1.107212e+02 1.007212e+01 -2.147194e+00
7.210000e+01 9.771601e+01 8.771601e+00 -2.184358e+00
7.220000e+01 1.051068e+02 9.510680e+00 -2.202536e+00
7.230000e+01 9.278381e+01 8.278381e+00 -2.162998e+00
7.240000e+01 4.563976e+01 3.563976e+00 -1.880722e+00
7.250000e+01 8.807665e+01 7.807665e+00 -1.584353e+00
7.260000e+01 1.105563e+02 1.005563e+01 -1.534683e+00
7.270000e+01 7.027430e+01 6.027430e+00 -1.439200e+00
7.280000e+01 8.955402e+01 7.955402e+00 -1.262525e+00
7.290000e+01 9.693648e+01 8.693648e+00 -1.181147e+00
7.300000e+01 9.630275e+01 8.630275e+00 -1.163629e+00
7.310000e+01 1.300649e+02 1.200649e+01 -1.275021e+00
7.320000e+01 8.703718e+01 7.703718e+00 -1.342136e+00
7.330000e+01 8.271171e+01 7.271171e+00 -1.209521e+00
7.340000e+01 7.181491e+01 6.181491e+00 -9.713809e-01
7.350000e+01 5.493481e+01 4.493481e+00 -6.336299e-01
7.360000e+01 1.031056e+02 9.310560e+00 -4.372091e-01
7.370000e+01 1.124009e+02 1.024009e+01 -4.732456e-01
7.380000e+01 7.487520e+01 6.487520e+00 -4.074537e-01
7.390000e+01 7.994095e+01 6.994095e+00 -2.192881e-01
7.400000e+01 1.156733e+02 1.056733e+01 -1.736870e-01
7.410000e+01 8.032912e+01 7.032912e+00 -1.610119e-01
7.420000e+01 1.297560e+02 1.197560e+01 -2.279508e-01
7.430000e+01 1.224383e+02 1.124383e+01 -4.489186e-01
7.440000e+01 9.429316e+01 8.429316e+00 -5.412495e-01
7.450000e+01 9.814596e+01 8.814596e+00 -5.127138e-01
7.460000e+01 9.115851e+01 8.115851e+00 -4.561918e-01
7.470000e+01 9.322435e+01 8.322435e+00 -3.928479e-01
7.480000e+01 1.135722e+02 1.035722e+01 -4.151328e-01
7.490000e+01 9.358107e+01 8.358107e+00 -4.474800e-01
7.500000e+01 1.069165e+02 9.691652e+00 -4.604842e-01
7.510000e+01 1.033394e+02 9.333942e+00 -4.864850e-01
7.520000e+01 6.763032e+01 5.763032e+00 -3.537568e-01
7.530000e+01 9.348314e+01 8.348314e+00 -1.968510e-01
7.540000e+01 1.282870e+02 1.182870e+01 -2.575044e-01
7.550000e+01 6.153936e+01 5.153936e+00 -2.065496e-01
7.560000e+01 9.171557e+01 8.171557e+00 -4.551250e-03
7.570000e+01 9.058111e+01 8.058111e+00 9.083232e-02
7.580000e+01 1.124642e+02 1.024642e+01 7.789169e-02
7.590000e+01 1.021814e+02 9.218144e+00 1.811237e-02
7.600000e+01 9.210031e+01 8.210031e+00 6.881464e-02
7.610000e+01 3.638115e+01 2.638115e+00 4.021959e-01
7.620000e+01 8.186289e+01 7.186289e+00 7.729006e-01
7.630000e+01 9.973471e+01 8.973471e+00 9.092257e-01
7.640000e+01 6.267770e+01 5.267770e+00 1.093493e+00
7.650000e+01 7.873090e+01 6.873090e+00 1.375099e+00
7.660000e+01 7.211540e+01 6.211540e+00 1.604627e+00
7.670000e+01 1.184420e+02 1.084420e+01 1.675816e+00
7.680000e+01 6.331837e+01 5.331837e+00 1.769679e+00
7.690000e+01 1.113885e+02 1.013885e+01 1.837072e+00
7.700000e+01 1.729946e+02 1.629946e+01 1.447347e+00
7.710000e+01 1.549324e+02 1.449324e+01 8.685516e-01
7.720000e+01 8.364854e+01 7.364854e+00 6.659843e-01
7.730000e+01 8.406719e+01 7.406719e+00 7.802988e-01
7.740000e+01 1.136287e+02 1.036287e+01 7.946556e-01
7.750000e+01 1.093358e+02 9.933575e+00 7.130111e-01
7.760000e+01 7.506506e+01 6.506506e+00 7.582239e-01
7.770000e+01 1.340305e+02 1.240305e+01 7.086875e-01
7.780000e+01 1.076609e+02 9.766093e+00 5.345323e-01
7.790000e+01 1.001885e+02 9.018855e+00 4.806355e-01
7.800000e+01 9.184180e+01 8.184180e+00 5.387909e-01
7.810000e+01 5.755327e+01 4.755327e+00 7.576045e-01
7.820000e+01 1.188515e+02 1.088515e+01 8.619483e-01
7.830000e+01 1.099898e+02 9.998979e+00 7.687333e-01
7.840000e+01 7.012350e+01 6.012350e+00 8.529789e-01
7.850000e+01 8.762259e+01 7.762259e+00 1.039390e+00
7.860000e+01 1.005494e+02 9.054939e+00 1.112076e+00
7.870000e+01 9.390207e+01 8.390207e+00 1.147314e+00
7.880000e+01 8.463442e+01 7.463442e+00 1.263323e+00
7.890000e+01 6.645244e+01 5.645244e+00 1.478297e+00
7.900000e+01 1.129187e+02 1.029187e+01 1.591747e+00
7.910000e+01 8.318892e+01 7.318892e+00 1.596568e+00
7.920000e+01 1.566980e+02 1.466980e+01 1.400802e+00
7.930000e+01 1.159036e+02 1.059036e+01 1.071117e+00
7.940000e+01 1.220340e+02 1.120340e+01 8.727166e-01
7.950000e+01 9.177281e+01 8.177281e+00 7.996852e-01
7.960000e+01 1.151024e+02 1.051024e+01 7.450101e-01
7.970000e+01 1.179995e+02 1.079995e+01 6.185052e-01
7.980000e+01 6.709234e+01 5.709234e+00 6.812391e-01
7.990000e+01 9.338350e+01 8.338350e+00 8.438358e-01
8.000000e+01 1.112478e+02 1.012478e+01 8.576634e-01
8.010000e+01 6.672960e+01 5.672960e+00 9.664574e-01
8.020000e+01 8.708938e+01 7.708938e+00 1.161126e+00
8.030000e+01 1.135178e+02 1.035178e+01 1.184759e+00
8.040000e+01 8.376416e+01 7.376416e+00 1.207819e+00
8.050000e+01 8.740483e+01 7.740483e+00 1.337066e+00
8.060000e+01 8.738433e+01 7.738433e+00 1.458991e+00
8.070000e+01 1.066592e+02 9.665920e+00 1.474249e+00
8.080000e+01 1.310686e+02 1.210686e+01 1.311879e+00
8.090000e+01 9.924242e+01 8.924242e+00 1.163844e+00
8.100000e+01 1.100346e+02 1.000346e+01 1.118451e+00
8.110000e+01 7.719731e+01 6.719731e+00 1.177320e+00
8.120000e+01 1.005930e+02 9.059303e+00 1.275803e+00
8.130000e+01 9.291180e+01 8.291180e+00 1.316667e+00
8.140000e+01 1.000899e+02 9.008995e+00 1.363225e+00
8.150000e+01 6.344076e+01 5.344076e+00 1.552986e+00
8.160000e+01 6.085511e+01 5.085511e+00 1.899357e+00
8.170000e+01 8.706786e+01 7.706786e+00 2.162369e+00
8.180000e+01 9.039687e+01 8.039687e+00 2.253943e+00
8.190000e+01 1.574137e+02 1.474137e+01 2.027221e+00
8.200000e+01 1.288929e+02 1.188929e+01 1.647082e+00
8.210000e+01 9.257795e+01 8.257795e+00 1.513159e+00
8.220000e+01 1.104527e+02 1.004527e+01 1.487422e+00
8.230000e+01 1.039133e+02 9.391332e+00 1.409052e+00
8.240000e+01 1.377478e+02 1.277478e+01 1.198165e+00
8.250000e+01 1.294008e+02 1.194008e+01 9.064365e-01
8.260000e+01 7.120790e+01 6.120790e+00 9.090090e-01
8.270000e+01 4.921021e+01 3.921021e+00 1.269775e+00
8.280000e+01 7.098068e+01 6.098068e+00 1.654476e+00
8.290000e+01 8.260493e+01 7.260493e+00 1.900295e+00
8.300000e+01 8.004064e+01 7.004064e+00 2.073396e+00
8.310000e+01 1.190219e+02 1.090219e+01 2.076598e+00
8.320000e+01 1.122448e+02 1.022448e+01 1.967537e+00
8.330000e+01 5.910849e+01 4.910849e+00 2.080379e+00
8.340000e+01 1.132715e+02 1.032715e+01 2.180934e+00
8.350000e+01 1.388812e+02 1.288812e+01 1.957673e+00
8.360000e+01 1.141433e+02 1.041433e+01 1.727626e+00
8.370000e+01 6.603022e+01 5.603022e+00 1.788920e+00
8.380000e+01 1.187196e+02 1.087196e+01 1.845800e+00
8.390000e+01 1.102567e+02 1.002567e+01 1.737991e+00
8.400000e+01 9.431386e+01 8.431386e+00 1.690347e+00
8.410000e+01 1.306643e+02 1.206643e+01 1.560469e+00
8.420000e+01 1.252959e+02 1.152959e+01 1.309379e+00
8.430000e+01 1.051056e+02 9.510564e+00 1.141683e+00
8.440000e+01 1.297928e+02 1.197928e+01 9.519383e-01
8.450000e+01 1.412398e+02 1.312398e+01 6.207241e-01
8.460000e+01 1.133788e+02 1.033788e+01 3.720584e-01
8.470000e+01 7.407342e+01 6.407342e+00 4.122625e-01
8.480000e+01 8.969579e+01 7.969579e+00 5.867244e-01
8.490000e+01 6.912388e+01 5.912388e+00 7.898320e-01
8.500000e+01 9.439110e+01 8.439110e+00 9.599510e-01
8.510000e+01 9.494263e+01 8.494263e+00 1.032178e+00
8.520000e+01 8.739021e+01 7.739021e+00 1.104936e+00
8.530000e+01 1.151472e+02 1.051472e+01 1.096005e+00
8.540000e+01 1.003458e+02 9.034581e+00 1.037002e+00
8.550000e+01 8.818633e+01 7.818633e+00 1.097663e+00
8.560000e+01 6.300072e+01 5.300072e+00 1.337219e+00
8.570000e+01 6.559015e+01 5.559015e+00 1.669605e+00
8.580000e+01 8.911631e+01 7.911631e+00 1.907572e+00
8.590000e+01 7.409850e+01 6.409850e+00 2.084636e+00
8.600000e+01 1.109058e+02 1.009058e+01 2.151890e+00
8.610000e+01 1.086292e+02 9.862916e+00 2.077810e+00
8.620000e+01 9.984828e+01 8.984828e+00 2.028313e+00
8.630000e+01 1.070195e+02 9.701952e+00 1.994780e+00
8.640000e+01 9.840486e+01 8.840486e+00 1.967690e+00
8.650000e+01 1.081145e+02 9.811447e+00 1.921186e+00
8.660000e+01 1.249927e+02 1.149927e+01 1.772680e+00
8.670000e+01 1.012762e+02 9.127617e+00 1.646280e+00
8.680000e+01 1.050023e+02 9.500235e+00 1.614612e+00
8.690000e+01 7.859495e+01 6.859495e+00 1.702963e+00
8.700000e+01 7.676160e+01 6.676160e+00 1.895999e+00
8.710000e+01 1.065136e+02 9.651360e+00 1.996630e+00
8.720000e+01 7.809175e+01 6.809175e+00 2.068316e+00
8.730000e+01 1.123446e+02 1.023446e+01 2.124034e+00
8.740000e+01 6.867273e+01 5.867273e+00 2.221299e+00
8.750000e+01 1.001508e+02 9.015084e+00 2.361105e+00
8.760000e+01 8.535096e+01 7.535096e+00 2.446034e+00
8.770000e+01 1.014837e+02 9.148370e+00 2.483237e+00
8.780000e+01 1.366614e+02 1.266614e+01 2.326277e+00
8.790000e+01 8.190565e+01 7.190565e+00 2.264684e+00
8.800000e+01 5.674856e+01 4.674856e+00 2.513619e+00
8.810000e+01 1.152805e+02 1.052805e+01 2.657888e+00
8.820000e+01 8.965474e+01 7.965474e+00 2.648507e+00
8.830000e+01 1.174854e+02 1.074854e+01 2.600336e+00
8.840000e+01 1.094035e+02 9.940349e+00 2.488974e+00
8.850000e+01 9.651924e+01 8.651924e+00 2.444691e+00
8.860000e+01 1.111702e+02 1.011702e+01 2.415620e+00
8.870000e+01 8.193567e+01 7.193567e+00 2.455128e+00
8.880000e+01 8.588916e+01 7.588916e+00 2.604088e+00
8.890000e+01 8.039059e+01 7.039059e+00 2.771042e+00
8.900000e+01 9.353751e+01 8.353751e+00 2.886782e+00
8.910000e+01 1.150231e+02 1.050231e+01 2.861623e+00
8.920000e+01 9.113905e+01 8.113905e+00 2.846792e+00
8.930000e+01 7.952916e+01 6.952916e+00 2.977217e+00
8.940000e+01 8.438248e+01 7.438248e+00 3.165067e+00
8.950000e+01 6.429278e+01 5.429278e+00 3.402427e+00
8.960000e+01 1.113008e+02 1.013008e+01 3.506412e+00
8.970000e+01 1.250846e+02 1.150846e+01 3.362933e+00
8.980000e+01 9.390918e+01 8.390918e+00 3.277676e+00
8.990000e+01 8.256287e+01 7.256287e+00 3.378895e+00
9.000000e+01 8.562883e+01 7.562883e+00 3.533006e+00
9.010000e+01 8.810134e+01 7.810134e+00 3.658505e+00
9.020000e+01 1.066138e+02 9.661378e+00 3.675325e+00
9.030000e+01 1.238243e+02 1.138243e+01 3.556274e+00
9.040000e+01 7.335981e+01 6.335981e+00 3.575592e+00
9.050000e+01 8.262159e+01 7.262159e+00 3.752226e+00
9.060000e+01 1.163088e+02 1.063088e+01 3.783680e+00
9.070000e+01 7.760970e+01 6.760970e+00 3.829097e+00
9.080000e+01 7.721564e+01 6.721564e+00 4.030180e+00
9.090000e+01 9.523786e+01 8.523786e+00 4.135000e+00
9.100000e+01 1.604071e+02 1.504071e+01 3.903181e+00
9.110000e+01 7.780512e+01 6.780512e+00 3.751697e+00
9.120000e+01 6.792864e+01 5.792864e+00 3.951956e+00
9.130000e+01 1.181887e+02 1.081887e+01 4.046925e+00
9.140000e+01 7.334243e+01 6.334243e+00 4.084156e+00
9.150000e+01 1.252535e+02 1.152535e+01 4.095903e+00
9.160000e+01 6.912885e+01 5.912885e+00 4.143288e+00
9.170000e+01 8.491936e+01 7.491936e+00 4.349398e+00
9.180000e+01 7.055203e+01 6.055203e+00 4.589009e+00
9.190000e+01 5.646270e+01 4.646270e+00 4.949537e+00
9.200000e+01 5.438500e+01 4.438500e+00 5.359625e+00
9.210000e+01 1.129298e+02 1.029298e+01 5.533130e+00
9.220000e+01 9.673242e+01 8.673242e+00 5.489667e+00
9.230000e+01 1.385562e+02 1.285562e+01 5.335639e+00
9.240000e+01 7.081756e+01 6.081756e+00 5.308972e+00
9.250000e+01 7.362564e+01 6.362564e+00 5.553930e+00
9.260000e+01 6.904582e+01 5.904582e+00 5.842093e+00
9.270000e+01 7.827093e+01 6.827093e+00 6.088627e+00
9.280000e+01 1.127278e+02 1.027278e+01 6.111792e+00
9.290000e+01 1.603922e+02 1.503922e+01 5.798841e+00
9.300000e+01 8.774522e+01 7.774522e+00 5.569019e+00
9.310000e+01 1.067019e+02 9.670186e+00 5.575495e+00
9.320000e+01 7.507906e+01 6.507906e+00 5.673737e+00
9.330000e+01 8.816795e+01 7.816795e+00 5.835695e+00
9.340000e+01 9.873475e+01 8.873475e+00 5.904924e+00
9.350000e+01 1.053359e+02 9.533587e+00 5.902481e+00
9.360000e+01 7.932441e+01 6.932441e+00 5.968688e+00
9.370000e+01 1.050769e+02 9.507686e+00 6.045187e+00
9.380000e+01 8.239143e+01 7.239143e+00 6.115592e+00
9.390000e+01 9.574393e+01 8.574393e+00 6.209217e+00
9.400000e+01 1.015260e+02 9.152601e+00 6.235417e+00
9.410000e+01 9.021152e+01 8.021152e+00 6.285252e+00
9.420000e+01 7.960851e+01 6.960851e+00 6.416104e+00
9.430000e+01 1.078143e+02 9.781435e+00 6.477514e+00
9.440000e+01 1.076548e+02 9.765476e+00 6.388624e+00
9.450000e+01 1.536350e+02 1.436350e+01 6.114968e+00
9.460000e+01 8.266651e+01 7.266651e+00 5.953966e+00
9.470000e+01 9.019856e+01 8.019856e+00 6.041393e+00
9.480000e+01 1.113563e+02 1.013563e+01 6.052967e+00
9.490000e+01 8.668242e+01 7.668242e+00 6.073972e+00
9.500000e+01 8.488389e+01 7.488389e+00 6.183637e+00
9.510000e+01 1.285588e+02 1.185588e+01 6.106876e+00
9.520000e+01 1.486300e+02 1.386300e+01 5.745179e+00
9.530000e+01 1.383068e+02 1.283068e+01 5.337283e+00
9.540000e+01 9.957299e+01 8.957299e+00 5.134135e+00
9.550000e+01 1.202479e+02 1.102479e+01 5.008034e+00
9.560000e+01 1.318680e+02 1.218680e+01 4.783319e+00
9.570000e+01 8.714263e+01 7.714263e+00 4.675525e+00
9.580000e+01 1.170770e+02 1.070770e+01 4.648101e+00
9.590000e+01 9.218255e+01 8.218255e+00 4.588835e+00
9.600000e+01 1.496853e+02 1.396853e+01 4.380818e+00
9.610000e+01 1.191457e+02 1.091457e+01 4.060518e+00
9.620000e+01 1.305826e+02 1.205826e+01 3.799910e+00
9.630000e+01 1.158180e+02 1.058180e+01 3.581150e+00
9.640000e+01 1.086286e+02 9.862858e+00 3.435892e+00
9.650000e+01 1.368385e+02 1.268385e+01 3.213228e+00
9.660000e+01 1.220299e+02 1.120299e+01 2.937310e+00
9.670000e+01 1.103997e+02 1.003997e+01 2.776027e+00
9.680000e+01 8.953325e+01 7.953325e+00 2.779438e+00
9.690000e+01 7.461608e+01 6.461608e+00 2.944523e+00
9.700000e+01 8.342607e+01 7.342607e+00 3.146460e+00
9.710000e+01 8.837248e+01 7.837248e+00 3.284296e+00
9.720000e+01 1.043637e+02 9.436370e+00 3.323458e+00
9.730000e+01 1.022226e+02 9.222262e+00 3.301411e+00
9.740000e+01 9.317147e+01 8.317147e+00 3.332432e+00
9.750000e+01 7.599375e+01 6.599375e+00 3.466226e+00
9.760000e+01 1.100287e+02 1.000287e+01 3.530920e+00
9.770000e+01 1.006721e+02 9.067207e+00 3.504700e+00
9.780000e+01 8.639898e+01 7.639898e+00 3.536571e+00
9.790000e+01 1.372322e+02 1.272322e+01 3.426369e+00
9.800000e+01 1.104648e+02 1.004648e+01 3.208663e+00
9.810000e+01 1.149605e+02 1.049605e+01 3.086310e+00
9.820000e+01 7.315518e+01 6.315518e+00 3.150472e+00
9.830000e+01 7.175532e+01 6.175532e+00 3.406066e+00
9.840000e+01 6.954061e+01 5.954061e+00 3.698136e+00
9.850000e+01 7.535979e+01 6.535979e+00 3.978865e+00
9.860000e+01 5.908341e+01 4.908341e+00 4.309215e+00
9.870000e+01 7.040185e+01 6.040185e+00 4.605419e+00
9.880000e+01 1.688707e+02 1.588707e+01 4.421668e+00
9.890000e+01 1.504462e+02 1.404462e+01 3.901995e+00
9.900000e+01 8.821263e+01 7.821263e+00 3.692386e+00
9.910000e+01 9.926152e+01 8.926152e+00 3.705506e+00
9.920000e+01 1.396422e+02 1.296422e+01 3.539049e+00
9.930000e+01 9.538366e+01 8.538366e+00 3.392173e+00
9.940000e+01 7.616081e+01 6.616081e+00 3.508665e+00
9.950000e+01 8.035546e+01 7.035546e+00 3.725771e+00
9.960000e+01 6.689906e+01 5.689906e+00 3.992634e+00
9.970000e+01 6.564822e+01 5.564822e+00 4.315320e+00
9.980000e+01 8.664925e+01 7.664925e+00 4.531685e+00
9.990000e+01 1.303592e+02 1.203592e+01 4.470961e+00
1.000000e+02 9.759794e+01 8.759794e+00 4.362513e+00
