0.000000e+00 1.100350e+02 1.000350e+01 -1.267580e+01
1.000000e-01 1.210490e+02 1.110490e+01 -1.280528e+01
2.000000e-01 6.915507e+01 5.915507e+00 -1.276934e+01
3.000000e-01 1.071643e+02 9.716428e+00 -1.267101e+01
4.000000e-01 9.060647e+01 8.060647e+00 -1.262063e+01
5.000000e-01 5.875697e+01 4.875697e+00 -1.240263e+01
6.000000e-01 1.073403e+02 9.734033e+00 -1.223665e+01
7.000000e-01 8.489316e+01 7.489316e+00 -1.216997e+01
8.000000e-01 8.225528e+01 7.225528e+00 -1.204190e+01
9.000000e-01 1.305991e+02 1.205991e+01 -1.210849e+01
1.000000e+00 1.321763e+02 1.221763e+01 -1.237991e+01
1.100000e+00 9.398873e+01 8.398873e+00 -1.252261e+01
1.200000e+00 1.165415e+02 1.065415e+01 -1.259447e+01
1.300000e+00 1.153505e+02 1.053505e+01 -1.272287e+01
1.400000e+00 7.658352e+01 6.658352e+00 -1.268451e+01
1.500000e+00 8.078570e+01 7.078570e+00 -1.251187e+01
1.600000e+00 1.250300e+02 1.150300e+01 -1.252335e+01
1.700000e+00 9.192462e+01 8.192462e+00 -1.257527e+01
1.800000e+00 7.598737e+01 6.598737e+00 -1.246900e+01
1.900000e+00 1.437590e+02 1.337590e+01 -1.253903e+01
2.000000e+00 7.060873e+01 6.060873e+00 -1.256617e+01
2.100000e+00 4.860193e+01 3.860193e+00 -1.221595e+01
2.200000e+00 8.375773e+01 7.375773e+00 -1.190173e+01
2.300000e+00 1.172875e+02 1.072875e+01 -1.187684e+01
2.400000e+00 9.103779e+01 8.103779e+00 -1.190875e+01
2.500000e+00 1.000607e+02 9.006066e+00 -1.186858e+01
2.600000e+00 7.773710e+01 6.773710e+00 -1.173986e+01
2.700000e+00 5.379362e+01 4.379362e+00 -1.141292e+01
2.800000e+00 6.504382e+01 5.504382e+00 -1.103853e+01
2.900000e+00 1.112338e+02 1.012338e+01 -1.092435e+01
3.000000e+00 1.307717e+02 1.207717e+01 -1.109812e+01
3.100000e+00 9.792815e+01 8.792815e+00 -1.122415e+01
3.200000e+00 8.146314e+01 7.146314e+00 -1.115382e+01
3.300000e+00 1.110577e+02 1.010577e+01 -1.110324e+01
3.400000e+00 7.148109e+01 6.148109e+00 -1.100359e+01
3.500000e+00 7.532710e+01 6.532710e+00 -1.075407e+01
3.600000e+00 6.791385e+01 5.791385e+00 -1.047481e+01
3.700000e+00 8.783992e+01 7.783992e+00 -1.026816e+01
3.800000e+00 1.103333e+02 1.003333e+01 -1.025749e+01
3.900000e+00 1.265589e+02 1.165589e+01 -1.041585e+01
4.000000e+00 8.829614e+01 7.829614e+00 -1.047022e+01
4.100000e+00 6.966734e+01 5.966734e+00 -1.031126e+01
4.200000e+00 1.328448e+02 1.228448e+01 -1.032152e+01
4.300000e+00 1.144486e+02 1.044486e+01 -1.052033e+01
4.400000e+00 9.243737e+01 8.243737e+00 -1.053547e+01
4.500000e+00 3.527936e+01 2.527936e+00 -1.021385e+01
4.600000e+00 9.612531e+01 8.612531e+00 -9.891021e+00
4.700000e+00 8.633616e+01 7.633616e+00 -9.790102e+00
4.800000e+00 1.215498e+02 1.115498e+01 -9.823148e+00
4.900000e+00 9.500206e+01 8.500206e+00 -9.902674e+00
5.000000e+00 1.212234e+02 1.112234e+01 -9.969240e+00
5.100000e+00 6.047925e+01 5.047925e+00 -9.875903e+00
5.200000e+00 9.553703e+01 8.553703e+00 -9.719775e+00
5.300000e+00 1.544777e+02 1.444777e+01 -9.914525e+00
5.400000e+00 8.390247e+01 7.390247e+00 -1.008267e+01
5.500000e+00 8.734154e+01 7.734154e+00 -9.972791e+00
5.600000e+00 8.267607e+01 7.267607e+00 -9.816234e+00
5.700000e+00 8.063576e+01 7.063576e+00 -9.641406e+00
5.800000e+00 9.419116e+01 8.419116e+00 -9.529097e+00
5.900000e+00 1.184165e+02 1.084165e+01 -9.564731e+00
6.000000e+00 7.032067e+01 6.032067e+00 -9.481931e+00
6.100000e+00 4.778113e+01 3.778113e+00 -9.141123e+00
6.200000e+00 1.397416e+02 1.297416e+01 -9.087028e+00
6.300000e+00 1.347023e+02 1.247023e+01 -9.386844e+00
6.400000e+00 7.543269e+01 6.543269e+00 -9.432884e+00
6.500000e+00 5.292286e+01 4.292286e+00 -9.105072e+00
6.600000e+00 5.652757e+01 4.652757e+00 -8.648410e+00
6.700000e+00 3.297725e+01 2.297725e+00 -8.109351e+00
6.800000e+00 7.019494e+01 6.019494e+00 -7.660652e+00
6.900000e+00 1.184806e+02 1.084806e+01 -7.580282e+00
7.000000e+00 1.074940e+02 9.749399e+00 -7.680963e+00
7.100000e+00 9.262552e+01 8.262552e+00 -7.696597e+00
7.200000e+00 1.100112e+02 1.000112e+01 -7.719146e+00
7.300000e+00 1.154276e+02 1.054276e+01 -7.832808e+00
7.400000e+00 1.050112e+02 9.501121e+00 -7.925562e+00
7.500000e+00 8.496288e+01 7.496288e+00 -7.862145e+00
7.600000e+00 5.050404e+01 4.050404e+00 -7.571347e+00
7.700000e+00 1.025358e+02 9.253576e+00 -7.372636e+00
7.800000e+00 1.385041e+02 1.285041e+01 -7.528398e+00
7.900000e+00 9.535510e+01 8.535510e+00 -7.696489e+00
8.000000e+00 1.187725e+02 1.087725e+01 -7.769898e+00
8.100000e+00 7.941543e+01 6.941543e+00 -7.744531e+00
8.200000e+00 7.234769e+01 6.234769e+00 -7.517365e+00
8.300000e+00 5.822958e+01 4.822958e+00 -7.170993e+00
8.400000e+00 5.793016e+01 4.793016e+00 -6.760188e+00
8.500000e+00 5.988924e+01 4.988924e+00 -6.345170e+00
8.600000e+00 5.244546e+01 4.244546e+00 -5.910147e+00
8.700000e+00 6.625319e+01 5.625319e+00 -5.528647e+00
8.800000e+00 1.053826e+02 9.538263e+00 -5.362004e+00
8.900000e+00 7.423129e+01 6.423129e+00 -5.261067e+00
9.000000e+00 1.060705e+02 9.607048e+00 -5.142427e+00
9.100000e+00 3.168937e+01 2.168937e+00 -4.825939e+00
9.200000e+00 6.017211e+01 5.017211e+00 -4.338548e+00
9.300000e+00 9.072273e+01 8.072273e+00 -4.079197e+00
9.400000e+00 1.044029e+02 9.440285e+00 -4.058468e+00
9.500000e+00 1.291951e+02 1.191951e+01 -4.182791e+00
9.600000e+00 5.156275e+01 4.156275e+00 -4.077626e+00
9.700000e+00 6.121722e+01 5.121722e+00 -3.702177e+00
9.800000e+00 1.057177e+02 9.571768e+00 -3.524692e+00
9.900000e+00 9.785712e+01 8.785712e+00 -3.514686e+00
1.000000e+01 7.807944e+01 6.807944e+00 -3.387131e+00
1.010000e+01 5.537833e+01 4.537833e+00 -3.075988e+00
1.020000e+01 8.024647e+01 7.024647e+00 -2.764263e+00
1.030000e+01 8.411557e+01 7.411557e+00 -2.586031e+00
1.040000e+01 1.056725e+02 9.567250e+00 -2.519166e+00
1.050000e+01 8.160169e+01 7.160169e+00 -2.471994e+00
1.060000e+01 1.282181e+02 1.182181e+01 -2.491565e+00
1.070000e+01 4.377303e+01 3.377303e+00 -2.339837e+00
1.080000e+01 6.772453e+01 5.772453e+00 -1.930791e+00
1.090000e+01 4.569650e+01 3.569650e+00 -1.481224e+00
1.100000e+01 4.844799e+01 3.844799e+00 -9.751520e-01
1.110000e+01 6.511025e+01 5.511025e+00 -5.260434e-01
1.120000e+01 4.097506e+01 3.097506e+00 -7.142224e-02
1.130000e+01 9.174711e+01 8.174711e+00 2.301571e-01
1.140000e+01 1.344741e+02 1.244741e+01 1.468600e-01
1.150000e+01 8.755510e+01 7.755510e+00 6.011112e-02
1.160000e+01 7.919594e+01 6.919594e+00 1.875022e-01
1.170000e+01 1.114454e+02 1.014454e+01 2.240576e-01
1.180000e+01 1.288830e+02 1.188830e+01 4.383971e-02
1.190000e+01 1.127621e+02 1.027621e+01 -1.396339e-01
1.200000e+01 7.551704e+01 6.551704e+00 -8.492712e-02
1.210000e+01 6.697062e+01 5.697062e+00 1.797209e-01
1.220000e+01 8.198847e+01 7.198847e+00 4.172862e-01
1.230000e+01 1.110123e+02 1.010123e+01 4.750764e-01
1.240000e+01 7.354540e+01 6.354540e+00 5.859584e-01
1.250000e+01 3.900832e+01 2.900832e+00 9.697739e-01
1.260000e+01 1.070491e+02 9.704909e+00 1.238793e+00
1.270000e+01 7.467213e+01 6.467213e+00 1.377721e+00
1.280000e+01 5.135837e+01 4.135837e+00 1.707660e+00
1.290000e+01 9.361832e+01 8.361832e+00 1.974718e+00
1.300000e+01 9.171522e+01 8.171522e+00 2.074757e+00
1.310000e+01 7.830141e+01 6.830141e+00 2.218557e+00
1.320000e+01 9.301194e+01 8.301194e+00 2.323149e+00
1.330000e+01 1.537602e+02 1.437602e+01 2.134005e+00
1.340000e+01 7.463943e+01 6.463943e+00 2.031293e+00
1.350000e+01 5.521512e+01 4.521512e+00 2.329705e+00
1.360000e+01 7.813683e+01 6.813683e+00 2.656671e+00
1.370000e+01 8.300852e+01 7.300852e+00 2.853265e+00
1.380000e+01 9.881009e+01 8.881009e+00 2.955849e+00
1.390000e+01 7.412997e+01 6.412997e+00 3.115842e+00
1.400000e+01 4.157704e+01 3.157704e+00 3.508270e+00
1.410000e+01 7.849928e+01 6.849928e+00 3.878470e+00
1.420000e+01 1.078066e+02 9.780655e+00 3.975845e+00
1.430000e+01 8.632835e+01 7.632835e+00 4.017271e+00
1.440000e+01 9.306438e+01 8.306438e+00 4.079150e+00
1.450000e+01 1.508440e+02 1.408440e+01 3.888137e+00
1.460000e+01 9.713058e+01 8.713058e+00 3.690335e+00
1.470000e+01 7.134669e+01 6.134669e+00 3.803008e+00
1.480000e+01 1.007969e+02 9.079693e+00 3.946950e+00
1.490000e+01 7.730591e+01 6.730591e+00 4.050679e+00
1.500000e+01 1.153092e+02 1.053092e+01 4.091514e+00
1.510000e+01 8.225829e+01 7.225829e+00 4.115905e+00
1.520000e+01 1.001191e+02 9.011907e+00 4.176093e+00
1.530000e+01 1.194778e+02 1.094778e+01 4.092072e+00
1.540000e+01 1.121067e+02 1.021067e+01 3.947274e+00
1.550000e+01 1.023115e+02 9.231146e+00 3.864937e+00
1.560000e+01 1.145512e+02 1.045512e+01 3.784563e+00
1.570000e+01 9.265877e+01 8.265877e+00 3.778003e+00
1.580000e+01 4.483864e+01 3.483864e+00 4.078867e+00
1.590000e+01 4.658474e+01 3.658474e+00 4.595426e+00
1.600000e+01 5.455005e+01 4.455005e+00 5.095779e+00
1.610000e+01 5.065614e+01 4.065614e+00 5.555466e+00
1.620000e+01 9.080659e+01 8.080659e+00 5.827735e+00
1.630000e+01 1.267732e+02 1.167732e+01 5.771772e+00
1.640000e+01 9.849295e+01 8.849295e+00 5.673676e+00
1.650000e+01 7.436415e+01 6.436415e+00 5.784978e+00
1.660000e+01 9.313931e+01 8.313931e+00 5.940573e+00
1.670000e+01 8.751974e+01 7.751974e+00 6.041298e+00
1.680000e+01 1.008616e+02 9.086159e+00 6.089802e+00
1.690000e+01 1.104373e+02 1.004373e+01 6.055439e+00
1.700000e+01 7.687969e+01 6.687969e+00 6.130537e+00
1.710000e+01 6.429631e+01 5.429631e+00 6.393306e+00
1.720000e+01 9.342553e+01 8.342553e+00 6.602027e+00
1.730000e+01 9.366655e+01 8.366655e+00 6.669209e+00
1.740000e+01 1.108261e+02 1.008261e+01 6.673888e+00
1.750000e+01 5.693052e+01 4.693052e+00 6.821382e+00
1.760000e+01 1.031781e+02 9.317808e+00 6.994183e+00
1.770000e+01 1.009684e+02 9.096840e+00 7.006584e+00
1.780000e+01 8.290844e+01 7.290844e+00 7.091475e+00
1.790000e+01 6.817061e+01 5.817061e+00 7.312993e+00
1.800000e+01 1.010837e+02 9.108372e+00 7.457815e+00
1.810000e+01 1.032170e+02 9.321704e+00 7.462313e+00
1.820000e+01 8.451514e+01 7.451514e+00 7.523010e+00
1.830000e+01 8.369566e+01 7.369566e+00 7.668071e+00
1.840000e+01 1.012941e+02 9.129414e+00 7.715382e+00
1.850000e+01 1.545734e+02 1.445734e+01 7.466974e+00
1.860000e+01 1.062344e+02 9.623437e+00 7.200338e+00
1.870000e+01 7.863538e+01 6.863538e+00 7.260055e+00
1.880000e+01 5.869847e+01 4.869847e+00 7.561255e+00
1.890000e+01 6.186429e+01 5.186429e+00 7.951650e+00
1.900000e+01 5.662547e+01 4.662547e+00 8.359458e+00
1.910000e+01 6.401696e+01 5.401696e+00 8.740461e+00
1.920000e+01 8.984131e+01 7.984131e+00 8.976255e+00
1.930000e+01 8.948353e+01 7.948353e+00 9.080569e+00
1.940000e+01 1.137874e+02 1.037874e+01 9.060441e+00
1.950000e+01 1.147095e+02 1.047095e+01 8.947200e+00
1.960000e+01 8.279526e+01 7.279526e+00 8.945382e+00
1.970000e+01 1.072947e+02 9.729471e+00 8.995461e+00
1.980000e+01 7.536420e+01 6.536420e+00 9.091300e+00
1.990000e+01 8.590591e+01 7.590591e+00 9.261352e+00
2.000000e+01 9.666363e+01 8.666363e+00 9.366440e+00
2.010000e+01 7.626183e+01 6.626183e+00 9.498661e+00
2.020000e+01 9.012700e+01 8.012700e+00 9.660203e+00
2.030000e+01 8.368774e+01 7.368774e+00 9.796602e+00
2.040000e+01 8.716286e+01 7.716286e+00 9.942448e+00
2.050000e+01 7.981906e+01 6.981906e+00 1.010247e+01
2.060000e+01 9.662948e+01 8.662948e+00 1.020837e+01
2.070000e+01 1.126795e+02 1.026795e+01 1.017247e+01
2.080000e+01 1.072907e+02 9.729071e+00 1.008710e+01
2.090000e+01 9.096728e+01 8.096728e+00 1.009089e+01
2.100000e+01 9.919042e+01 8.919042e+00 1.011245e+01
2.110000e+01 1.384735e+02 1.284735e+01 9.943187e+00
2.120000e+01 1.038578e+02 9.385777e+00 9.774851e+00
2.130000e+01 5.283340e+01 4.283340e+00 9.969414e+00
2.140000e+01 6.320339e+01 5.320339e+00 1.034923e+01
2.150000e+01 1.007862e+02 9.078621e+00 1.052776e+01
2.160000e+01 1.168983e+02 1.068983e+01 1.046391e+01
2.170000e+01 1.009553e+02 9.095529e+00 1.038146e+01
2.180000e+01 1.033408e+02 9.334083e+00 1.034064e+01
2.190000e+01 1.207857e+02 1.107857e+01 1.024875e+01
2.200000e+01 6.658592e+01 5.658592e+00 1.031549e+01
2.210000e+01 7.625315e+01 6.625315e+00 1.057208e+01
2.220000e+01 8.182640e+01 7.182640e+00 1.078070e+01
2.230000e+01 1.017249e+02 9.172489e+00 1.085710e+01
2.240000e+01 1.126620e+02 1.026620e+01 1.081136e+01
2.250000e+01 8.163306e+01 7.163306e+00 1.083374e+01
2.260000e+01 1.007387e+02 9.073870e+00 1.091805e+01
2.270000e+01 7.690335e+01 6.690335e+00 1.103847e+01
2.280000e+01 8.555897e+01 7.555897e+00 1.119294e+01
2.290000e+01 1.266161e+02 1.166161e+01 1.114320e+01
2.300000e+01 1.144876e+02 1.044876e+01 1.095723e+01
2.310000e+01 1.187098e+02 1.087098e+01 1.076045e+01
2.320000e+01 1.619955e+02 1.519955e+01 1.038683e+01
2.330000e+01 1.045646e+02 9.456463e+00 1.007514e+01
2.340000e+01 1.109850e+02 1.009850e+01 9.942105e+00
2.350000e+01 1.528450e+02 1.428450e+01 9.673539e+00
2.360000e+01 6.831103e+01 5.831103e+00 9.560489e+00
2.370000e+01 1.182816e+02 1.082816e+01 9.603445e+00
2.380000e+01 8.142836e+01 7.142836e+00 9.627044e+00
2.390000e+01 9.589052e+01 8.589052e+00 9.713802e+00
2.400000e+01 1.074413e+02 9.744129e+00 9.698590e+00
2.410000e+01 1.267235e+02 1.167235e+01 9.528544e+00
2.420000e+01 1.291406e+02 1.191406e+01 9.275462e+00
2.430000e+01 9.613694e+01 8.613694e+00 9.144105e+00
2.440000e+01 1.044689e+02 9.446893e+00 9.135366e+00
2.450000e+01 8.455002e+01 7.455002e+00 9.185159e+00
2.460000e+01 1.133081e+02 1.033081e+01 9.156406e+00
2.470000e+01 1.675902e+02 1.575902e+01 8.795454e+00
2.480000e+01 1.072436e+02 9.724364e+00 8.456015e+00
2.490000e+01 8.523329e+01 7.523329e+00 8.468583e+00
2.500000e+01 7.240400e+01 6.240400e+00 8.667419e+00
2.510000e+01 8.844479e+01 7.844479e+00 8.839214e+00
2.520000e+01 1.229999e+02 1.129999e+01 8.798636e+00
2.530000e+01 1.066936e+02 9.669357e+00 8.667010e+00
2.540000e+01 1.023616e+02 9.236164e+00 8.620323e+00
2.550000e+01 8.731586e+01 7.731586e+00 8.668091e+00
2.560000e+01 9.199615e+01 8.199615e+00 8.767518e+00
2.570000e+01 8.571419e+01 7.571419e+00 8.883632e+00
2.580000e+01 7.889378e+01 6.889378e+00 9.065696e+00
2.590000e+01 6.947711e+01 5.947711e+00 9.281677e+00
2.600000e+01 1.498558e+02 1.398558e+01 9.183719e+00
2.610000e+01 1.414706e+02 1.314706e+01 8.781601e+00
2.620000e+01 1.064730e+02 9.647299e+00 8.546591e+00
2.630000e+01 8.628485e+01 7.628485e+00 8.539840e+00
2.640000e+01 1.409551e+02 1.309551e+01 8.405848e+00
2.650000e+01 1.158893e+02 1.058893e+01 8.166843e+00
2.660000e+01 7.578845e+01 6.578845e+00 8.199364e+00
2.670000e+01 7.193023e+01 6.193023e+00 8.409289e+00
2.680000e+01 1.368884e+02 1.268884e+01 8.382945e+00
2.690000e+01 1.044965e+02 9.449655e+00 8.188847e+00
2.700000e+01 1.360118e+02 1.260118e+01 7.995511e+00
2.710000e+01 8.232056e+01 7.232056e+00 7.908811e+00
2.720000e+01 1.020583e+02 9.205826e+00 7.985872e+00
2.730000e+01 5.157572e+01 4.157572e+00 8.200788e+00
2.740000e+01 1.134960e+02 1.034960e+01 8.349056e+00
2.750000e+01 1.125909e+02 1.025909e+01 8.251393e+00
2.760000e+01 1.141273e+02 1.041273e+01 8.116982e+00
2.770000e+01 1.033962e+02 9.339622e+00 8.035846e+00
2.780000e+01 1.033540e+02 9.335397e+00 7.961851e+00
2.790000e+01 1.653220e+02 1.553220e+01 7.663719e+00
2.800000e+01 7.164366e+01 6.164366e+00 7.515201e+00
2.810000e+01 6.342005e+01 5.342005e+00 7.765383e+00
2.820000e+01 1.180946e+02 1.080946e+01 7.853695e+00
2.830000e+01 1.297412e+02 1.197412e+01 7.644340e+00
2.840000e+01 1.145832e+02 1.045832e+01 7.450180e+00
2.850000e+01 6.946305e+01 5.946305e+00 7.506476e+00
2.860000e+01 9.863550e+01 8.863550e+00 7.662932e+00
2.870000e+01 6.225891e+01 5.225891e+00 7.868274e+00
2.880000e+01 7.700404e+01 6.700404e+00 8.143622e+00
2.890000e+01 9.607002e+01 8.607002e+00 8.280791e+00
2.900000e+01 1.105858e+02 1.005858e+01 8.259183e+00
2.910000e+01 9.977623e+01 8.977623e+00 8.222492e+00
2.920000e+01 8.593567e+01 7.593567e+00 8.274097e+00
2.930000e+01 1.134208e+02 1.034208e+01 8.269849e+00
2.940000e+01 1.214796e+02 1.114796e+01 8.092654e+00
2.950000e+01 1.490293e+02 1.390293e+01 7.769039e+00
2.960000e+01 9.705677e+01 8.705677e+00 7.546856e+00
2.970000e+01 1.022582e+02 9.225820e+00 7.543140e+00
2.980000e+01 6.920738e+01 5.920738e+00 7.655726e+00
2.990000e+01 1.434555e+02 1.334555e+01 7.573058e+00
3.000000e+01 1.447531e+02 1.347531e+01 7.185268e+00
3.010000e+01 1.129859e+02 1.029859e+01 6.898218e+00
3.020000e+01 9.971101e+01 8.971101e+00 6.833006e+00
3.030000e+01 7.263466e+01 6.263466e+00 6.973594e+00
3.040000e+01 5.690178e+01 4.690178e+00 7.310047e+00
3.050000e+01 6.542241e+01 5.542241e+00 7.680246e+00
3.060000e+01 9.204870e+01 8.204870e+00 7.884646e+00
3.070000e+01 1.193943e+02 1.093943e+01 7.833073e+00
3.080000e+01 1.352055e+02 1.252055e+01 7.566301e+00
3.090000e+01 1.444504e+02 1.344504e+01 7.186825e+00
3.100000e+01 1.211834e+02 1.111834e+01 6.857849e+00
3.110000e+01 1.270907e+02 1.170907e+01 6.624279e+00
3.120000e+01 8.735737e+01 7.735737e+00 6.553622e+00
3.130000e+01 9.299494e+01 8.299494e+00 6.632856e+00
3.140000e+01 8.814746e+01 7.814746e+00 6.744293e+00
3.150000e+01 6.437197e+01 5.437197e+00 6.972175e+00
3.160000e+01 7.698961e+01 6.698961e+00 7.254325e+00
3.170000e+01 7.767037e+01 6.767037e+00 7.485373e+00
3.180000e+01 8.517190e+01 7.517190e+00 7.655550e+00
3.190000e+01 1.208945e+02 1.108945e+01 7.612011e+00
3.200000e+01 1.510964e+02 1.410964e+01 7.290204e+00
3.210000e+01 1.100620e+02 1.000620e+01 6.985348e+00
3.220000e+01 1.331507e+02 1.231507e+01 6.761773e+00
3.230000e+01 1.015501e+02 9.155011e+00 6.619462e+00
3.240000e+01 6.569644e+01 5.569644e+00 6.763911e+00
3.250000e+01 7.124756e+01 6.124756e+00 7.050485e+00
3.260000e+01 1.056787e+02 9.567872e+00 7.143806e+00
3.270000e+01 1.525840e+02 1.425840e+01 6.895002e+00
3.280000e+01 1.007979e+02 9.079794e+00 6.643468e+00
3.290000e+01 1.086338e+02 9.863382e+00 6.584616e+00
3.300000e+01 8.305453e+01 7.305453e+00 6.602165e+00
3.310000e+01 1.477866e+02 1.377866e+01 6.433592e+00
3.320000e+01 1.439695e+02 1.339695e+01 6.028957e+00
3.330000e+01 1.048461e+02 9.484611e+00 5.759039e+00
3.340000e+01 1.473371e+02 1.373371e+01 5.478796e+00
3.350000e+01 1.474946e+02 1.374946e+01 5.044284e+00
3.360000e+01 1.109689e+02 1.009689e+01 4.746854e+00
3.370000e+01 1.191807e+02 1.091807e+01 4.571226e+00
3.380000e+01 1.326006e+02 1.226006e+01 4.328579e+00
3.390000e+01 1.111442e+02 1.011442e+01 4.117147e+00
3.400000e+01 1.041750e+02 9.417497e+00 4.043174e+00
3.410000e+01 7.993830e+01 6.993830e+00 4.108851e+00
3.420000e+01 9.954722e+01 8.954722e+00 4.214443e+00
3.430000e+01 7.381696e+01 6.381696e+00 4.336227e+00
3.440000e+01 1.188141e+02 1.088141e+01 4.362985e+00
3.450000e+01 1.096411e+02 9.964107e+00 4.252497e+00
3.460000e+01 9.212555e+01 8.212555e+00 4.236521e+00
3.470000e+01 9.420666e+01 8.420666e+00 4.291226e+00
3.480000e+01 1.024489e+02 9.244890e+00 4.333275e+00
3.490000e+01 5.616573e+01 4.616573e+00 4.518844e+00
3.500000e+01 1.170736e+02 1.070736e+01 4.594723e+00
3.510000e+01 1.817075e+02 1.717075e+01 4.165069e+00
3.520000e+01 1.191476e+02 1.091476e+01 3.670848e+00
3.530000e+01 1.539252e+02 1.439252e+01 3.282897e+00
3.540000e+01 1.318157e+02 1.218157e+01 2.882089e+00
3.550000e+01 1.179851e+02 1.079851e+01 2.614959e+00
3.560000e+01 1.240053e+02 1.140053e+01 2.418086e+00
3.570000e+01 8.642641e+01 7.642641e+00 2.372682e+00
3.580000e+01 8.078254e+01 7.078254e+00 2.502163e+00
3.590000e+01 1.161962e+02 1.061962e+01 2.515492e+00
3.600000e+01 1.087651e+02 9.876505e+00 2.444834e+00
3.610000e+01 3.906320e+01 2.906320e+00 2.669236e+00
3.620000e+01 1.024323e+02 9.243233e+00 2.929533e+00
3.630000e+01 1.040891e+02 9.408909e+00 2.916508e+00
3.640000e+01 1.316609e+02 1.216609e+01 2.744716e+00
3.650000e+01 1.093001e+02 9.930012e+00 2.564199e+00
3.660000e+01 8.679677e+01 7.679677e+00 2.583130e+00
3.670000e+01 6.254245e+01 5.254245e+00 2.819873e+00
3.680000e+01 8.167220e+01 7.167220e+00 3.068953e+00
3.690000e+01 1.189063e+02 1.089063e+01 3.082307e+00
3.700000e+01 1.062684e+02 9.626836e+00 2.972875e+00
3.710000e+01 1.102492e+02 1.002492e+01 2.869620e+00
3.720000e+01 1.354201e+02 1.254201e+01 2.649001e+00
3.730000e+01 1.289918e+02 1.189918e+01 2.328448e+00
3.740000e+01 1.425163e+02 1.325163e+01 2.003069e+00
3.750000e+01 6.879318e+01 5.879318e+00 1.944849e+00
3.760000e+01 9.009278e+01 8.009278e+00 2.101562e+00
3.770000e+01 1.127986e+02 1.027986e+01 2.111177e+00
3.780000e+01 9.327947e+01 8.327947e+00 2.089554e+00
3.790000e+01 9.038466e+01 8.038466e+00 2.172134e+00
3.800000e+01 7.249092e+01 6.249092e+00 2.334740e+00
3.810000e+01 1.220308e+02 1.120308e+01 2.337971e+00
3.820000e+01 1.528866e+02 1.428866e+01 1.995665e+00
3.830000e+01 1.340980e+02 1.240980e+01 1.592607e+00
3.840000e+01 9.273502e+01 8.273502e+00 1.450995e+00
3.850000e+01 9.082854e+01 8.082854e+00 1.501354e+00
3.860000e+01 1.152554e+02 1.052554e+01 1.480819e+00
3.870000e+01 9.653933e+01 8.653933e+00 1.432911e+00
3.880000e+01 9.699569e+01 8.699569e+00 1.461522e+00
3.890000e+01 7.953674e+01 6.953674e+00 1.597829e+00
3.900000e+01 4.705673e+01 3.705673e+00 1.935897e+00
3.910000e+01 9.132734e+01 8.132734e+00 2.212164e+00
3.920000e+01 1.293618e+02 1.193618e+01 2.119841e+00
3.930000e+01 1.493495e+02 1.393495e+01 1.766941e+00
3.940000e+01 9.342721e+01 8.342721e+00 1.584594e+00
3.950000e+01 4.806820e+01 3.806820e+00 1.839158e+00
3.960000e+01 7.149554e+01 6.149554e+00 2.204727e+00
3.970000e+01 1.102007e+02 1.002007e+01 2.302131e+00
3.980000e+01 1.200073e+02 1.100073e+01 2.181901e+00
3.990000e+01 9.770275e+01 8.770275e+00 2.077419e+00
4.000000e+01 1.318957e+02 1.218957e+01 1.940988e+00
4.010000e+01 8.730178e+01 7.730178e+00 1.861202e+00
4.020000e+01 8.570147e+01 7.570147e+00 1.985504e+00
4.030000e+01 6.772538e+01 5.772538e+00 2.184063e+00
4.040000e+01 1.368389e+02 1.268389e+01 2.177749e+00
4.050000e+01 8.440422e+01 7.440422e+00 2.101648e+00
4.060000e+01 9.210699e+01 8.210699e+00 2.201413e+00
4.070000e+01 6.745334e+01 5.745334e+00 2.409520e+00
4.080000e+01 7.491768e+01 6.491768e+00 2.669501e+00
4.090000e+01 9.949565e+01 8.949565e+00 2.826572e+00
4.100000e+01 5.315577e+01 4.315577e+00 3.062303e+00
4.110000e+01 7.817070e+01 6.817070e+00 3.381534e+00
4.120000e+01 7.950677e+01 6.950677e+00 3.601224e+00
4.130000e+01 1.015435e+02 9.154349e+00 3.656471e+00
4.140000e+01 1.755204e+02 1.655204e+01 3.306926e+00
4.150000e+01 1.236216e+02 1.136216e+01 2.853167e+00
4.160000e+01 1.080128e+02 9.801284e+00 2.668637e+00
4.170000e+01 1.048759e+02 9.487594e+00 2.593537e+00
4.180000e+01 1.188954e+02 1.088954e+01 2.473519e+00
4.190000e+01 1.135804e+02 1.035804e+01 2.337000e+00
4.200000e+01 7.474797e+01 6.474797e+00 2.394888e+00
4.210000e+01 6.884199e+01 5.884199e+00 2.653599e+00
4.220000e+01 8.237474e+01 7.237474e+00 2.884031e+00
4.230000e+01 1.053407e+02 9.534072e+00 2.959892e+00
4.240000e+01 9.223351e+01 8.223351e+00 2.964731e+00
4.250000e+01 1.305115e+02 1.205115e+01 2.837762e+00
4.260000e+01 1.406165e+02 1.306165e+01 2.514144e+00
4.270000e+01 1.126612e+02 1.026612e+01 2.259022e+00
4.280000e+01 9.743554e+01 8.743554e+00 2.182897e+00
4.290000e+01 1.236627e+02 1.136627e+01 2.067218e+00
4.300000e+01 1.311240e+02 1.211240e+01 1.808539e+00
4.310000e+01 1.290859e+02 1.190859e+01 1.498356e+00
4.320000e+01 1.515030e+02 1.415030e+01 1.105270e+00
4.330000e+01 1.243747e+02 1.143747e+01 7.546071e-01
4.340000e+01 9.279826e+01 8.279826e+00 6.365459e-01
4.350000e+01 1.227206e+02 1.127206e+01 5.777777e-01
4.360000e+01 5.847076e+01 4.847076e+00 6.691026e-01
4.370000e+01 9.991702e+01 8.991702e+00 8.331819e-01
4.380000e+01 1.157503e+02 1.057503e+01 8.083357e-01
4.390000e+01 5.848792e+01 4.848792e+00 9.240992e-01
4.400000e+01 9.325691e+01 8.325691e+00 1.145420e+00
4.410000e+01 7.693441e+01 6.693441e+00 1.317273e+00
4.420000e+01 7.050326e+01 6.050326e+00 1.566196e+00
4.430000e+01 7.946019e+01 6.946019e+00 1.805089e+00
4.440000e+01 1.011395e+02 9.113951e+00 1.898789e+00
4.450000e+01 1.174949e+02 1.074949e+01 1.803519e+00
4.460000e+01 1.478741e+02 1.378741e+01 1.471606e+00
4.470000e+01 1.608645e+02 1.508645e+01 9.941626e-01
4.480000e+01 5.882773e+01 4.882773e+00 8.770060e-01
4.490000e+01 1.062258e+02 9.622576e+00 1.010902e+00
4.500000e+01 8.614076e+01 7.614076e+00 1.078994e+00
4.510000e+01 8.723102e+01 7.723102e+00 1.179567e+00
4.520000e+01 1.223085e+02 1.123085e+01 1.148981e+00
4.530000e+01 9.757593e+01 8.757593e+00 1.046810e+00
4.540000e+01 1.324496e+02 1.224496e+01 9.035999e-01
4.550000e+01 8.912049e+01 7.912049e+00 8.226998e-01
4.560000e+01 7.275029e+01 6.275029e+00 9.802711e-01
4.570000e+01 9.606913e+01 8.606913e+00 1.122442e+00
4.580000e+01 1.083114e+02 9.831142e+00 1.135126e+00
4.590000e+01 6.312652e+01 5.312652e+00 1.268333e+00
4.600000e+01 9.313205e+01 8.313205e+00 1.466648e+00
4.610000e+01 8.763091e+01 7.763091e+00 1.584974e+00
4.620000e+01 7.896007e+01 6.896007e+00 1.736784e+00
4.630000e+01 1.007712e+02 9.077118e+00 1.832047e+00
4.640000e+01 1.068503e+02 9.685033e+00 1.806645e+00
4.650000e+01 1.001319e+02 9.013195e+00 1.782145e+00
4.660000e+01 8.617874e+01 7.617874e+00 1.829654e+00
4.670000e+01 1.235400e+02 1.135400e+01 1.770934e+00
4.680000e+01 1.287611e+02 1.187611e+01 1.543659e+00
4.690000e+01 9.233384e+01 8.233384e+00 1.460953e+00
4.700000e+01 4.674661e+01 3.674661e+00 1.745215e+00
4.710000e+01 5.548282e+01 4.548282e+00 2.198632e+00
4.720000e+01 8.926979e+01 7.926979e+00 2.465042e+00
4.730000e+01 1.211695e+02 1.111695e+01 2.436113e+00
4.740000e+01 1.029866e+02 9.298662e+00 2.331814e+00
4.750000e+01 1.048779e+02 9.487791e+00 2.258732e+00
4.760000e+01 1.456383e+02 1.356383e+01 2.045531e+00
4.770000e+01 6.987767e+01 5.987767e+00 1.984350e+00
4.780000e+01 7.602841e+01 6.602841e+00 2.209689e+00
4.790000e+01 9.402776e+01 8.402776e+00 2.351255e+00
4.800000e+01 1.191140e+02 1.091140e+01 2.321914e+00
4.810000e+01 6.134309e+01 5.134309e+00 2.419247e+00
4.820000e+01 8.708723e+01 7.708723e+00 2.648001e+00
4.830000e+01 8.564031e+01 7.564031e+00 2.798405e+00
4.840000e+01 9.540641e+01 8.540641e+00 2.862481e+00
4.850000e+01 1.492433e+02 1.392433e+01 2.662371e+00
4.860000e+01 1.114090e+02 1.014090e+01 2.392152e+00
4.870000e+01 9.569637e+01 8.569637e+00 2.336278e+00
4.880000e+01 9.515570e+01 8.515570e+00 2.369104e+00
4.890000e+01 1.168720e+02 1.068720e+01 2.288300e+00
4.900000e+01 1.521822e+02 1.421822e+01 1.981128e+00
4.910000e+01 9.924318e+01 8.924318e+00 1.728606e+00
4.920000e+01 1.187697e+02 1.087697e+01 1.622881e+00
4.930000e+01 1.021037e+02 9.210370e+00 1.504150e+00
4.940000e+01 1.507430e+02 1.407430e+01 1.260805e+00
4.950000e+01 8.826720e+01 7.826720e+00 1.084428e+00
4.960000e+01 1.026541e+02 9.265414e+00 1.093330e+00
4.970000e+01 1.070441e+02 9.704409e+00 1.066629e+00
4.980000e+01 8.427740e+01 7.427740e+00 1.114911e+00
4.990000e+01 7.257927e+01 6.257927e+00 1.328491e+00
5.000000e+01 5.572510e+01 4.572510e+00 1.679223e+00
5.010000e+01 6.431040e+01 5.431040e+00 2.053638e+00
5.020000e+01 1.043954e+02 9.439539e+00 2.200070e+00
5.030000e+01 1.318996e+02 1.218996e+01 2.052185e+00
5.040000e+01 1.019005e+02 9.190046e+00 1.895029e+00
5.050000e+01 9.890317e+01 8.890317e+00 1.890477e+00
5.060000e+01 6.673104e+01 5.673104e+00 2.063400e+00
5.070000e+01 7.040148e+01 6.040148e+00 2.341744e+00
5.080000e+01 1.054467e+02 9.544667e+00 2.492300e+00
5.090000e+01 5.419471e+01 4.419471e+00 2.700078e+00
5.100000e+01 7.234996e+01 6.234996e+00 3.052211e+00
5.110000e+01 5.415229e+01 4.415229e+00 3.403156e+00
5.120000e+01 1.171879e+02 1.071879e+01 3.514329e+00
5.130000e+01 1.588177e+02 1.488177e+01 3.180700e+00
5.140000e+01 1.280456e+02 1.180456e+01 2.770102e+00
5.150000e+01 1.129418e+02 1.029418e+01 2.552444e+00
5.160000e+01 1.059617e+02 9.596171e+00 2.452607e+00
5.170000e+01 1.078486e+02 9.784864e+00 2.368150e+00
5.180000e+01 1.313914e+02 1.213914e+01 2.185090e+00
5.190000e+01 1.035311e+02 9.353105e+00 2.036606e+00
5.200000e+01 7.514029e+01 6.514029e+00 2.112202e+00
5.210000e+01 1.139439e+02 1.039439e+01 2.137138e+00
5.220000e+01 1.428707e+02 1.328707e+01 1.906077e+00
5.230000e+01 7.672099e+01 6.672099e+00 1.805173e+00
5.240000e+01 1.095785e+02 9.957852e+00 1.834044e+00
5.250000e+01 1.213679e+02 1.113679e+01 1.701150e+00
5.260000e+01 1.226432e+02 1.126432e+01 1.457743e+00
5.270000e+01 1.729950e+02 1.629950e+01 1.000200e+00
5.280000e+01 1.318759e+02 1.218759e+01 5.039039e-01
5.290000e+01 1.236380e+02 1.136380e+01 2.032519e-01
5.300000e+01 1.256191e+02 1.156191e+01 -4.084723e-02
5.310000e+01 1.147479e+02 1.047479e+01 -2.308672e-01
5.320000e+01 9.621762e+01 8.621762e+00 -3.079009e-01
5.330000e+01 1.264787e+02 1.164787e+01 -4.104339e-01
5.340000e+01 8.969222e+01 7.969222e+00 -4.892625e-01
5.350000e+01 1.151323e+02 1.051323e+01 -5.251247e-01
5.360000e+01 1.020963e+02 9.209631e+00 -6.090285e-01
5.370000e+01 1.243035e+02 1.143035e+01 -7.300841e-01
5.380000e+01 8.261658e+01 7.261658e+00 -7.470177e-01
5.390000e+01 7.540278e+01 6.540278e+00 -5.789874e-01
5.400000e+01 1.162639e+02 1.062639e+01 -5.346757e-01
5.410000e+01 1.070162e+02 9.701625e+00 -6.239200e-01
5.420000e+01 9.300468e+01 8.300468e+00 -6.399071e-01
5.430000e+01 1.115108e+02 1.015108e+01 -6.598392e-01
5.440000e+01 9.361219e+01 8.361219e+00 -6.792881e-01
5.450000e+01 1.034951e+02 9.349510e+00 -6.859140e-01
5.460000e+01 1.238413e+02 1.138413e+01 -8.053063e-01
5.470000e+01 1.028979e+02 9.289792e+00 -9.352916e-01
5.480000e+01 1.085273e+02 9.852733e+00 -9.808381e-01
5.490000e+01 6.463030e+01 5.463030e+00 -8.500622e-01
5.500000e+01 7.639412e+01 6.639412e+00 -5.622174e-01
5.510000e+01 4.679270e+01 3.679270e+00 -1.761932e-01
5.520000e+01 6.122013e+01 5.122013e+00 2.550467e-01
5.530000e+01 9.193793e+01 8.193793e+00 4.812761e-01
5.540000e+01 1.240961e+02 1.140961e+01 4.302410e-01
5.550000e+01 8.891885e+01 7.891885e+00 3.957829e-01
5.560000e+01 5.599084e+01 4.599084e+00 6.477542e-01
5.570000e+01 7.146279e+01 6.146279e+00 9.742657e-01
5.580000e+01 1.148322e+02 1.048322e+01 1.062362e+00
5.590000e+01 9.420303e+01 8.420303e+00 1.026589e+00
5.600000e+01 1.143249e+02 1.043249e+01 9.859986e-01
5.610000e+01 8.317037e+01 7.317037e+00 1.015301e+00
5.620000e+01 7.682591e+01 6.682591e+00 1.180997e+00
5.630000e+01 1.090963e+02 9.909631e+00 1.262777e+00
5.640000e+01 8.988970e+01 7.988970e+00 1.256079e+00
5.650000e+01 1.434051e+02 1.334051e+01 1.085658e+00
5.660000e+01 1.310150e+02 1.210150e+01 7.416874e-01
5.670000e+01 1.235939e+02 1.135939e+01 4.773086e-01
5.680000e+01 9.527581e+01 8.527581e+00 3.493230e-01
5.690000e+01 1.533372e+02 1.433372e+01 1.235183e-01
5.700000e+01 9.027145e+01 8.027145e+00 -6.661665e-02
5.710000e+01 9.049496e+01 8.049496e+00 1.033448e-02
5.720000e+01 6.259989e+01 5.259989e+00 2.363021e-01
5.730000e+01 9.046863e+01 8.046863e+00 4.460179e-01
5.740000e+01 1.134771e+02 1.034771e+01 4.324843e-01
5.750000e+01 1.301827e+02 1.201827e+01 2.353402e-01
5.760000e+01 1.050179e+02 9.501787e+00 6.955564e-02
5.770000e+01 1.000120e+02 9.001203e+00 2.666616e-02
5.780000e+01 1.128222e+02 1.028222e+01 -4.703960e-02
5.790000e+01 1.241994e+02 1.141994e+01 -1.998239e-01
5.800000e+01 7.453649e+01 6.453649e+00 -2.093262e-01
5.810000e+01 1.160355e+02 1.060355e+01 -1.805730e-01
5.820000e+01 1.043524e+02 9.435239e+00 -2.632675e-01
5.830000e+01 1.091043e+02 9.910428e+00 -3.268470e-01
5.840000e+01 8.445844e+01 7.445844e+00 -2.947997e-01
5.850000e+01 9.299840e+01 8.299840e+00 -1.932261e-01
5.860000e+01 8.805366e+01 7.805366e+00 -9.310563e-02
5.870000e+01 9.494041e+01 8.494041e+00 -3.384944e-02
5.880000e+01 1.340305e+02 1.240305e+01 -1.435681e-01
5.890000e+01 7.238786e+01 6.238786e+00 -1.683903e-01
5.900000e+01 9.417674e+01 8.417674e+00 -2.654976e-02
5.910000e+01 8.095151e+01 7.095151e+00 1.079358e-01
5.920000e+01 9.478190e+01 8.478190e+00 1.939802e-01
5.930000e+01 1.478150e+02 1.378150e+01 1.559241e-03
5.940000e+01 1.196215e+02 1.096215e+01 -2.986536e-01
5.950000e+01 9.368424e+01 8.368424e+00 -3.779191e-01
5.960000e+01 8.646686e+01 7.646686e+00 -2.867882e-01
5.970000e+01 8.256122e+01 7.256122e+00 -1.417045e-01
5.980000e+01 9.824197e+01 8.824197e+00 -5.797016e-02
5.990000e+01 1.225860e+02 1.125860e+01 -1.618137e-01
6.000000e+01 1.339627e+02 1.239627e+01 -4.186590e-01
6.010000e+01 1.063787e+02 9.637873e+00 -6.252007e-01
6.020000e+01 1.215122e+02 1.115122e+01 -7.620830e-01
6.030000e+01 9.129985e+01 8.129985e+00 -8.283366e-01
6.040000e+01 1.093628e+02 9.936276e+00 -8.300917e-01
6.050000e+01 7.883858e+01 6.883858e+00 -7.882579e-01
6.060000e+01 1.370582e+02 1.270582e+01 -8.835901e-01
6.070000e+01 1.320327e+02 1.220327e+01 -1.184865e+00
6.080000e+01 1.081157e+02 9.811570e+00 -1.409055e+00
6.090000e+01 1.399481e+02 1.299481e+01 -1.642766e+00
6.100000e+01 1.072892e+02 9.728917e+00 -1.866607e+00
6.110000e+01 1.094626e+02 9.946257e+00 -1.945206e+00
6.120000e+01 6.748303e+01 5.748303e+00 -1.852239e+00
6.130000e+01 1.217052e+02 1.117052e+01 -1.822453e+00
6.140000e+01 1.228130e+02 1.128130e+01 -1.996568e+00
6.150000e+01 8.768790e+01 7.768790e+00 -2.075594e+00
6.160000e+01 1.332212e+02 1.232212e+01 -2.181823e+00
6.170000e+01 1.038735e+02 9.387355e+00 -2.340074e+00
6.180000e+01 9.144100e+01 8.144100e+00 -2.313485e+00
6.190000e+01 5.310229e+01 4.310229e+00 -2.056329e+00
6.200000e+01 8.915404e+01 7.915404e+00 -1.793287e+00
6.210000e+01 9.815956e+01 8.815956e+00 -1.688477e+00
6.220000e+01 5.718495e+01 4.718495e+00 -1.484086e+00
6.230000e+01 1.019619e+02 9.196192e+00 -1.309443e+00
6.240000e+01 1.235036e+02 1.135036e+01 -1.414246e+00
6.250000e+01 1.223828e+02 1.123828e+01 -1.620410e+00
6.260000e+01 9.127712e+01 8.127712e+00 -1.695499e+00
6.270000e+01 1.051824e+02 9.518244e+00 -1.695596e+00
6.280000e+01 1.071822e+02 9.718222e+00 -1.737084e+00
6.290000e+01 8.685505e+01 7.685505e+00 -1.724924e+00
6.300000e+01 1.194133e+02 1.094133e+01 -1.752241e+00
6.310000e+01 9.389865e+01 8.389865e+00 -1.813190e+00
6.320000e+01 1.165784e+02 1.065784e+01 -1.881108e+00
6.330000e+01 1.191067e+02 1.091067e+01 -2.037540e+00
6.340000e+01 9.273069e+01 8.273069e+00 -2.065408e+00
6.350000e+01 3.140008e+01 2.140008e+00 -1.716684e+00
6.360000e+01 6.781037e+01 5.781037e+00 -1.239376e+00
6.370000e+01 6.823811e+01 5.823811e+00 -9.244081e-01
6.380000e+01 1.210247e+02 1.110247e+01 -8.712156e-01
6.390000e+01 1.112876e+02 1.012876e+01 -9.786740e-01
6.400000e+01 5.438761e+01 4.438761e+00 -8.141008e-01
6.410000e+01 5.511979e+01 4.511979e+00 -4.072337e-01
6.420000e+01 1.032464e+02 9.324640e+00 -2.290111e-01
6.430000e+01 1.632600e+02 1.532600e+01 -5.066494e-01
6.440000e+01 9.812170e+01 8.812170e+00 -7.911089e-01
6.450000e+01 1.082483e+02 9.824830e+00 -8.619589e-01
6.460000e+01 1.195704e+02 1.095704e+01 -9.957318e-01
6.470000e+01 1.258319e+02 1.158319e+01 -1.216089e+00
6.480000e+01 1.198622e+02 1.098622e+01 -1.437142e+00
6.490000e+01 1.077633e+02 9.776329e+00 -1.564683e+00
6.500000e+01 8.078049e+01 7.078049e+00 -1.518885e+00
6.510000e+01 9.116853e+01 8.116853e+00 -1.383208e+00
6.520000e+01 7.733317e+01 6.733317e+00 -1.233543e+00
6.530000e+01 1.049240e+02 9.492400e+00 -1.140569e+00
6.540000e+01 7.753373e+01 6.753373e+00 -1.032263e+00
6.550000e+01 7.187213e+01 6.187213e+00 -8.238922e-01
6.560000e+01 1.291011e+02 1.191011e+01 -8.154519e-01
6.570000e+01 1.025629e+02 9.256287e+00 -9.557222e-01
6.580000e+01 1.203876e+02 1.103876e+01 -1.085442e+00
6.590000e+01 1.245501e+02 1.145501e+01 -1.316838e+00
6.600000e+01 1.525302e+02 1.425302e+01 -1.664950e+00
6.610000e+01 7.771909e+01 6.771909e+00 -1.808530e+00
6.620000e+01 9.279637e+01 8.279637e+00 -1.710219e+00
6.630000e+01 1.162867e+02 1.062867e+01 -1.745069e+00
6.640000e+01 1.173579e+02 1.073579e+01 -1.901119e+00
6.650000e+01 1.122893e+02 1.022893e+01 -2.048805e+00
6.660000e+01 1.070766e+02 9.707658e+00 -2.127277e+00
6.670000e+01 6.571142e+01 5.571142e+00 -2.005559e+00
6.680000e+01 9.374777e+01 8.374777e+00 -1.833787e+00
6.690000e+01 1.133114e+02 1.033114e+01 -1.842196e+00
6.700000e+01 9.301748e+01 8.301748e+00 -1.879836e+00
6.710000e+01 1.212514e+02 1.112514e+01 -1.964396e+00
6.720000e+01 1.273340e+02 1.173340e+01 -2.186449e+00
6.730000e+01 1.102471e+02 1.002471e+01 -2.354558e+00
6.740000e+01 7.407587e+01 6.407587e+00 -2.290908e+00
6.750000e+01 8.622341e+01 7.622341e+00 -2.105360e+00
6.760000e+01 8.132317e+01 7.132317e+00 -1.949322e+00
6.770000e+01 1.082725e+02 9.827245e+00 -1.895140e+00
6.780000e+01 9.722262e+01 8.722262e+00 -1.910447e+00
6.790000e+01 9.951225e+01 8.951225e+00 -1.896924e+00
6.800000e+01 9.169623e+01 8.169623e+00 -1.856356e+00
6.810000e+01 1.047020e+02 9.470198e+00 -1.846309e+00
6.820000e+01 1.086027e+02 9.860269e+00 -1.890948e+00
6.830000e+01 8.057382e+01 7.057382e+00 -1.849350e+00
6.840000e+01 1.084688e+02 9.846885e+00 -1.806433e+00
6.850000e+01 1.026636e+02 9.266362e+00 -1.831677e+00
6.860000e+01 6.682596e+01 5.682596e+00 -1.668061e+00
6.870000e+01 3.823456e+01 2.823456e+00 -1.228950e+00
6.880000e+01 7.813487e+01 6.813487e+00 -8.240608e-01
6.890000e+01 7.912671e+01 6.912671e+00 -5.959836e-01
6.900000e+01 9.876044e+01 8.876044e+00 -5.122208e-01
6.910000e+01 1.418359e+02 1.318359e+01 -6.716675e-01
6.920000e+01 8.024090e+01 7.024090e+00 -7.923203e-01
6.930000e+01 1.377563e+02 1.277563e+01 -8.936260e-01
6.940000e+01 9.552065e+01 8.552065e+00 -1.026651e+00
6.950000e+01 9.242230e+01 8.242230e+00 -9.972066e-01
6.960000e+01 1.071148e+02 9.711483e+00 -9.979190e-01
6.970000e+01 1.147842e+02 1.047842e+01 -1.087215e+00
6.980000e+01 8.284112e+01 7.284112e+00 -1.059140e+00
6.990000e+01 5.924731e+01 4.924731e+00 -8.010578e-01
7.000000e+01 9.344124e+01 8.344124e+00 -5.802130e-01
7.010000e+01 1.020743e+02 9.207435e+00 -5.287597e-01
7.020000e+01 8.289549e+01 7.289549e+00 -4.704841e-01
7.030000e+01 1.171648e+02 1.071648e+01 -4.559719e-01
7.040000e+01 6.993036e+01 5.993036e+00 -3.834554e-01
7.050000e+01 8.852129e+01 7.852129e+00 -1.994058e-01
7.060000e+01 9.040274e+01 8.040274e+00 -1.030046e-01
7.070000e+01 1.324325e+02 1.224325e+01 -2.092391e-01
7.080000e+01 1.116113e+02 1.016113e+01 -4.027974e-01
7.090000e+01 1.057398e+02 9.573978e+00 -5.239979e-01
7.100000e+01 1.449031e+02 1.349031e+01 -7.485628e-01
7.110000e+01 8.352238e+01 7.352238e+00 -8.718573e-01
7.120000e+01 8.380032e+01 7.380032e+00 -7.417936e-01
7.130000e+01 8.732711e+01 7.732711e+00 -5.986417e-01
7.140000e+01 1.023834e+02 9.238339e+00 -5.661197e-01
7.150000e+01 1.366091e+02 1.266091e+01 -7.246709e-01
7.160000e+01 7.820580e+01 6.820580e+00 -7.880634e-01
7.170000e+01 8.852715e+01 7.852715e+00 -6.497174e-01
7.180000e+01 8.440815e+01 7.440815e+00 -5.066747e-01
7.190000e+01 8.751837e+01 7.751837e+00 -3.758787e-01
7.200000e+01 9.712413e+01 8.712413e+00 -2.880031e-01
7.210000e+01 8.386038e+01 7.386038e+00 -2.092217e-01
7.220000e+01 1.227912e+02 1.127912e+01 -2.333441e-01
7.230000e+01 9.037719e+01 8.037719e+00 -2.832957e-01
7.240000e+01 1.008988e+02 9.089885e+00 -2.706970e-01
7.250000e+01 1.271366e+02 1.171366e+01 -3.996457e-01
7.260000e+01 1.193118e+02 1.093118e+01 -6.193048e-01
7.270000e+01 1.151988e+02 1.051988e+01 -7.893323e-01
7.280000e+01 1.021033e+02 9.210331e+00 -8.806131e-01
7.290000e+01 1.038496e+02 9.384959e+00 -8.929002e-01
7.300000e+01 5.738635e+01 4.738635e+00 -7.150340e-01
7.310000e+01 9.652815e+01 8.652815e+00 -5.149963e-01
7.320000e+01 1.055381e+02 9.553809e+00 -4.777740e-01
7.330000e+01 5.463525e+01 4.463525e+00 -2.847582e-01
7.340000e+01 6.852643e+01 5.852643e+00 6.901519e-02
7.350000e+01 9.556503e+01 8.556503e+00 2.020672e-01
7.360000e+01 1.965093e+02 1.865093e+01 -1.867168e-01
7.370000e+01 7.581225e+01 6.581225e+00 -5.045662e-01
7.380000e+01 8.059749e+01 7.059749e+00 -3.397903e-01
7.390000e+01 6.961755e+01 5.961755e+00 -1.267254e-01
7.400000e+01 1.603995e+02 1.503995e+01 -2.697356e-01
7.410000e+01 1.277918e+02 1.177918e+01 -6.554694e-01
7.420000e+01 1.073735e+02 9.737349e+00 -8.474635e-01
7.430000e+01 9.649280e+01 8.649280e+00 -8.683590e-01
7.440000e+01 8.694683e+01 7.694683e+00 -8.017297e-01
7.450000e+01 1.147112e+02 1.047112e+01 -8.375042e-01
7.460000e+01 1.586287e+02 1.486287e+01 -1.167823e+00
7.470000e+01 1.122575e+02 1.022575e+01 -1.504118e+00
7.480000e+01 1.153713e+02 1.053713e+01 -1.661904e+00
7.490000e+01 1.042606e+02 9.426055e+00 -1.746202e+00
7.500000e+01 8.297491e+01 7.297491e+00 -1.685903e+00
7.510000e+01 8.111559e+01 7.111559e+00 -1.531505e+00
7.520000e+01 1.095256e+02 9.952562e+00 -1.466660e+00
7.530000e+01 7.301521e+01 6.301521e+00 -1.370330e+00
7.540000e+01 8.276379e+01 7.276379e+00 -1.171125e+00
7.550000e+01 9.008004e+01 8.008004e+00 -1.030982e+00
7.560000e+01 9.138860e+01 8.138860e+00 -9.233710e-01
7.570000e+01 7.191149e+01 6.191149e+00 -7.679539e-01
7.580000e+01 1.296424e+02 1.196424e+01 -7.807349e-01
7.590000e+01 1.221359e+02 1.121359e+01 -1.014421e+00
7.600000e+01 1.243272e+02 1.143272e+01 -1.227784e+00
7.610000e+01 7.399884e+01 6.399884e+00 -1.231014e+00
7.620000e+01 1.039070e+02 9.390696e+00 -1.150668e+00
7.630000e+01 1.139628e+02 1.039628e+01 -1.219192e+00
7.640000e+01 1.044917e+02 9.449171e+00 -1.300043e+00
7.650000e+01 8.842116e+01 7.842116e+00 -1.280283e+00
7.660000e+01 1.118325e+02 1.018325e+01 -1.286512e+00
7.670000e+01 1.049917e+02 9.499168e+00 -1.354145e+00
7.680000e+01 9.773253e+01 8.773253e+00 -1.375466e+00
7.690000e+01 9.910058e+01 8.910058e+00 -1.342698e+00
7.700000e+01 6.316250e+01 5.316250e+00 -1.179279e+00
7.710000e+01 1.190306e+02 1.090306e+01 -1.111186e+00
7.720000e+01 1.195297e+02 1.095297e+01 -1.252884e+00
7.730000e+01 8.346253e+01 7.346253e+00 -1.314274e+00
7.740000e+01 1.690868e+02 1.590868e+01 -1.573222e+00
7.750000e+01 1.246515e+02 1.146515e+01 -1.984487e+00
7.760000e+01 9.323437e+01 8.323437e+00 -2.094510e+00
7.770000e+01 8.385161e+01 7.385161e+00 -1.999413e+00
7.780000e+01 9.854304e+01 8.854304e+00 -1.911873e+00
7.790000e+01 9.317133e+01 8.317133e+00 -1.873856e+00
7.800000e+01 1.152247e+02 1.052247e+01 -1.913134e+00
7.810000e+01 1.000266e+02 9.002662e+00 -1.967563e+00
7.820000e+01 7.887746e+01 6.887746e+00 -1.872945e+00
7.830000e+01 8.338488e+01 7.338488e+00 -1.694074e+00
7.840000e+01 8.484341e+01 7.484341e+00 -1.530519e+00
7.850000e+01 7.967970e+01 6.967970e+00 -1.349812e+00
7.860000e+01 7.733287e+01 6.733287e+00 -1.156392e+00
7.870000e+01 1.164671e+02 1.064671e+01 -1.120830e+00
7.880000e+01 1.005777e+02 9.057772e+00 -1.168637e+00
7.890000e+01 6.624476e+01 5.624476e+00 -1.025306e+00
7.900000e+01 8.972988e+01 7.972988e+00 -8.103295e-01
7.910000e+01 7.374596e+01 6.374596e+00 -6.375208e-01
7.920000e+01 1.175923e+02 1.075923e+01 -5.903922e-01
7.930000e+01 9.002744e+01 8.002744e+00 -6.076554e-01
7.940000e+01 9.883225e+01 8.883225e+00 -5.916851e-01
7.950000e+01 1.452256e+02 1.352256e+01 -7.910001e-01
7.960000e+01 1.136994e+02 1.036994e+01 -1.059952e+00
7.970000e+01 1.080121e+02 9.801207e+00 -1.197023e+00
7.980000e+01 1.266851e+02 1.166851e+01 -1.348458e+00
7.990000e+01 8.159917e+01 7.159917e+00 -1.394825e+00
8.000000e+01 1.127179e+02 1.027179e+01 -1.398234e+00
8.010000e+01 1.280889e+02 1.180889e+01 -1.572953e+00
8.020000e+01 1.068682e+02 9.686817e+00 -1.748536e+00
8.030000e+01 1.120419e+02 1.020419e+01 -1.828023e+00
8.040000e+01 6.935146e+01 5.935146e+00 -1.775940e+00
8.050000e+01 1.587654e+02 1.487654e+01 -1.925606e+00
8.060000e+01 1.303664e+02 1.203664e+01 -2.307195e+00
8.070000e+01 9.078661e+01 8.078661e+00 -2.424262e+00
8.080000e+01 7.599221e+01 6.599221e+00 -2.277720e+00
8.090000e+01 8.237312e+01 7.237312e+00 -2.073178e+00
8.100000e+01 7.664440e+01 6.664440e+00 -1.867014e+00
8.110000e+01 8.540392e+01 7.540392e+00 -1.699288e+00
8.120000e+01 1.246191e+02 1.146191e+01 -1.744429e+00
8.130000e+01 1.204645e+02 1.104645e+01 -1.936334e+00
8.140000e+01 9.250131e+01 8.250131e+00 -2.018220e+00
8.150000e+01 1.174553e+02 1.074553e+01 -2.066986e+00
8.160000e+01 8.835657e+01 7.835657e+00 -2.085392e+00
8.170000e+01 9.716465e+01 8.716465e+00 -2.041170e+00
8.180000e+01 1.196706e+02 1.096706e+01 -2.106461e+00
8.190000e+01 9.529383e+01 8.529383e+00 -2.175767e+00
8.200000e+01 1.012780e+02 9.127803e+00 -2.160953e+00
8.210000e+01 8.300452e+01 7.300452e+00 -2.085588e+00
8.220000e+01 9.397243e+01 8.397243e+00 -1.965608e+00
8.230000e+01 7.034008e+01 6.034008e+00 -1.805864e+00
8.240000e+01 1.177989e+02 1.077989e+01 -1.737047e+00
8.250000e+01 7.180691e+01 6.180691e+00 -1.657976e+00
8.260000e+01 6.859309e+01 5.859309e+00 -1.395610e+00
8.270000e+01 9.108942e+01 8.108942e+00 -1.200517e+00
8.280000e+01 1.124020e+02 1.024020e+01 -1.233790e+00
8.290000e+01 1.678413e+02 1.578413e+01 -1.629808e+00
8.300000e+01 1.704186e+02 1.604186e+01 -2.263933e+00
8.310000e+01 1.072676e+02 9.726762e+00 -2.656104e+00
8.320000e+01 1.089247e+02 9.892474e+00 -2.745963e+00
8.330000e+01 6.319416e+01 5.319416e+00 -2.600937e+00
8.340000e+01 6.684671e+01 5.684671e+00 -2.309000e+00
8.350000e+01 1.354021e+02 1.254021e+01 -2.298801e+00
8.360000e+01 9.778809e+01 8.778809e+00 -2.423324e+00
8.370000e+01 8.192664e+01 7.192664e+00 -2.357301e+00
8.380000e+01 1.107750e+02 1.007750e+01 -2.321780e+00
8.390000e+01 9.971506e+01 8.971506e+00 -2.347321e+00
8.400000e+01 7.326163e+01 6.326163e+00 -2.222195e+00
8.410000e+01 8.149428e+01 7.149428e+00 -2.011116e+00
8.420000e+01 8.563000e+01 7.563000e+00 -1.834540e+00
8.430000e+01 7.404746e+01 6.404746e+00 -1.641613e+00
8.440000e+01 8.971341e+01 7.971341e+00 -1.445694e+00
8.450000e+01 5.174474e+01 4.174474e+00 -1.164128e+00
8.460000e+01 9.217656e+01 8.217656e+00 -9.067837e-01
8.470000e+01 9.916184e+01 8.916184e+00 -8.346077e-01
8.480000e+01 8.024242e+01 7.024242e+00 -7.112433e-01
8.490000e+01 4.231850e+01 3.231850e+00 -3.495293e-01
8.500000e+01 8.091937e+01 7.091937e+00 1.434099e-03
8.510000e+01 1.084370e+02 9.843700e+00 8.839469e-02
8.520000e+01 8.430394e+01 7.430394e+00 1.237524e-01
8.530000e+01 1.048262e+02 9.482616e+00 1.865851e-01
8.540000e+01 6.155734e+01 5.155734e+00 3.621312e-01
8.550000e+01 7.546795e+01 6.546795e+00 6.274862e-01
8.560000e+01 1.279310e+02 1.179310e+01 6.376468e-01
8.570000e+01 9.041703e+01 8.041703e+00 5.705631e-01
8.580000e+01 9.220191e+01 8.220191e+00 6.229477e-01
8.590000e+01 1.201811e+02 1.101811e+01 5.713424e-01
8.600000e+01 1.071092e+02 9.710924e+00 4.330363e-01
8.610000e+01 1.428669e+02 1.328669e+01 1.576487e-01
8.620000e+01 1.706889e+02 1.606889e+01 -3.462363e-01
8.630000e+01 7.721878e+01 6.721878e+00 -5.786784e-01
8.640000e+01 8.861674e+01 7.861674e+00 -4.647264e-01
8.650000e+01 1.093390e+02 9.933895e+00 -4.339299e-01
8.660000e+01 8.449850e+01 7.449850e+00 -3.797625e-01
8.670000e+01 5.552554e+01 4.552554e+00 -1.055483e-01
8.680000e+01 8.473171e+01 7.473171e+00 1.722449e-01
8.690000e+01 1.005393e+02 9.053927e+00 2.641957e-01
8.700000e+01 9.562299e+01 8.562299e+00 2.773519e-01
8.710000e+01 1.261706e+02 1.161706e+01 1.412306e-01
8.720000e+01 1.709693e+02 1.609693e+01 -2.964158e-01
8.730000e+01 9.898964e+01 8.898964e+00 -6.103194e-01
8.740000e+01 6.916593e+01 5.916593e+00 -4.943292e-01
8.750000e+01 8.027748e+01 7.027748e+00 -2.536591e-01
8.760000e+01 9.483305e+01 8.483305e+00 -1.676159e-01
8.770000e+01 1.751313e+02 1.651313e+01 -4.631438e-01
8.780000e+01 7.929324e+01 6.929324e+00 -7.069214e-01
8.790000e+01 9.824071e+01 8.824071e+00 -6.357378e-01
8.800000e+01 8.020369e+01 7.020369e+00 -5.224252e-01
8.810000e+01 1.034203e+02 9.342031e+00 -4.625453e-01
8.820000e+01 1.189657e+02 1.089657e+01 -5.404517e-01
8.830000e+01 8.267725e+01 7.267725e+00 -5.665217e-01
8.840000e+01 1.245817e+02 1.145817e+01 -5.961064e-01
8.850000e+01 8.015630e+01 7.015630e+00 -6.206785e-01
8.860000e+01 1.229293e+02 1.129293e+01 -6.410563e-01
8.870000e+01 8.497769e+01 7.497769e+00 -6.624748e-01
8.880000e+01 9.543937e+01 8.543937e+00 -5.795800e-01
8.890000e+01 8.068201e+01 7.068201e+00 -4.475789e-01
8.900000e+01 7.432246e+01 6.432246e+00 -2.479219e-01
8.910000e+01 1.087745e+02 9.877446e+00 -1.628154e-01
8.920000e+01 1.016368e+02 9.163680e+00 -1.926804e-01
8.930000e+01 9.489002e+01 8.489002e+00 -2.006123e-01
8.940000e+01 1.340403e+02 1.240403e+01 -3.387046e-01
8.950000e+01 1.182470e+02 1.082470e+01 -5.904169e-01
8.960000e+01 1.333169e+02 1.233169e+01 -8.409106e-01
8.970000e+01 1.018449e+02 9.184491e+00 -1.021826e+00
8.980000e+01 1.277621e+02 1.177621e+01 -1.175144e+00
8.990000e+01 1.053288e+02 9.532883e+00 -1.329208e+00
9.000000e+01 1.112704e+02 1.012704e+01 -1.418718e+00
9.010000e+01 9.471283e+01 8.471283e+00 -1.427808e+00
9.020000e+01 6.324536e+01 5.324536e+00 -1.239356e+00
9.030000e+01 9.380328e+01 8.380328e+00 -1.058794e+00
9.040000e+01 1.345972e+02 1.245972e+01 -1.181983e+00
9.050000e+01 1.290538e+02 1.190538e+01 -1.485551e+00
9.060000e+01 1.374902e+02 1.274902e+01 -1.827264e+00
9.070000e+01 1.443616e+02 1.343616e+01 -2.214449e+00
9.080000e+01 1.074732e+02 9.747318e+00 -2.471185e+00
9.090000e+01 1.136599e+02 1.036599e+01 -2.619114e+00
9.100000e+01 1.612715e+02 1.512715e+01 -2.980630e+00
9.110000e+01 1.450517e+02 1.350517e+01 -3.486559e+00
9.120000e+01 1.308695e+02 1.208695e+01 -3.845760e+00
9.130000e+01 7.250409e+01 6.250409e+00 -3.884004e+00
9.140000e+01 1.017948e+02 9.179479e+00 -3.770366e+00
9.150000e+01 7.751640e+01 6.751640e+00 -3.664732e+00
9.160000e+01 1.083445e+02 9.834451e+00 -3.608697e+00
9.170000e+01 1.095823e+02 9.958233e+00 -3.681715e+00
9.180000e+01 1.089281e+02 9.892806e+00 -3.764805e+00
9.190000e+01 8.322256e+01 7.322256e+00 -3.719030e+00
9.200000e+01 7.785082e+01 6.785082e+00 -3.568063e+00
9.210000e+01 1.375440e+02 1.275440e+01 -3.629064e+00
9.220000e+01 1.035593e+02 9.355931e+00 -3.812307e+00
9.230000e+01 1.172582e+02 1.072582e+01 -3.938001e+00
9.240000e+01 1.232936e+02 1.132936e+01 -4.137799e+00
9.250000e+01 1.346883e+02 1.246883e+01 -4.416301e+00
9.260000e+01 1.124644e+02 1.024644e+01 -4.647549e+00
9.270000e+01 1.228350e+02 1.128350e+01 -4.861940e+00
9.280000e+01 1.667710e+02 1.567710e+01 -5.258988e+00
9.290000e+01 8.017354e+01 7.017354e+00 -5.497006e+00
9.300000e+01 1.275443e+02 1.175443e+01 -5.571696e+00
9.310000e+01 1.097887e+02 9.978871e+00 -5.720629e+00
9.320000e+01 8.878986e+01 7.878986e+00 -5.729022e+00
9.330000e+01 9.999848e+01 8.999848e+00 -5.702175e+00
9.340000e+01 1.415293e+02 1.315293e+01 -5.894046e+00
9.350000e+01 1.201859e+02 1.101859e+01 -6.178427e+00
9.360000e+01 1.082495e+02 9.824946e+00 -6.319080e+00
9.370000e+01 8.005137e+01 7.005137e+00 -6.268402e+00
9.380000e+01 8.857658e+01 7.857658e+00 -6.125465e+00
9.390000e+01 8.495153e+01 7.495153e+00 -5.969101e+00
9.400000e+01 4.846379e+01 3.846379e+00 -5.647747e+00
9.410000e+01 7.018661e+01 6.018661e+00 -5.276319e+00
9.420000e+01 1.081107e+02 9.811069e+00 -5.156689e+00
9.430000e+01 1.099469e+02 9.994693e+00 -5.235251e+00
9.440000e+01 1.254090e+02 1.154090e+01 -5.429169e+00
9.450000e+01 1.544549e+02 1.444549e+01 -5.797211e+00
9.460000e+01 1.060125e+02 9.601245e+00 -6.081357e+00
9.470000e+01 9.376007e+01 8.376007e+00 -6.104348e+00
9.480000e+01 9.994200e+01 8.994200e+00 -6.101511e+00
9.490000e+01 1.438457e+02 1.338457e+01 -6.286373e+00
9.500000e+01 8.783399e+01 7.783399e+00 -6.460772e+00
9.510000e+01 1.608508e+02 1.508508e+01 -6.715475e+00
9.520000e+01 1.224778e+02 1.124778e+01 -7.087095e+00
9.530000e+01 1.087061e+02 9.870606e+00 -7.258120e+00
9.540000e+01 8.918971e+01 7.918971e+00 -7.241711e+00
9.550000e+01 7.508060e+01 6.508060e+00 -7.100229e+00
9.560000e+01 1.345595e+02 1.245595e+01 -7.168392e+00
9.570000e+01 1.608772e+02 1.508772e+01 -7.598864e+00
9.580000e+01 1.224175e+02 1.124175e+01 -7.991824e+00
9.590000e+01 9.280719e+01 8.280719e+00 -8.086159e+00
9.600000e+01 9.671559e+01 8.671559e+00 -8.068632e+00
9.610000e+01 1.384264e+02 1.284264e+01 -8.227633e+00
9.620000e+01 1.157011e+02 1.057011e+01 -8.497430e+00
9.630000e+01 1.451709e+02 1.351709e+01 -8.771781e+00
9.640000e+01 6.162386e+01 5.162386e+00 -8.814790e+00
9.650000e+01 1.128893e+02 1.028893e+01 -8.722019e+00
9.660000e+01 9.102242e+01 8.102242e+00 -8.692997e+00
9.670000e+01 6.043015e+01 5.043015e+00 -8.505527e+00
9.680000e+01 1.437777e+02 1.337777e+01 -8.534023e+00
9.690000e+01 1.299349e+02 1.199349e+01 -8.845121e+00
9.700000e+01 9.715183e+01 8.715183e+00 -8.992864e+00
9.710000e+01 9.687022e+01 8.687022e+00 -8.965243e+00
9.720000e+01 7.850786e+01 6.850786e+00 -8.870845e+00
9.730000e+01 1.377550e+02 1.277550e+01 -8.947851e+00
9.740000e+01 1.061622e+02 9.616221e+00 -9.125945e+00
9.750000e+01 8.774012e+01 7.774012e+00 -9.134480e+00
9.760000e+01 1.240729e+02 1.140729e+01 -9.179319e+00
9.770000e+01 8.825113e+01 7.825113e+00 -9.250318e+00
9.780000e+01 1.389825e+02 1.289825e+01 -9.383673e+00
9.790000e+01 9.616451e+01 8.616451e+00 -9.543090e+00
9.800000e+01 1.170407e+02 1.070407e+01 -9.625529e+00
9.810000e+01 9.839070e+01 8.839070e+00 -9.679997e+00
9.820000e+01 8.454500e+01 7.454500e+00 -9.629306e+00
9.830000e+01 1.285488e+02 1.185488e+01 -9.676884e+00
9.840000e+01 8.050446e+01 7.050446e+00 -9.702350e+00
9.850000e+01 8.959118e+01 7.959118e+00 -9.605230e+00
9.860000e+01 1.446434e+02 1.346434e+01 -9.767014e+00
9.870000e+01 1.399358e+02 1.299358e+01 -1.015699e+01
9.880000e+01 1.196496e+02 1.096496e+01 -1.044073e+01
9.890000e+01 8.594029e+01 7.594029e+00 -1.049973e+01
9.900000e+01 1.306112e+02 1.206112e+01 -1.059541e+01
9.910000e+01 1.248088e+02 1.148088e+01 -1.084762e+01
9.920000e+01 1.205150e+02 1.105150e+01 -1.107758e+01
9.930000e+01 1.179338e+02 1.079338e+01 -1.127872e+01
9.940000e+01 1.333747e+02 1.233747e+01 -1.153125e+01
9.950000e+01 1.212312e+02 1.112312e+01 -1.179417e+01
9.960000e+01 1.175920e+02 1.075920e+01 -1.199903e+01
9.970000e+01 1.246561e+02 1.146561e+01 -1.220707e+01
9.980000e+01 1.165188e+02 1.065188e+01 -1.240830e+01
9.990000e+01 1.123156e+02 1.023156e+01 -1.255407e+01
1.000000e+02 1.100350e+02 1.000350e+01 -1.267580e+01
