1.832542e+01 nan
2.735333e+01 nan
1.057761e+00 nan
4.463307e+01 nan
2.480766e+01 nan
8.394241e+01 nan
6.239068e+01 nan
1.422686e+00 nan
9.034880e+01 nan
5.868507e+01 nan
4.383069e+01 nan
8.551366e+00 nan
5.994563e+01 nan
7.541160e+01 nan
3.223576e+01 nan
4.626927e+01 nan
3.232889e+01 nan
9.128969e+01 nan
3.634800e+00 nan
1.850817e+01 nan
8.475284e+01 nan
5.375559e+01 nan
5.124126e+01 nan
2.243738e+01 nan
2.096403e+01 nan
6.486734e+01 nan
1.085301e+01 nan
7.235682e+01 nan
3.741984e+01 nan
8.293488e+01 nan
8.085135e+01 nan
3.828441e+01 nan
1.865732e+01 nan
8.167981e+01 nan
3.300463e-01 nan
2.860685e+01 nan
7.632997e+01 nan
6.365734e+01 nan
7.591606e+01 nan
7.513941e+00 nan
4.856411e+01 nan
4.309282e+01 nan
6.317128e+01 nan
3.476381e+01 nan
3.672645e+01 nan
7.924023e-01 nan
7.977537e+01 nan
7.035525e+01 nan
7.301607e+01 nan
5.764026e+01 nan
1.035946e+01 nan
5.644527e+01 nan
4.226140e+00 nan
7.609972e+01 nan
3.967926e+00 nan
4.766513e+01 nan
8.182022e+01 nan
6.078918e+01 nan
6.590326e+01 nan
1.333100e+00 nan
6.869701e+01 nan
2.602729e+01 nan
5.050226e+00 nan
9.233117e+01 nan
7.817931e+01 nan
9.384436e+01 nan
9.813734e+00 nan
3.253471e+01 nan
4.905506e+01 nan
9.017037e+01 nan
8.821205e+01 nan
9.049022e+01 nan
6.164455e+01 nan
5.054341e+00 nan
2.996156e+01 nan
2.542846e+01 nan
4.433625e+01 nan
4.337276e+01 nan
2.036000e+00 nan
5.244681e+01 nan
2.282329e+01 nan
1.847977e+01 nan
9.525647e+01 nan
2.841792e+01 nan
6.535169e+01 nan
5.555761e+01 nan
7.141339e+01 nan
7.772824e+01 nan
3.841679e+01 nan
2.657962e+01 nan
5.066095e+01 nan
2.254197e+01 nan
5.827741e+00 nan
2.171769e+01 nan
9.680219e+01 nan
1.315708e+01 nan
6.543669e+01 nan
3.058570e+01 nan
1.387646e+01 nan
7.538340e+01 nan
