3.091883e+01 nan
6.660105e+01 nan
1.359031e+00 nan
6.376811e+01 nan
6.804015e+01 nan
4.769261e+01 nan
2.253657e+00 nan
4.934108e+01 nan
2.467078e+01 nan
2.168051e+01 nan
7.321508e+01 nan
2.971723e+01 nan
5.799728e+01 nan
1.022082e+00 nan
9.936016e+01 nan
6.029396e+01 nan
6.135947e+00 nan
5.182837e+01 nan
9.648463e+01 nan
7.283734e+01 nan
4.068289e+01 nan
5.782420e+01 nan
9.549032e+01 nan
6.716033e+01 nan
8.559638e+00 nan
1.270242e+01 nan
8.942419e+01 nan
7.942788e+01 nan
8.371837e+00 nan
1.073322e+01 nan
7.627691e+01 nan
5.068890e+01 nan
6.226699e+01 nan
5.631664e+01 nan
6.936702e+01 nan
1.082878e+01 nan
6.823183e+01 nan
1.767087e+00 nan
7.904718e+00 nan
2.113849e+01 nan
9.268761e+01 nan
6.444665e+01 nan
5.082163e+01 nan
3.323933e+01 nan
4.148789e+01 nan
3.263995e+01 nan
7.000072e+01 nan
3.758878e+01 nan
2.732685e+01 nan
9.317265e+01 nan
4.111378e+00 nan
5.617770e+01 nan
5.860894e+01 nan
8.522019e+01 nan
8.759107e+01 nan
3.501444e+01 nan
6.035281e+01 nan
8.672212e+01 nan
4.091527e+01 nan
9.319379e+01 nan
7.297494e+01 nan
9.013904e+01 nan
8.667496e+01 nan
8.255611e+01 nan
8.686619e+01 nan
6.056250e+01 nan
9.195586e+01 nan
3.438806e+01 nan
4.580236e+01 nan
4.289839e+01 nan
3.971028e+01 nan
6.694564e+01 nan
6.534401e+00 nan
1.518016e+01 nan
4.042437e+01 nan
3.695635e+01 nan
5.572276e+01 nan
6.851730e+01 nan
4.675161e+01 nan
1.720047e+01 nan
2.227539e+01 nan
5.142373e+00 nan
6.793860e+01 nan
3.874341e+01 nan
6.218211e+01 nan
2.890388e+01 nan
3.264536e+01 nan
4.811233e+01 nan
8.937276e+01 nan
8.677909e+00 nan
9.307858e+01 nan
9.865419e+00 nan
1.593623e+01 nan
6.032660e+01 nan
8.305773e+01 nan
5.519988e+01 nan
8.748503e+01 nan
8.712552e+01 nan
1.410627e+01 nan
6.755033e+01 nan
