1.832542e+01 4.392114e+00
2.735333e+01 3.006081e+00
1.057761e+00 2.819365e+00
4.463307e+01 -2.984366e+00
2.480766e+01 -2.275844e+00
8.394241e+01 -2.285256e+00
6.239068e+01 -2.246213e+00
1.422686e+00 2.920693e+00
9.034880e+01 -2.213458e+00
5.868507e+01 -4.164495e+00
4.383069e+01 -2.941099e+00
8.551366e+00 -2.338910e+00
5.994563e+01 3.330018e+00
7.541160e+01 -2.147443e+00
3.223576e+01 -2.284880e+00
4.626927e+01 -7.791130e-01
3.232889e+01 3.873413e+00
9.128969e+01 -2.174686e+00
3.634800e+00 2.241903e+00
1.850817e+01 2.206362e+00
8.475284e+01 -2.718671e+00
5.375559e+01 -3.159850e+00
5.124126e+01 3.073265e+00
2.243738e+01 -3.017240e+00
2.096403e+01 -2.283121e+00
6.486734e+01 3.247520e+00
1.085301e+01 1.800872e+00
7.235682e+01 2.868639e+00
3.741984e+01 -4.432771e+00
8.293488e+01 -3.426986e+00
8.085135e+01 -3.205403e+00
3.828441e+01 5.016854e+00
1.865732e+01 1.759522e+00
8.167981e+01 -2.905674e+00
3.300463e-01 -8.736259e-01
2.860685e+01 -2.938069e+00
7.632997e+01 3.245661e+00
6.365734e+01 -2.283051e+00
7.591606e+01 5.612850e+00
7.513941e+00 -2.420616e+00
4.856411e+01 -3.366300e+00
4.309282e+01 3.311589e+00
6.317128e+01 -2.974798e+00
3.476381e+01 2.626812e+00
3.672645e+01 3.430522e+00
7.924023e-01 -2.642428e+00
7.977537e+01 -2.245769e+00
7.035525e+01 3.202373e+00
7.301607e+01 -1.516245e+00
5.764026e+01 2.968661e+00
1.035946e+01 4.333226e+00
5.644527e+01 -2.344330e+00
4.226140e+00 3.521818e+00
7.609972e+01 -2.533139e+00
3.967926e+00 -2.852699e+00
4.766513e+01 -3.989275e+00
8.182022e+01 7.471246e-01
6.078918e+01 2.254524e+00
6.590326e+01 4.121407e+00
1.333100e+00 2.747748e+00
6.869701e+01 -3.192312e+00
2.602729e+01 -2.780314e+00
5.050226e+00 2.428489e+00
9.233117e+01 3.594123e+00
7.817931e+01 2.881908e+00
9.384436e+01 -2.372315e+00
9.813734e+00 -3.171050e+00
3.253471e+01 -1.526719e+00
4.905506e+01 3.764189e+00
9.017037e+01 4.162556e+00
8.821205e+01 2.156101e+00
9.049022e+01 -3.511871e+00
6.164455e+01 2.979799e+00
5.054341e+00 3.243364e+00
2.996156e+01 4.185107e+00
2.542846e+01 2.606770e+00
4.433625e+01 2.807195e+00
4.337276e+01 3.523427e+00
2.036000e+00 -2.956476e+00
5.244681e+01 -2.722898e+00
2.282329e+01 1.962676e+00
1.847977e+01 3.713680e+00
9.525647e+01 3.712514e+00
2.841792e+01 -3.530194e+00
6.535169e+01 3.839191e+00
5.555761e+01 2.048528e+00
7.141339e+01 4.053775e+00
7.772824e+01 2.924844e+00
3.841679e+01 3.058746e+00
2.657962e+01 -2.721492e+00
5.066095e+01 2.636042e+00
2.254197e+01 -3.326828e+00
5.827741e+00 3.526924e+00
2.171769e+01 -4.195320e+00
9.680219e+01 -2.747606e+00
1.315708e+01 -4.523548e+00
6.543669e+01 -2.362007e+00
3.058570e+01 1.173743e+00
1.387646e+01 2.947575e+00
7.538340e+01 3.706793e+00
