3.520455e+01 nan
4.076556e+01 nan
1.061944e+01 nan
1.338263e+01 nan
1.030995e+01 nan
4.816298e+00 nan
7.415610e+01 nan
7.934816e+01 nan
7.827933e+01 nan
9.059420e+01 nan
8.964441e+01 nan
8.681940e+01 nan
5.901234e+01 nan
2.458345e+01 nan
9.813872e+00 nan
1.614955e+01 nan
1.143874e+01 nan
3.374225e+00 nan
2.557620e+01 nan
3.975474e+01 nan
8.099574e+00 nan
8.784655e+00 nan
3.393252e+01 nan
2.040639e+01 nan
7.915181e+01 nan
4.886952e+01 nan
6.216796e+01 nan
9.706587e+01 nan
4.357649e+01 nan
7.974878e+00 nan
3.842445e+01 nan
2.377668e+01 nan
1.844883e+01 nan
2.494947e+01 nan
2.658622e+01 nan
8.920774e+01 nan
5.014532e+01 nan
4.071648e+01 nan
8.906089e+01 nan
3.897028e+01 nan
8.482133e+01 nan
6.587874e+01 nan
6.653451e-01 nan
5.879461e+01 nan
2.336694e+01 nan
9.461197e+01 nan
1.193070e+01 nan
1.528232e+01 nan
7.204043e+01 nan
3.233415e+01 nan
5.142330e+01 nan
2.747908e+01 nan
1.690929e+00 nan
4.820555e+01 nan
7.428614e+01 nan
5.276161e+01 nan
7.087762e+01 nan
9.329832e+00 nan
2.505759e+01 nan
2.516227e+01 nan
4.036213e+01 nan
8.764010e+01 nan
8.413608e+00 nan
5.843548e+01 nan
1.850126e+01 nan
3.516857e+01 nan
6.822441e+01 nan
7.751024e+01 nan
1.300897e+01 nan
3.215390e+01 nan
8.614548e+01 nan
3.104178e+01 nan
6.916192e+01 nan
5.366888e+01 nan
5.304990e+01 nan
6.974422e+01 nan
7.690743e-01 nan
6.847047e+01 nan
3.263616e+01 nan
5.283492e+01 nan
5.862717e+01 nan
1.475130e+01 nan
7.214807e+01 nan
4.479645e+01 nan
5.336880e+01 nan
5.592622e+01 nan
8.286217e+01 nan
5.187016e+01 nan
8.190218e+00 nan
8.832019e+01 nan
7.652395e+01 nan
9.943545e+01 nan
5.391910e+01 nan
4.199296e+01 nan
2.630262e+01 nan
8.834067e+01 nan
4.693027e+01 nan
6.935339e+01 nan
1.812858e+01 nan
3.589719e+01 nan
